Namespace(bert_model='bert-base-uncased', data_dir='datasets', do_lower_case=False, gpu=6, learning_rate=5e-05, max_seq_length=64, num_train_epochs=9.0, output_dir='aug_data_3_6_6_0.1', sample_num=3, sample_ratio=6, seed=42, task_name='stsa.fine', temp=0.1, train_batch_size=32, warmup_proportion=0.1)
Traceback (most recent call last):
  File "aug_dataset.py", line 392, in <module>
    main()
  File "aug_dataset.py", line 286, in main
    run_aug(args, save_every_epoch=False)
  File "aug_dataset.py", line 309, in run_aug
    shutil.copytree("aug_data/{}".format(task_name), args.output_dir)
  File "/workspace/miniconda3/envs/py35/lib/python3.5/shutil.py", line 315, in copytree
    os.makedirs(dst)
  File "/workspace/miniconda3/envs/py35/lib/python3.5/os.py", line 241, in makedirs
    mkdir(name, mode)
FileExistsError: [Errno 17] File exists: 'aug_data_3_6_6_0.1/stsa.fine'
Namespace(bert_model='bert-base-uncased', data_dir='datasets', do_lower_case=False, gpu=6, learning_rate=5e-05, max_seq_length=64, num_train_epochs=9.0, output_dir='aug_data_3_6_6_0.1', sample_num=3, sample_ratio=6, seed=42, task_name='stsa.fine', temp=0.1, train_batch_size=32, warmup_proportion=0.1)
10/25/2019 05:23:54 - WARNING - pytorch_pretrained_bert.tokenization -   The pre-trained model you are loading is an uncased model but you have set `do_lower_case` to False. We are setting `do_lower_case=True` for you but you may want to check this behavior.
10/25/2019 05:23:55 - INFO - pytorch_pretrained_bert.tokenization -   loading vocabulary file https://s3.amazonaws.com/models.huggingface.co/bert/bert-base-uncased-vocab.txt from cache at /root/.pytorch_pretrained_bert/26bc1ad6c0ac742e9b52263248f6d0f00068293b33709fae12320c0e35ccfbbb.542ce4285a40d23a559526243235df47c5f75c197f04f37d1a0c124c32c9a084
10/25/2019 05:23:55 - INFO - __main__ -   *** Example ***
10/25/2019 05:23:55 - INFO - __main__ -   guid: train-1
10/25/2019 05:23:55 - INFO - __main__ -   tokens: [CLS] too smart to ignore but a little too smug ##ly superior to like , this could be a movie that ends up slapping its target audience in the face by shooting itself in the foot . [SEP]
10/25/2019 05:23:55 - INFO - __main__ -   init_ids: 101 2205 6047 2000 8568 2021 1037 2210 2205 20673 2135 6020 2000 2066 1010 2023 2071 2022 1037 3185 2008 4515 2039 22021 2049 4539 4378 1999 1996 2227 2011 5008 2993 1999 1996 3329 1012 102 0 0 0 0 0 0 0 0 0 0 0 0 0 0 0 0 0 0 0 0 0 0 0 0 0 0
10/25/2019 05:23:55 - INFO - __main__ -   input_ids: 101 2205 103 2000 8568 103 1037 2210 103 20673 2135 103 2000 2066 1010 2023 2071 2022 1037 3185 2008 4515 2039 22021 2049 4539 4378 1999 1996 2227 2011 5008 103 1999 1996 103 1012 102 0 0 0 0 0 0 0 0 0 0 0 0 0 0 0 0 0 0 0 0 0 0 0 0 0 0
10/25/2019 05:23:55 - INFO - __main__ -   input_mask: 1 1 1 1 1 1 1 1 1 1 1 1 1 1 1 1 1 1 1 1 1 1 1 1 1 1 1 1 1 1 1 1 1 1 1 1 1 1 0 0 0 0 0 0 0 0 0 0 0 0 0 0 0 0 0 0 0 0 0 0 0 0 0 0
10/25/2019 05:23:55 - INFO - __main__ -   segment_ids: 1 1 1 1 1 1 1 1 1 1 1 1 1 1 1 1 1 1 1 1 1 1 1 1 1 1 1 1 1 1 1 1 1 1 1 1 1 1 0 0 0 0 0 0 0 0 0 0 0 0 0 0 0 0 0 0 0 0 0 0 0 0 0 0
10/25/2019 05:23:55 - INFO - __main__ -   masked_lm_labels: -1 -1 6047 -1 -1 2021 -1 -1 2205 -1 -1 6020 -1 -1 -1 -1 -1 -1 -1 -1 -1 -1 -1 -1 -1 -1 -1 -1 -1 -1 -1 -1 2993 -1 -1 3329 -1 -1 -1 -1 -1 -1 -1 -1 -1 -1 -1 -1 -1 -1 -1 -1 -1 -1 -1 -1 -1 -1 -1 -1 -1 -1 -1 -1
10/25/2019 05:23:55 - INFO - __main__ -   *** Example ***
10/25/2019 05:23:55 - INFO - __main__ -   guid: train-2
10/25/2019 05:23:55 - INFO - __main__ -   tokens: [CLS] rai ##mi and his team could n ' t have done any better in bringing the story of spider - man to the big screen . [SEP]
10/25/2019 05:23:55 - INFO - __main__ -   init_ids: 101 15547 4328 1998 2010 2136 2071 1050 1005 1056 2031 2589 2151 2488 1999 5026 1996 2466 1997 6804 1011 2158 2000 1996 2502 3898 1012 102 0 0 0 0 0 0 0 0 0 0 0 0 0 0 0 0 0 0 0 0 0 0 0 0 0 0 0 0 0 0 0 0 0 0 0 0
10/25/2019 05:23:55 - INFO - __main__ -   input_ids: 101 15547 4328 1998 2010 2136 2071 2136 1005 1056 2031 103 2151 2488 1999 5026 1996 2466 1997 6804 103 2158 2000 1996 2502 3898 1012 102 0 0 0 0 0 0 0 0 0 0 0 0 0 0 0 0 0 0 0 0 0 0 0 0 0 0 0 0 0 0 0 0 0 0 0 0
10/25/2019 05:23:55 - INFO - __main__ -   input_mask: 1 1 1 1 1 1 1 1 1 1 1 1 1 1 1 1 1 1 1 1 1 1 1 1 1 1 1 1 0 0 0 0 0 0 0 0 0 0 0 0 0 0 0 0 0 0 0 0 0 0 0 0 0 0 0 0 0 0 0 0 0 0 0 0
10/25/2019 05:23:55 - INFO - __main__ -   segment_ids: 4 4 4 4 4 4 4 4 4 4 4 4 4 4 4 4 4 4 4 4 4 4 4 4 4 4 4 4 0 0 0 0 0 0 0 0 0 0 0 0 0 0 0 0 0 0 0 0 0 0 0 0 0 0 0 0 0 0 0 0 0 0 0 0
10/25/2019 05:23:55 - INFO - __main__ -   masked_lm_labels: -1 -1 -1 1998 -1 -1 -1 1050 -1 -1 -1 2589 -1 -1 -1 -1 -1 -1 -1 -1 1011 -1 -1 -1 -1 -1 -1 -1 -1 -1 -1 -1 -1 -1 -1 -1 -1 -1 -1 -1 -1 -1 -1 -1 -1 -1 -1 -1 -1 -1 -1 -1 -1 -1 -1 -1 -1 -1 -1 -1 -1 -1 -1 -1
10/25/2019 05:23:59 - INFO - __main__ -   ***** Running training *****
10/25/2019 05:23:59 - INFO - __main__ -     Num examples = 7689
10/25/2019 05:23:59 - INFO - __main__ -     Batch size = 32
10/25/2019 05:23:59 - INFO - __main__ -     Num steps = 2162
constract vocabulary based on frequency
# train data: 7689
# test  data: 855
# vocab: 16581
# class: 5
before augment best acc:0.409955
Epoch:   0%|          | 0/9 [00:00<?, ?it/s]constract vocabulary based on frequency
# train data: 30723
# test  data: 855
# vocab: 18207
# class: 5
epoch 0 augment best acc:0.40724
Epoch:  11%|█         | 1/9 [20:52<2:47:01, 1252.71s/it]constract vocabulary based on frequency
# train data: 30746
# test  data: 855
# vocab: 18107
# class: 5
epoch 1 augment best acc:0.40362
Epoch:  22%|██▏       | 2/9 [40:29<2:23:29, 1230.00s/it]constract vocabulary based on frequency
# train data: 30795
# test  data: 855
# vocab: 18029
# class: 5
epoch 2 augment best acc:0.39638
Epoch:  33%|███▎      | 3/9 [1:00:40<2:02:26, 1224.34s/it]constract vocabulary based on frequency
# train data: 30731
# test  data: 855
# vocab: 18065
# class: 5
epoch 3 augment best acc:0.394118
Epoch:  44%|████▍     | 4/9 [1:21:10<1:42:09, 1225.86s/it]constract vocabulary based on frequency
# train data: 30784
# test  data: 855
# vocab: 18006
# class: 5
epoch 4 augment best acc:0.395928
Epoch:  56%|█████▌    | 5/9 [1:40:05<1:19:54, 1198.61s/it]constract vocabulary based on frequency
# train data: 30733
# test  data: 855
# vocab: 17983
# class: 5
epoch 5 augment best acc:0.359276
Epoch:  67%|██████▋   | 6/9 [2:02:25<1:02:03, 1241.01s/it]constract vocabulary based on frequency
# train data: 30768
# test  data: 855
# vocab: 18027
# class: 5
epoch 6 augment best acc:0.418552
Epoch:  78%|███████▊  | 7/9 [2:20:19<39:42, 1191.05s/it]  constract vocabulary based on frequency
# train data: 30760
# test  data: 855
# vocab: 17975
# class: 5
epoch 7 augment best acc:0.40181
Epoch:  89%|████████▉ | 8/9 [2:34:55<18:16, 1096.46s/it]constract vocabulary based on frequency
# train data: 30756
# test  data: 855
# vocab: 17961
# class: 5
epoch 8 augment best acc:0.422172
Epoch: 100%|██████████| 9/9 [2:44:37<00:00, 942.16s/it] Epoch: 100%|██████████| 9/9 [2:44:37<00:00, 1097.51s/it]
