{
  "out": "result",
  "model": "rnn",
  "no_label": false,
  "dataset": "TREC",
  "bilm_ratio": 0.25,
  "batchsize": 64,
  "learning_rate": 0.0001,
  "dropout": 0.3,
  "gpu": 0,
  "bilm_gumbel": false,
  "unit": 300,
  "bilm_temp": 1.0,
  "seed": 2018,
  "bilm_wordwise": true,
  "bilm": null,
  "save_model": false,
  "bilm_unit": 1024,
  "bilm_residual": 0.0,
  "bilm_add_original": 0.0,
  "bilm_mode": "sampling",
  "layer": 1,
  "stop_epoch": 20,
  "resume_vocab": null,
  "validation": true,
  "epoch": 100,
  "bilm_layer": 1,
  "bilm_dropout": 0.0
}
constract vocabulary based on frequency
# train data: 4906
# test  data: 546
# vocab: 8680
# class: 6
epoch       main/loss   validation/main/loss  main/accuracy  validation/main/accuracy  test/main/loss  test/main/accuracy  elapsed_time
[J1           1.71432     1.6492                0.241883       0.324176                  1.67287         0.404               3.89522       
[J2           1.59158     1.45813               0.317573       0.360806                  1.4419          0.39                5.83917       
[J3           1.34315     1.22303               0.474918       0.53663                   1.20734         0.568               7.69395       
[J4           1.11271     1.05856               0.580763       0.571429                  1.02996         0.606               9.5827        
[J5           0.943006    0.926337              0.655438       0.650183                  0.869853        0.7                 11.4679       
[J6           0.803475    0.833165              0.70662        0.686813                  0.774409        0.736               13.3241       
[J7           0.713453    0.775373              0.741883       0.701465                  0.642513        0.766               15.2287       
[J8           0.632244    0.708797              0.779221       0.730769                  0.623969        0.776               17.114        
[J9           0.56438     0.685796              0.80551        0.741758                  0.574181        0.798               18.967        
[J10          0.524522    0.672567              0.816356       0.754579                  0.551338        0.826               21.0204       
[J11          0.467243    0.672387              0.838677       0.752747                  0.526048        0.818               22.9164       
[J12          0.426782    0.65714               0.85074        0.765568                  0.501117        0.832               24.8229       
[J13          0.388264    0.669173              0.869318       0.747253                  0.506741        0.816               26.7514       
[J14          0.36555     0.650025              0.877638       0.772894                  0.493863        0.818               28.6412       
[J15          0.3347      0.640407              0.88384        0.782051                  0.450013        0.85                30.5366       
[J16          0.303237    0.686788              0.893466       0.776557                  0.461314        0.84                32.4244       
[J17          0.293312    0.652945              0.902597       0.778388                  0.427874        0.862               34.3125       
[J18          0.266794    0.6527                0.908512       0.79304                   0.41152         0.864               36.3022       
[J19          0.241375    0.68269               0.919846       0.802198                  0.421979        0.858               38.2006       
[J20          0.227799    0.678333              0.924513       0.789377                  0.436682        0.854               40.1262       
[J21          0.207506    0.690962              0.931743       0.789377                  0.413228        0.87                41.9823       
[J22          0.197634    0.630301              0.938109       0.800366                  0.416955        0.864               43.9422       
[J23          0.191001    0.677377              0.937703       0.79304                   0.425388        0.858               45.8935       
[J24          0.17676     0.677376              0.942023       0.800366                  0.420824        0.872               47.7797       
[J25          0.17599     0.644474              0.942573       0.804029                  0.404646        0.878               49.6668       
[J26          0.161794    0.668745              0.948255       0.794872                  0.379867        0.884               51.5812       
[J27          0.161641    0.661826              0.949219       0.800366                  0.386929        0.88                53.4435       
[J28          0.129863    0.692763              0.960836       0.804029                  0.378728        0.882               55.377        
[J29          0.134617    0.717483              0.960024       0.811355                  0.396586        0.878               57.2543       
[J30          0.121781    0.686114              0.962171       0.805861                  0.375202        0.888               59.1083       
[J31          0.117752    0.726802              0.962256       0.791209                  0.382608        0.888               61.0303       
[J32          0.108943    0.700839              0.966694       0.804029                  0.371284        0.892               62.8787       
[J33          0.0968993   0.736924              0.970373       0.813187                  0.39164         0.874               64.7559       
[J34          0.0930808   0.706101              0.970779       0.811355                  0.396333        0.892               66.6682       
[J35          0.0963229   0.72357               0.968133       0.807692                  0.439668        0.866               68.527        
[J36          0.0930652   0.777845              0.970982       0.798535                  0.364549        0.894               70.4322       
[J37          0.0824112   0.711198              0.975852       0.804029                  0.378803        0.892               72.3052       
[J38          0.0849073   0.71674               0.972656       0.800366                  0.370827        0.886               74.1547       
[J39          0.0771791   0.821671              0.974432       0.804029                  0.365425        0.896               76.0641       
[J40          0.0793743   0.757468              0.976055       0.798535                  0.358054        0.9                 77.94         
[J41          0.0805025   0.705768              0.97574        0.794872                  0.379875        0.892               79.7932       
[J42          0.0671614   0.715793              0.980722       0.805861                  0.371291        0.894               81.7143       
[J43          0.0682943   0.724969              0.979505       0.802198                  0.365695        0.896               83.5862       
[J44          0.0701392   0.762301              0.980058       0.802198                  0.398254        0.894               85.5122       
[J45          0.0606195   0.730266              0.982549       0.794872                  0.405112        0.892               87.4306       
[J46          0.0688074   0.69934               0.979099       0.796703                  0.390549        0.896               89.3264       
[J47          0.0512251   0.798351              0.985609       0.800366                  0.39091         0.888               91.2183       
[J48          0.0542823   0.769871              0.98336        0.811355                  0.373809        0.896               93.1014       
[J49          0.0493651   0.778656              0.98681        0.813187                  0.403247        0.888               94.9909       
[J50          0.0541372   0.767381              0.983141       0.813187                  0.394082        0.888               96.891        
[J51          0.0482938   0.834916              0.98539        0.796703                  0.407301        0.878               98.7831       
[J52          0.0503627   0.76257               0.984984       0.820513                  0.404994        0.89                100.697       
[J53          0.0481749   0.792418              0.986637       0.813187                  0.380218        0.894               102.578       
[J54          0.0496166   0.752642              0.98539        0.815018                  0.388288        0.882               104.467       
[J55          0.0360062   0.764077              0.989854       0.81685                   0.414492        0.886               106.38        
[J56          0.0416541   0.808762              0.987664       0.804029                  0.421273        0.888               108.237       
[J57          0.0411944   0.815335              0.988231       0.807692                  0.423515        0.886               110.128       
[J58          0.0363092   0.798298              0.987622       0.815018                  0.43313         0.888               112.02        
[J59          0.0354816   0.814314              0.989926       0.809524                  0.35943         0.9                 113.884       
[J60          0.0331897   0.787088              0.989042       0.815018                  0.386873        0.898               115.784       
[J61          0.0362295   0.807471              0.988839       0.809524                  0.414058        0.884               117.66        
[J62          0.0409568   0.774829              0.986431       0.815018                  0.437018        0.886               119.519       
[J63          0.0316049   0.848598              0.990869       0.807692                  0.456178        0.88                121.429       
[J64          0.0322205   0.849412              0.990954       0.815018                  0.418925        0.894               123.3         
[J65          0.0365788   0.783954              0.988839       0.81685                   0.419469        0.886               125.197       
[J66          0.0351709   0.796929              0.990057       0.820513                  0.399008        0.896               127.09        
[J67          0.034047    0.785742              0.990748       0.824176                  0.453954        0.886               128.95        
