{
  "bilm_add_original": 0.0,
  "stop_epoch": 20,
  "seed": 2018,
  "bilm_unit": 1024,
  "bilm_layer": 1,
  "dropout": 0.1,
  "batchsize": 64,
  "learning_rate": 0.0001,
  "bilm_gumbel": false,
  "save_model": false,
  "model": "rnn",
  "dataset": "TREC",
  "gpu": 0,
  "validation": true,
  "bilm_mode": "sampling",
  "bilm": null,
  "bilm_dropout": 0.0,
  "epoch": 100,
  "out": "result",
  "unit": 300,
  "bilm_temp": 1.0,
  "resume_vocab": null,
  "no_label": false,
  "bilm_residual": 0.0,
  "layer": 1,
  "bilm_ratio": 0.25,
  "bilm_wordwise": true
}
constract vocabulary based on frequency
# train data: 4906
# test  data: 546
# vocab: 8680
# class: 6
epoch       main/loss   validation/main/loss  main/accuracy  validation/main/accuracy  test/main/loss  test/main/accuracy  elapsed_time
[J1           1.71009     1.64239               0.240057       0.331502                  1.66414         0.434               4.35254       
[J2           1.55056     1.43132               0.347808       0.375458                  1.40164         0.408               6.25571       
[J3           1.26941     1.15955               0.511924       0.556777                  1.14791         0.58                8.13393       
[J4           0.99851     0.99896               0.624594       0.59707                   1.01388         0.632               9.99863       
[J5           0.809021    0.860731              0.70901        0.681319                  0.785952        0.74                11.8895       
[J6           0.654266    0.776377              0.767681       0.705128                  0.703311        0.754               13.7329       
[J7           0.560344    0.747941              0.809456       0.761905                  0.60564         0.796               15.5859       
[J8           0.481485    0.691204              0.836242       0.749084                  0.600365        0.784               17.4769       
[J9           0.407558    0.681071              0.867804       0.760073                  0.566742        0.784               19.3157       
[J10          0.374547    0.690485              0.873174       0.767399                  0.554667        0.8                 21.1726       
[J11          0.314166    0.713893              0.898945       0.771062                  0.504276        0.826               23.0571       
[J12          0.289215    0.739989              0.906456       0.763736                  0.558618        0.804               24.9168       
[J13          0.255199    0.714365              0.915584       0.747253                  0.505951        0.816               26.8038       
[J14          0.23353     0.717619              0.923498       0.771062                  0.472635        0.826               28.6603       
[J15          0.211289    0.712752              0.933799       0.794872                  0.454124        0.854               30.4974       
[J16          0.184833    0.716119              0.941356       0.794872                  0.442885        0.85                32.374        
[J17          0.172286    0.712126              0.948052       0.791209                  0.469416        0.852               34.2353       
[J18          0.160826    0.744888              0.952508       0.79304                   0.439814        0.862               36.0674       
[J19          0.13244     0.753435              0.96388        0.798535                  0.417842        0.874               37.9636       
[J20          0.131377    0.705253              0.964894       0.796703                  0.483068        0.85                39.8156       
[J21          0.117467    0.732556              0.969572       0.800366                  0.416642        0.874               41.6814       
[J22          0.109571    0.739369              0.967532       0.796703                  0.475948        0.856               43.5544       
[J23          0.12018     0.775799              0.96733        0.79304                   0.471913        0.856               45.4299       
[J24          0.101104    0.727963              0.970395       0.785714                  0.410538        0.878               47.2903       
[J25          0.0881568   0.778837              0.976055       0.79304                   0.425495        0.872               49.1571       
[J26          0.0862154   0.815559              0.976258       0.789377                  0.45024         0.872               51.0503       
[J27          0.0755978   0.79923               0.978413       0.802198                  0.457779        0.878               52.9392       
[J28          0.06371     0.868703              0.980317       0.791209                  0.436415        0.874               54.8203       
[J29          0.065848    0.833098              0.980722       0.802198                  0.457375        0.876               56.7053       
[J30          0.0604214   0.801663              0.982936       0.800366                  0.450072        0.874               58.5509       
[J31          0.0581011   0.840294              0.983157       0.798535                  0.459144        0.882               60.4101       
[J32          0.0629767   0.813695              0.983758       0.796703                  0.410358        0.874               62.3091       
[J33          0.0505855   0.818826              0.984984       0.802198                  0.439167        0.886               64.1714       
[J34          0.0446811   0.844252              0.988028       0.798535                  0.435568        0.876               66.0422       
[J35          0.0442045   0.816477              0.987253       0.802198                  0.486351        0.866               67.9108       
[J36          0.0426687   0.914787              0.987622       0.789377                  0.474115        0.87                69.7713       
[J37          0.0528148   0.86151               0.984781       0.794872                  0.450218        0.862               71.6576       
[J38          0.0455796   0.971629              0.98602        0.800366                  0.49532         0.858               73.4898       
[J39          0.0544138   0.865779              0.985187       0.798535                  0.461631        0.876               75.3506       
[J40          0.035669    0.864822              0.989651       0.791209                  0.460601        0.882               77.2371       
[J41          0.0332072   0.870401              0.990748       0.796703                  0.465895        0.876               79.0763       
[J42          0.0293921   0.916078              0.992492       0.802198                  0.513653        0.874               80.9321       
[J43          0.0398983   0.850002              0.99026        0.79304                   0.437663        0.876               82.8311       
[J44          0.0396796   0.844015              0.989515       0.807692                  0.431439        0.88                84.6669       
[J45          0.0315302   0.889003              0.991883       0.800366                  0.440981        0.882               86.5425       
[J46          0.043325    0.921505              0.989448       0.782051                  0.485396        0.86                88.3915       
[J47          0.0376019   0.858946              0.989515       0.800366                  0.428841        0.882               90.2197       
[J48          0.021597    0.927638              0.994115       0.796703                  0.45117         0.892               92.2998       
[J49          0.0240917   0.929968              0.993912       0.804029                  0.477351        0.874               94.2072       
[J50          0.0194758   0.967589              0.995271       0.79304                   0.518602        0.872               96.081        
[J51          0.0244203   0.920178              0.993101       0.807692                  0.449427        0.886               98.0076       
[J52          0.0268008   0.991041              0.992289       0.805861                  0.482872        0.886               99.8766       
[J53          0.0308045   0.840592              0.992188       0.805861                  0.462124        0.876               101.753       
[J54          0.0237957   0.900929              0.993709       0.800366                  0.420177        0.878               103.649       
[J55          0.025937    0.921484              0.994318       0.791209                  0.464394        0.874               105.501       
[J56          0.029643    0.881487              0.992393       0.798535                  0.44494         0.882               107.365       
[J57          0.0203394   0.885364              0.99513        0.794872                  0.455819        0.882               109.222       
[J58          0.0169068   0.93727               0.994521       0.802198                  0.48025         0.88                111.1         
[J59          0.0166896   0.90081               0.996505       0.811355                  0.425936        0.882               112.98        
[J60          0.0124028   0.925914              0.998174       0.804029                  0.457197        0.884               114.854       
[J61          0.0228761   0.966679              0.994318       0.802198                  0.535904        0.874               116.743       
[J62          0.0176757   0.943594              0.99486        0.804029                  0.463179        0.884               118.575       
[J63          0.0160382   0.966379              0.995739       0.809524                  0.504168        0.882               120.445       
[J64          0.0150229   0.991673              0.995888       0.813187                  0.464323        0.89                122.424       
[J65          0.0153213   0.981516              0.996144       0.807692                  0.481221        0.88                124.31        
[J66          0.0196532   0.91024               0.995333       0.81685                   0.453714        0.878               126.177       
[J67          0.0230464   0.982869              0.995066       0.805861                  0.489671        0.878               128.034       
[J68          0.0181466   0.940921              0.99513        0.826007                  0.521977        0.868               129.88        
