{
  "bilm_gumbel": false,
  "layer": 1,
  "learning_rate": 0.0001,
  "stop_epoch": 20,
  "dataset": "TREC",
  "seed": 2018,
  "dropout": 0.4,
  "epoch": 100,
  "bilm_layer": 1,
  "validation": true,
  "no_label": false,
  "bilm_dropout": 0.0,
  "bilm_unit": 1024,
  "model": "rnn",
  "bilm_wordwise": true,
  "save_model": false,
  "unit": 300,
  "bilm_ratio": 0.25,
  "resume_vocab": null,
  "bilm_residual": 0.0,
  "gpu": 0,
  "bilm_add_original": 0.0,
  "bilm": null,
  "bilm_mode": "sampling",
  "batchsize": 64,
  "bilm_temp": 1.0,
  "out": "result"
}
constract vocabulary based on frequency
# train data: 4906
# test  data: 546
# vocab: 8680
# class: 6
epoch       main/loss   validation/main/loss  main/accuracy  validation/main/accuracy  test/main/loss  test/main/accuracy  elapsed_time
[J1           1.71713     1.65277               0.242695       0.315018                  1.6776          0.384               3.88196       
[J2           1.61047     1.48776               0.310065       0.362637                  1.47865         0.392               5.80936       
[J3           1.38267     1.25706               0.452097       0.521978                  1.24641         0.554               7.71647       
[J4           1.17175     1.1062                0.55905        0.554945                  1.07404         0.586               9.76078       
[J5           1.01175     0.972453              0.618912       0.626374                  0.924992        0.664               11.9194       
[J6           0.880444    0.875698              0.676192       0.67033                   0.831008        0.708               13.9653       
[J7           0.791419    0.805343              0.715097       0.695971                  0.693089        0.758               16.0134       
[J8           0.713943    0.738427              0.740666       0.701465                  0.683972        0.742               18.0462       
[J9           0.643757    0.724306              0.771382       0.725275                  0.577964        0.796               20.0507       
[J10          0.599201    0.688243              0.782265       0.739927                  0.599805        0.792               21.9881       
[J11          0.541106    0.66679               0.816964       0.750916                  0.556295        0.8                 23.8762       
[J12          0.503602    0.653209              0.82463        0.749084                  0.530818        0.816               25.7671       
[J13          0.466379    0.673051              0.838474       0.765568                  0.531705        0.802               27.6697       
[J14          0.448158    0.63207               0.849432       0.772894                  0.489507        0.828               29.5465       
[J15          0.416831    0.632695              0.853824       0.772894                  0.474227        0.834               31.439        
[J16          0.386574    0.675031              0.868709       0.771062                  0.481156        0.83                33.3204       
[J17          0.368991    0.619362              0.872971       0.789377                  0.434193        0.854               35.1979       
[J18          0.339902    0.619995              0.877467       0.789377                  0.435624        0.854               37.1049       
[J19          0.311704    0.643647              0.89164        0.787546                  0.443868        0.854               38.9952       
[J20          0.304478    0.643786              0.894278       0.785714                  0.461013        0.852               40.8946       
[J21          0.279174    0.63207               0.904194       0.791209                  0.420755        0.86                42.7758       
[J22          0.269194    0.615292              0.909294       0.794872                  0.409406        0.864               44.6521       
[J23          0.255103    0.610717              0.916599       0.802198                  0.431222        0.864               46.5722       
[J24          0.236851    0.635308              0.921258       0.800366                  0.391736        0.868               48.4284       
[J25          0.228589    0.61689               0.925528       0.802198                  0.38416         0.874               50.3065       
[J26          0.219178    0.621471              0.927354       0.791209                  0.385152        0.878               52.2111       
[J27          0.192122    0.62968               0.937294       0.807692                  0.383048        0.878               54.0607       
[J28          0.183148    0.665658              0.941964       0.802198                  0.358625        0.882               55.9578       
[J29          0.1905      0.622676              0.940341       0.804029                  0.369303        0.88                57.8376       
[J30          0.167713    0.653726              0.947985       0.796703                  0.416285        0.864               59.6871       
[J31          0.16595     0.665915              0.947037       0.802198                  0.382637        0.876               61.5829       
[J32          0.152869    0.633053              0.949424       0.807692                  0.355036        0.88                63.4463       
[J33          0.144637    0.669074              0.953328       0.805861                  0.350219        0.886               65.32         
[J34          0.138309    0.648621              0.955966       0.811355                  0.371856        0.886               67.2446       
[J35          0.14091     0.664025              0.955181       0.804029                  0.399329        0.888               69.0945       
[J36          0.129526    0.730729              0.95901        0.798535                  0.356307        0.888               70.9915       
[J37          0.133793    0.632585              0.958198       0.802198                  0.357255        0.898               72.8716       
[J38          0.122679    0.666999              0.960321       0.809524                  0.357277        0.894               74.7231       
[J39          0.115619    0.662881              0.963068       0.805861                  0.367268        0.884               76.6342       
[J40          0.100469    0.667465              0.966518       0.798535                  0.357257        0.894               78.5065       
[J41          0.0954583   0.660882              0.971423       0.809524                  0.363836        0.898               80.3539       
[J42          0.0977787   0.664835              0.968953       0.807692                  0.372149        0.89                82.2655       
[J43          0.0912048   0.651476              0.971388       0.805861                  0.356388        0.898               84.1382       
[J44          0.0930833   0.685547              0.971423       0.796703                  0.357936        0.904               86.0143       
[J45          0.0952518   0.649853              0.97017        0.804029                  0.382692        0.89                87.9013       
[J46          0.0905295   0.65112               0.972808       0.813187                  0.372545        0.888               89.7945       
[J47          0.0841644   0.680715              0.972245       0.807692                  0.385184        0.89                91.7712       
[J48          0.0803646   0.666971              0.973011       0.809524                  0.355936        0.902               93.659        
[J49          0.0734927   0.684299              0.977679       0.804029                  0.338897        0.9                 95.519        
[J50          0.0771834   0.701976              0.975329       0.805861                  0.372627        0.9                 97.4012       
[J51          0.0642646   0.690251              0.978896       0.811355                  0.355857        0.902               99.2666       
[J52          0.0748934   0.715064              0.977476       0.805861                  0.379364        0.902               101.158       
[J53          0.0678332   0.757044              0.980058       0.805861                  0.439308        0.874               103.004       
[J54          0.0601052   0.725212              0.98194        0.811355                  0.335916        0.9                 104.86        
[J55          0.0576792   0.749323              0.981534       0.811355                  0.394809        0.888               106.746       
[J56          0.0655505   0.699713              0.977796       0.81685                   0.408841        0.888               108.584       
[J57          0.062613    0.743877              0.980925       0.804029                  0.397175        0.886               110.438       
[J58          0.060085    0.681717              0.980519       0.811355                  0.368775        0.896               112.336       
[J59          0.0489839   0.692939              0.984992       0.805861                  0.337997        0.906               114.164       
[J60          0.0516434   0.729612              0.985187       0.813187                  0.348152        0.902               116.041       
[J61          0.0524129   0.729145              0.982955       0.820513                  0.449706        0.868               117.904       
[J62          0.0568727   0.748272              0.981291       0.81685                   0.435333        0.894               119.736       
[J63          0.0548015   0.733878              0.981534       0.81685                   0.383742        0.894               121.613       
[J64          0.0560459   0.689224              0.983758       0.815018                  0.396252        0.892               123.446       
[J65          0.0454301   0.702776              0.985187       0.813187                  0.364871        0.9                 125.295       
[J66          0.0484296   0.718047              0.98336        0.805861                  0.362973        0.894               127.185       
[J67          0.0508111   0.708916              0.985609       0.818681                  0.424554        0.89                129.011       
[J68          0.0480846   0.707455              0.98336        0.827839                  0.434895        0.884               130.88        
[J69          0.0372162   0.747947              0.988839       0.815018                  0.395718        0.898               132.748       
[J70          0.0423213   0.744887              0.985197       0.807692                  0.395904        0.89                134.591       
[J71          0.043277    0.729918              0.987622       0.811355                  0.388348        0.896               136.458       
[J72          0.0401764   0.702819              0.988839       0.827839                  0.367481        0.898               138.311       
[J73          0.0289051   0.726704              0.991365       0.820513                  0.373311        0.898               140.144       
[J74          0.0364309   0.722603              0.989448       0.818681                  0.402112        0.896               142.021       
[J75          0.0323938   0.77642               0.990057       0.813187                  0.40073         0.9                 143.873       
[J76          0.0378227   0.739237              0.988281       0.835165                  0.383626        0.898               145.81        
