{
  "bilm_wordwise": true,
  "stop_epoch": 20,
  "bilm_gumbel": false,
  "validation": true,
  "bilm_add_original": 0.0,
  "bilm_unit": 1024,
  "dropout": 0.2,
  "bilm_mode": "sampling",
  "model": "rnn",
  "bilm_ratio": 0.25,
  "dataset": "TREC",
  "no_label": false,
  "epoch": 100,
  "bilm": null,
  "batchsize": 64,
  "seed": 2018,
  "bilm_dropout": 0.0,
  "bilm_residual": 0.0,
  "bilm_layer": 1,
  "gpu": 0,
  "save_model": false,
  "out": "result",
  "learning_rate": 0.0001,
  "unit": 300,
  "layer": 1,
  "resume_vocab": null,
  "bilm_temp": 1.0
}
constract vocabulary based on frequency
# train data: 4906
# test  data: 546
# vocab: 8680
# class: 6
epoch       main/loss   validation/main/loss  main/accuracy  validation/main/accuracy  test/main/loss  test/main/accuracy  elapsed_time
[J1           1.71195     1.64583               0.241274       0.327839                  1.66876         0.406               3.87288       
[J2           1.57111     1.44238               0.329545       0.368132                  1.42204         0.396               5.79757       
[J3           1.32112     1.2101                0.483141       0.543956                  1.19713         0.568               7.67254       
[J4           1.07227     1.03724               0.596997       0.584249                  1.02471         0.628               9.54155       
[J5           0.894859    0.904093              0.676948       0.663004                  0.847609        0.7                 11.4075       
[J6           0.742192    0.812382              0.73787        0.701465                  0.74612         0.736               13.2712       
[J7           0.638973    0.770841              0.777192       0.730769                  0.622122        0.786               15.1261       
[J8           0.559327    0.692662              0.80763        0.730769                  0.608234        0.786               16.9827       
[J9           0.486384    0.684149              0.836554       0.752747                  0.56777         0.792               18.8513       
[J10          0.449122    0.683765              0.847808       0.752747                  0.55035         0.812               20.7007       
[J11          0.384438    0.692808              0.870942       0.765568                  0.50661         0.826               22.5789       
[J12          0.359314    0.670058              0.877673       0.763736                  0.513133        0.822               24.422        
[J13          0.317931    0.686314              0.89306        0.765568                  0.48936         0.832               26.4021       
[J14          0.298341    0.666821              0.89793        0.776557                  0.488377        0.822               28.4345       
[J15          0.266635    0.676155              0.909334       0.782051                  0.452812        0.848               30.4394       
[J16          0.238033    0.702035              0.919643       0.791209                  0.439239        0.846               32.3224       
[J17          0.235586    0.709841              0.924716       0.789377                  0.418243        0.85                34.1816       
[J18          0.211531    0.673729              0.930715       0.791209                  0.430203        0.86                35.9954       
[J19          0.180228    0.709452              0.943791       0.802198                  0.450069        0.86                37.862        
[J20          0.169373    0.703858              0.945414       0.802198                  0.469392        0.852               39.6994       
[J21          0.165329    0.728934              0.952919       0.79304                   0.403071        0.868               41.5136       
[J22          0.151863    0.688326              0.95069        0.791209                  0.424039        0.87                43.4018       
[J23          0.142315    0.730645              0.955966       0.796703                  0.426454        0.864               45.2283       
[J24          0.139308    0.753585              0.957442       0.789377                  0.412158        0.864               47.0502       
[J25          0.122491    0.737698              0.961851       0.798535                  0.42651         0.872               48.9132       
[J26          0.114897    0.801169              0.966315       0.789377                  0.430945        0.864               50.7489       
[J27          0.112476    0.698375              0.965461       0.809524                  0.382488        0.882               52.5915       
[J28          0.0953885   0.777784              0.972808       0.802198                  0.439848        0.876               54.4274       
[J29          0.0928973   0.749376              0.971388       0.809524                  0.390452        0.88                56.2616       
[J30          0.0809342   0.788419              0.976357       0.811355                  0.401626        0.892               58.1061       
