{
  "dropout": 0.6,
  "bilm_gumbel": false,
  "bilm": null,
  "gpu": 0,
  "bilm_residual": 0.0,
  "bilm_wordwise": true,
  "validation": true,
  "layer": 1,
  "seed": 2018,
  "epoch": 100,
  "stop_epoch": 20,
  "out": "result",
  "bilm_ratio": 0.25,
  "batchsize": 64,
  "bilm_dropout": 0.0,
  "bilm_add_original": 0.0,
  "bilm_temp": 1.0,
  "dataset": "TREC",
  "model": "rnn",
  "bilm_unit": 1024,
  "resume_vocab": null,
  "save_model": false,
  "no_label": false,
  "bilm_layer": 1,
  "bilm_mode": "sampling",
  "unit": 300,
  "learning_rate": 0.0001
}
constract vocabulary based on frequency
# train data: 4906
# test  data: 546
# vocab: 8680
# class: 6
epoch       main/loss   validation/main/loss  main/accuracy  validation/main/accuracy  test/main/loss  test/main/accuracy  elapsed_time
[J1           1.72451     1.66192               0.230114       0.298535                  1.6872          0.354               3.96271       
[J2           1.6444      1.57155               0.271104       0.364469                  1.606           0.452               5.9118        
[J3           1.49056     1.3643                0.379729       0.437729                  1.35948         0.46                7.78856       
[J4           1.30982     1.23237               0.496347       0.512821                  1.21237         0.558               9.66105       
[J5           1.17195     1.10042               0.557021       0.540293                  1.04333         0.6                 11.5419       
[J6           1.05358     0.991937              0.594778       0.620879                  0.970272        0.66                13.4209       
[J7           0.978464    0.930714              0.635552       0.639194                  0.850567        0.714               15.2912       
[J8           0.902236    0.888115              0.662946       0.635531                  0.816608        0.714               17.1765       
[J9           0.841071    0.829772              0.68565        0.67033                   0.697412        0.75                19.0245       
[J10          0.794805    0.794527              0.703937       0.692308                  0.719201        0.742               20.889        
[J11          0.747871    0.736463              0.72707        0.728938                  0.619755        0.774               22.7841       
[J12          0.709044    0.721448              0.731497       0.716117                  0.579478        0.8                 24.6274       
[J13          0.666783    0.70593               0.761161       0.727106                  0.576675        0.788               26.4994       
[J14          0.650843    0.683423              0.765828       0.741758                  0.547249        0.8                 28.3971       
[J15          0.615167    0.702559              0.77611        0.717949                  0.540446        0.82                30.3186       
[J16          0.589156    0.708272              0.78957        0.734432                  0.501415        0.824               32.2228       
[J17          0.551482    0.643175              0.79931        0.772894                  0.486372        0.836               34.0686       
[J18          0.525131    0.656502              0.806949       0.769231                  0.493058        0.828               35.8942       
[J19          0.514026    0.639059              0.810674       0.778388                  0.468003        0.832               37.7822       
[J20          0.5062      0.632918              0.818385       0.783883                  0.490128        0.826               39.6428       
[J21          0.457402    0.661446              0.835321       0.771062                  0.489023        0.832               41.4914       
[J22          0.456326    0.623691              0.835227       0.763736                  0.485512        0.834               43.3768       
[J23          0.436176    0.614274              0.849432       0.794872                  0.454753        0.85                45.2271       
[J24          0.42792     0.613144              0.851562       0.782051                  0.431182        0.858               47.0674       
[J25          0.410527    0.611555              0.863028       0.774725                  0.444802        0.85                48.9458       
[J26          0.40174     0.596478              0.855114       0.783883                  0.398015        0.866               50.8052       
[J27          0.36207     0.608059              0.878289       0.789377                  0.390415        0.868               52.6533       
[J28          0.364218    0.617991              0.874797       0.800366                  0.405954        0.864               54.5056       
[J29          0.342849    0.589107              0.880479       0.804029                  0.377499        0.87                56.3554       
[J30          0.32542     0.598923              0.890214       0.81685                   0.377997        0.874               58.2037       
[J31          0.333424    0.650144              0.886161       0.791209                  0.415574        0.858               60.0505       
[J32          0.308122    0.572342              0.894737       0.807692                  0.36425         0.868               61.8833       
[J33          0.295617    0.632336              0.897321       0.794872                  0.41588         0.854               63.7614       
[J34          0.287193    0.580511              0.903206       0.813187                  0.375584        0.872               65.6083       
[J35          0.281942    0.589799              0.901521       0.800366                  0.391092        0.882               67.4658       
[J36          0.265346    0.608306              0.910714       0.807692                  0.353465        0.88                69.3278       
[J37          0.269196    0.589163              0.908076       0.813187                  0.361553        0.882               71.1762       
[J38          0.262808    0.567255              0.91139        0.813187                  0.357153        0.884               73.0282       
[J39          0.241018    0.583203              0.918628       0.824176                  0.350697        0.88                74.8795       
[J40          0.229897    0.606864              0.919846       0.811355                  0.364405        0.88                76.7329       
[J41          0.226127    0.612991              0.919202       0.804029                  0.366617        0.882               78.5823       
[J42          0.222609    0.583885              0.926745       0.81685                   0.353239        0.882               80.4371       
[J43          0.214299    0.565183              0.928369       0.824176                  0.345561        0.89                82.3261       
[J44          0.216471    0.584681              0.930715       0.807692                  0.379422        0.876               84.1523       
[J45          0.198189    0.570441              0.935471       0.813187                  0.327972        0.892               85.9979       
[J46          0.19914     0.563694              0.935471       0.81685                   0.34244         0.88                87.8693       
[J47          0.185167    0.599374              0.939762       0.820513                  0.353           0.88                89.6962       
[J48          0.168796    0.597694              0.943791       0.820513                  0.347372        0.884               91.5637       
[J49          0.170659    0.640923              0.944602       0.815018                  0.321739        0.892               93.4404       
[J50          0.169084    0.617624              0.944696       0.811355                  0.361443        0.882               95.2628       
[J51          0.15718     0.622204              0.945617       0.827839                  0.343339        0.886               97.1282       
[J52          0.163004    0.673701              0.940341       0.813187                  0.385674        0.872               99.015        
[J53          0.167664    0.624775              0.944901       0.802198                  0.366419        0.878               100.862       
[J54          0.151793    0.602261              0.949878       0.824176                  0.357221        0.9                 102.757       
[J55          0.151292    0.621089              0.951299       0.81685                   0.359827        0.882               104.611       
[J56          0.14672     0.59891               0.950863       0.820513                  0.336169        0.896               106.46        
[J57          0.139487    0.587364              0.954343       0.824176                  0.334109        0.888               108.34        
[J58          0.133029    0.598703              0.956981       0.820513                  0.352897        0.894               110.188       
[J59          0.125633    0.613467              0.959704       0.824176                  0.344957        0.886               112.056       
[J60          0.122853    0.61313               0.958198       0.820513                  0.307984        0.894               113.904       
[J61          0.123238    0.609084              0.961648       0.827839                  0.324993        0.898               115.753       
[J62          0.120507    0.640607              0.959087       0.820513                  0.371432        0.88                117.602       
[J63          0.119682    0.62631               0.960024       0.822344                  0.336293        0.888               119.452       
[J64          0.123861    0.591818              0.956414       0.815018                  0.339672        0.89                121.28        
[J65          0.112921    0.681731              0.960024       0.815018                  0.34909         0.878               123.152       
[J66          0.119533    0.652716              0.960836       0.827839                  0.331244        0.898               125.006       
[J67          0.115894    0.611083              0.962582       0.824176                  0.337954        0.892               126.852       
[J68          0.119788    0.638103              0.959619       0.82967                   0.37578         0.882               128.707       
[J69          0.107372    0.607466              0.962459       0.831502                  0.324553        0.9                 130.556       
