{
  "no_label": false,
  "bilm_wordwise": true,
  "bilm_unit": 1024,
  "model": "rnn",
  "bilm_ratio": 0.25,
  "unit": 300,
  "epoch": 100,
  "dropout": 0.5,
  "layer": 1,
  "stop_epoch": 20,
  "bilm_layer": 1,
  "seed": 2018,
  "bilm": null,
  "bilm_mode": "sampling",
  "gpu": 0,
  "bilm_temp": 1.0,
  "save_model": false,
  "bilm_dropout": 0.0,
  "out": "result",
  "learning_rate": 0.0001,
  "bilm_add_original": 0.0,
  "validation": true,
  "dataset": "TREC",
  "resume_vocab": null,
  "batchsize": 64,
  "bilm_gumbel": false,
  "bilm_residual": 0.0
}
constract vocabulary based on frequency
# train data: 4906
# test  data: 546
# vocab: 8680
# class: 6
epoch       main/loss   validation/main/loss  main/accuracy  validation/main/accuracy  test/main/loss  test/main/accuracy  elapsed_time
[J1           1.72047     1.65699               0.233969       0.309524                  1.68153         0.364               4.02653       
[J2           1.62796     1.52701               0.295657       0.382784                  1.53563         0.424               5.9186        
[J3           1.43398     1.32091               0.417146       0.478022                  1.31365         0.488               7.77539       
[J4           1.23581     1.16472               0.531859       0.53663                   1.13192         0.574               9.6379        
[J5           1.09021     1.03303               0.590909       0.575092                  0.99137         0.616               11.5257       
[J6           0.968209    0.934165              0.637336       0.653846                  0.904424        0.68                13.3772       
[J7           0.874377    0.856315              0.679383       0.672161                  0.773947        0.736               15.2507       
[J8           0.797379    0.806752              0.706372       0.664835                  0.738821        0.734               17.114        
[J9           0.737868    0.753907              0.728207       0.717949                  0.624577        0.788               18.9354       
[J10          0.689506    0.727628              0.744927       0.716117                  0.624455        0.798               20.7868       
[J11          0.630524    0.678638              0.778206       0.752747                  0.569472        0.794               22.6493       
[J12          0.597239    0.681094              0.788035       0.745421                  0.561518        0.806               24.4666       
[J13          0.554514    0.681844              0.803369       0.732601                  0.568209        0.784               26.3296       
[J14          0.54385     0.639965              0.807021       0.760073                  0.507125        0.82                28.1873       
[J15          0.506501    0.667163              0.82278        0.760073                  0.511866        0.826               30.057        
[J16          0.476719    0.671022              0.829951       0.75641                   0.50426         0.824               31.9558       
[J17          0.445147    0.633361              0.845779       0.78022                   0.443163        0.852               33.824        
[J18          0.430531    0.632802              0.844572       0.778388                  0.444834        0.842               35.6724       
[J19          0.401184    0.657801              0.858969       0.79304                   0.453261        0.848               37.5302       
[J20          0.394254    0.635025              0.86039        0.787546                  0.483108        0.834               39.3836       
[J21          0.353258    0.633899              0.877467       0.787546                  0.449247        0.848               41.2412       
[J22          0.358251    0.621674              0.875          0.785714                  0.452258        0.846               43.086        
[J23          0.337727    0.593237              0.883726       0.798535                  0.43196         0.854               44.9225       
[J24          0.32109     0.611148              0.891036       0.794872                  0.389504        0.864               46.7745       
[J25          0.307842    0.60456               0.89793        0.802198                  0.402259        0.866               48.6273       
[J26          0.292184    0.594001              0.897119       0.805861                  0.380175        0.87                50.4703       
[J27          0.265491    0.604072              0.910979       0.807692                  0.393148        0.874               52.3149       
[J28          0.26754     0.62648               0.912338       0.804029                  0.371375        0.874               54.1481       
[J29          0.243321    0.60207               0.917208       0.809524                  0.372545        0.876               56.0108       
[J30          0.236194    0.61122               0.92023        0.81685                   0.412916        0.86                57.8228       
[J31          0.240768    0.648446              0.917005       0.798535                  0.389446        0.876               59.6604       
[J32          0.219152    0.609501              0.928043       0.813187                  0.356228        0.88                61.5025       
[J33          0.202888    0.611325              0.931615       0.813187                  0.358108        0.888               63.332        
[J34          0.195967    0.614593              0.935268       0.81685                   0.378272        0.874               65.1671       
[J35          0.201943    0.611743              0.933183       0.809524                  0.385413        0.89                67.0177       
[J36          0.179157    0.657437              0.942573       0.807692                  0.382162        0.87                68.844        
[J37          0.182867    0.641067              0.944399       0.802198                  0.359657        0.888               70.6978       
[J38          0.175363    0.611032              0.94449        0.804029                  0.351884        0.888               72.5124       
[J39          0.162121    0.617002              0.94724        0.813187                  0.360858        0.894               74.3522       
[J40          0.149969    0.644372              0.947646       0.807692                  0.378777        0.882               76.2405       
[J41          0.153226    0.628907              0.949013       0.81685                   0.388735        0.88                78.0498       
[J42          0.147002    0.634337              0.949472       0.807692                  0.37424         0.888               79.8874       
[J43          0.136374    0.596796              0.955763       0.802198                  0.317771        0.9                 81.772        
[J44          0.136388    0.615479              0.953536       0.813187                  0.358771        0.89                83.5888       
[J45          0.13413     0.627631              0.958604       0.805861                  0.355342        0.89                85.4473       
[J46          0.128041    0.59972               0.958604       0.818681                  0.363258        0.882               87.2937       
[J47          0.122439    0.643582              0.962582       0.809524                  0.34951         0.89                89.1232       
[J48          0.120204    0.647237              0.960633       0.809524                  0.356716        0.89                90.9848       
[J49          0.112349    0.647496              0.964489       0.81685                   0.324377        0.9                 92.8535       
[J50          0.117134    0.661644              0.962171       0.794872                  0.365603        0.886               94.6775       
[J51          0.105135    0.635565              0.965909       0.818681                  0.369148        0.89                96.5627       
[J52          0.107996    0.724032              0.965097       0.815018                  0.363713        0.896               98.4094       
[J53          0.108387    0.624778              0.966077       0.81685                   0.347633        0.898               100.235       
[J54          0.0936114   0.649043              0.969765       0.81685                   0.327414        0.894               102.094       
[J55          0.0909783   0.685345              0.970576       0.813187                  0.363435        0.892               103.923       
[J56          0.0972749   0.623094              0.967928       0.811355                  0.363332        0.892               105.755       
[J57          0.0942237   0.648732              0.96875        0.813187                  0.357417        0.89                107.602       
[J58          0.0870976   0.671953              0.974026       0.805861                  0.358616        0.89                109.449       
[J59          0.0783645   0.632054              0.973273       0.813187                  0.319164        0.896               111.366       
[J60          0.0749552   0.651209              0.97707        0.822344                  0.325718        0.894               113.24        
[J61          0.0750261   0.690694              0.976461       0.822344                  0.351895        0.894               115.088       
[J62          0.073896    0.680359              0.975946       0.807692                  0.409875        0.884               116.927       
[J63          0.0746811   0.726928              0.975041       0.824176                  0.382306        0.882               118.759       
[J64          0.074933    0.661642              0.976151       0.820513                  0.39161         0.888               120.58        
[J65          0.072484    0.665005              0.976461       0.818681                  0.325003        0.9                 122.43        
[J66          0.076133    0.690923              0.974432       0.818681                  0.330974        0.9                 124.269       
[J67          0.0745783   0.661148              0.977179       0.81685                   0.394566        0.888               126.112       
[J68          0.074677    0.709552              0.974229       0.820513                  0.411118        0.882               127.971       
[J69          0.0631283   0.675746              0.980114       0.818681                  0.388599        0.892               129.831       
[J70          0.06554     0.664185              0.977385       0.815018                  0.378921        0.886               131.669       
[J71          0.0646177   0.729246              0.979708       0.811355                  0.378357        0.89                133.508       
[J72          0.0594554   0.70408               0.980317       0.833333                  0.357567        0.898               135.358       
