{
  "model": "cnn",
  "bilm_gumbel": false,
  "stop_epoch": 20,
  "seed": 2018,
  "bilm_add_original": 0.0,
  "epoch": 100,
  "bilm_layer": 1,
  "bilm_temp": 1.0,
  "save_model": false,
  "bilm": null,
  "bilm_unit": 1024,
  "dataset": "stsa.binary",
  "unit": 300,
  "resume_vocab": null,
  "validation": true,
  "bilm_ratio": 0.25,
  "bilm_mode": "sampling",
  "bilm_wordwise": true,
  "bilm_residual": 0.0,
  "batchsize": 64,
  "learning_rate": 0.0001,
  "gpu": 0,
  "bilm_dropout": 0.0,
  "no_label": false,
  "out": "result",
  "dropout": 0.4,
  "layer": 1
}
constract vocabulary based on frequency
# train data: 6228
# test  data: 692
# vocab: 14830
# class: 2
epoch       main/loss   validation/main/loss  main/accuracy  validation/main/accuracy  test/main/loss  test/main/accuracy  elapsed_time
[J1           0.713259    0.689099              0.50574        0.540462                  0.689579        0.526634            3.88433       
[J2           0.706843    0.688026              0.506927       0.553468                  0.687659        0.541461            5.68861       
[J3           0.697583    0.686405              0.527706       0.533237                  0.689694        0.501922            7.50413       
[J4           0.696414    0.686657              0.51993        0.592486                  0.684154        0.613399            9.35493       
[J5           0.696593    0.683627              0.52529        0.562139                  0.684298        0.546403            11.1299       
[J6           0.686211    0.682972              0.551063       0.614162                  0.680286        0.604064            12.9333       
[J7           0.687189    0.67934               0.54257        0.59104                   0.678488        0.588138            14.8342       
[J8           0.684586    0.676801              0.55509        0.58526                   0.676067        0.578254            16.6496       
[J9           0.682115    0.673093              0.563789       0.617052                  0.669347        0.609555            18.4433       
[J10          0.677797    0.668909              0.57095        0.602601                  0.666051        0.610104            20.2514       
[J11          0.675891    0.666502              0.572809       0.589595                  0.665134        0.58704             22.0952       
[J12          0.668422    0.659773              0.592945       0.631503                  0.653935        0.623833            23.9477       
[J13          0.665999    0.654749              0.595504       0.632948                  0.648613        0.621636            25.7275       
[J14          0.649117    0.645564              0.618073       0.648844                  0.633348        0.650192            27.5156       
[J15          0.642468    0.638159              0.633376       0.654624                  0.623846        0.652938            29.3307       
[J16          0.632214    0.629437              0.639659       0.650289                  0.612976        0.662273            31.0902       
[J17          0.618552    0.62006               0.657047       0.666185                  0.601247        0.670511            32.8929       
[J18          0.60676     0.610261              0.669459       0.669075                  0.588335        0.686985            34.654        
[J19          0.582361    0.599427              0.689755       0.676301                  0.577559        0.69028             36.4321       
[J20          0.558744    0.586773              0.717793       0.683526                  0.562307        0.699616            38.2141       
[J21          0.543754    0.571097              0.725354       0.709538                  0.541585        0.720483            40.0106       
[J22          0.51681     0.560436              0.743879       0.719653                  0.533647        0.730368            41.7679       
[J23          0.498547    0.54438               0.755102       0.735549                  0.512251        0.745744            43.5654       
[J24          0.46648     0.532928              0.778512       0.738439                  0.501142        0.74849             45.3273       
[J25          0.434839    0.522514              0.797841       0.742775                  0.486925        0.756727            47.102        
[J26          0.414086    0.513226              0.815689       0.75                      0.475867        0.766063            48.916        
[J27          0.389765    0.505868              0.826353       0.758671                  0.469099        0.775947            50.6766       
[J28          0.370781    0.503482              0.835052       0.771676                  0.466821        0.778693            52.4532       
[J29          0.351406    0.497813              0.843909       0.764451                  0.456019        0.781439            54.2556       
[J30          0.332887    0.493822              0.855831       0.765896                  0.451659        0.788578            56.0333       
[J31          0.307645    0.496682              0.867912       0.774566                  0.45223         0.791323            57.7907       
[J32          0.303271    0.50281               0.868557       0.757225                  0.449215        0.795168            59.5918       
[J33          0.277735    0.503643              0.885523       0.780347                  0.452526        0.791323            61.3658       
[J34          0.264699    0.510275              0.890303       0.783237                  0.457924        0.794618            63.1598       
[J35          0.251224    0.513266              0.89578        0.776012                  0.453188        0.799561            64.9525       
[J36          0.233011    0.51637               0.903061       0.786127                  0.457184        0.799561            66.7587       
[J37          0.231375    0.519387              0.903351       0.780347                  0.461292        0.797913            68.5385       
[J38          0.216382    0.524105              0.914787       0.780347                  0.46115         0.803954            70.3147       
[J39          0.198786    0.533411              0.921078       0.780347                  0.471366        0.801208            72.103        
[J40          0.191285    0.542893              0.926063       0.778902                  0.478348        0.802856            73.889        
[J41          0.17765     0.55501               0.927191       0.778902                  0.487199        0.804503            75.6629       
[J42          0.161241    0.563252              0.937022       0.781792                  0.493286        0.803954            77.4385       
[J43          0.165265    0.56637               0.935406       0.787572                  0.500024        0.801208            79.2375       
[J44          0.147465    0.580132              0.945071       0.781792                  0.517109        0.801757            80.9943       
[J45          0.14566     0.590149              0.941964       0.783237                  0.515923        0.803954            82.788        
[J46          0.146078    0.59806               0.945393       0.780347                  0.529931        0.797364            84.5627       
[J47          0.134284    0.602224              0.948776       0.786127                  0.534404        0.804503            86.3384       
[J48          0.123882    0.616953              0.953769       0.784682                  0.54883         0.796815            88.0992       
[J49          0.117512    0.62915               0.957589       0.789017                  0.557659        0.80011             89.9103       
[J50          0.110576    0.640177              0.959085       0.790462                  0.561989        0.801208            91.6892       
