{
  "bilm_wordwise": true,
  "bilm_layer": 1,
  "batchsize": 64,
  "out": "result",
  "save_model": false,
  "layer": 1,
  "no_label": false,
  "unit": 300,
  "seed": 2018,
  "validation": true,
  "bilm": null,
  "bilm_ratio": 0.25,
  "stop_epoch": 20,
  "learning_rate": 0.0001,
  "resume_vocab": null,
  "bilm_residual": 0.0,
  "gpu": 0,
  "dataset": "stsa.binary",
  "epoch": 100,
  "bilm_gumbel": false,
  "bilm_mode": "sampling",
  "dropout": 0.5,
  "bilm_dropout": 0.0,
  "bilm_add_original": 0.0,
  "bilm_unit": 1024,
  "model": "cnn",
  "bilm_temp": 1.0
}
constract vocabulary based on frequency
# train data: 6228
# test  data: 692
# vocab: 14830
# class: 2
epoch       main/loss   validation/main/loss  main/accuracy  validation/main/accuracy  test/main/loss  test/main/accuracy  elapsed_time
[J1           0.72754     0.68962               0.509088       0.537572                  0.691359        0.515102            3.90741       
[J2           0.720377    0.689856              0.49855        0.540462                  0.6899          0.534871            5.70134       
[J3           0.71111     0.688985              0.511759       0.533237                  0.69262         0.500275            7.53844       
[J4           0.708072    0.689878              0.514987       0.550578                  0.689104        0.585393            9.44549       
[J5           0.707148    0.688165              0.503866       0.543353                  0.689856        0.518396            11.308        
[J6           0.698161    0.689543              0.524646       0.566474                  0.688108        0.596376            13.1609       
[J7           0.701477    0.687863              0.519452       0.565029                  0.688138        0.545854            14.9459       
[J8           0.700124    0.687622              0.51482        0.573699                  0.687627        0.569467            16.7621       
[J9           0.700939    0.68785               0.514336       0.58526                   0.686912        0.593081            18.6936       
[J10          0.696537    0.686127              0.532844       0.565029                  0.686518        0.55464             20.5649       
[J11          0.700913    0.685028              0.521746       0.546243                  0.686989        0.520044            22.41         
[J12          0.697743    0.685077              0.521585       0.58526                   0.685137        0.570566            24.1988       
[J13          0.696678    0.683946              0.523756       0.562139                  0.685116        0.538715            25.9848       
[J14          0.691471    0.683796              0.54607        0.595376                  0.682636        0.610104            27.8104       
[J15          0.693164    0.682731              0.54317        0.595376                  0.68143         0.610653            29.6033       
[J16          0.687854    0.681599              0.546392       0.599711                  0.679622        0.61285             31.4723       
[J17          0.691025    0.679761              0.540019       0.596821                  0.678271        0.603515            33.3371       
[J18          0.68823     0.67824               0.546875       0.569364                  0.678116        0.566722            35.1209       
[J19          0.682468    0.675959              0.560889       0.573699                  0.676351        0.556837            36.9472       
[J20          0.680069    0.673007              0.566645       0.586705                  0.671744        0.593081            38.7379       
[J21          0.681509    0.671583              0.566205       0.612717                  0.668211        0.615596            40.5344       
[J22          0.678833    0.669109              0.566849       0.612717                  0.666158        0.609555            42.3317       
[J23          0.67046     0.665923              0.589126       0.622832                  0.659506        0.63207             44.1336       
[J24          0.669805    0.661877              0.583763       0.628613                  0.657511        0.626579            45.904        
[J25          0.662856    0.657274              0.60422        0.637283                  0.650571        0.639209            47.7323       
[J26          0.658111    0.652771              0.609853       0.635838                  0.642592        0.652938            49.5407       
[J27          0.65018     0.646451              0.61614        0.647399                  0.635956        0.656782            51.3318       
[J28          0.645214    0.640907              0.63386        0.657514                  0.63065         0.655684            53.1228       
[J29          0.637818    0.633586              0.635204       0.654624                  0.620684        0.667765            54.9084       
[J30          0.628323    0.625773              0.650129       0.67052                   0.609432        0.6771              56.7129       
[J31          0.614068    0.618019              0.660921       0.671965                  0.600183        0.67765             58.5161       
[J32          0.605784    0.609597              0.669298       0.67341                   0.589211        0.688083            60.3235       
[J33          0.59314     0.599814              0.683833       0.683526                  0.577198        0.69687             62.1482       
[J34          0.57815     0.590576              0.699742       0.695087                  0.564846        0.710599            63.9371       
[J35          0.56467     0.581345              0.707313       0.695087                  0.554968        0.714443            65.7096       
[J36          0.547514    0.569248              0.724809       0.703757                  0.540469        0.727622            67.5456       
[J37          0.539022    0.558086              0.730831       0.715318                  0.528809        0.73531             69.3414       
[J38          0.518966    0.549115              0.750644       0.735549                  0.517479        0.745744            71.1121       
[J39          0.494145    0.537809              0.763712       0.736994                  0.507256        0.752883            72.9458       
[J40          0.475222    0.528597              0.77384        0.739884                  0.495692        0.76112             74.7209       
[J41          0.466398    0.52059               0.779156       0.75578                   0.489837        0.764964            76.5364       
[J42          0.433442    0.514128              0.796237       0.75578                   0.47923         0.770456            78.329        
[J43          0.424346    0.508318              0.80509        0.763006                  0.470663        0.773751            80.1206       
[J44          0.397906    0.503222              0.824098       0.771676                  0.465313        0.775398            81.9154       
[J45          0.392181    0.500097              0.822226       0.761561                  0.459172        0.781439            83.7239       
[J46          0.383058    0.494401              0.832635       0.773121                  0.45735         0.783635            85.4927       
[J47          0.364001    0.492192              0.845039       0.774566                  0.453286        0.785832            87.3036       
[J48          0.343426    0.491986              0.848099       0.771676                  0.451205        0.790225            89.0778       
[J49          0.332215    0.493421              0.856824       0.773121                  0.450254        0.790225            90.8939       
[J50          0.312617    0.493278              0.871295       0.774566                  0.44685         0.794618            92.7041       
[J51          0.310432    0.496163              0.869201       0.783237                  0.451131        0.789127            94.4746       
[J52          0.295427    0.494297              0.880102       0.783237                  0.446919        0.799012            96.2927       
[J53          0.280629    0.494714              0.882571       0.787572                  0.450056        0.795717            98.0822       
