{
  "seed": 2018,
  "batchsize": 64,
  "stop_epoch": 20,
  "layer": 1,
  "validation": true,
  "bilm_unit": 1024,
  "bilm_gumbel": false,
  "no_label": false,
  "bilm_temp": 1.0,
  "bilm": null,
  "dropout": 0.2,
  "out": "result",
  "bilm_ratio": 0.25,
  "bilm_wordwise": true,
  "bilm_add_original": 0.0,
  "learning_rate": 0.0001,
  "bilm_dropout": 0.0,
  "save_model": false,
  "bilm_residual": 0.0,
  "model": "cnn",
  "epoch": 100,
  "bilm_layer": 1,
  "bilm_mode": "sampling",
  "unit": 300,
  "gpu": 0,
  "dataset": "stsa.binary",
  "resume_vocab": null
}
constract vocabulary based on frequency
# train data: 6228
# test  data: 692
# vocab: 14830
# class: 2
epoch       main/loss   validation/main/loss  main/accuracy  validation/main/accuracy  test/main/loss  test/main/accuracy  elapsed_time
[J1           0.699174    0.686232              0.510364       0.553468                  0.687037        0.534322            3.85484       
[J2           0.689166    0.679914              0.533666       0.572254                  0.68226         0.539264            5.68944       
[J3           0.674791    0.674993              0.585696       0.572254                  0.678469        0.540912            7.53108       
[J4           0.666955    0.665118              0.594707       0.601156                  0.655855        0.634816            9.40452       
[J5           0.652499    0.651165              0.621134       0.627168                  0.642805        0.640308            11.196        
[J6           0.623244    0.637863              0.660277       0.640173                  0.624063        0.65129             13.008        
[J7           0.595979    0.621582              0.690051       0.66763                   0.605656        0.667216            14.8496       
[J8           0.559513    0.607805              0.724388       0.680636                  0.587193        0.679846            16.6396       
[J9           0.520027    0.58382               0.75           0.690751                  0.560803        0.705107            18.424        
[J10          0.469527    0.566597              0.786193       0.687861                  0.532021        0.73531             20.2645       
[J11          0.428824    0.542318              0.813628       0.722543                  0.510205        0.73531             22.0332       
[J12          0.376537    0.526915              0.838918       0.729769                  0.493803        0.751785            23.8377       
[J13          0.339635    0.515152              0.860332       0.739884                  0.480695        0.766063            25.6262       
[J14          0.28941     0.509401              0.881604       0.739884                  0.467108        0.775398            27.4183       
[J15          0.258575    0.510735              0.896746       0.748555                  0.459689        0.784185            29.2786       
[J16          0.222146    0.513681              0.915915       0.751445                  0.458832        0.789127            31.3227       
[J17          0.190667    0.518933              0.927296       0.758671                  0.455371        0.794069            33.3732       
[J18          0.179333    0.520231              0.932668       0.761561                  0.461152        0.795717            35.3938       
[J19          0.159627    0.52773               0.939755       0.770231                  0.46228         0.796266            37.3726       
[J20          0.136272    0.552403              0.951371       0.777457                  0.488106        0.790774            39.1977       
[J21          0.123212    0.551127              0.951836       0.774566                  0.472133        0.80011             40.9973       
[J22          0.107964    0.5773                0.961662       0.777457                  0.506577        0.797364            42.7815       
[J23          0.0983915   0.582088              0.96604        0.778902                  0.501103        0.799561            44.6254       
[J24          0.0848818   0.593792              0.969394       0.776012                  0.50828         0.803954            46.4031       
[J25          0.0835813   0.608997              0.967784       0.781792                  0.524559        0.800659            48.205        
