{
  "bilm_mode": "sampling",
  "resume_vocab": null,
  "bilm_gumbel": false,
  "bilm_unit": 1024,
  "validation": true,
  "seed": 2018,
  "bilm_add_original": 0.0,
  "bilm_dropout": 0.0,
  "bilm_layer": 1,
  "gpu": 0,
  "no_label": false,
  "learning_rate": 0.0001,
  "bilm_temp": 1.0,
  "save_model": false,
  "batchsize": 64,
  "dataset": "stsa.binary",
  "stop_epoch": 20,
  "dropout": 0.6,
  "model": "cnn",
  "bilm_residual": 0.0,
  "bilm_wordwise": true,
  "epoch": 100,
  "bilm_ratio": 0.25,
  "unit": 300,
  "layer": 1,
  "out": "result",
  "bilm": null
}
constract vocabulary based on frequency
# train data: 6228
# test  data: 692
# vocab: 14830
# class: 2
epoch       main/loss   validation/main/loss  main/accuracy  validation/main/accuracy  test/main/loss  test/main/accuracy  elapsed_time
[J1           0.762924    0.691172              0.500638       0.527457                  0.691553        0.512905            3.83524       
[J2           0.74583     0.691753              0.50145        0.533237                  0.690966        0.53542             5.69405       
[J3           0.730555    0.690537              0.500483       0.534682                  0.692976        0.500275            7.52247       
[J4           0.723971    0.692468              0.51148        0.515896                  0.690953        0.549698            9.46258       
[J5           0.718175    0.690978              0.508698       0.528902                  0.691484        0.518396            11.4612       
[J6           0.714833    0.692882              0.504671       0.484104                  0.691341        0.538715            13.4755       
[J7           0.716805    0.691409              0.510842       0.531792                  0.691425        0.532674            15.5129       
[J8           0.710584    0.691999              0.512887       0.543353                  0.691467        0.552444            17.5219       
[J9           0.716178    0.692769              0.495651       0.5                       0.691565        0.550796            19.4351       
[J10          0.71176     0.691316              0.504624       0.557803                  0.691548        0.532125            21.2653       
[J11          0.715223    0.691019              0.499356       0.537572                  0.691846        0.507414            23.0387       
[J12          0.711206    0.692328              0.501128       0.541907                  0.691753        0.549149            24.87         
[J13          0.70827     0.692212              0.500478       0.530347                  0.691965        0.539264            26.6512       
[J14          0.704593    0.693058              0.507732       0.501445                  0.691816        0.537068            28.4412       
[J15          0.709607    0.692136              0.502577       0.554913                  0.691771        0.55464             30.2207       
[J16          0.703929    0.692211              0.517075       0.541907                  0.691627        0.556288            32.0025       
[J17          0.703464    0.691469              0.507653       0.536127                  0.691556        0.544207            33.7928       
[J18          0.706057    0.690618              0.503383       0.534682                  0.691568        0.508512            35.5681       
[J19          0.704458    0.690123              0.507571       0.536127                  0.691799        0.500275            37.3316       
[J20          0.700876    0.690336              0.521046       0.543353                  0.691372        0.503569            39.0883       
[J21          0.703415    0.690908              0.508698       0.541907                  0.691247        0.534871            40.8874       
[J22          0.705427    0.690615              0.503705       0.544798                  0.691494        0.510708            42.6519       
[J23          0.699711    0.691372              0.51993        0.559249                  0.69103         0.570017            44.4553       
[J24          0.700958    0.690376              0.519491       0.547688                  0.691391        0.516749            46.2265       
[J25          0.701621    0.690601              0.514659       0.553468                  0.691117        0.531027            48.0099       
[J26          0.70071     0.692149              0.512915       0.504335                  0.691212        0.559034            49.8142       
[J27          0.697102    0.691452              0.521746       0.547688                  0.690906        0.577155            51.5982       
[J28          0.701245    0.690167              0.512403       0.563584                  0.690773        0.531027            53.4658       
[J29          0.696078    0.690377              0.525191       0.578035                  0.690345        0.584294            55.2699       
[J30          0.695903    0.690837              0.528512       0.552023                  0.690311        0.592532            57.0514       
[J31          0.69531     0.690077              0.524162       0.58237                   0.689965        0.585393            58.8656       
[J32          0.695894    0.689049              0.522874       0.554913                  0.689892        0.519495            60.8443       
[J33          0.696539    0.689458              0.521524       0.57948                   0.689559        0.578803            62.6199       
[J34          0.6933      0.689056              0.533022       0.589595                  0.688851        0.590884            64.419        
[J35          0.694949    0.688489              0.526256       0.58526                   0.688111        0.587589            66.2111       
[J36          0.695037    0.687982              0.519133       0.58526                   0.687445        0.594179            68.014        
[J37          0.694799    0.688197              0.527706       0.601156                  0.686965        0.622735            69.8107       
[J38          0.692208    0.68797               0.536727       0.598266                  0.686552        0.618342            71.5919       
[J39          0.690564    0.686751              0.53412        0.608382                  0.685547        0.617792            73.3586       
[J40          0.68915     0.685762              0.544781       0.609827                  0.684515        0.612301            75.1402       
[J41          0.690246    0.68499               0.533183       0.608382                  0.683711        0.617792            76.9169       
[J42          0.688479    0.684606              0.540816       0.612717                  0.682699        0.628226            78.6876       
[J43          0.686815    0.683512              0.54462        0.611272                  0.681438        0.628226            80.4903       
[J44          0.683237    0.682089              0.564594       0.608382                  0.679517        0.630972            82.2406       
[J45          0.685764    0.681582              0.540497       0.608382                  0.678419        0.645799            84.0296       
[J46          0.684318    0.678894              0.558473       0.608382                  0.676531        0.621636            85.8034       
[J47          0.676722    0.677764              0.568943       0.612717                  0.673918        0.643602            87.5755       
[J48          0.6734      0.674328              0.581991       0.609827                  0.670429        0.634816            89.3511       
[J49          0.675843    0.671585              0.575893       0.612717                  0.66728         0.637013            91.1473       
[J50          0.671724    0.669157              0.576997       0.612717                  0.663583        0.648545            92.9895       
[J51          0.666484    0.665715              0.590367       0.619942                  0.659956        0.640857            94.7942       
[J52          0.661383    0.662235              0.59949        0.640173                  0.655144        0.65788             96.6172       
[J53          0.659824    0.659079              0.604381       0.650289                  0.650495        0.658979            98.4106       
[J54          0.653707    0.654323              0.607442       0.648844                  0.644895        0.661724            100.203       
[J55          0.649131    0.649719              0.61655        0.645954                  0.638758        0.668314            101.971       
[J56          0.635335    0.643117              0.638692       0.653179                  0.629863        0.672158            103.746       
[J57          0.636867    0.637007              0.630155       0.663295                  0.622924        0.682043            105.521       
[J58          0.630956    0.631903              0.643654       0.671965                  0.616383        0.686436            107.306       
[J59          0.621174    0.62595               0.653189       0.669075                  0.608725        0.693575            109.061       
[J60          0.61636     0.620573              0.659149       0.66763                   0.600953        0.710049            110.855       
[J61          0.6055      0.612633              0.675383       0.680636                  0.592341        0.706755            112.621       
[J62          0.59441     0.605908              0.685245       0.682081                  0.583597        0.719934            114.4         
[J63          0.581469    0.597169              0.687983       0.689306                  0.574116        0.717188            116.195       
[J64          0.575952    0.58951               0.699742       0.697977                  0.56451         0.730368            117.948       
[J65          0.558555    0.580594              0.711735       0.705202                  0.554226        0.737507            119.77        
[J66          0.548003    0.572942              0.71875        0.712428                  0.545371        0.741351            121.525       
[J67          0.537771    0.56442               0.727287       0.713873                  0.536761        0.740802            123.293       
[J68          0.521859    0.556865              0.737723       0.722543                  0.527777        0.750686            125.074       
[J69          0.511747    0.548319              0.757893       0.731214                  0.51981         0.750686            126.874       
[J70          0.496819    0.540498              0.763853       0.731214                  0.511096        0.75453             128.63        
[J71          0.49219     0.533098              0.763233       0.735549                  0.505364        0.75508             130.453       
[J72          0.46695     0.526824              0.779961       0.735549                  0.496706        0.757825            132.204       
[J73          0.462584    0.520355              0.78125        0.741329                  0.489375        0.756727            133.985       
[J74          0.454907    0.516102              0.790816       0.75                      0.483671        0.760571            135.775       
[J75          0.444396    0.50931               0.79462        0.758671                  0.477889        0.768259            137.527       
[J76          0.4143      0.503326              0.815238       0.761561                  0.471111        0.771554            139.309       
[J77          0.423174    0.498645              0.811224       0.770231                  0.467013        0.775947            141.084       
[J78          0.4049      0.496039              0.823293       0.763006                  0.462917        0.777046            142.853       
[J79          0.388616    0.492859              0.828769       0.765896                  0.458907        0.777595            144.612       
[J80          0.389629    0.488411              0.829736       0.768786                  0.455458        0.781988            146.387       
[J81          0.371351    0.485933              0.841677       0.773121                  0.452399        0.78693             148.154       
[J82          0.36128     0.482854              0.842945       0.778902                  0.449705        0.790774            149.988       
[J83          0.350233    0.481297              0.853093       0.780347                  0.446459        0.795168            151.715       
[J84          0.337147    0.479375              0.854911       0.776012                  0.444638        0.794069            153.48        
[J85          0.334503    0.479385              0.859053       0.773121                  0.442416        0.795717            155.251       
[J86          0.329824    0.479882              0.859375       0.774566                  0.443283        0.794069            156.982       
[J87          0.315966    0.47948               0.873087       0.770231                  0.441686        0.799012            158.745       
[J88          0.307247    0.479616              0.874678       0.771676                  0.442556        0.796815            160.516       
[J89          0.297218    0.479946              0.878383       0.776012                  0.442078        0.796266            162.268       
[J90          0.285069    0.48166               0.885523       0.777457                  0.443097        0.797364            164.025       
[J91          0.283131    0.482676              0.882249       0.776012                  0.443449        0.797913            165.78        
[J92          0.269536    0.484128              0.88837        0.776012                  0.444191        0.799012            167.508       
[J93          0.270862    0.483703              0.893495       0.780347                  0.444218        0.800659            169.275       
[J94          0.258599    0.48493               0.896585       0.778902                  0.446067        0.796266            171.025       
[J95          0.258571    0.48664               0.891269       0.780347                  0.446839        0.803405            172.771       
[J96          0.2439      0.486788              0.902062       0.783237                  0.449133        0.800659            174.501       
[J97          0.247263    0.487844              0.899554       0.786127                  0.450886        0.797364            176.28        
