{
  "out": "result",
  "bilm_dropout": 0.0,
  "dropout": 0.1,
  "model": "cnn",
  "dataset": "stsa.binary",
  "bilm_mode": "sampling",
  "batchsize": 64,
  "bilm_temp": 1.0,
  "save_model": false,
  "epoch": 100,
  "gpu": 0,
  "bilm_residual": 0.0,
  "validation": true,
  "layer": 1,
  "unit": 300,
  "bilm": null,
  "resume_vocab": null,
  "stop_epoch": 20,
  "bilm_ratio": 0.25,
  "bilm_wordwise": true,
  "bilm_gumbel": false,
  "bilm_layer": 1,
  "seed": 2018,
  "no_label": false,
  "bilm_add_original": 0.0,
  "bilm_unit": 1024,
  "learning_rate": 0.0001
}
constract vocabulary based on frequency
# train data: 6228
# test  data: 692
# vocab: 14830
# class: 2
epoch       main/loss   validation/main/loss  main/accuracy  validation/main/accuracy  test/main/loss  test/main/accuracy  elapsed_time
[J1           0.694359    0.682836              0.523756       0.570809                  0.683329        0.562328            4.08414       
[J2           0.679299    0.673857              0.575064       0.57659                   0.676797        0.551895            5.84814       
[J3           0.654328    0.658692              0.630316       0.612717                  0.654456        0.621636            7.67924       
[J4           0.626464    0.64617               0.671397       0.619942                  0.628462        0.668314            9.47278       
[J5           0.583481    0.622496              0.713756       0.657514                  0.601252        0.679297            11.2619       
[J6           0.521438    0.595469              0.769008       0.687861                  0.574563        0.701812            13.0405       
[J7           0.448275    0.586814              0.82111        0.697977                  0.571328        0.688083            14.8174       
[J8           0.371114    0.546301              0.861791       0.718208                  0.513655        0.747392            16.6269       
[J9           0.301667    0.532665              0.894169       0.722543                  0.501424        0.753432            18.3829       
[J10          0.236006    0.526401              0.923788       0.736994                  0.477643        0.771554            20.1744       
[J11          0.189959    0.525102              0.940883       0.739884                  0.47211         0.773751            21.9684       
[J12          0.14989     0.52883               0.954091       0.751445                  0.471024        0.781988            23.7431       
[J13          0.11655     0.541588              0.968431       0.758671                  0.491352        0.781439            25.5313       
[J14          0.091356    0.550225              0.976321       0.75289                   0.475327        0.785283            27.3139       
[J15          0.0753499   0.561365              0.977287       0.764451                  0.484663        0.79352             29.0891       
[J16          0.0606735   0.570653              0.98518        0.765896                  0.492988        0.790774            30.8671       
[J17          0.0490995   0.583687              0.987723       0.764451                  0.500779        0.795717            32.6835       
[J18          0.0441953   0.588875              0.988563       0.770231                  0.513976        0.791873            34.4413       
[J19          0.0373386   0.613717              0.992107       0.760116                  0.525488        0.789676            36.231        
[J20          0.0308992   0.637716              0.993463       0.773121                  0.543489        0.787479            38.0125       
[J21          0.0262339   0.637885              0.99404        0.767341                  0.533548        0.805601            39.7892       
[J22          0.024032    0.656427              0.994362       0.761561                  0.558839        0.792422            41.5689       
[J23          0.0236442   0.67015               0.994579       0.765896                  0.564906        0.795168            43.3574       
[J24          0.0231718   0.682876              0.994362       0.761561                  0.564801        0.797913            45.1221       
[J25          0.0170426   0.694102              0.997101       0.773121                  0.579444        0.797913            46.9268       
[J26          0.0171477   0.697651              0.995855       0.773121                  0.588861        0.792971            48.6999       
[J27          0.016433    0.724581              0.995812       0.768786                  0.607334        0.796266            50.4976       
[J28          0.013014    0.73722               0.997584       0.761561                  0.608697        0.801208            52.3069       
[J29          0.0117383   0.745941              0.996971       0.765896                  0.623643        0.797364            54.0897       
[J30          0.0104234   0.758357              0.997745       0.764451                  0.626361        0.796266            55.9009       
[J31          0.0104648   0.801908              0.997584       0.771676                  0.6692          0.788029            57.6563       
[J32          0.0107112   0.773948              0.997584       0.763006                  0.643003        0.799012            59.4303       
[J33          0.0082874   0.782628              0.997927       0.761561                  0.658758        0.792971            61.2277       
[J34          0.00684891  0.790673              0.998872       0.760116                  0.656879        0.795717            62.9968       
[J35          0.00791032  0.810746              0.998228       0.776012                  0.680557        0.789676            64.7518       
