{
  "dataset": "stsa.binary",
  "learning_rate": 0.0001,
  "resume_vocab": null,
  "bilm_add_original": 0.0,
  "unit": 300,
  "bilm_unit": 1024,
  "out": "result",
  "epoch": 100,
  "stop_epoch": 20,
  "layer": 1,
  "seed": 2018,
  "bilm_wordwise": true,
  "model": "cnn",
  "bilm": null,
  "bilm_ratio": 0.25,
  "bilm_dropout": 0.0,
  "validation": true,
  "bilm_gumbel": false,
  "dropout": 0.3,
  "bilm_layer": 1,
  "batchsize": 64,
  "bilm_mode": "sampling",
  "bilm_residual": 0.0,
  "save_model": false,
  "bilm_temp": 1.0,
  "no_label": false,
  "gpu": 0
}
constract vocabulary based on frequency
# train data: 6228
# test  data: 692
# vocab: 14830
# class: 2
epoch       main/loss   validation/main/loss  main/accuracy  validation/main/accuracy  test/main/loss  test/main/accuracy  elapsed_time
[J1           0.704347    0.68767               0.509088       0.550578                  0.688755        0.523339            4.11562       
[J2           0.696613    0.684778              0.519169       0.554913                  0.686366        0.522241            5.93104       
[J3           0.687375    0.683114              0.548325       0.541907                  0.688549        0.505766            7.74755       
[J4           0.686404    0.677663              0.55118        0.601156                  0.674277        0.616145            9.57327       
[J5           0.682559    0.672204              0.560084       0.583815                  0.671361        0.580999            11.3869       
[J6           0.666341    0.666819              0.589884       0.612717                  0.659477        0.623284            13.1865       
[J7           0.660811    0.658139              0.606027       0.618497                  0.649132        0.633169            14.9767       
[J8           0.648639    0.65229               0.624678       0.619942                  0.643267        0.626579            16.7905       
[J9           0.637356    0.640525              0.640303       0.634393                  0.623855        0.652389            18.5537       
[J10          0.619114    0.62976               0.656728       0.648844                  0.611862        0.660077            20.3663       
[J11          0.600427    0.61923               0.678318       0.663295                  0.599732        0.660626            22.1577       
[J12          0.574625    0.605081              0.696682       0.67052                   0.581682        0.682043            23.9494       
[J13          0.5527      0.586984              0.714286       0.684971                  0.558709        0.710049            25.7624       
[J14          0.513627    0.569461              0.748389       0.703757                  0.535642        0.72268             27.5466       
[J15          0.482344    0.553803              0.77384        0.715318                  0.517809        0.738056            29.3322       
[J16          0.448054    0.538602              0.794459       0.726879                  0.503104        0.746293            31.1279       
[J17          0.408726    0.527242              0.816645       0.732659                  0.48649         0.75453             32.9307       
[J18          0.387289    0.515685              0.834246       0.734104                  0.474817        0.764964            34.7033       
[J19          0.35611     0.507075              0.8423         0.74422                   0.465245        0.771554            36.5452       
[J20          0.310784    0.514452              0.868941       0.763006                  0.480139        0.768808            38.3345       
[J21          0.292904    0.504646              0.872745       0.763006                  0.460832        0.78034             40.1394       
[J22          0.271007    0.511828              0.88982        0.760116                  0.472073        0.783086            41.9111       
[J23          0.252185    0.508925              0.899394       0.763006                  0.463614        0.788578            43.713        
[J24          0.223414    0.515449              0.911888       0.770231                  0.464912        0.791873            45.5036       
[J25          0.202486    0.520237              0.915593       0.770231                  0.463298        0.798462            47.2976       
[J26          0.196033    0.523967              0.918208       0.777457                  0.464212        0.796815            49.1042       
[J27          0.178768    0.534754              0.931379       0.771676                  0.479584        0.801208            50.8979       
[J28          0.164045    0.546778              0.940238       0.774566                  0.490866        0.799561            52.6869       
[J29          0.153614    0.554275              0.941327       0.768786                  0.48764         0.807798            54.4755       
[J30          0.146464    0.564103              0.941205       0.767341                  0.495198        0.807249            56.2855       
[J31          0.125709    0.583087              0.953447       0.770231                  0.511168        0.805052            58.0515       
[J32          0.126493    0.591123              0.952642       0.773121                  0.513996        0.801757            59.8435       
[J33          0.11731     0.608092              0.957908       0.771676                  0.529974        0.803405            61.7354       
[J34          0.109042    0.614794              0.955058       0.777457                  0.531298        0.803954            63.7536       
[J35          0.102547    0.625641              0.963112       0.776012                  0.539025        0.802856            65.8046       
[J36          0.0979924   0.638001              0.960459       0.776012                  0.554909        0.8067              67.8558       
[J37          0.0886765   0.654951              0.966495       0.780347                  0.57702         0.795168            69.914        
[J38          0.0807909   0.66655               0.967945       0.778902                  0.571285        0.805601            71.749        
[J39          0.0731456   0.683997              0.97449        0.780347                  0.59633         0.803405            73.582        
[J40          0.0679199   0.696284              0.97471        0.781792                  0.608121        0.800659            75.382        
[J41          0.0710736   0.712908              0.972938       0.780347                  0.615819        0.802306            77.2056       
[J42          0.0596186   0.72544               0.977997       0.780347                  0.627312        0.804503            79.0057       
[J43          0.0684681   0.730775              0.973421       0.780347                  0.64065         0.802856            80.8163       
[J44          0.0572111   0.743892              0.978093       0.776012                  0.657095        0.796815            82.5932       
[J45          0.0536627   0.75422               0.982143       0.789017                  0.66247         0.799012            84.4128       
