Namespace(bert_model='bert-base-uncased', data_dir='datasets', do_lower_case=False, gpu=3, learning_rate=5e-05, max_seq_length=64, num_train_epochs=9.0, output_dir='aug_data_1_4_3_0.5', sample_num=1, sample_ratio=4, seed=42, task_name='mpqa', temp=0.5, train_batch_size=32, warmup_proportion=0.1)
10/25/2019 08:28:58 - WARNING - pytorch_pretrained_bert.tokenization -   The pre-trained model you are loading is an uncased model but you have set `do_lower_case` to False. We are setting `do_lower_case=True` for you but you may want to check this behavior.
10/25/2019 08:29:00 - INFO - pytorch_pretrained_bert.tokenization -   loading vocabulary file https://s3.amazonaws.com/models.huggingface.co/bert/bert-base-uncased-vocab.txt from cache at /root/.pytorch_pretrained_bert/26bc1ad6c0ac742e9b52263248f6d0f00068293b33709fae12320c0e35ccfbbb.542ce4285a40d23a559526243235df47c5f75c197f04f37d1a0c124c32c9a084
10/25/2019 08:29:00 - INFO - __main__ -   *** Example ***
10/25/2019 08:29:00 - INFO - __main__ -   guid: train-1
10/25/2019 08:29:00 - INFO - __main__ -   tokens: [CLS] most disturbing of all [SEP]
10/25/2019 08:29:00 - INFO - __main__ -   init_ids: 101 2087 14888 1997 2035 102 0 0 0 0 0 0 0 0 0 0 0 0 0 0 0 0 0 0 0 0 0 0 0 0 0 0 0 0 0 0 0 0 0 0 0 0 0 0 0 0 0 0 0 0 0 0 0 0 0 0 0 0 0 0 0 0 0 0
10/25/2019 08:29:00 - INFO - __main__ -   input_ids: 101 2087 1997 1997 2035 102 0 0 0 0 0 0 0 0 0 0 0 0 0 0 0 0 0 0 0 0 0 0 0 0 0 0 0 0 0 0 0 0 0 0 0 0 0 0 0 0 0 0 0 0 0 0 0 0 0 0 0 0 0 0 0 0 0 0
10/25/2019 08:29:00 - INFO - __main__ -   input_mask: 1 1 1 1 1 1 0 0 0 0 0 0 0 0 0 0 0 0 0 0 0 0 0 0 0 0 0 0 0 0 0 0 0 0 0 0 0 0 0 0 0 0 0 0 0 0 0 0 0 0 0 0 0 0 0 0 0 0 0 0 0 0 0 0
10/25/2019 08:29:00 - INFO - __main__ -   segment_ids: 0 0 0 0 0 0 0 0 0 0 0 0 0 0 0 0 0 0 0 0 0 0 0 0 0 0 0 0 0 0 0 0 0 0 0 0 0 0 0 0 0 0 0 0 0 0 0 0 0 0 0 0 0 0 0 0 0 0 0 0 0 0 0 0
10/25/2019 08:29:00 - INFO - __main__ -   masked_lm_labels: -1 -1 14888 -1 -1 -1 -1 -1 -1 -1 -1 -1 -1 -1 -1 -1 -1 -1 -1 -1 -1 -1 -1 -1 -1 -1 -1 -1 -1 -1 -1 -1 -1 -1 -1 -1 -1 -1 -1 -1 -1 -1 -1 -1 -1 -1 -1 -1 -1 -1 -1 -1 -1 -1 -1 -1 -1 -1 -1 -1 -1 -1 -1 -1
10/25/2019 08:29:00 - INFO - __main__ -   *** Example ***
10/25/2019 08:29:00 - INFO - __main__ -   guid: train-2
10/25/2019 08:29:00 - INFO - __main__ -   tokens: [CLS] taking care to avoid directly criticizing [SEP]
10/25/2019 08:29:00 - INFO - __main__ -   init_ids: 101 2635 2729 2000 4468 3495 21289 102 0 0 0 0 0 0 0 0 0 0 0 0 0 0 0 0 0 0 0 0 0 0 0 0 0 0 0 0 0 0 0 0 0 0 0 0 0 0 0 0 0 0 0 0 0 0 0 0 0 0 0 0 0 0 0 0
10/25/2019 08:29:00 - INFO - __main__ -   input_ids: 101 2635 2729 2000 4468 103 21289 102 0 0 0 0 0 0 0 0 0 0 0 0 0 0 0 0 0 0 0 0 0 0 0 0 0 0 0 0 0 0 0 0 0 0 0 0 0 0 0 0 0 0 0 0 0 0 0 0 0 0 0 0 0 0 0 0
10/25/2019 08:29:00 - INFO - __main__ -   input_mask: 1 1 1 1 1 1 1 1 0 0 0 0 0 0 0 0 0 0 0 0 0 0 0 0 0 0 0 0 0 0 0 0 0 0 0 0 0 0 0 0 0 0 0 0 0 0 0 0 0 0 0 0 0 0 0 0 0 0 0 0 0 0 0 0
10/25/2019 08:29:00 - INFO - __main__ -   segment_ids: 0 0 0 0 0 0 0 0 0 0 0 0 0 0 0 0 0 0 0 0 0 0 0 0 0 0 0 0 0 0 0 0 0 0 0 0 0 0 0 0 0 0 0 0 0 0 0 0 0 0 0 0 0 0 0 0 0 0 0 0 0 0 0 0
10/25/2019 08:29:00 - INFO - __main__ -   masked_lm_labels: -1 -1 -1 -1 -1 3495 -1 -1 -1 -1 -1 -1 -1 -1 -1 -1 -1 -1 -1 -1 -1 -1 -1 -1 -1 -1 -1 -1 -1 -1 -1 -1 -1 -1 -1 -1 -1 -1 -1 -1 -1 -1 -1 -1 -1 -1 -1 -1 -1 -1 -1 -1 -1 -1 -1 -1 -1 -1 -1 -1 -1 -1 -1 -1
10/25/2019 08:29:01 - INFO - __main__ -   ***** Running training *****
10/25/2019 08:29:01 - INFO - __main__ -     Num examples = 8587
10/25/2019 08:29:01 - INFO - __main__ -     Batch size = 32
10/25/2019 08:29:01 - INFO - __main__ -     Num steps = 2415
constract vocabulary based on frequency
# train data: 8587
# test  data: 955
# vocab: 5968
# class: 2
before augment best acc:0.852969
Epoch:   0%|          | 0/9 [00:00<?, ?it/s]Traceback (most recent call last):
  File "aug_dataset.py", line 392, in <module>
    main()
  File "aug_dataset.py", line 286, in main
    run_aug(args, save_every_epoch=False)
  File "aug_dataset.py", line 376, in run_aug
    preds = torch.transpose(preds, 0, 1)
RuntimeError: Dimension out of range (expected to be in range of [-1, 0], but got 1)
Epoch:   0%|          | 0/9 [03:53<?, ?it/s]
Namespace(bert_model='bert-base-uncased', data_dir='datasets', do_lower_case=False, gpu=3, learning_rate=5e-05, max_seq_length=64, num_train_epochs=9.0, output_dir='aug_data_1_4_3_1.0', sample_num=1, sample_ratio=4, seed=42, task_name='mpqa', temp=1.0, train_batch_size=32, warmup_proportion=0.1)
10/25/2019 08:28:58 - WARNING - pytorch_pretrained_bert.tokenization -   The pre-trained model you are loading is an uncased model but you have set `do_lower_case` to False. We are setting `do_lower_case=True` for you but you may want to check this behavior.
10/25/2019 08:29:00 - INFO - pytorch_pretrained_bert.tokenization -   loading vocabulary file https://s3.amazonaws.com/models.huggingface.co/bert/bert-base-uncased-vocab.txt from cache at /root/.pytorch_pretrained_bert/26bc1ad6c0ac742e9b52263248f6d0f00068293b33709fae12320c0e35ccfbbb.542ce4285a40d23a559526243235df47c5f75c197f04f37d1a0c124c32c9a084
10/25/2019 08:29:00 - INFO - __main__ -   *** Example ***
10/25/2019 08:29:00 - INFO - __main__ -   guid: train-1
10/25/2019 08:29:00 - INFO - __main__ -   tokens: [CLS] most disturbing of all [SEP]
10/25/2019 08:29:00 - INFO - __main__ -   init_ids: 101 2087 14888 1997 2035 102 0 0 0 0 0 0 0 0 0 0 0 0 0 0 0 0 0 0 0 0 0 0 0 0 0 0 0 0 0 0 0 0 0 0 0 0 0 0 0 0 0 0 0 0 0 0 0 0 0 0 0 0 0 0 0 0 0 0
10/25/2019 08:29:00 - INFO - __main__ -   input_ids: 101 2087 1997 1997 2035 102 0 0 0 0 0 0 0 0 0 0 0 0 0 0 0 0 0 0 0 0 0 0 0 0 0 0 0 0 0 0 0 0 0 0 0 0 0 0 0 0 0 0 0 0 0 0 0 0 0 0 0 0 0 0 0 0 0 0
10/25/2019 08:29:00 - INFO - __main__ -   input_mask: 1 1 1 1 1 1 0 0 0 0 0 0 0 0 0 0 0 0 0 0 0 0 0 0 0 0 0 0 0 0 0 0 0 0 0 0 0 0 0 0 0 0 0 0 0 0 0 0 0 0 0 0 0 0 0 0 0 0 0 0 0 0 0 0
10/25/2019 08:29:00 - INFO - __main__ -   segment_ids: 0 0 0 0 0 0 0 0 0 0 0 0 0 0 0 0 0 0 0 0 0 0 0 0 0 0 0 0 0 0 0 0 0 0 0 0 0 0 0 0 0 0 0 0 0 0 0 0 0 0 0 0 0 0 0 0 0 0 0 0 0 0 0 0
10/25/2019 08:29:00 - INFO - __main__ -   masked_lm_labels: -1 -1 14888 -1 -1 -1 -1 -1 -1 -1 -1 -1 -1 -1 -1 -1 -1 -1 -1 -1 -1 -1 -1 -1 -1 -1 -1 -1 -1 -1 -1 -1 -1 -1 -1 -1 -1 -1 -1 -1 -1 -1 -1 -1 -1 -1 -1 -1 -1 -1 -1 -1 -1 -1 -1 -1 -1 -1 -1 -1 -1 -1 -1 -1
10/25/2019 08:29:00 - INFO - __main__ -   *** Example ***
10/25/2019 08:29:00 - INFO - __main__ -   guid: train-2
10/25/2019 08:29:00 - INFO - __main__ -   tokens: [CLS] taking care to avoid directly criticizing [SEP]
10/25/2019 08:29:00 - INFO - __main__ -   init_ids: 101 2635 2729 2000 4468 3495 21289 102 0 0 0 0 0 0 0 0 0 0 0 0 0 0 0 0 0 0 0 0 0 0 0 0 0 0 0 0 0 0 0 0 0 0 0 0 0 0 0 0 0 0 0 0 0 0 0 0 0 0 0 0 0 0 0 0
10/25/2019 08:29:00 - INFO - __main__ -   input_ids: 101 2635 2729 2000 4468 103 21289 102 0 0 0 0 0 0 0 0 0 0 0 0 0 0 0 0 0 0 0 0 0 0 0 0 0 0 0 0 0 0 0 0 0 0 0 0 0 0 0 0 0 0 0 0 0 0 0 0 0 0 0 0 0 0 0 0
10/25/2019 08:29:00 - INFO - __main__ -   input_mask: 1 1 1 1 1 1 1 1 0 0 0 0 0 0 0 0 0 0 0 0 0 0 0 0 0 0 0 0 0 0 0 0 0 0 0 0 0 0 0 0 0 0 0 0 0 0 0 0 0 0 0 0 0 0 0 0 0 0 0 0 0 0 0 0
10/25/2019 08:29:00 - INFO - __main__ -   segment_ids: 0 0 0 0 0 0 0 0 0 0 0 0 0 0 0 0 0 0 0 0 0 0 0 0 0 0 0 0 0 0 0 0 0 0 0 0 0 0 0 0 0 0 0 0 0 0 0 0 0 0 0 0 0 0 0 0 0 0 0 0 0 0 0 0
10/25/2019 08:29:00 - INFO - __main__ -   masked_lm_labels: -1 -1 -1 -1 -1 3495 -1 -1 -1 -1 -1 -1 -1 -1 -1 -1 -1 -1 -1 -1 -1 -1 -1 -1 -1 -1 -1 -1 -1 -1 -1 -1 -1 -1 -1 -1 -1 -1 -1 -1 -1 -1 -1 -1 -1 -1 -1 -1 -1 -1 -1 -1 -1 -1 -1 -1 -1 -1 -1 -1 -1 -1 -1 -1
10/25/2019 08:29:01 - INFO - __main__ -   ***** Running training *****
10/25/2019 08:29:01 - INFO - __main__ -     Num examples = 8587
10/25/2019 08:29:01 - INFO - __main__ -     Batch size = 32
10/25/2019 08:29:01 - INFO - __main__ -     Num steps = 2415
constract vocabulary based on frequency
# train data: 8587
# test  data: 955
# vocab: 5968
# class: 2
before augment best acc:0.846371
Epoch:   0%|          | 0/9 [00:00<?, ?it/s]Traceback (most recent call last):
  File "aug_dataset.py", line 392, in <module>
    main()
  File "aug_dataset.py", line 286, in main
    run_aug(args, save_every_epoch=False)
  File "aug_dataset.py", line 376, in run_aug
    preds = torch.transpose(preds, 0, 1)
RuntimeError: Dimension out of range (expected to be in range of [-1, 0], but got 1)
Epoch:   0%|          | 0/9 [03:53<?, ?it/s]
Namespace(bert_model='bert-base-uncased', data_dir='datasets', do_lower_case=False, gpu=2, learning_rate=5e-05, max_seq_length=64, num_train_epochs=9.0, output_dir='aug_data_1_6_2_0.5', sample_num=1, sample_ratio=6, seed=42, task_name='mpqa', temp=0.5, train_batch_size=32, warmup_proportion=0.1)
10/25/2019 08:28:58 - WARNING - pytorch_pretrained_bert.tokenization -   The pre-trained model you are loading is an uncased model but you have set `do_lower_case` to False. We are setting `do_lower_case=True` for you but you may want to check this behavior.
10/25/2019 08:29:00 - INFO - pytorch_pretrained_bert.tokenization -   loading vocabulary file https://s3.amazonaws.com/models.huggingface.co/bert/bert-base-uncased-vocab.txt from cache at /root/.pytorch_pretrained_bert/26bc1ad6c0ac742e9b52263248f6d0f00068293b33709fae12320c0e35ccfbbb.542ce4285a40d23a559526243235df47c5f75c197f04f37d1a0c124c32c9a084
10/25/2019 08:29:00 - INFO - __main__ -   *** Example ***
10/25/2019 08:29:00 - INFO - __main__ -   guid: train-1
10/25/2019 08:29:00 - INFO - __main__ -   tokens: [CLS] most disturbing of all [SEP]
10/25/2019 08:29:00 - INFO - __main__ -   init_ids: 101 2087 14888 1997 2035 102 0 0 0 0 0 0 0 0 0 0 0 0 0 0 0 0 0 0 0 0 0 0 0 0 0 0 0 0 0 0 0 0 0 0 0 0 0 0 0 0 0 0 0 0 0 0 0 0 0 0 0 0 0 0 0 0 0 0
10/25/2019 08:29:00 - INFO - __main__ -   input_ids: 101 2087 1997 1997 2035 102 0 0 0 0 0 0 0 0 0 0 0 0 0 0 0 0 0 0 0 0 0 0 0 0 0 0 0 0 0 0 0 0 0 0 0 0 0 0 0 0 0 0 0 0 0 0 0 0 0 0 0 0 0 0 0 0 0 0
10/25/2019 08:29:00 - INFO - __main__ -   input_mask: 1 1 1 1 1 1 0 0 0 0 0 0 0 0 0 0 0 0 0 0 0 0 0 0 0 0 0 0 0 0 0 0 0 0 0 0 0 0 0 0 0 0 0 0 0 0 0 0 0 0 0 0 0 0 0 0 0 0 0 0 0 0 0 0
10/25/2019 08:29:00 - INFO - __main__ -   segment_ids: 0 0 0 0 0 0 0 0 0 0 0 0 0 0 0 0 0 0 0 0 0 0 0 0 0 0 0 0 0 0 0 0 0 0 0 0 0 0 0 0 0 0 0 0 0 0 0 0 0 0 0 0 0 0 0 0 0 0 0 0 0 0 0 0
10/25/2019 08:29:00 - INFO - __main__ -   masked_lm_labels: -1 -1 14888 -1 -1 -1 -1 -1 -1 -1 -1 -1 -1 -1 -1 -1 -1 -1 -1 -1 -1 -1 -1 -1 -1 -1 -1 -1 -1 -1 -1 -1 -1 -1 -1 -1 -1 -1 -1 -1 -1 -1 -1 -1 -1 -1 -1 -1 -1 -1 -1 -1 -1 -1 -1 -1 -1 -1 -1 -1 -1 -1 -1 -1
10/25/2019 08:29:00 - INFO - __main__ -   *** Example ***
10/25/2019 08:29:00 - INFO - __main__ -   guid: train-2
10/25/2019 08:29:00 - INFO - __main__ -   tokens: [CLS] taking care to avoid directly criticizing [SEP]
10/25/2019 08:29:00 - INFO - __main__ -   init_ids: 101 2635 2729 2000 4468 3495 21289 102 0 0 0 0 0 0 0 0 0 0 0 0 0 0 0 0 0 0 0 0 0 0 0 0 0 0 0 0 0 0 0 0 0 0 0 0 0 0 0 0 0 0 0 0 0 0 0 0 0 0 0 0 0 0 0 0
10/25/2019 08:29:00 - INFO - __main__ -   input_ids: 101 2635 2729 2000 4468 103 21289 102 0 0 0 0 0 0 0 0 0 0 0 0 0 0 0 0 0 0 0 0 0 0 0 0 0 0 0 0 0 0 0 0 0 0 0 0 0 0 0 0 0 0 0 0 0 0 0 0 0 0 0 0 0 0 0 0
10/25/2019 08:29:00 - INFO - __main__ -   input_mask: 1 1 1 1 1 1 1 1 0 0 0 0 0 0 0 0 0 0 0 0 0 0 0 0 0 0 0 0 0 0 0 0 0 0 0 0 0 0 0 0 0 0 0 0 0 0 0 0 0 0 0 0 0 0 0 0 0 0 0 0 0 0 0 0
10/25/2019 08:29:00 - INFO - __main__ -   segment_ids: 0 0 0 0 0 0 0 0 0 0 0 0 0 0 0 0 0 0 0 0 0 0 0 0 0 0 0 0 0 0 0 0 0 0 0 0 0 0 0 0 0 0 0 0 0 0 0 0 0 0 0 0 0 0 0 0 0 0 0 0 0 0 0 0
10/25/2019 08:29:00 - INFO - __main__ -   masked_lm_labels: -1 -1 -1 -1 -1 3495 -1 -1 -1 -1 -1 -1 -1 -1 -1 -1 -1 -1 -1 -1 -1 -1 -1 -1 -1 -1 -1 -1 -1 -1 -1 -1 -1 -1 -1 -1 -1 -1 -1 -1 -1 -1 -1 -1 -1 -1 -1 -1 -1 -1 -1 -1 -1 -1 -1 -1 -1 -1 -1 -1 -1 -1 -1 -1
10/25/2019 08:29:01 - INFO - __main__ -   ***** Running training *****
10/25/2019 08:29:01 - INFO - __main__ -     Num examples = 8587
10/25/2019 08:29:01 - INFO - __main__ -     Batch size = 32
10/25/2019 08:29:01 - INFO - __main__ -     Num steps = 2415
constract vocabulary based on frequency
# train data: 8587
# test  data: 955
# vocab: 5968
# class: 2
before augment best acc:0.848256
Epoch:   0%|          | 0/9 [00:00<?, ?it/s]Epoch:   0%|          | 0/9 [00:08<?, ?it/s]
Traceback (most recent call last):
  File "aug_dataset.py", line 392, in <module>
    main()
  File "aug_dataset.py", line 286, in main
    run_aug(args, save_every_epoch=False)
  File "aug_dataset.py", line 376, in run_aug
    preds = torch.transpose(preds, 0, 1)
RuntimeError: Dimension out of range (expected to be in range of [-1, 0], but got 1)
Namespace(bert_model='bert-base-uncased', data_dir='datasets', do_lower_case=False, gpu=2, learning_rate=5e-05, max_seq_length=64, num_train_epochs=9.0, output_dir='aug_data_1_6_2_1.0', sample_num=1, sample_ratio=6, seed=42, task_name='mpqa', temp=1.0, train_batch_size=32, warmup_proportion=0.1)
10/25/2019 08:28:58 - WARNING - pytorch_pretrained_bert.tokenization -   The pre-trained model you are loading is an uncased model but you have set `do_lower_case` to False. We are setting `do_lower_case=True` for you but you may want to check this behavior.
10/25/2019 08:29:00 - INFO - pytorch_pretrained_bert.tokenization -   loading vocabulary file https://s3.amazonaws.com/models.huggingface.co/bert/bert-base-uncased-vocab.txt from cache at /root/.pytorch_pretrained_bert/26bc1ad6c0ac742e9b52263248f6d0f00068293b33709fae12320c0e35ccfbbb.542ce4285a40d23a559526243235df47c5f75c197f04f37d1a0c124c32c9a084
10/25/2019 08:29:00 - INFO - __main__ -   *** Example ***
10/25/2019 08:29:00 - INFO - __main__ -   guid: train-1
10/25/2019 08:29:00 - INFO - __main__ -   tokens: [CLS] most disturbing of all [SEP]
10/25/2019 08:29:00 - INFO - __main__ -   init_ids: 101 2087 14888 1997 2035 102 0 0 0 0 0 0 0 0 0 0 0 0 0 0 0 0 0 0 0 0 0 0 0 0 0 0 0 0 0 0 0 0 0 0 0 0 0 0 0 0 0 0 0 0 0 0 0 0 0 0 0 0 0 0 0 0 0 0
10/25/2019 08:29:00 - INFO - __main__ -   input_ids: 101 2087 1997 1997 2035 102 0 0 0 0 0 0 0 0 0 0 0 0 0 0 0 0 0 0 0 0 0 0 0 0 0 0 0 0 0 0 0 0 0 0 0 0 0 0 0 0 0 0 0 0 0 0 0 0 0 0 0 0 0 0 0 0 0 0
10/25/2019 08:29:00 - INFO - __main__ -   input_mask: 1 1 1 1 1 1 0 0 0 0 0 0 0 0 0 0 0 0 0 0 0 0 0 0 0 0 0 0 0 0 0 0 0 0 0 0 0 0 0 0 0 0 0 0 0 0 0 0 0 0 0 0 0 0 0 0 0 0 0 0 0 0 0 0
10/25/2019 08:29:00 - INFO - __main__ -   segment_ids: 0 0 0 0 0 0 0 0 0 0 0 0 0 0 0 0 0 0 0 0 0 0 0 0 0 0 0 0 0 0 0 0 0 0 0 0 0 0 0 0 0 0 0 0 0 0 0 0 0 0 0 0 0 0 0 0 0 0 0 0 0 0 0 0
10/25/2019 08:29:00 - INFO - __main__ -   masked_lm_labels: -1 -1 14888 -1 -1 -1 -1 -1 -1 -1 -1 -1 -1 -1 -1 -1 -1 -1 -1 -1 -1 -1 -1 -1 -1 -1 -1 -1 -1 -1 -1 -1 -1 -1 -1 -1 -1 -1 -1 -1 -1 -1 -1 -1 -1 -1 -1 -1 -1 -1 -1 -1 -1 -1 -1 -1 -1 -1 -1 -1 -1 -1 -1 -1
10/25/2019 08:29:00 - INFO - __main__ -   *** Example ***
10/25/2019 08:29:00 - INFO - __main__ -   guid: train-2
10/25/2019 08:29:00 - INFO - __main__ -   tokens: [CLS] taking care to avoid directly criticizing [SEP]
10/25/2019 08:29:00 - INFO - __main__ -   init_ids: 101 2635 2729 2000 4468 3495 21289 102 0 0 0 0 0 0 0 0 0 0 0 0 0 0 0 0 0 0 0 0 0 0 0 0 0 0 0 0 0 0 0 0 0 0 0 0 0 0 0 0 0 0 0 0 0 0 0 0 0 0 0 0 0 0 0 0
10/25/2019 08:29:00 - INFO - __main__ -   input_ids: 101 2635 2729 2000 4468 103 21289 102 0 0 0 0 0 0 0 0 0 0 0 0 0 0 0 0 0 0 0 0 0 0 0 0 0 0 0 0 0 0 0 0 0 0 0 0 0 0 0 0 0 0 0 0 0 0 0 0 0 0 0 0 0 0 0 0
10/25/2019 08:29:00 - INFO - __main__ -   input_mask: 1 1 1 1 1 1 1 1 0 0 0 0 0 0 0 0 0 0 0 0 0 0 0 0 0 0 0 0 0 0 0 0 0 0 0 0 0 0 0 0 0 0 0 0 0 0 0 0 0 0 0 0 0 0 0 0 0 0 0 0 0 0 0 0
10/25/2019 08:29:00 - INFO - __main__ -   segment_ids: 0 0 0 0 0 0 0 0 0 0 0 0 0 0 0 0 0 0 0 0 0 0 0 0 0 0 0 0 0 0 0 0 0 0 0 0 0 0 0 0 0 0 0 0 0 0 0 0 0 0 0 0 0 0 0 0 0 0 0 0 0 0 0 0
10/25/2019 08:29:00 - INFO - __main__ -   masked_lm_labels: -1 -1 -1 -1 -1 3495 -1 -1 -1 -1 -1 -1 -1 -1 -1 -1 -1 -1 -1 -1 -1 -1 -1 -1 -1 -1 -1 -1 -1 -1 -1 -1 -1 -1 -1 -1 -1 -1 -1 -1 -1 -1 -1 -1 -1 -1 -1 -1 -1 -1 -1 -1 -1 -1 -1 -1 -1 -1 -1 -1 -1 -1 -1 -1
10/25/2019 08:29:01 - INFO - __main__ -   ***** Running training *****
10/25/2019 08:29:01 - INFO - __main__ -     Num examples = 8587
10/25/2019 08:29:01 - INFO - __main__ -     Batch size = 32
10/25/2019 08:29:01 - INFO - __main__ -     Num steps = 2415
constract vocabulary based on frequency
# train data: 8587
# test  data: 955
# vocab: 5968
# class: 2
before augment best acc:0.846371
Epoch:   0%|          | 0/9 [00:00<?, ?it/s]Epoch:   0%|          | 0/9 [00:08<?, ?it/s]
Traceback (most recent call last):
  File "aug_dataset.py", line 392, in <module>
    main()
  File "aug_dataset.py", line 286, in main
    run_aug(args, save_every_epoch=False)
  File "aug_dataset.py", line 376, in run_aug
    preds = torch.transpose(preds, 0, 1)
RuntimeError: Dimension out of range (expected to be in range of [-1, 0], but got 1)
Namespace(bert_model='bert-base-uncased', data_dir='datasets', do_lower_case=False, gpu=5, learning_rate=5e-05, max_seq_length=64, num_train_epochs=9.0, output_dir='aug_data_2_4_5_0.5', sample_num=2, sample_ratio=4, seed=42, task_name='mpqa', temp=0.5, train_batch_size=32, warmup_proportion=0.1)
10/25/2019 08:28:58 - WARNING - pytorch_pretrained_bert.tokenization -   The pre-trained model you are loading is an uncased model but you have set `do_lower_case` to False. We are setting `do_lower_case=True` for you but you may want to check this behavior.
10/25/2019 08:29:00 - INFO - pytorch_pretrained_bert.tokenization -   loading vocabulary file https://s3.amazonaws.com/models.huggingface.co/bert/bert-base-uncased-vocab.txt from cache at /root/.pytorch_pretrained_bert/26bc1ad6c0ac742e9b52263248f6d0f00068293b33709fae12320c0e35ccfbbb.542ce4285a40d23a559526243235df47c5f75c197f04f37d1a0c124c32c9a084
10/25/2019 08:29:00 - INFO - __main__ -   *** Example ***
10/25/2019 08:29:00 - INFO - __main__ -   guid: train-1
10/25/2019 08:29:00 - INFO - __main__ -   tokens: [CLS] most disturbing of all [SEP]
10/25/2019 08:29:00 - INFO - __main__ -   init_ids: 101 2087 14888 1997 2035 102 0 0 0 0 0 0 0 0 0 0 0 0 0 0 0 0 0 0 0 0 0 0 0 0 0 0 0 0 0 0 0 0 0 0 0 0 0 0 0 0 0 0 0 0 0 0 0 0 0 0 0 0 0 0 0 0 0 0
10/25/2019 08:29:00 - INFO - __main__ -   input_ids: 101 2087 1997 1997 2035 102 0 0 0 0 0 0 0 0 0 0 0 0 0 0 0 0 0 0 0 0 0 0 0 0 0 0 0 0 0 0 0 0 0 0 0 0 0 0 0 0 0 0 0 0 0 0 0 0 0 0 0 0 0 0 0 0 0 0
10/25/2019 08:29:00 - INFO - __main__ -   input_mask: 1 1 1 1 1 1 0 0 0 0 0 0 0 0 0 0 0 0 0 0 0 0 0 0 0 0 0 0 0 0 0 0 0 0 0 0 0 0 0 0 0 0 0 0 0 0 0 0 0 0 0 0 0 0 0 0 0 0 0 0 0 0 0 0
10/25/2019 08:29:00 - INFO - __main__ -   segment_ids: 0 0 0 0 0 0 0 0 0 0 0 0 0 0 0 0 0 0 0 0 0 0 0 0 0 0 0 0 0 0 0 0 0 0 0 0 0 0 0 0 0 0 0 0 0 0 0 0 0 0 0 0 0 0 0 0 0 0 0 0 0 0 0 0
10/25/2019 08:29:00 - INFO - __main__ -   masked_lm_labels: -1 -1 14888 -1 -1 -1 -1 -1 -1 -1 -1 -1 -1 -1 -1 -1 -1 -1 -1 -1 -1 -1 -1 -1 -1 -1 -1 -1 -1 -1 -1 -1 -1 -1 -1 -1 -1 -1 -1 -1 -1 -1 -1 -1 -1 -1 -1 -1 -1 -1 -1 -1 -1 -1 -1 -1 -1 -1 -1 -1 -1 -1 -1 -1
10/25/2019 08:29:00 - INFO - __main__ -   *** Example ***
10/25/2019 08:29:00 - INFO - __main__ -   guid: train-2
10/25/2019 08:29:00 - INFO - __main__ -   tokens: [CLS] taking care to avoid directly criticizing [SEP]
10/25/2019 08:29:00 - INFO - __main__ -   init_ids: 101 2635 2729 2000 4468 3495 21289 102 0 0 0 0 0 0 0 0 0 0 0 0 0 0 0 0 0 0 0 0 0 0 0 0 0 0 0 0 0 0 0 0 0 0 0 0 0 0 0 0 0 0 0 0 0 0 0 0 0 0 0 0 0 0 0 0
10/25/2019 08:29:00 - INFO - __main__ -   input_ids: 101 2635 2729 2000 4468 103 21289 102 0 0 0 0 0 0 0 0 0 0 0 0 0 0 0 0 0 0 0 0 0 0 0 0 0 0 0 0 0 0 0 0 0 0 0 0 0 0 0 0 0 0 0 0 0 0 0 0 0 0 0 0 0 0 0 0
10/25/2019 08:29:00 - INFO - __main__ -   input_mask: 1 1 1 1 1 1 1 1 0 0 0 0 0 0 0 0 0 0 0 0 0 0 0 0 0 0 0 0 0 0 0 0 0 0 0 0 0 0 0 0 0 0 0 0 0 0 0 0 0 0 0 0 0 0 0 0 0 0 0 0 0 0 0 0
10/25/2019 08:29:00 - INFO - __main__ -   segment_ids: 0 0 0 0 0 0 0 0 0 0 0 0 0 0 0 0 0 0 0 0 0 0 0 0 0 0 0 0 0 0 0 0 0 0 0 0 0 0 0 0 0 0 0 0 0 0 0 0 0 0 0 0 0 0 0 0 0 0 0 0 0 0 0 0
10/25/2019 08:29:00 - INFO - __main__ -   masked_lm_labels: -1 -1 -1 -1 -1 3495 -1 -1 -1 -1 -1 -1 -1 -1 -1 -1 -1 -1 -1 -1 -1 -1 -1 -1 -1 -1 -1 -1 -1 -1 -1 -1 -1 -1 -1 -1 -1 -1 -1 -1 -1 -1 -1 -1 -1 -1 -1 -1 -1 -1 -1 -1 -1 -1 -1 -1 -1 -1 -1 -1 -1 -1 -1 -1
10/25/2019 08:29:01 - INFO - __main__ -   ***** Running training *****
10/25/2019 08:29:01 - INFO - __main__ -     Num examples = 8587
10/25/2019 08:29:01 - INFO - __main__ -     Batch size = 32
10/25/2019 08:29:01 - INFO - __main__ -     Num steps = 2415
constract vocabulary based on frequency
# train data: 8587
# test  data: 955
# vocab: 5968
# class: 2
before augment best acc:0.853911
Epoch:   0%|          | 0/9 [00:00<?, ?it/s]Traceback (most recent call last):
  File "aug_dataset.py", line 392, in <module>
    main()
  File "aug_dataset.py", line 286, in main
    run_aug(args, save_every_epoch=False)
  File "aug_dataset.py", line 376, in run_aug
    preds = torch.transpose(preds, 0, 1)
RuntimeError: Dimension out of range (expected to be in range of [-1, 0], but got 1)
Epoch:   0%|          | 0/9 [04:39<?, ?it/s]
Namespace(bert_model='bert-base-uncased', data_dir='datasets', do_lower_case=False, gpu=5, learning_rate=5e-05, max_seq_length=64, num_train_epochs=9.0, output_dir='aug_data_2_4_5_1.0', sample_num=2, sample_ratio=4, seed=42, task_name='mpqa', temp=1.0, train_batch_size=32, warmup_proportion=0.1)
10/25/2019 08:28:58 - WARNING - pytorch_pretrained_bert.tokenization -   The pre-trained model you are loading is an uncased model but you have set `do_lower_case` to False. We are setting `do_lower_case=True` for you but you may want to check this behavior.
10/25/2019 08:29:00 - INFO - pytorch_pretrained_bert.tokenization -   loading vocabulary file https://s3.amazonaws.com/models.huggingface.co/bert/bert-base-uncased-vocab.txt from cache at /root/.pytorch_pretrained_bert/26bc1ad6c0ac742e9b52263248f6d0f00068293b33709fae12320c0e35ccfbbb.542ce4285a40d23a559526243235df47c5f75c197f04f37d1a0c124c32c9a084
10/25/2019 08:29:00 - INFO - __main__ -   *** Example ***
10/25/2019 08:29:00 - INFO - __main__ -   guid: train-1
10/25/2019 08:29:00 - INFO - __main__ -   tokens: [CLS] most disturbing of all [SEP]
10/25/2019 08:29:00 - INFO - __main__ -   init_ids: 101 2087 14888 1997 2035 102 0 0 0 0 0 0 0 0 0 0 0 0 0 0 0 0 0 0 0 0 0 0 0 0 0 0 0 0 0 0 0 0 0 0 0 0 0 0 0 0 0 0 0 0 0 0 0 0 0 0 0 0 0 0 0 0 0 0
10/25/2019 08:29:00 - INFO - __main__ -   input_ids: 101 2087 1997 1997 2035 102 0 0 0 0 0 0 0 0 0 0 0 0 0 0 0 0 0 0 0 0 0 0 0 0 0 0 0 0 0 0 0 0 0 0 0 0 0 0 0 0 0 0 0 0 0 0 0 0 0 0 0 0 0 0 0 0 0 0
10/25/2019 08:29:00 - INFO - __main__ -   input_mask: 1 1 1 1 1 1 0 0 0 0 0 0 0 0 0 0 0 0 0 0 0 0 0 0 0 0 0 0 0 0 0 0 0 0 0 0 0 0 0 0 0 0 0 0 0 0 0 0 0 0 0 0 0 0 0 0 0 0 0 0 0 0 0 0
10/25/2019 08:29:00 - INFO - __main__ -   segment_ids: 0 0 0 0 0 0 0 0 0 0 0 0 0 0 0 0 0 0 0 0 0 0 0 0 0 0 0 0 0 0 0 0 0 0 0 0 0 0 0 0 0 0 0 0 0 0 0 0 0 0 0 0 0 0 0 0 0 0 0 0 0 0 0 0
10/25/2019 08:29:00 - INFO - __main__ -   masked_lm_labels: -1 -1 14888 -1 -1 -1 -1 -1 -1 -1 -1 -1 -1 -1 -1 -1 -1 -1 -1 -1 -1 -1 -1 -1 -1 -1 -1 -1 -1 -1 -1 -1 -1 -1 -1 -1 -1 -1 -1 -1 -1 -1 -1 -1 -1 -1 -1 -1 -1 -1 -1 -1 -1 -1 -1 -1 -1 -1 -1 -1 -1 -1 -1 -1
10/25/2019 08:29:00 - INFO - __main__ -   *** Example ***
10/25/2019 08:29:00 - INFO - __main__ -   guid: train-2
10/25/2019 08:29:00 - INFO - __main__ -   tokens: [CLS] taking care to avoid directly criticizing [SEP]
10/25/2019 08:29:00 - INFO - __main__ -   init_ids: 101 2635 2729 2000 4468 3495 21289 102 0 0 0 0 0 0 0 0 0 0 0 0 0 0 0 0 0 0 0 0 0 0 0 0 0 0 0 0 0 0 0 0 0 0 0 0 0 0 0 0 0 0 0 0 0 0 0 0 0 0 0 0 0 0 0 0
10/25/2019 08:29:00 - INFO - __main__ -   input_ids: 101 2635 2729 2000 4468 103 21289 102 0 0 0 0 0 0 0 0 0 0 0 0 0 0 0 0 0 0 0 0 0 0 0 0 0 0 0 0 0 0 0 0 0 0 0 0 0 0 0 0 0 0 0 0 0 0 0 0 0 0 0 0 0 0 0 0
10/25/2019 08:29:00 - INFO - __main__ -   input_mask: 1 1 1 1 1 1 1 1 0 0 0 0 0 0 0 0 0 0 0 0 0 0 0 0 0 0 0 0 0 0 0 0 0 0 0 0 0 0 0 0 0 0 0 0 0 0 0 0 0 0 0 0 0 0 0 0 0 0 0 0 0 0 0 0
10/25/2019 08:29:00 - INFO - __main__ -   segment_ids: 0 0 0 0 0 0 0 0 0 0 0 0 0 0 0 0 0 0 0 0 0 0 0 0 0 0 0 0 0 0 0 0 0 0 0 0 0 0 0 0 0 0 0 0 0 0 0 0 0 0 0 0 0 0 0 0 0 0 0 0 0 0 0 0
10/25/2019 08:29:00 - INFO - __main__ -   masked_lm_labels: -1 -1 -1 -1 -1 3495 -1 -1 -1 -1 -1 -1 -1 -1 -1 -1 -1 -1 -1 -1 -1 -1 -1 -1 -1 -1 -1 -1 -1 -1 -1 -1 -1 -1 -1 -1 -1 -1 -1 -1 -1 -1 -1 -1 -1 -1 -1 -1 -1 -1 -1 -1 -1 -1 -1 -1 -1 -1 -1 -1 -1 -1 -1 -1
10/25/2019 08:29:01 - INFO - __main__ -   ***** Running training *****
10/25/2019 08:29:01 - INFO - __main__ -     Num examples = 8587
10/25/2019 08:29:01 - INFO - __main__ -     Batch size = 32
10/25/2019 08:29:01 - INFO - __main__ -     Num steps = 2415
constract vocabulary based on frequency
# train data: 8587
# test  data: 955
# vocab: 5968
# class: 2
before augment best acc:0.849199
Epoch:   0%|          | 0/9 [00:00<?, ?it/s]Traceback (most recent call last):
  File "aug_dataset.py", line 392, in <module>
    main()
  File "aug_dataset.py", line 286, in main
    run_aug(args, save_every_epoch=False)
  File "aug_dataset.py", line 376, in run_aug
    preds = torch.transpose(preds, 0, 1)
RuntimeError: Dimension out of range (expected to be in range of [-1, 0], but got 1)
Epoch:   0%|          | 0/9 [04:37<?, ?it/s]
Namespace(bert_model='bert-base-uncased', data_dir='datasets', do_lower_case=False, gpu=4, learning_rate=5e-05, max_seq_length=64, num_train_epochs=9.0, output_dir='aug_data_2_6_4_0.5', sample_num=2, sample_ratio=6, seed=42, task_name='mpqa', temp=0.5, train_batch_size=32, warmup_proportion=0.1)
10/25/2019 08:28:58 - WARNING - pytorch_pretrained_bert.tokenization -   The pre-trained model you are loading is an uncased model but you have set `do_lower_case` to False. We are setting `do_lower_case=True` for you but you may want to check this behavior.
10/25/2019 08:29:00 - INFO - pytorch_pretrained_bert.tokenization -   loading vocabulary file https://s3.amazonaws.com/models.huggingface.co/bert/bert-base-uncased-vocab.txt from cache at /root/.pytorch_pretrained_bert/26bc1ad6c0ac742e9b52263248f6d0f00068293b33709fae12320c0e35ccfbbb.542ce4285a40d23a559526243235df47c5f75c197f04f37d1a0c124c32c9a084
10/25/2019 08:29:00 - INFO - __main__ -   *** Example ***
10/25/2019 08:29:00 - INFO - __main__ -   guid: train-1
10/25/2019 08:29:00 - INFO - __main__ -   tokens: [CLS] most disturbing of all [SEP]
10/25/2019 08:29:00 - INFO - __main__ -   init_ids: 101 2087 14888 1997 2035 102 0 0 0 0 0 0 0 0 0 0 0 0 0 0 0 0 0 0 0 0 0 0 0 0 0 0 0 0 0 0 0 0 0 0 0 0 0 0 0 0 0 0 0 0 0 0 0 0 0 0 0 0 0 0 0 0 0 0
10/25/2019 08:29:00 - INFO - __main__ -   input_ids: 101 2087 1997 1997 2035 102 0 0 0 0 0 0 0 0 0 0 0 0 0 0 0 0 0 0 0 0 0 0 0 0 0 0 0 0 0 0 0 0 0 0 0 0 0 0 0 0 0 0 0 0 0 0 0 0 0 0 0 0 0 0 0 0 0 0
10/25/2019 08:29:00 - INFO - __main__ -   input_mask: 1 1 1 1 1 1 0 0 0 0 0 0 0 0 0 0 0 0 0 0 0 0 0 0 0 0 0 0 0 0 0 0 0 0 0 0 0 0 0 0 0 0 0 0 0 0 0 0 0 0 0 0 0 0 0 0 0 0 0 0 0 0 0 0
10/25/2019 08:29:00 - INFO - __main__ -   segment_ids: 0 0 0 0 0 0 0 0 0 0 0 0 0 0 0 0 0 0 0 0 0 0 0 0 0 0 0 0 0 0 0 0 0 0 0 0 0 0 0 0 0 0 0 0 0 0 0 0 0 0 0 0 0 0 0 0 0 0 0 0 0 0 0 0
10/25/2019 08:29:00 - INFO - __main__ -   masked_lm_labels: -1 -1 14888 -1 -1 -1 -1 -1 -1 -1 -1 -1 -1 -1 -1 -1 -1 -1 -1 -1 -1 -1 -1 -1 -1 -1 -1 -1 -1 -1 -1 -1 -1 -1 -1 -1 -1 -1 -1 -1 -1 -1 -1 -1 -1 -1 -1 -1 -1 -1 -1 -1 -1 -1 -1 -1 -1 -1 -1 -1 -1 -1 -1 -1
10/25/2019 08:29:00 - INFO - __main__ -   *** Example ***
10/25/2019 08:29:00 - INFO - __main__ -   guid: train-2
10/25/2019 08:29:00 - INFO - __main__ -   tokens: [CLS] taking care to avoid directly criticizing [SEP]
10/25/2019 08:29:00 - INFO - __main__ -   init_ids: 101 2635 2729 2000 4468 3495 21289 102 0 0 0 0 0 0 0 0 0 0 0 0 0 0 0 0 0 0 0 0 0 0 0 0 0 0 0 0 0 0 0 0 0 0 0 0 0 0 0 0 0 0 0 0 0 0 0 0 0 0 0 0 0 0 0 0
10/25/2019 08:29:00 - INFO - __main__ -   input_ids: 101 2635 2729 2000 4468 103 21289 102 0 0 0 0 0 0 0 0 0 0 0 0 0 0 0 0 0 0 0 0 0 0 0 0 0 0 0 0 0 0 0 0 0 0 0 0 0 0 0 0 0 0 0 0 0 0 0 0 0 0 0 0 0 0 0 0
10/25/2019 08:29:00 - INFO - __main__ -   input_mask: 1 1 1 1 1 1 1 1 0 0 0 0 0 0 0 0 0 0 0 0 0 0 0 0 0 0 0 0 0 0 0 0 0 0 0 0 0 0 0 0 0 0 0 0 0 0 0 0 0 0 0 0 0 0 0 0 0 0 0 0 0 0 0 0
10/25/2019 08:29:00 - INFO - __main__ -   segment_ids: 0 0 0 0 0 0 0 0 0 0 0 0 0 0 0 0 0 0 0 0 0 0 0 0 0 0 0 0 0 0 0 0 0 0 0 0 0 0 0 0 0 0 0 0 0 0 0 0 0 0 0 0 0 0 0 0 0 0 0 0 0 0 0 0
10/25/2019 08:29:00 - INFO - __main__ -   masked_lm_labels: -1 -1 -1 -1 -1 3495 -1 -1 -1 -1 -1 -1 -1 -1 -1 -1 -1 -1 -1 -1 -1 -1 -1 -1 -1 -1 -1 -1 -1 -1 -1 -1 -1 -1 -1 -1 -1 -1 -1 -1 -1 -1 -1 -1 -1 -1 -1 -1 -1 -1 -1 -1 -1 -1 -1 -1 -1 -1 -1 -1 -1 -1 -1 -1
10/25/2019 08:29:01 - INFO - __main__ -   ***** Running training *****
10/25/2019 08:29:01 - INFO - __main__ -     Num examples = 8587
10/25/2019 08:29:01 - INFO - __main__ -     Batch size = 32
10/25/2019 08:29:01 - INFO - __main__ -     Num steps = 2415
constract vocabulary based on frequency
# train data: 8587
# test  data: 955
# vocab: 5968
# class: 2
before augment best acc:0.848256
Epoch:   0%|          | 0/9 [00:00<?, ?it/s]Epoch:   0%|          | 0/9 [00:07<?, ?it/s]
Traceback (most recent call last):
  File "aug_dataset.py", line 392, in <module>
    main()
  File "aug_dataset.py", line 286, in main
    run_aug(args, save_every_epoch=False)
  File "aug_dataset.py", line 376, in run_aug
    preds = torch.transpose(preds, 0, 1)
RuntimeError: Dimension out of range (expected to be in range of [-1, 0], but got 1)
Namespace(bert_model='bert-base-uncased', data_dir='datasets', do_lower_case=False, gpu=4, learning_rate=5e-05, max_seq_length=64, num_train_epochs=9.0, output_dir='aug_data_2_6_4_1.0', sample_num=2, sample_ratio=6, seed=42, task_name='mpqa', temp=1.0, train_batch_size=32, warmup_proportion=0.1)
10/25/2019 08:28:58 - WARNING - pytorch_pretrained_bert.tokenization -   The pre-trained model you are loading is an uncased model but you have set `do_lower_case` to False. We are setting `do_lower_case=True` for you but you may want to check this behavior.
10/25/2019 08:29:00 - INFO - pytorch_pretrained_bert.tokenization -   loading vocabulary file https://s3.amazonaws.com/models.huggingface.co/bert/bert-base-uncased-vocab.txt from cache at /root/.pytorch_pretrained_bert/26bc1ad6c0ac742e9b52263248f6d0f00068293b33709fae12320c0e35ccfbbb.542ce4285a40d23a559526243235df47c5f75c197f04f37d1a0c124c32c9a084
10/25/2019 08:29:00 - INFO - __main__ -   *** Example ***
10/25/2019 08:29:00 - INFO - __main__ -   guid: train-1
10/25/2019 08:29:00 - INFO - __main__ -   tokens: [CLS] most disturbing of all [SEP]
10/25/2019 08:29:00 - INFO - __main__ -   init_ids: 101 2087 14888 1997 2035 102 0 0 0 0 0 0 0 0 0 0 0 0 0 0 0 0 0 0 0 0 0 0 0 0 0 0 0 0 0 0 0 0 0 0 0 0 0 0 0 0 0 0 0 0 0 0 0 0 0 0 0 0 0 0 0 0 0 0
10/25/2019 08:29:00 - INFO - __main__ -   input_ids: 101 2087 1997 1997 2035 102 0 0 0 0 0 0 0 0 0 0 0 0 0 0 0 0 0 0 0 0 0 0 0 0 0 0 0 0 0 0 0 0 0 0 0 0 0 0 0 0 0 0 0 0 0 0 0 0 0 0 0 0 0 0 0 0 0 0
10/25/2019 08:29:00 - INFO - __main__ -   input_mask: 1 1 1 1 1 1 0 0 0 0 0 0 0 0 0 0 0 0 0 0 0 0 0 0 0 0 0 0 0 0 0 0 0 0 0 0 0 0 0 0 0 0 0 0 0 0 0 0 0 0 0 0 0 0 0 0 0 0 0 0 0 0 0 0
10/25/2019 08:29:00 - INFO - __main__ -   segment_ids: 0 0 0 0 0 0 0 0 0 0 0 0 0 0 0 0 0 0 0 0 0 0 0 0 0 0 0 0 0 0 0 0 0 0 0 0 0 0 0 0 0 0 0 0 0 0 0 0 0 0 0 0 0 0 0 0 0 0 0 0 0 0 0 0
10/25/2019 08:29:00 - INFO - __main__ -   masked_lm_labels: -1 -1 14888 -1 -1 -1 -1 -1 -1 -1 -1 -1 -1 -1 -1 -1 -1 -1 -1 -1 -1 -1 -1 -1 -1 -1 -1 -1 -1 -1 -1 -1 -1 -1 -1 -1 -1 -1 -1 -1 -1 -1 -1 -1 -1 -1 -1 -1 -1 -1 -1 -1 -1 -1 -1 -1 -1 -1 -1 -1 -1 -1 -1 -1
10/25/2019 08:29:00 - INFO - __main__ -   *** Example ***
10/25/2019 08:29:00 - INFO - __main__ -   guid: train-2
10/25/2019 08:29:00 - INFO - __main__ -   tokens: [CLS] taking care to avoid directly criticizing [SEP]
10/25/2019 08:29:00 - INFO - __main__ -   init_ids: 101 2635 2729 2000 4468 3495 21289 102 0 0 0 0 0 0 0 0 0 0 0 0 0 0 0 0 0 0 0 0 0 0 0 0 0 0 0 0 0 0 0 0 0 0 0 0 0 0 0 0 0 0 0 0 0 0 0 0 0 0 0 0 0 0 0 0
10/25/2019 08:29:00 - INFO - __main__ -   input_ids: 101 2635 2729 2000 4468 103 21289 102 0 0 0 0 0 0 0 0 0 0 0 0 0 0 0 0 0 0 0 0 0 0 0 0 0 0 0 0 0 0 0 0 0 0 0 0 0 0 0 0 0 0 0 0 0 0 0 0 0 0 0 0 0 0 0 0
10/25/2019 08:29:00 - INFO - __main__ -   input_mask: 1 1 1 1 1 1 1 1 0 0 0 0 0 0 0 0 0 0 0 0 0 0 0 0 0 0 0 0 0 0 0 0 0 0 0 0 0 0 0 0 0 0 0 0 0 0 0 0 0 0 0 0 0 0 0 0 0 0 0 0 0 0 0 0
10/25/2019 08:29:00 - INFO - __main__ -   segment_ids: 0 0 0 0 0 0 0 0 0 0 0 0 0 0 0 0 0 0 0 0 0 0 0 0 0 0 0 0 0 0 0 0 0 0 0 0 0 0 0 0 0 0 0 0 0 0 0 0 0 0 0 0 0 0 0 0 0 0 0 0 0 0 0 0
10/25/2019 08:29:00 - INFO - __main__ -   masked_lm_labels: -1 -1 -1 -1 -1 3495 -1 -1 -1 -1 -1 -1 -1 -1 -1 -1 -1 -1 -1 -1 -1 -1 -1 -1 -1 -1 -1 -1 -1 -1 -1 -1 -1 -1 -1 -1 -1 -1 -1 -1 -1 -1 -1 -1 -1 -1 -1 -1 -1 -1 -1 -1 -1 -1 -1 -1 -1 -1 -1 -1 -1 -1 -1 -1
10/25/2019 08:29:01 - INFO - __main__ -   ***** Running training *****
10/25/2019 08:29:01 - INFO - __main__ -     Num examples = 8587
10/25/2019 08:29:01 - INFO - __main__ -     Batch size = 32
10/25/2019 08:29:01 - INFO - __main__ -     Num steps = 2415
constract vocabulary based on frequency
# train data: 8587
# test  data: 955
# vocab: 5968
# class: 2
before augment best acc:0.852026
Epoch:   0%|          | 0/9 [00:00<?, ?it/s]Epoch:   0%|          | 0/9 [00:02<?, ?it/s]
Traceback (most recent call last):
  File "aug_dataset.py", line 392, in <module>
    main()
  File "aug_dataset.py", line 286, in main
    run_aug(args, save_every_epoch=False)
  File "aug_dataset.py", line 376, in run_aug
    preds = torch.transpose(preds, 0, 1)
RuntimeError: Dimension out of range (expected to be in range of [-1, 0], but got 1)
Namespace(bert_model='bert-base-uncased', data_dir='datasets', do_lower_case=False, gpu=7, learning_rate=5e-05, max_seq_length=64, num_train_epochs=9.0, output_dir='aug_data_3_4_7_0.5', sample_num=3, sample_ratio=4, seed=42, task_name='mpqa', temp=0.5, train_batch_size=32, warmup_proportion=0.1)
10/25/2019 08:28:58 - WARNING - pytorch_pretrained_bert.tokenization -   The pre-trained model you are loading is an uncased model but you have set `do_lower_case` to False. We are setting `do_lower_case=True` for you but you may want to check this behavior.
10/25/2019 08:29:00 - INFO - pytorch_pretrained_bert.tokenization -   loading vocabulary file https://s3.amazonaws.com/models.huggingface.co/bert/bert-base-uncased-vocab.txt from cache at /root/.pytorch_pretrained_bert/26bc1ad6c0ac742e9b52263248f6d0f00068293b33709fae12320c0e35ccfbbb.542ce4285a40d23a559526243235df47c5f75c197f04f37d1a0c124c32c9a084
10/25/2019 08:29:00 - INFO - __main__ -   *** Example ***
10/25/2019 08:29:00 - INFO - __main__ -   guid: train-1
10/25/2019 08:29:00 - INFO - __main__ -   tokens: [CLS] most disturbing of all [SEP]
10/25/2019 08:29:00 - INFO - __main__ -   init_ids: 101 2087 14888 1997 2035 102 0 0 0 0 0 0 0 0 0 0 0 0 0 0 0 0 0 0 0 0 0 0 0 0 0 0 0 0 0 0 0 0 0 0 0 0 0 0 0 0 0 0 0 0 0 0 0 0 0 0 0 0 0 0 0 0 0 0
10/25/2019 08:29:00 - INFO - __main__ -   input_ids: 101 2087 1997 1997 2035 102 0 0 0 0 0 0 0 0 0 0 0 0 0 0 0 0 0 0 0 0 0 0 0 0 0 0 0 0 0 0 0 0 0 0 0 0 0 0 0 0 0 0 0 0 0 0 0 0 0 0 0 0 0 0 0 0 0 0
10/25/2019 08:29:00 - INFO - __main__ -   input_mask: 1 1 1 1 1 1 0 0 0 0 0 0 0 0 0 0 0 0 0 0 0 0 0 0 0 0 0 0 0 0 0 0 0 0 0 0 0 0 0 0 0 0 0 0 0 0 0 0 0 0 0 0 0 0 0 0 0 0 0 0 0 0 0 0
10/25/2019 08:29:00 - INFO - __main__ -   segment_ids: 0 0 0 0 0 0 0 0 0 0 0 0 0 0 0 0 0 0 0 0 0 0 0 0 0 0 0 0 0 0 0 0 0 0 0 0 0 0 0 0 0 0 0 0 0 0 0 0 0 0 0 0 0 0 0 0 0 0 0 0 0 0 0 0
10/25/2019 08:29:00 - INFO - __main__ -   masked_lm_labels: -1 -1 14888 -1 -1 -1 -1 -1 -1 -1 -1 -1 -1 -1 -1 -1 -1 -1 -1 -1 -1 -1 -1 -1 -1 -1 -1 -1 -1 -1 -1 -1 -1 -1 -1 -1 -1 -1 -1 -1 -1 -1 -1 -1 -1 -1 -1 -1 -1 -1 -1 -1 -1 -1 -1 -1 -1 -1 -1 -1 -1 -1 -1 -1
10/25/2019 08:29:00 - INFO - __main__ -   *** Example ***
10/25/2019 08:29:00 - INFO - __main__ -   guid: train-2
10/25/2019 08:29:00 - INFO - __main__ -   tokens: [CLS] taking care to avoid directly criticizing [SEP]
10/25/2019 08:29:00 - INFO - __main__ -   init_ids: 101 2635 2729 2000 4468 3495 21289 102 0 0 0 0 0 0 0 0 0 0 0 0 0 0 0 0 0 0 0 0 0 0 0 0 0 0 0 0 0 0 0 0 0 0 0 0 0 0 0 0 0 0 0 0 0 0 0 0 0 0 0 0 0 0 0 0
10/25/2019 08:29:00 - INFO - __main__ -   input_ids: 101 2635 2729 2000 4468 103 21289 102 0 0 0 0 0 0 0 0 0 0 0 0 0 0 0 0 0 0 0 0 0 0 0 0 0 0 0 0 0 0 0 0 0 0 0 0 0 0 0 0 0 0 0 0 0 0 0 0 0 0 0 0 0 0 0 0
10/25/2019 08:29:00 - INFO - __main__ -   input_mask: 1 1 1 1 1 1 1 1 0 0 0 0 0 0 0 0 0 0 0 0 0 0 0 0 0 0 0 0 0 0 0 0 0 0 0 0 0 0 0 0 0 0 0 0 0 0 0 0 0 0 0 0 0 0 0 0 0 0 0 0 0 0 0 0
10/25/2019 08:29:00 - INFO - __main__ -   segment_ids: 0 0 0 0 0 0 0 0 0 0 0 0 0 0 0 0 0 0 0 0 0 0 0 0 0 0 0 0 0 0 0 0 0 0 0 0 0 0 0 0 0 0 0 0 0 0 0 0 0 0 0 0 0 0 0 0 0 0 0 0 0 0 0 0
10/25/2019 08:29:00 - INFO - __main__ -   masked_lm_labels: -1 -1 -1 -1 -1 3495 -1 -1 -1 -1 -1 -1 -1 -1 -1 -1 -1 -1 -1 -1 -1 -1 -1 -1 -1 -1 -1 -1 -1 -1 -1 -1 -1 -1 -1 -1 -1 -1 -1 -1 -1 -1 -1 -1 -1 -1 -1 -1 -1 -1 -1 -1 -1 -1 -1 -1 -1 -1 -1 -1 -1 -1 -1 -1
10/25/2019 08:29:01 - INFO - __main__ -   ***** Running training *****
10/25/2019 08:29:01 - INFO - __main__ -     Num examples = 8587
10/25/2019 08:29:01 - INFO - __main__ -     Batch size = 32
10/25/2019 08:29:01 - INFO - __main__ -     Num steps = 2415
constract vocabulary based on frequency
# train data: 8587
# test  data: 955
# vocab: 5968
# class: 2
before augment best acc:0.849199
Epoch:   0%|          | 0/9 [00:00<?, ?it/s]Traceback (most recent call last):
  File "aug_dataset.py", line 392, in <module>
    main()
  File "aug_dataset.py", line 286, in main
    run_aug(args, save_every_epoch=False)
  File "aug_dataset.py", line 376, in run_aug
    preds = torch.transpose(preds, 0, 1)
RuntimeError: Dimension out of range (expected to be in range of [-1, 0], but got 1)
Epoch:   0%|          | 0/9 [04:39<?, ?it/s]
Namespace(bert_model='bert-base-uncased', data_dir='datasets', do_lower_case=False, gpu=7, learning_rate=5e-05, max_seq_length=64, num_train_epochs=9.0, output_dir='aug_data_3_4_7_1.0', sample_num=3, sample_ratio=4, seed=42, task_name='mpqa', temp=1.0, train_batch_size=32, warmup_proportion=0.1)
10/25/2019 08:28:58 - WARNING - pytorch_pretrained_bert.tokenization -   The pre-trained model you are loading is an uncased model but you have set `do_lower_case` to False. We are setting `do_lower_case=True` for you but you may want to check this behavior.
10/25/2019 08:29:00 - INFO - pytorch_pretrained_bert.tokenization -   loading vocabulary file https://s3.amazonaws.com/models.huggingface.co/bert/bert-base-uncased-vocab.txt from cache at /root/.pytorch_pretrained_bert/26bc1ad6c0ac742e9b52263248f6d0f00068293b33709fae12320c0e35ccfbbb.542ce4285a40d23a559526243235df47c5f75c197f04f37d1a0c124c32c9a084
10/25/2019 08:29:00 - INFO - __main__ -   *** Example ***
10/25/2019 08:29:00 - INFO - __main__ -   guid: train-1
10/25/2019 08:29:00 - INFO - __main__ -   tokens: [CLS] most disturbing of all [SEP]
10/25/2019 08:29:00 - INFO - __main__ -   init_ids: 101 2087 14888 1997 2035 102 0 0 0 0 0 0 0 0 0 0 0 0 0 0 0 0 0 0 0 0 0 0 0 0 0 0 0 0 0 0 0 0 0 0 0 0 0 0 0 0 0 0 0 0 0 0 0 0 0 0 0 0 0 0 0 0 0 0
10/25/2019 08:29:00 - INFO - __main__ -   input_ids: 101 2087 1997 1997 2035 102 0 0 0 0 0 0 0 0 0 0 0 0 0 0 0 0 0 0 0 0 0 0 0 0 0 0 0 0 0 0 0 0 0 0 0 0 0 0 0 0 0 0 0 0 0 0 0 0 0 0 0 0 0 0 0 0 0 0
10/25/2019 08:29:00 - INFO - __main__ -   input_mask: 1 1 1 1 1 1 0 0 0 0 0 0 0 0 0 0 0 0 0 0 0 0 0 0 0 0 0 0 0 0 0 0 0 0 0 0 0 0 0 0 0 0 0 0 0 0 0 0 0 0 0 0 0 0 0 0 0 0 0 0 0 0 0 0
10/25/2019 08:29:00 - INFO - __main__ -   segment_ids: 0 0 0 0 0 0 0 0 0 0 0 0 0 0 0 0 0 0 0 0 0 0 0 0 0 0 0 0 0 0 0 0 0 0 0 0 0 0 0 0 0 0 0 0 0 0 0 0 0 0 0 0 0 0 0 0 0 0 0 0 0 0 0 0
10/25/2019 08:29:00 - INFO - __main__ -   masked_lm_labels: -1 -1 14888 -1 -1 -1 -1 -1 -1 -1 -1 -1 -1 -1 -1 -1 -1 -1 -1 -1 -1 -1 -1 -1 -1 -1 -1 -1 -1 -1 -1 -1 -1 -1 -1 -1 -1 -1 -1 -1 -1 -1 -1 -1 -1 -1 -1 -1 -1 -1 -1 -1 -1 -1 -1 -1 -1 -1 -1 -1 -1 -1 -1 -1
10/25/2019 08:29:00 - INFO - __main__ -   *** Example ***
10/25/2019 08:29:00 - INFO - __main__ -   guid: train-2
10/25/2019 08:29:00 - INFO - __main__ -   tokens: [CLS] taking care to avoid directly criticizing [SEP]
10/25/2019 08:29:00 - INFO - __main__ -   init_ids: 101 2635 2729 2000 4468 3495 21289 102 0 0 0 0 0 0 0 0 0 0 0 0 0 0 0 0 0 0 0 0 0 0 0 0 0 0 0 0 0 0 0 0 0 0 0 0 0 0 0 0 0 0 0 0 0 0 0 0 0 0 0 0 0 0 0 0
10/25/2019 08:29:00 - INFO - __main__ -   input_ids: 101 2635 2729 2000 4468 103 21289 102 0 0 0 0 0 0 0 0 0 0 0 0 0 0 0 0 0 0 0 0 0 0 0 0 0 0 0 0 0 0 0 0 0 0 0 0 0 0 0 0 0 0 0 0 0 0 0 0 0 0 0 0 0 0 0 0
10/25/2019 08:29:00 - INFO - __main__ -   input_mask: 1 1 1 1 1 1 1 1 0 0 0 0 0 0 0 0 0 0 0 0 0 0 0 0 0 0 0 0 0 0 0 0 0 0 0 0 0 0 0 0 0 0 0 0 0 0 0 0 0 0 0 0 0 0 0 0 0 0 0 0 0 0 0 0
10/25/2019 08:29:00 - INFO - __main__ -   segment_ids: 0 0 0 0 0 0 0 0 0 0 0 0 0 0 0 0 0 0 0 0 0 0 0 0 0 0 0 0 0 0 0 0 0 0 0 0 0 0 0 0 0 0 0 0 0 0 0 0 0 0 0 0 0 0 0 0 0 0 0 0 0 0 0 0
10/25/2019 08:29:00 - INFO - __main__ -   masked_lm_labels: -1 -1 -1 -1 -1 3495 -1 -1 -1 -1 -1 -1 -1 -1 -1 -1 -1 -1 -1 -1 -1 -1 -1 -1 -1 -1 -1 -1 -1 -1 -1 -1 -1 -1 -1 -1 -1 -1 -1 -1 -1 -1 -1 -1 -1 -1 -1 -1 -1 -1 -1 -1 -1 -1 -1 -1 -1 -1 -1 -1 -1 -1 -1 -1
10/25/2019 08:29:01 - INFO - __main__ -   ***** Running training *****
10/25/2019 08:29:01 - INFO - __main__ -     Num examples = 8587
10/25/2019 08:29:01 - INFO - __main__ -     Batch size = 32
10/25/2019 08:29:01 - INFO - __main__ -     Num steps = 2415
constract vocabulary based on frequency
# train data: 8587
# test  data: 955
# vocab: 5968
# class: 2
before augment best acc:0.850141
Epoch:   0%|          | 0/9 [00:00<?, ?it/s]Traceback (most recent call last):
  File "aug_dataset.py", line 392, in <module>
    main()
  File "aug_dataset.py", line 286, in main
    run_aug(args, save_every_epoch=False)
  File "aug_dataset.py", line 376, in run_aug
    preds = torch.transpose(preds, 0, 1)
RuntimeError: Dimension out of range (expected to be in range of [-1, 0], but got 1)
Epoch:   0%|          | 0/9 [04:40<?, ?it/s]
Namespace(bert_model='bert-base-uncased', data_dir='datasets', do_lower_case=False, gpu=6, learning_rate=5e-05, max_seq_length=64, num_train_epochs=9.0, output_dir='aug_data_3_6_6_0.5', sample_num=3, sample_ratio=6, seed=42, task_name='mpqa', temp=0.5, train_batch_size=32, warmup_proportion=0.1)
10/25/2019 08:28:58 - WARNING - pytorch_pretrained_bert.tokenization -   The pre-trained model you are loading is an uncased model but you have set `do_lower_case` to False. We are setting `do_lower_case=True` for you but you may want to check this behavior.
10/25/2019 08:29:00 - INFO - pytorch_pretrained_bert.tokenization -   loading vocabulary file https://s3.amazonaws.com/models.huggingface.co/bert/bert-base-uncased-vocab.txt from cache at /root/.pytorch_pretrained_bert/26bc1ad6c0ac742e9b52263248f6d0f00068293b33709fae12320c0e35ccfbbb.542ce4285a40d23a559526243235df47c5f75c197f04f37d1a0c124c32c9a084
10/25/2019 08:29:00 - INFO - __main__ -   *** Example ***
10/25/2019 08:29:00 - INFO - __main__ -   guid: train-1
10/25/2019 08:29:00 - INFO - __main__ -   tokens: [CLS] most disturbing of all [SEP]
10/25/2019 08:29:00 - INFO - __main__ -   init_ids: 101 2087 14888 1997 2035 102 0 0 0 0 0 0 0 0 0 0 0 0 0 0 0 0 0 0 0 0 0 0 0 0 0 0 0 0 0 0 0 0 0 0 0 0 0 0 0 0 0 0 0 0 0 0 0 0 0 0 0 0 0 0 0 0 0 0
10/25/2019 08:29:00 - INFO - __main__ -   input_ids: 101 2087 1997 1997 2035 102 0 0 0 0 0 0 0 0 0 0 0 0 0 0 0 0 0 0 0 0 0 0 0 0 0 0 0 0 0 0 0 0 0 0 0 0 0 0 0 0 0 0 0 0 0 0 0 0 0 0 0 0 0 0 0 0 0 0
10/25/2019 08:29:00 - INFO - __main__ -   input_mask: 1 1 1 1 1 1 0 0 0 0 0 0 0 0 0 0 0 0 0 0 0 0 0 0 0 0 0 0 0 0 0 0 0 0 0 0 0 0 0 0 0 0 0 0 0 0 0 0 0 0 0 0 0 0 0 0 0 0 0 0 0 0 0 0
10/25/2019 08:29:00 - INFO - __main__ -   segment_ids: 0 0 0 0 0 0 0 0 0 0 0 0 0 0 0 0 0 0 0 0 0 0 0 0 0 0 0 0 0 0 0 0 0 0 0 0 0 0 0 0 0 0 0 0 0 0 0 0 0 0 0 0 0 0 0 0 0 0 0 0 0 0 0 0
10/25/2019 08:29:00 - INFO - __main__ -   masked_lm_labels: -1 -1 14888 -1 -1 -1 -1 -1 -1 -1 -1 -1 -1 -1 -1 -1 -1 -1 -1 -1 -1 -1 -1 -1 -1 -1 -1 -1 -1 -1 -1 -1 -1 -1 -1 -1 -1 -1 -1 -1 -1 -1 -1 -1 -1 -1 -1 -1 -1 -1 -1 -1 -1 -1 -1 -1 -1 -1 -1 -1 -1 -1 -1 -1
10/25/2019 08:29:00 - INFO - __main__ -   *** Example ***
10/25/2019 08:29:00 - INFO - __main__ -   guid: train-2
10/25/2019 08:29:00 - INFO - __main__ -   tokens: [CLS] taking care to avoid directly criticizing [SEP]
10/25/2019 08:29:00 - INFO - __main__ -   init_ids: 101 2635 2729 2000 4468 3495 21289 102 0 0 0 0 0 0 0 0 0 0 0 0 0 0 0 0 0 0 0 0 0 0 0 0 0 0 0 0 0 0 0 0 0 0 0 0 0 0 0 0 0 0 0 0 0 0 0 0 0 0 0 0 0 0 0 0
10/25/2019 08:29:00 - INFO - __main__ -   input_ids: 101 2635 2729 2000 4468 103 21289 102 0 0 0 0 0 0 0 0 0 0 0 0 0 0 0 0 0 0 0 0 0 0 0 0 0 0 0 0 0 0 0 0 0 0 0 0 0 0 0 0 0 0 0 0 0 0 0 0 0 0 0 0 0 0 0 0
10/25/2019 08:29:00 - INFO - __main__ -   input_mask: 1 1 1 1 1 1 1 1 0 0 0 0 0 0 0 0 0 0 0 0 0 0 0 0 0 0 0 0 0 0 0 0 0 0 0 0 0 0 0 0 0 0 0 0 0 0 0 0 0 0 0 0 0 0 0 0 0 0 0 0 0 0 0 0
10/25/2019 08:29:00 - INFO - __main__ -   segment_ids: 0 0 0 0 0 0 0 0 0 0 0 0 0 0 0 0 0 0 0 0 0 0 0 0 0 0 0 0 0 0 0 0 0 0 0 0 0 0 0 0 0 0 0 0 0 0 0 0 0 0 0 0 0 0 0 0 0 0 0 0 0 0 0 0
10/25/2019 08:29:00 - INFO - __main__ -   masked_lm_labels: -1 -1 -1 -1 -1 3495 -1 -1 -1 -1 -1 -1 -1 -1 -1 -1 -1 -1 -1 -1 -1 -1 -1 -1 -1 -1 -1 -1 -1 -1 -1 -1 -1 -1 -1 -1 -1 -1 -1 -1 -1 -1 -1 -1 -1 -1 -1 -1 -1 -1 -1 -1 -1 -1 -1 -1 -1 -1 -1 -1 -1 -1 -1 -1
10/25/2019 08:29:01 - INFO - __main__ -   ***** Running training *****
10/25/2019 08:29:01 - INFO - __main__ -     Num examples = 8587
10/25/2019 08:29:01 - INFO - __main__ -     Batch size = 32
10/25/2019 08:29:01 - INFO - __main__ -     Num steps = 2415
constract vocabulary based on frequency
# train data: 8587
# test  data: 955
# vocab: 5968
# class: 2
before augment best acc:0.847314
Epoch:   0%|          | 0/9 [00:00<?, ?it/s]Epoch:   0%|          | 0/9 [00:09<?, ?it/s]
Traceback (most recent call last):
  File "aug_dataset.py", line 392, in <module>
    main()
  File "aug_dataset.py", line 286, in main
    run_aug(args, save_every_epoch=False)
  File "aug_dataset.py", line 376, in run_aug
    preds = torch.transpose(preds, 0, 1)
RuntimeError: Dimension out of range (expected to be in range of [-1, 0], but got 1)
Namespace(bert_model='bert-base-uncased', data_dir='datasets', do_lower_case=False, gpu=6, learning_rate=5e-05, max_seq_length=64, num_train_epochs=9.0, output_dir='aug_data_3_6_6_1.0', sample_num=3, sample_ratio=6, seed=42, task_name='mpqa', temp=1.0, train_batch_size=32, warmup_proportion=0.1)
10/25/2019 08:28:58 - WARNING - pytorch_pretrained_bert.tokenization -   The pre-trained model you are loading is an uncased model but you have set `do_lower_case` to False. We are setting `do_lower_case=True` for you but you may want to check this behavior.
10/25/2019 08:29:00 - INFO - pytorch_pretrained_bert.tokenization -   loading vocabulary file https://s3.amazonaws.com/models.huggingface.co/bert/bert-base-uncased-vocab.txt from cache at /root/.pytorch_pretrained_bert/26bc1ad6c0ac742e9b52263248f6d0f00068293b33709fae12320c0e35ccfbbb.542ce4285a40d23a559526243235df47c5f75c197f04f37d1a0c124c32c9a084
10/25/2019 08:29:00 - INFO - __main__ -   *** Example ***
10/25/2019 08:29:00 - INFO - __main__ -   guid: train-1
10/25/2019 08:29:00 - INFO - __main__ -   tokens: [CLS] most disturbing of all [SEP]
10/25/2019 08:29:00 - INFO - __main__ -   init_ids: 101 2087 14888 1997 2035 102 0 0 0 0 0 0 0 0 0 0 0 0 0 0 0 0 0 0 0 0 0 0 0 0 0 0 0 0 0 0 0 0 0 0 0 0 0 0 0 0 0 0 0 0 0 0 0 0 0 0 0 0 0 0 0 0 0 0
10/25/2019 08:29:00 - INFO - __main__ -   input_ids: 101 2087 1997 1997 2035 102 0 0 0 0 0 0 0 0 0 0 0 0 0 0 0 0 0 0 0 0 0 0 0 0 0 0 0 0 0 0 0 0 0 0 0 0 0 0 0 0 0 0 0 0 0 0 0 0 0 0 0 0 0 0 0 0 0 0
10/25/2019 08:29:00 - INFO - __main__ -   input_mask: 1 1 1 1 1 1 0 0 0 0 0 0 0 0 0 0 0 0 0 0 0 0 0 0 0 0 0 0 0 0 0 0 0 0 0 0 0 0 0 0 0 0 0 0 0 0 0 0 0 0 0 0 0 0 0 0 0 0 0 0 0 0 0 0
10/25/2019 08:29:00 - INFO - __main__ -   segment_ids: 0 0 0 0 0 0 0 0 0 0 0 0 0 0 0 0 0 0 0 0 0 0 0 0 0 0 0 0 0 0 0 0 0 0 0 0 0 0 0 0 0 0 0 0 0 0 0 0 0 0 0 0 0 0 0 0 0 0 0 0 0 0 0 0
10/25/2019 08:29:00 - INFO - __main__ -   masked_lm_labels: -1 -1 14888 -1 -1 -1 -1 -1 -1 -1 -1 -1 -1 -1 -1 -1 -1 -1 -1 -1 -1 -1 -1 -1 -1 -1 -1 -1 -1 -1 -1 -1 -1 -1 -1 -1 -1 -1 -1 -1 -1 -1 -1 -1 -1 -1 -1 -1 -1 -1 -1 -1 -1 -1 -1 -1 -1 -1 -1 -1 -1 -1 -1 -1
10/25/2019 08:29:00 - INFO - __main__ -   *** Example ***
10/25/2019 08:29:00 - INFO - __main__ -   guid: train-2
10/25/2019 08:29:00 - INFO - __main__ -   tokens: [CLS] taking care to avoid directly criticizing [SEP]
10/25/2019 08:29:00 - INFO - __main__ -   init_ids: 101 2635 2729 2000 4468 3495 21289 102 0 0 0 0 0 0 0 0 0 0 0 0 0 0 0 0 0 0 0 0 0 0 0 0 0 0 0 0 0 0 0 0 0 0 0 0 0 0 0 0 0 0 0 0 0 0 0 0 0 0 0 0 0 0 0 0
10/25/2019 08:29:00 - INFO - __main__ -   input_ids: 101 2635 2729 2000 4468 103 21289 102 0 0 0 0 0 0 0 0 0 0 0 0 0 0 0 0 0 0 0 0 0 0 0 0 0 0 0 0 0 0 0 0 0 0 0 0 0 0 0 0 0 0 0 0 0 0 0 0 0 0 0 0 0 0 0 0
10/25/2019 08:29:00 - INFO - __main__ -   input_mask: 1 1 1 1 1 1 1 1 0 0 0 0 0 0 0 0 0 0 0 0 0 0 0 0 0 0 0 0 0 0 0 0 0 0 0 0 0 0 0 0 0 0 0 0 0 0 0 0 0 0 0 0 0 0 0 0 0 0 0 0 0 0 0 0
10/25/2019 08:29:00 - INFO - __main__ -   segment_ids: 0 0 0 0 0 0 0 0 0 0 0 0 0 0 0 0 0 0 0 0 0 0 0 0 0 0 0 0 0 0 0 0 0 0 0 0 0 0 0 0 0 0 0 0 0 0 0 0 0 0 0 0 0 0 0 0 0 0 0 0 0 0 0 0
10/25/2019 08:29:00 - INFO - __main__ -   masked_lm_labels: -1 -1 -1 -1 -1 3495 -1 -1 -1 -1 -1 -1 -1 -1 -1 -1 -1 -1 -1 -1 -1 -1 -1 -1 -1 -1 -1 -1 -1 -1 -1 -1 -1 -1 -1 -1 -1 -1 -1 -1 -1 -1 -1 -1 -1 -1 -1 -1 -1 -1 -1 -1 -1 -1 -1 -1 -1 -1 -1 -1 -1 -1 -1 -1
10/25/2019 08:29:01 - INFO - __main__ -   ***** Running training *****
10/25/2019 08:29:01 - INFO - __main__ -     Num examples = 8587
10/25/2019 08:29:01 - INFO - __main__ -     Batch size = 32
10/25/2019 08:29:01 - INFO - __main__ -     Num steps = 2415
constract vocabulary based on frequency
# train data: 8587
# test  data: 955
# vocab: 5968
# class: 2
before augment best acc:0.847314
Epoch:   0%|          | 0/9 [00:00<?, ?it/s]Epoch:   0%|          | 0/9 [00:08<?, ?it/s]
Traceback (most recent call last):
  File "aug_dataset.py", line 392, in <module>
    main()
  File "aug_dataset.py", line 286, in main
    run_aug(args, save_every_epoch=False)
  File "aug_dataset.py", line 376, in run_aug
    preds = torch.transpose(preds, 0, 1)
RuntimeError: Dimension out of range (expected to be in range of [-1, 0], but got 1)
