Namespace(bert_model='bert-base-uncased', data_dir='datasets', do_lower_case=False, gpu=4, learning_rate=5e-05, max_seq_length=64, num_train_epochs=9.0, output_dir='aug_data_2_6_4_0.5', sample_num=2, sample_ratio=6, seed=42, task_name='TREC', temp=0.5, train_batch_size=32, warmup_proportion=0.1)
10/26/2019 17:27:14 - WARNING - pytorch_pretrained_bert.tokenization -   The pre-trained model you are loading is an uncased model but you have set `do_lower_case` to False. We are setting `do_lower_case=True` for you but you may want to check this behavior.
10/26/2019 17:27:15 - INFO - pytorch_pretrained_bert.tokenization -   loading vocabulary file https://s3.amazonaws.com/models.huggingface.co/bert/bert-base-uncased-vocab.txt from cache at /root/.pytorch_pretrained_bert/26bc1ad6c0ac742e9b52263248f6d0f00068293b33709fae12320c0e35ccfbbb.542ce4285a40d23a559526243235df47c5f75c197f04f37d1a0c124c32c9a084
10/26/2019 17:27:16 - INFO - __main__ -   *** Example ***
10/26/2019 17:27:16 - INFO - __main__ -   guid: train-1
10/26/2019 17:27:16 - INFO - __main__ -   tokens: [CLS] how long is human ge ##station ? [SEP]
10/26/2019 17:27:16 - INFO - __main__ -   init_ids: 101 2129 2146 2003 2529 16216 20100 1029 102 0 0 0 0 0 0 0 0 0 0 0 0 0 0 0 0 0 0 0 0 0 0 0 0 0 0 0 0 0 0 0 0 0 0 0 0 0 0 0 0 0 0 0 0 0 0 0 0 0 0 0 0 0 0 0
10/26/2019 17:27:16 - INFO - __main__ -   input_ids: 101 2129 2146 2003 2529 16216 20100 103 102 0 0 0 0 0 0 0 0 0 0 0 0 0 0 0 0 0 0 0 0 0 0 0 0 0 0 0 0 0 0 0 0 0 0 0 0 0 0 0 0 0 0 0 0 0 0 0 0 0 0 0 0 0 0 0
10/26/2019 17:27:16 - INFO - __main__ -   input_mask: 1 1 1 1 1 1 1 1 1 0 0 0 0 0 0 0 0 0 0 0 0 0 0 0 0 0 0 0 0 0 0 0 0 0 0 0 0 0 0 0 0 0 0 0 0 0 0 0 0 0 0 0 0 0 0 0 0 0 0 0 0 0 0 0
10/26/2019 17:27:16 - INFO - __main__ -   segment_ids: 5 5 5 5 5 5 5 5 5 0 0 0 0 0 0 0 0 0 0 0 0 0 0 0 0 0 0 0 0 0 0 0 0 0 0 0 0 0 0 0 0 0 0 0 0 0 0 0 0 0 0 0 0 0 0 0 0 0 0 0 0 0 0 0
10/26/2019 17:27:16 - INFO - __main__ -   masked_lm_labels: -1 -1 -1 -1 -1 -1 -1 1029 -1 -1 -1 -1 -1 -1 -1 -1 -1 -1 -1 -1 -1 -1 -1 -1 -1 -1 -1 -1 -1 -1 -1 -1 -1 -1 -1 -1 -1 -1 -1 -1 -1 -1 -1 -1 -1 -1 -1 -1 -1 -1 -1 -1 -1 -1 -1 -1 -1 -1 -1 -1 -1 -1 -1 -1
10/26/2019 17:27:16 - INFO - __main__ -   *** Example ***
10/26/2019 17:27:16 - INFO - __main__ -   guid: train-2
10/26/2019 17:27:16 - INFO - __main__ -   tokens: [CLS] who is known as ` ` the world ' s oldest teenager ' ' ? [SEP]
10/26/2019 17:27:16 - INFO - __main__ -   init_ids: 101 2040 2003 2124 2004 1036 1036 1996 2088 1005 1055 4587 10563 1005 1005 1029 102 0 0 0 0 0 0 0 0 0 0 0 0 0 0 0 0 0 0 0 0 0 0 0 0 0 0 0 0 0 0 0 0 0 0 0 0 0 0 0 0 0 0 0 0 0 0 0
10/26/2019 17:27:16 - INFO - __main__ -   input_ids: 101 103 2003 2124 103 1036 1036 1996 2088 1005 1055 4587 10563 103 1005 1029 102 0 0 0 0 0 0 0 0 0 0 0 0 0 0 0 0 0 0 0 0 0 0 0 0 0 0 0 0 0 0 0 0 0 0 0 0 0 0 0 0 0 0 0 0 0 0 0
10/26/2019 17:27:16 - INFO - __main__ -   input_mask: 1 1 1 1 1 1 1 1 1 1 1 1 1 1 1 1 1 0 0 0 0 0 0 0 0 0 0 0 0 0 0 0 0 0 0 0 0 0 0 0 0 0 0 0 0 0 0 0 0 0 0 0 0 0 0 0 0 0 0 0 0 0 0 0
10/26/2019 17:27:16 - INFO - __main__ -   segment_ids: 3 3 3 3 3 3 3 3 3 3 3 3 3 3 3 3 3 0 0 0 0 0 0 0 0 0 0 0 0 0 0 0 0 0 0 0 0 0 0 0 0 0 0 0 0 0 0 0 0 0 0 0 0 0 0 0 0 0 0 0 0 0 0 0
10/26/2019 17:27:16 - INFO - __main__ -   masked_lm_labels: -1 2040 -1 -1 2004 -1 -1 -1 -1 -1 -1 -1 -1 1005 -1 -1 -1 -1 -1 -1 -1 -1 -1 -1 -1 -1 -1 -1 -1 -1 -1 -1 -1 -1 -1 -1 -1 -1 -1 -1 -1 -1 -1 -1 -1 -1 -1 -1 -1 -1 -1 -1 -1 -1 -1 -1 -1 -1 -1 -1 -1 -1 -1 -1
10/26/2019 17:27:17 - INFO - __main__ -   ***** Running training *****
10/26/2019 17:27:17 - INFO - __main__ -     Num examples = 4906
10/26/2019 17:27:17 - INFO - __main__ -     Batch size = 32
10/26/2019 17:27:17 - INFO - __main__ -     Num steps = 1379
constract vocabulary based on frequency
# train data: 4906
# test  data: 546
# vocab: 8680
# class: 6
before augment best acc:0.898
Epoch:   0%|          | 0/9 [00:00<?, ?it/s]constract vocabulary based on frequency
# train data: 14617
# test  data: 546
# vocab: 9291
# class: 6
epoch 0 augment best acc:0.896
Epoch:  11%|█         | 1/9 [13:06<1:44:54, 786.80s/it]constract vocabulary based on frequency
# train data: 14701
# test  data: 546
# vocab: 9196
# class: 6
epoch 1 augment best acc:0.892
Epoch:  22%|██▏       | 2/9 [22:54<1:24:49, 727.10s/it]constract vocabulary based on frequency
# train data: 14713
# test  data: 546
# vocab: 9160
# class: 6
epoch 2 augment best acc:0.906
Epoch:  33%|███▎      | 3/9 [33:47<1:10:28, 704.74s/it]constract vocabulary based on frequency
# train data: 14720
# test  data: 546
# vocab: 9125
# class: 6
epoch 3 augment best acc:0.9
Epoch:  44%|████▍     | 4/9 [43:00<54:56, 659.26s/it]  constract vocabulary based on frequency
# train data: 14713
# test  data: 546
# vocab: 9123
# class: 6
epoch 4 augment best acc:0.898
Epoch:  56%|█████▌    | 5/9 [49:38<38:44, 581.05s/it]constract vocabulary based on frequency
# train data: 14730
# test  data: 546
# vocab: 9191
# class: 6
epoch 5 augment best acc:0.896
Epoch:  67%|██████▋   | 6/9 [58:36<28:23, 567.91s/it]constract vocabulary based on frequency
# train data: 14724
# test  data: 546
# vocab: 9113
# class: 6
epoch 6 augment best acc:0.892
Epoch:  78%|███████▊  | 7/9 [1:07:14<18:26, 553.05s/it]constract vocabulary based on frequency
# train data: 14703
# test  data: 546
# vocab: 9110
# class: 6
epoch 7 augment best acc:0.904
Epoch:  89%|████████▉ | 8/9 [1:16:01<09:05, 545.14s/it]constract vocabulary based on frequency
# train data: 14721
# test  data: 546
# vocab: 9127
# class: 6
epoch 8 augment best acc:0.9
Epoch: 100%|██████████| 9/9 [1:24:24<00:00, 532.60s/it]Epoch: 100%|██████████| 9/9 [1:24:24<00:00, 562.72s/it]
