{
  "bilm_layer": 1,
  "bilm_unit": 1024,
  "model": "rnn",
  "dropout": 0.6,
  "bilm_wordwise": true,
  "learning_rate": 0.0001,
  "resume_vocab": null,
  "bilm_gumbel": false,
  "gpu": 0,
  "epoch": 100,
  "bilm_dropout": 0.0,
  "bilm_temp": 1.0,
  "layer": 1,
  "stop_epoch": 20,
  "save_model": false,
  "validation": true,
  "dataset": "rt-polarity",
  "bilm_add_original": 0.0,
  "bilm_residual": 0.0,
  "batchsize": 64,
  "seed": 2018,
  "bilm": null,
  "bilm_mode": "sampling",
  "unit": 300,
  "out": "result",
  "no_label": false,
  "bilm_ratio": 0.25
}
constract vocabulary based on frequency
# train data: 8635
# test  data: 960
# vocab: 20399
# class: 2
epoch       main/loss   validation/main/loss  main/accuracy  validation/main/accuracy  test/main/loss  test/main/accuracy  elapsed_time
[J1           0.692783    0.690845              0.507755       0.526042                  0.689553        0.549203            5.73507       
[J2           0.684834    0.666815              0.550694       0.614583                  0.66807         0.598875            9.38147       
[J3           0.65017     0.633326              0.618634       0.642708                  0.635687        0.643861            13.0431       
[J4           0.606364    0.600874              0.673495       0.671875                  0.620749        0.660731            16.6732       
[J5           0.573663    0.594968              0.696412       0.684375                  0.579791        0.709466            20.325        
[J6           0.537594    0.565294              0.733565       0.708333                  0.577235        0.700094            23.9306       
[J7           0.513605    0.553616              0.747106       0.723958                  0.558367        0.737582            27.5577       
[J8           0.479685    0.545578              0.766551       0.732292                  0.544198        0.738519            31.2202       
[J9           0.442534    0.543271              0.793866       0.74375                   0.535719        0.74508             34.8478       
[J10          0.421337    0.522543              0.810069       0.748958                  0.511703        0.756326            38.4892       
[J11          0.392307    0.531926              0.82419        0.759375                  0.523272        0.763824            42.182        
[J12          0.377164    0.550783              0.835764       0.755208                  0.539514        0.762887            45.8687       
[J13          0.363692    0.554824              0.840368       0.766667                  0.559457        0.766635            49.5089       
[J14          0.341208    0.520524              0.849884       0.766667                  0.521192        0.76851             53.1753       
[J15          0.331947    0.514055              0.854861       0.76875                   0.507862        0.773196            56.8535       
[J16          0.304375    0.549695              0.868981       0.772917                  0.556526        0.776945            60.5106       
[J17          0.309105    0.529019              0.870949       0.775                     0.520106        0.776007            64.2382       
[J18          0.289989    0.53923               0.876736       0.775                     0.560043        0.766635            68.1844       
[J19          0.275064    0.540623              0.886806       0.785417                  0.555207        0.779756            72.1217       
