{
  "learning_rate": 0.0001,
  "out": "result",
  "bilm_dropout": 0.0,
  "layer": 1,
  "bilm_gumbel": false,
  "seed": 2018,
  "model": "rnn",
  "bilm_mode": "sampling",
  "dropout": 0.4,
  "epoch": 100,
  "bilm_unit": 1024,
  "bilm_ratio": 0.25,
  "stop_epoch": 20,
  "bilm_add_original": 0.0,
  "dataset": "rt-polarity",
  "save_model": false,
  "gpu": 0,
  "resume_vocab": null,
  "bilm": null,
  "bilm_wordwise": true,
  "batchsize": 64,
  "no_label": false,
  "bilm_residual": 0.0,
  "bilm_layer": 1,
  "unit": 300,
  "bilm_temp": 1.0,
  "validation": true
}
constract vocabulary based on frequency
# train data: 8635
# test  data: 960
# vocab: 20399
# class: 2
epoch       main/loss   validation/main/loss  main/accuracy  validation/main/accuracy  test/main/loss  test/main/accuracy  elapsed_time
[J1           0.692498    0.689689              0.510069       0.54375                   0.687936        0.568885            5.75879       
[J2           0.671646    0.655214              0.589468       0.616667                  0.647767        0.644799            9.45509       
[J3           0.608609    0.606939              0.673495       0.670833                  0.597561        0.677601            13.1655       
[J4           0.544789    0.569484              0.727431       0.70625                   0.572707        0.716963            16.8745       
[J5           0.478872    0.557265              0.770833       0.716667                  0.542535        0.72821             20.5701       
[J6           0.428475    0.537712              0.808102       0.74375                   0.553242        0.737582            24.2226       
[J7           0.399316    0.551043              0.818403       0.755208                  0.556322        0.74508             27.9146       
[J8           0.352877    0.549769              0.846644       0.746875                  0.549115        0.754452            31.6125       
[J9           0.315472    0.533827              0.865625       0.761458                  0.526361        0.761012            35.282        
[J10          0.290828    0.550668              0.876968       0.763542                  0.572581        0.761012            38.9378       
[J11          0.254781    0.552052              0.897222       0.752083                  0.5671          0.757263            42.5929       
[J12          0.254192    0.602506              0.893981       0.7625                    0.60471         0.76851             46.2553       
[J13          0.22818     0.578429              0.907649       0.764583                  0.604192        0.761012            49.9153       
[J14          0.212457    0.609372              0.916204       0.75625                   0.625198        0.765698            53.5865       
[J15          0.197501    0.596674              0.918634       0.76875                   0.617543        0.766635            57.3029       
[J16          0.180701    0.630296              0.927894       0.773958                  0.678543        0.769447            61.003        
[J17          0.178028    0.613739              0.929514       0.777083                  0.639927        0.763824            64.6903       
