{
  "learning_rate": 0.0001,
  "seed": 2018,
  "bilm": null,
  "out": "result",
  "bilm_ratio": 0.25,
  "unit": 300,
  "validation": true,
  "no_label": false,
  "bilm_unit": 1024,
  "batchsize": 64,
  "save_model": false,
  "gpu": 0,
  "bilm_wordwise": true,
  "bilm_temp": 1.0,
  "bilm_dropout": 0.0,
  "dropout": 0.3,
  "bilm_mode": "sampling",
  "dataset": "rt-polarity",
  "bilm_layer": 1,
  "epoch": 100,
  "stop_epoch": 20,
  "bilm_gumbel": false,
  "bilm_add_original": 0.0,
  "bilm_residual": 0.0,
  "resume_vocab": null,
  "layer": 1,
  "model": "rnn"
}
constract vocabulary based on frequency
# train data: 8635
# test  data: 960
# vocab: 20399
# class: 2
epoch       main/loss   validation/main/loss  main/accuracy  validation/main/accuracy  test/main/loss  test/main/accuracy  elapsed_time
[J1           0.692159    0.688859              0.513773       0.5625                    0.686709        0.580131            5.83781       
[J2           0.663379    0.644537              0.604051       0.6375                    0.637829        0.648547            9.61812       
[J3           0.584591    0.592988              0.694097       0.688542                  0.584909        0.699157            13.3941       
[J4           0.506608    0.559361              0.755671       0.722917                  0.564223        0.721649            17.1298       
[J5           0.433254    0.555462              0.803472       0.730208                  0.536109        0.726336            20.865        
[J6           0.379036    0.539114              0.833912       0.747917                  0.551988        0.742268            24.6091       
[J7           0.340479    0.572376              0.851389       0.741667                  0.576234        0.748828            28.5076       
[J8           0.295382    0.559194              0.879167       0.755208                  0.56824         0.752577            32.2829       
[J9           0.255406    0.559003              0.893403       0.763542                  0.570901        0.752577            36.0554       
[J10          0.228419    0.609035              0.909722       0.758333                  0.65876         0.755389            39.7936       
[J11          0.201804    0.623747              0.921065       0.758333                  0.668554        0.756326            43.6399       
[J12          0.197224    0.61215               0.921296       0.773958                  0.638507        0.761012            47.4274       
[J13          0.167541    0.660618              0.93715        0.765625                  0.723026        0.758201            51.1698       
[J14          0.153329    0.684817              0.938889       0.769792                  0.73156         0.761949            54.9923       
[J15          0.146592    0.680329              0.944444       0.773958                  0.726377        0.76851             58.7267       
[J16          0.1309      0.75036               0.949074       0.773958                  0.82128         0.755389            62.4886       
[J17          0.127606    0.674352              0.951852       0.772917                  0.705664        0.763824            66.1842       
[J18          0.117857    0.736454              0.953588       0.76875                   0.807197        0.754452            69.8889       
[J19          0.108443    0.784432              0.959606       0.769792                  0.864636        0.75164             73.6121       
[J20          0.105381    0.754869              0.958333       0.775                     0.811095        0.763824            77.3335       
[J21          0.0971646   0.707037              0.962847       0.7625                    0.744104        0.754452            81.0528       
[J22          0.0873675   0.862228              0.968982       0.767708                  0.937985        0.772259            84.7669       
[J23          0.0818233   0.839077              0.968518       0.760417                  0.874864        0.748828            88.4862       
[J24          0.0758642   0.830682              0.972454       0.773958                  0.923489        0.758201            92.1964       
[J25          0.0713612   0.899377              0.972801       0.766667                  0.968184        0.766635            95.9716       
[J26          0.0637662   0.994796              0.97598        0.773958                  1.08472         0.758201            99.6765       
[J27          0.0656644   0.910006              0.973148       0.772917                  0.979004        0.760075            103.43        
[J28          0.0600103   0.921697              0.978125       0.775                     1.01392         0.758201            107.14        
[J29          0.057444    0.892354              0.978009       0.778125                  0.995824        0.761949            110.846       
