{
  "resume_vocab": null,
  "validation": true,
  "out": "result",
  "model": "rnn",
  "learning_rate": 0.0001,
  "dataset": "rt-polarity",
  "bilm_dropout": 0.0,
  "bilm_unit": 1024,
  "unit": 300,
  "bilm_temp": 1.0,
  "save_model": false,
  "bilm_wordwise": true,
  "dropout": 0.5,
  "bilm_ratio": 0.25,
  "seed": 2018,
  "epoch": 100,
  "stop_epoch": 20,
  "bilm_layer": 1,
  "batchsize": 64,
  "bilm": null,
  "layer": 1,
  "no_label": false,
  "bilm_gumbel": false,
  "bilm_mode": "sampling",
  "bilm_add_original": 0.0,
  "gpu": 0,
  "bilm_residual": 0.0
}
constract vocabulary based on frequency
# train data: 8635
# test  data: 960
# vocab: 20399
# class: 2
epoch       main/loss   validation/main/loss  main/accuracy  validation/main/accuracy  test/main/loss  test/main/accuracy  elapsed_time
[J1           0.692765    0.690473              0.508796       0.525                     0.688967        0.559513            6.11763       
[J2           0.679267    0.669072              0.568866       0.596875                  0.657849        0.628866            10.1437       
[J3           0.630985    0.621632              0.645718       0.654167                  0.61893         0.659794            14.124        
[J4           0.575347    0.592762              0.703357       0.690625                  0.594152        0.688847            18.0953       
[J5           0.530432    0.569622              0.732407       0.707292                  0.556544        0.720712            21.9909       
[J6           0.482569    0.553113              0.773264       0.720833                  0.563344        0.723524            25.9696       
[J7           0.458233    0.548949              0.783102       0.736458                  0.553425        0.74508             29.9725       
[J8           0.415312    0.540198              0.810417       0.74375                   0.528769        0.758201            33.9464       
[J9           0.377285    0.53783               0.831481       0.758333                  0.531771        0.761012            37.7176       
[J10          0.354714    0.533124              0.847569       0.755208                  0.531478        0.767573            41.4523       
[J11          0.323556    0.537659              0.859722       0.770833                  0.545396        0.762887            45.1601       
[J12          0.312407    0.552913              0.869792       0.765625                  0.54164         0.767573            48.8818       
[J13          0.291668    0.575705              0.877216       0.76875                   0.594607        0.764761            52.5287       
[J14          0.270194    0.546004              0.887616       0.769792                  0.552415        0.765698            56.2506       
[J15          0.254624    0.555319              0.896759       0.770833                  0.56267         0.767573            59.9826       
[J16          0.233194    0.590677              0.907755       0.779167                  0.619537        0.766635            63.6991       
