{
  "bilm": null,
  "bilm_temp": 1.0,
  "validation": true,
  "resume_vocab": null,
  "bilm_ratio": 0.25,
  "seed": 2018,
  "bilm_layer": 1,
  "bilm_unit": 1024,
  "layer": 1,
  "gpu": 0,
  "dropout": 0.2,
  "save_model": false,
  "epoch": 100,
  "stop_epoch": 20,
  "learning_rate": 0.0001,
  "batchsize": 64,
  "unit": 300,
  "bilm_dropout": 0.0,
  "bilm_add_original": 0.0,
  "dataset": "rt-polarity",
  "bilm_residual": 0.0,
  "out": "result",
  "no_label": false,
  "bilm_wordwise": true,
  "bilm_gumbel": false,
  "model": "rnn",
  "bilm_mode": "sampling"
}
constract vocabulary based on frequency
# train data: 8635
# test  data: 960
# vocab: 20399
# class: 2
epoch       main/loss   validation/main/loss  main/accuracy  validation/main/accuracy  test/main/loss  test/main/accuracy  elapsed_time
[J1           0.69178     0.687635              0.521181       0.575                     0.68549         0.586692            5.71729       
[J2           0.654959    0.637443              0.616204       0.638542                  0.62932         0.662605            9.4285        
[J3           0.561509    0.585596              0.71412        0.69375                   0.57093         0.71134             13.1225       
[J4           0.4719      0.558662              0.782176       0.728125                  0.560923        0.723524            16.7993       
[J5           0.389464    0.561749              0.826042       0.736458                  0.538578        0.735708            20.5046       
[J6           0.32651     0.548649              0.860417       0.754167                  0.554457        0.747891            24.2146       
[J7           0.280977    0.620471              0.882292       0.741667                  0.617276        0.746017            27.8618       
[J8           0.239612    0.624159              0.903935       0.757292                  0.630757        0.757263            31.6351       
[J9           0.198409    0.612195              0.921875       0.757292                  0.619721        0.752577            35.3057       
[J10          0.173268    0.701086              0.933333       0.748958                  0.755175        0.744142            38.9656       
[J11          0.152847    0.691972              0.941898       0.758333                  0.761755        0.749766            42.6103       
[J12          0.14196     0.681898              0.943634       0.765625                  0.728454        0.752577            46.5191       
[J13          0.117269    0.713586              0.956157       0.763542                  0.765057        0.743205            50.5584       
[J14          0.107119    0.827647              0.960417       0.759375                  0.913223        0.761949            54.5473       
[J15          0.098347    0.774091              0.964005       0.773958                  0.868304        0.760075            58.5024       
