{
  "stop_epoch": 20,
  "dropout": 0.4,
  "out": "result",
  "model": "rnn",
  "resume_vocab": null,
  "save_model": false,
  "validation": true,
  "no_label": false,
  "seed": 2018,
  "bilm_unit": 1024,
  "bilm_residual": 0.0,
  "bilm_layer": 1,
  "learning_rate": 0.0001,
  "unit": 300,
  "bilm_temp": 1.0,
  "bilm_dropout": 0.0,
  "bilm_ratio": 0.25,
  "bilm_add_original": 0.0,
  "bilm_mode": "sampling",
  "layer": 1,
  "bilm_gumbel": false,
  "gpu": 0,
  "dataset": "stsa.binary",
  "bilm": null,
  "bilm_wordwise": true,
  "epoch": 100,
  "batchsize": 64
}
constract vocabulary based on frequency
# train data: 6228
# test  data: 692
# vocab: 14830
# class: 2
epoch       main/loss   validation/main/loss  main/accuracy  validation/main/accuracy  test/main/loss  test/main/accuracy  elapsed_time
[J1           0.692106    0.689295              0.526626       0.534682                  0.69085         0.510708            4.97971       
[J2           0.684887    0.676993              0.551869       0.58237                   0.675263        0.594179            7.87504       
[J3           0.640945    0.622218              0.640786       0.657514                  0.604274        0.672707            10.7647       
[J4           0.566164    0.623447              0.712532       0.666185                  0.58684         0.690829            13.7476       
[J5           0.500659    0.563211              0.763209       0.726879                  0.523331        0.740802            16.7612       
[J6           0.454614    0.546844              0.785921       0.736994                  0.520368        0.740253            19.6223       
[J7           0.408275    0.528492              0.81824        0.75                      0.514448        0.75453             22.5619       
[J8           0.367986    0.51965               0.839401       0.761561                  0.485326        0.774849            25.4328       
[J9           0.337975    0.504663              0.853898       0.777457                  0.486128        0.777595            28.2664       
[J10          0.296098    0.552545              0.874522       0.773121                  0.519838        0.772652            31.1258       
[J11          0.275655    0.525998              0.882571       0.787572                  0.500868        0.789127            33.9575       
[J12          0.260229    0.504243              0.889336       0.790462                  0.484407        0.786381            36.7521       
[J13          0.245786    0.529254              0.90338        0.790462                  0.512964        0.79352             39.6381       
[J14          0.223861    0.543384              0.904317       0.781792                  0.518462        0.792971            42.4357       
[J15          0.205156    0.570685              0.918009       0.794798                  0.541955        0.801208            45.2665       
[J16          0.195176    0.541795              0.921553       0.783237                  0.513535        0.797913            48.0737       
[J17          0.187076    0.560964              0.922832       0.794798                  0.538762        0.804503            50.9201       
[J18          0.1645      0.564251              0.932829       0.796243                  0.562345        0.796266            53.7667       
[J19          0.153233    0.569037              0.940077       0.796243                  0.556619        0.797364            56.5712       
[J20          0.153501    0.569822              0.941327       0.793353                  0.566036        0.790774            59.4138       
[J21          0.139807    0.561516              0.94346        0.789017                  0.544365        0.80011             62.2259       
[J22          0.131604    0.678352              0.951836       0.786127                  0.658774        0.795168            65.0891       
[J23          0.134428    0.607565              0.947066       0.797688                  0.574283        0.801757            67.9599       
