{
  "save_model": false,
  "bilm_unit": 1024,
  "epoch": 100,
  "model": "rnn",
  "unit": 300,
  "bilm": null,
  "bilm_add_original": 0.0,
  "bilm_wordwise": true,
  "bilm_gumbel": false,
  "bilm_residual": 0.0,
  "bilm_temp": 1.0,
  "out": "result",
  "bilm_layer": 1,
  "seed": 2018,
  "gpu": 0,
  "no_label": false,
  "stop_epoch": 20,
  "dataset": "stsa.binary",
  "bilm_ratio": 0.25,
  "learning_rate": 0.0001,
  "bilm_dropout": 0.0,
  "bilm_mode": "sampling",
  "resume_vocab": null,
  "batchsize": 64,
  "layer": 1,
  "dropout": 0.5,
  "validation": true
}
constract vocabulary based on frequency
# train data: 6228
# test  data: 692
# vocab: 14830
# class: 2
epoch       main/loss   validation/main/loss  main/accuracy  validation/main/accuracy  test/main/loss  test/main/accuracy  elapsed_time
[J1           0.69255     0.689798              0.514828       0.526012                  0.691442        0.507414            4.9823        
[J2           0.687114    0.683399              0.544459       0.57948                   0.68236         0.586491            7.81882       
[J3           0.658071    0.637586              0.617429       0.637283                  0.621473        0.650741            10.7565       
[J4           0.600279    0.623453              0.678253       0.647399                  0.591246        0.683141            13.6967       
[J5           0.54555     0.571828              0.727932       0.706647                  0.537191        0.730368            16.5175       
[J6           0.498826    0.549336              0.755316       0.731214                  0.525073        0.738605            19.5709       
[J7           0.461218    0.532527              0.786033       0.75289                   0.521062        0.74849             22.5108       
[J8           0.419891    0.523389              0.808634       0.758671                  0.492351        0.763866            25.3018       
[J9           0.390266    0.50553               0.823454       0.763006                  0.49022         0.766612            28.1111       
[J10          0.362179    0.537169              0.843591       0.765896                  0.504602        0.772103            30.9795       
[J11          0.335702    0.499734              0.856959       0.793353                  0.488175        0.78034             33.8236       
[J12          0.322707    0.492517              0.859053       0.778902                  0.479988        0.789127            36.6222       
[J13          0.308956    0.495009              0.873087       0.796243                  0.482409        0.784734            39.4253       
[J14          0.284157    0.501909              0.877416       0.780347                  0.478325        0.791323            42.2358       
[J15          0.265964    0.510178              0.887887       0.786127                  0.48955         0.799012            45.0007       
[J16          0.253322    0.507925              0.890947       0.790462                  0.490524        0.802306            47.8043       
[J17          0.24003     0.517894              0.90067        0.790462                  0.497163        0.80011             50.6012       
[J18          0.219122    0.551799              0.909311       0.799133                  0.548956        0.796815            53.4136       
