{
  "layer": 1,
  "bilm_mode": "sampling",
  "batchsize": 64,
  "bilm_unit": 1024,
  "resume_vocab": null,
  "bilm_gumbel": false,
  "out": "result",
  "stop_epoch": 20,
  "bilm": null,
  "dataset": "stsa.binary",
  "bilm_dropout": 0.0,
  "bilm_layer": 1,
  "bilm_temp": 1.0,
  "save_model": false,
  "bilm_wordwise": true,
  "model": "rnn",
  "bilm_residual": 0.0,
  "unit": 300,
  "seed": 2018,
  "epoch": 100,
  "gpu": 0,
  "learning_rate": 0.0001,
  "no_label": false,
  "validation": true,
  "dropout": 0.2,
  "bilm_add_original": 0.0,
  "bilm_ratio": 0.25
}
constract vocabulary based on frequency
# train data: 6228
# test  data: 692
# vocab: 14830
# class: 2
epoch       main/loss   validation/main/loss  main/accuracy  validation/main/accuracy  test/main/loss  test/main/accuracy  elapsed_time
[J1           0.691771    0.688249              0.525829       0.533237                  0.689769        0.513454            4.92354       
[J2           0.675336    0.667506              0.574581       0.606936                  0.67209         0.610653            7.75632       
[J3           0.603582    0.601056              0.680251       0.674855                  0.573813        0.698517            10.5648       
[J4           0.497776    0.582295              0.764987       0.709538                  0.540821        0.72872             13.3497       
[J5           0.410599    0.536535              0.819588       0.739884                  0.506125        0.750137            16.171        
[J6           0.353793    0.523837              0.851321       0.751445                  0.509585        0.757825            18.975        
[J7           0.294742    0.535823              0.880102       0.767341                  0.540816        0.756727            21.8289       
[J8           0.257609    0.531203              0.891914       0.757225                  0.504202        0.775398            24.6557       
[J9           0.216381    0.548981              0.914948       0.768786                  0.527014        0.773751            27.5261       
[J10          0.182266    0.606476              0.92889        0.787572                  0.602537        0.771554            30.4904       
[J11          0.172719    0.576553              0.935245       0.786127                  0.563394        0.785283            33.3452       
[J12          0.145677    0.602155              0.945071       0.787572                  0.586367        0.789127            36.1987       
[J13          0.131724    0.655421              0.951371       0.790462                  0.646408        0.790225            39.0409       
[J14          0.126653    0.657409              0.948776       0.778902                  0.632604        0.79352             41.8537       
[J15          0.110013    0.655018              0.959085       0.791907                  0.637881        0.796266            44.6863       
