{
  "dataset": "stsa.binary",
  "epoch": 100,
  "learning_rate": 0.0001,
  "gpu": 0,
  "stop_epoch": 20,
  "bilm_layer": 1,
  "layer": 1,
  "out": "result",
  "model": "rnn",
  "bilm_unit": 1024,
  "validation": true,
  "bilm_gumbel": false,
  "resume_vocab": null,
  "bilm_ratio": 0.25,
  "bilm_dropout": 0.0,
  "dropout": 0.6,
  "bilm_mode": "sampling",
  "seed": 2018,
  "bilm_temp": 1.0,
  "batchsize": 64,
  "no_label": false,
  "save_model": false,
  "bilm_add_original": 0.0,
  "unit": 300,
  "bilm": null,
  "bilm_residual": 0.0,
  "bilm_wordwise": true
}
constract vocabulary based on frequency
# train data: 6228
# test  data: 692
# vocab: 14830
# class: 2
epoch       main/loss   validation/main/loss  main/accuracy  validation/main/accuracy  test/main/loss  test/main/accuracy  elapsed_time
[J1           0.692893    0.690079              0.514349       0.523121                  0.691646        0.510159            5.13299       
[J2           0.68854     0.686586              0.539304       0.572254                  0.685808        0.573311            8.14038       
[J3           0.673741    0.650982              0.581186       0.618497                  0.641552        0.633169            11.0051       
[J4           0.631429    0.629835              0.645249       0.640173                  0.605135        0.665568            13.8567       
[J5           0.587383    0.595412              0.687017       0.67341                   0.561786        0.712246            16.7269       
[J6           0.549852    0.567086              0.718106       0.716763                  0.542305        0.727073            19.5408       
[J7           0.520599    0.546766              0.743622       0.734104                  0.526746        0.735859            22.4083       
[J8           0.485649    0.528181              0.766269       0.736994                  0.503123        0.753981            25.2318       
[J9           0.452813    0.525446              0.788982       0.748555                  0.503606        0.757825            28.0404       
[J10          0.432853    0.556127              0.800064       0.754335                  0.522221        0.760022            30.8901       
[J11          0.401914    0.507527              0.82136        0.783237                  0.489359        0.771005            33.6774       
[J12          0.388598    0.497469              0.827964       0.768786                  0.476096        0.773202            36.522        
[J13          0.37598     0.496453              0.836575       0.777457                  0.47229         0.779791            39.363        
[J14          0.357269    0.494808              0.840206       0.771676                  0.467558        0.782537            42.1847       
[J15          0.339735    0.502135              0.849388       0.784682                  0.472997        0.783086            44.9851       
[J16          0.32763     0.48549               0.859053       0.786127                  0.46488         0.788578            47.7849       
[J17          0.311605    0.507072              0.86368        0.790462                  0.478956        0.794069            50.6172       
[J18          0.291083    0.530355              0.874678       0.789017                  0.526408        0.785832            53.4859       
[J19          0.282396    0.509212              0.877899       0.780347                  0.484955        0.796266            56.3769       
[J20          0.266175    0.497603              0.887436       0.803468                  0.492223        0.779791            59.2779       
[J21          0.256291    0.491901              0.889659       0.802023                  0.476175        0.792422            62.2866       
[J22          0.252145    0.524151              0.89433        0.810694                  0.494719        0.796266            65.1693       
