Namespace(bert_model='bert-base-uncased', data_dir='datasets', do_lower_case=False, gpu=3, learning_rate=5e-05, max_seq_length=64, num_train_epochs=9.0, output_dir='aug_data_1_4_3_0.5', sample_num=1, sample_ratio=4, seed=42, task_name='mpqa', temp=0.5, train_batch_size=32, warmup_proportion=0.1)
10/26/2019 12:21:11 - WARNING - pytorch_pretrained_bert.tokenization -   The pre-trained model you are loading is an uncased model but you have set `do_lower_case` to False. We are setting `do_lower_case=True` for you but you may want to check this behavior.
10/26/2019 12:21:13 - INFO - pytorch_pretrained_bert.tokenization -   loading vocabulary file https://s3.amazonaws.com/models.huggingface.co/bert/bert-base-uncased-vocab.txt from cache at /root/.pytorch_pretrained_bert/26bc1ad6c0ac742e9b52263248f6d0f00068293b33709fae12320c0e35ccfbbb.542ce4285a40d23a559526243235df47c5f75c197f04f37d1a0c124c32c9a084
10/26/2019 12:21:13 - INFO - __main__ -   *** Example ***
10/26/2019 12:21:13 - INFO - __main__ -   guid: train-1
10/26/2019 12:21:13 - INFO - __main__ -   tokens: [CLS] most disturbing of all [SEP]
10/26/2019 12:21:13 - INFO - __main__ -   init_ids: 101 2087 14888 1997 2035 102 0 0 0 0 0 0 0 0 0 0 0 0 0 0 0 0 0 0 0 0 0 0 0 0 0 0 0 0 0 0 0 0 0 0 0 0 0 0 0 0 0 0 0 0 0 0 0 0 0 0 0 0 0 0 0 0 0 0
10/26/2019 12:21:13 - INFO - __main__ -   input_ids: 101 2087 1997 1997 2035 102 0 0 0 0 0 0 0 0 0 0 0 0 0 0 0 0 0 0 0 0 0 0 0 0 0 0 0 0 0 0 0 0 0 0 0 0 0 0 0 0 0 0 0 0 0 0 0 0 0 0 0 0 0 0 0 0 0 0
10/26/2019 12:21:13 - INFO - __main__ -   input_mask: 1 1 1 1 1 1 0 0 0 0 0 0 0 0 0 0 0 0 0 0 0 0 0 0 0 0 0 0 0 0 0 0 0 0 0 0 0 0 0 0 0 0 0 0 0 0 0 0 0 0 0 0 0 0 0 0 0 0 0 0 0 0 0 0
10/26/2019 12:21:13 - INFO - __main__ -   segment_ids: 0 0 0 0 0 0 0 0 0 0 0 0 0 0 0 0 0 0 0 0 0 0 0 0 0 0 0 0 0 0 0 0 0 0 0 0 0 0 0 0 0 0 0 0 0 0 0 0 0 0 0 0 0 0 0 0 0 0 0 0 0 0 0 0
10/26/2019 12:21:13 - INFO - __main__ -   masked_lm_labels: -1 -1 14888 -1 -1 -1 -1 -1 -1 -1 -1 -1 -1 -1 -1 -1 -1 -1 -1 -1 -1 -1 -1 -1 -1 -1 -1 -1 -1 -1 -1 -1 -1 -1 -1 -1 -1 -1 -1 -1 -1 -1 -1 -1 -1 -1 -1 -1 -1 -1 -1 -1 -1 -1 -1 -1 -1 -1 -1 -1 -1 -1 -1 -1
10/26/2019 12:21:13 - INFO - __main__ -   *** Example ***
10/26/2019 12:21:13 - INFO - __main__ -   guid: train-2
10/26/2019 12:21:13 - INFO - __main__ -   tokens: [CLS] taking care to avoid directly criticizing [SEP]
10/26/2019 12:21:13 - INFO - __main__ -   init_ids: 101 2635 2729 2000 4468 3495 21289 102 0 0 0 0 0 0 0 0 0 0 0 0 0 0 0 0 0 0 0 0 0 0 0 0 0 0 0 0 0 0 0 0 0 0 0 0 0 0 0 0 0 0 0 0 0 0 0 0 0 0 0 0 0 0 0 0
10/26/2019 12:21:13 - INFO - __main__ -   input_ids: 101 2635 2729 2000 4468 103 21289 102 0 0 0 0 0 0 0 0 0 0 0 0 0 0 0 0 0 0 0 0 0 0 0 0 0 0 0 0 0 0 0 0 0 0 0 0 0 0 0 0 0 0 0 0 0 0 0 0 0 0 0 0 0 0 0 0
10/26/2019 12:21:13 - INFO - __main__ -   input_mask: 1 1 1 1 1 1 1 1 0 0 0 0 0 0 0 0 0 0 0 0 0 0 0 0 0 0 0 0 0 0 0 0 0 0 0 0 0 0 0 0 0 0 0 0 0 0 0 0 0 0 0 0 0 0 0 0 0 0 0 0 0 0 0 0
10/26/2019 12:21:13 - INFO - __main__ -   segment_ids: 0 0 0 0 0 0 0 0 0 0 0 0 0 0 0 0 0 0 0 0 0 0 0 0 0 0 0 0 0 0 0 0 0 0 0 0 0 0 0 0 0 0 0 0 0 0 0 0 0 0 0 0 0 0 0 0 0 0 0 0 0 0 0 0
10/26/2019 12:21:13 - INFO - __main__ -   masked_lm_labels: -1 -1 -1 -1 -1 3495 -1 -1 -1 -1 -1 -1 -1 -1 -1 -1 -1 -1 -1 -1 -1 -1 -1 -1 -1 -1 -1 -1 -1 -1 -1 -1 -1 -1 -1 -1 -1 -1 -1 -1 -1 -1 -1 -1 -1 -1 -1 -1 -1 -1 -1 -1 -1 -1 -1 -1 -1 -1 -1 -1 -1 -1 -1 -1
10/26/2019 12:21:14 - INFO - __main__ -   ***** Running training *****
10/26/2019 12:21:14 - INFO - __main__ -     Num examples = 8587
10/26/2019 12:21:14 - INFO - __main__ -     Batch size = 32
10/26/2019 12:21:14 - INFO - __main__ -     Num steps = 2415
constract vocabulary based on frequency
# train data: 8587
# test  data: 955
# vocab: 5968
# class: 2
before augment best acc:0.859566
Epoch:   0%|          | 0/9 [00:00<?, ?it/s]constract vocabulary based on frequency
# train data: 17050
# test  data: 955
# vocab: 6148
# class: 2
epoch 0 augment best acc:0.872762
Epoch:  11%|█         | 1/9 [12:24<1:39:14, 744.31s/it]constract vocabulary based on frequency
# train data: 17120
# test  data: 955
# vocab: 6116
# class: 2
epoch 1 augment best acc:0.873704
Epoch:  22%|██▏       | 2/9 [17:27<1:11:23, 611.88s/it]constract vocabulary based on frequency
# train data: 17151
# test  data: 955
# vocab: 6122
# class: 2
epoch 2 augment best acc:0.867106
Epoch:  33%|███▎      | 3/9 [26:40<59:25, 594.25s/it]  constract vocabulary based on frequency
# train data: 17205
# test  data: 955
# vocab: 6112
# class: 2
epoch 3 augment best acc:0.864279
Epoch:  44%|████▍     | 4/9 [33:28<44:52, 538.46s/it]constract vocabulary based on frequency
# train data: 17188
# test  data: 955
# vocab: 6134
# class: 2
epoch 4 augment best acc:0.859566
Epoch:  56%|█████▌    | 5/9 [44:46<38:41, 580.33s/it]constract vocabulary based on frequency
# train data: 17171
# test  data: 955
# vocab: 6139
# class: 2
epoch 5 augment best acc:0.854854
Epoch:  67%|██████▋   | 6/9 [55:02<29:33, 591.04s/it]constract vocabulary based on frequency
# train data: 17167
# test  data: 955
# vocab: 6122
# class: 2
epoch 6 augment best acc:0.862394
Epoch:  78%|███████▊  | 7/9 [1:04:43<19:35, 587.84s/it]constract vocabulary based on frequency
# train data: 17165
# test  data: 955
# vocab: 6125
# class: 2
epoch 7 augment best acc:0.861451
Epoch:  89%|████████▉ | 8/9 [1:13:15<09:25, 565.30s/it]constract vocabulary based on frequency
# train data: 17172
# test  data: 955
# vocab: 6120
# class: 2
epoch 8 augment best acc:0.863337
Epoch: 100%|██████████| 9/9 [1:20:02<00:00, 517.85s/it]Epoch: 100%|██████████| 9/9 [1:20:02<00:00, 533.65s/it]
