Namespace(bert_model='bert-base-uncased', data_dir='datasets', do_lower_case=False, gpu=4, learning_rate=5e-05, max_seq_length=64, num_train_epochs=9.0, output_dir='aug_data_2_6_4_0.5', sample_num=2, sample_ratio=6, seed=42, task_name='mpqa', temp=0.5, train_batch_size=32, warmup_proportion=0.1)
10/26/2019 12:21:11 - WARNING - pytorch_pretrained_bert.tokenization -   The pre-trained model you are loading is an uncased model but you have set `do_lower_case` to False. We are setting `do_lower_case=True` for you but you may want to check this behavior.
10/26/2019 12:21:13 - INFO - pytorch_pretrained_bert.tokenization -   loading vocabulary file https://s3.amazonaws.com/models.huggingface.co/bert/bert-base-uncased-vocab.txt from cache at /root/.pytorch_pretrained_bert/26bc1ad6c0ac742e9b52263248f6d0f00068293b33709fae12320c0e35ccfbbb.542ce4285a40d23a559526243235df47c5f75c197f04f37d1a0c124c32c9a084
10/26/2019 12:21:13 - INFO - __main__ -   *** Example ***
10/26/2019 12:21:13 - INFO - __main__ -   guid: train-1
10/26/2019 12:21:13 - INFO - __main__ -   tokens: [CLS] most disturbing of all [SEP]
10/26/2019 12:21:13 - INFO - __main__ -   init_ids: 101 2087 14888 1997 2035 102 0 0 0 0 0 0 0 0 0 0 0 0 0 0 0 0 0 0 0 0 0 0 0 0 0 0 0 0 0 0 0 0 0 0 0 0 0 0 0 0 0 0 0 0 0 0 0 0 0 0 0 0 0 0 0 0 0 0
10/26/2019 12:21:13 - INFO - __main__ -   input_ids: 101 2087 1997 1997 2035 102 0 0 0 0 0 0 0 0 0 0 0 0 0 0 0 0 0 0 0 0 0 0 0 0 0 0 0 0 0 0 0 0 0 0 0 0 0 0 0 0 0 0 0 0 0 0 0 0 0 0 0 0 0 0 0 0 0 0
10/26/2019 12:21:13 - INFO - __main__ -   input_mask: 1 1 1 1 1 1 0 0 0 0 0 0 0 0 0 0 0 0 0 0 0 0 0 0 0 0 0 0 0 0 0 0 0 0 0 0 0 0 0 0 0 0 0 0 0 0 0 0 0 0 0 0 0 0 0 0 0 0 0 0 0 0 0 0
10/26/2019 12:21:13 - INFO - __main__ -   segment_ids: 0 0 0 0 0 0 0 0 0 0 0 0 0 0 0 0 0 0 0 0 0 0 0 0 0 0 0 0 0 0 0 0 0 0 0 0 0 0 0 0 0 0 0 0 0 0 0 0 0 0 0 0 0 0 0 0 0 0 0 0 0 0 0 0
10/26/2019 12:21:13 - INFO - __main__ -   masked_lm_labels: -1 -1 14888 -1 -1 -1 -1 -1 -1 -1 -1 -1 -1 -1 -1 -1 -1 -1 -1 -1 -1 -1 -1 -1 -1 -1 -1 -1 -1 -1 -1 -1 -1 -1 -1 -1 -1 -1 -1 -1 -1 -1 -1 -1 -1 -1 -1 -1 -1 -1 -1 -1 -1 -1 -1 -1 -1 -1 -1 -1 -1 -1 -1 -1
10/26/2019 12:21:13 - INFO - __main__ -   *** Example ***
10/26/2019 12:21:13 - INFO - __main__ -   guid: train-2
10/26/2019 12:21:13 - INFO - __main__ -   tokens: [CLS] taking care to avoid directly criticizing [SEP]
10/26/2019 12:21:13 - INFO - __main__ -   init_ids: 101 2635 2729 2000 4468 3495 21289 102 0 0 0 0 0 0 0 0 0 0 0 0 0 0 0 0 0 0 0 0 0 0 0 0 0 0 0 0 0 0 0 0 0 0 0 0 0 0 0 0 0 0 0 0 0 0 0 0 0 0 0 0 0 0 0 0
10/26/2019 12:21:13 - INFO - __main__ -   input_ids: 101 2635 2729 2000 4468 103 21289 102 0 0 0 0 0 0 0 0 0 0 0 0 0 0 0 0 0 0 0 0 0 0 0 0 0 0 0 0 0 0 0 0 0 0 0 0 0 0 0 0 0 0 0 0 0 0 0 0 0 0 0 0 0 0 0 0
10/26/2019 12:21:13 - INFO - __main__ -   input_mask: 1 1 1 1 1 1 1 1 0 0 0 0 0 0 0 0 0 0 0 0 0 0 0 0 0 0 0 0 0 0 0 0 0 0 0 0 0 0 0 0 0 0 0 0 0 0 0 0 0 0 0 0 0 0 0 0 0 0 0 0 0 0 0 0
10/26/2019 12:21:13 - INFO - __main__ -   segment_ids: 0 0 0 0 0 0 0 0 0 0 0 0 0 0 0 0 0 0 0 0 0 0 0 0 0 0 0 0 0 0 0 0 0 0 0 0 0 0 0 0 0 0 0 0 0 0 0 0 0 0 0 0 0 0 0 0 0 0 0 0 0 0 0 0
10/26/2019 12:21:13 - INFO - __main__ -   masked_lm_labels: -1 -1 -1 -1 -1 3495 -1 -1 -1 -1 -1 -1 -1 -1 -1 -1 -1 -1 -1 -1 -1 -1 -1 -1 -1 -1 -1 -1 -1 -1 -1 -1 -1 -1 -1 -1 -1 -1 -1 -1 -1 -1 -1 -1 -1 -1 -1 -1 -1 -1 -1 -1 -1 -1 -1 -1 -1 -1 -1 -1 -1 -1 -1 -1
10/26/2019 12:21:14 - INFO - __main__ -   ***** Running training *****
10/26/2019 12:21:14 - INFO - __main__ -     Num examples = 8587
10/26/2019 12:21:14 - INFO - __main__ -     Batch size = 32
10/26/2019 12:21:14 - INFO - __main__ -     Num steps = 2415
constract vocabulary based on frequency
# train data: 8587
# test  data: 955
# vocab: 5968
# class: 2
before augment best acc:0.859566
Epoch:   0%|          | 0/9 [00:00<?, ?it/s]constract vocabulary based on frequency
# train data: 25479
# test  data: 955
# vocab: 6095
# class: 2
epoch 0 augment best acc:0.861451
Epoch:  11%|█         | 1/9 [15:16<2:02:08, 916.08s/it]constract vocabulary based on frequency
# train data: 26029
# test  data: 955
# vocab: 6059
# class: 2
epoch 1 augment best acc:0.852026
Epoch:  22%|██▏       | 2/9 [32:45<1:51:33, 956.20s/it]constract vocabulary based on frequency
# train data: 25750
# test  data: 955
# vocab: 6079
# class: 2
epoch 2 augment best acc:0.864279
Epoch:  33%|███▎      | 3/9 [43:30<1:26:17, 862.86s/it]constract vocabulary based on frequency
# train data: 25776
# test  data: 955
# vocab: 6061
# class: 2
epoch 3 augment best acc:0.858624
Epoch:  44%|████▍     | 4/9 [54:42<1:07:07, 805.51s/it]constract vocabulary based on frequency
# train data: 25720
# test  data: 955
# vocab: 6054
# class: 2
epoch 4 augment best acc:0.862394
Epoch:  56%|█████▌    | 5/9 [1:04:33<49:23, 740.98s/it]constract vocabulary based on frequency
# train data: 25800
# test  data: 955
# vocab: 6069
# class: 2
epoch 5 augment best acc:0.865222
Epoch:  67%|██████▋   | 6/9 [1:17:42<37:46, 755.42s/it]constract vocabulary based on frequency
# train data: 25759
# test  data: 955
# vocab: 6068
# class: 2
epoch 6 augment best acc:0.864279
Epoch:  78%|███████▊  | 7/9 [1:26:00<22:36, 678.39s/it]constract vocabulary based on frequency
# train data: 25756
# test  data: 955
# vocab: 6071
# class: 2
epoch 7 augment best acc:0.865222
Epoch:  89%|████████▉ | 8/9 [1:34:36<10:29, 629.57s/it]constract vocabulary based on frequency
# train data: 25746
# test  data: 955
# vocab: 6083
# class: 2
epoch 8 augment best acc:0.857681
Epoch: 100%|██████████| 9/9 [1:41:47<00:00, 569.95s/it]Epoch: 100%|██████████| 9/9 [1:41:47<00:00, 678.59s/it]
