Namespace(bert_model='bert-base-uncased', data_dir='datasets', do_lower_case=False, gpu=7, learning_rate=5e-05, max_seq_length=64, num_train_epochs=9.0, output_dir='aug_data_3_4_7_1.0', sample_num=3, sample_ratio=4, seed=42, task_name='mpqa', temp=1.0, train_batch_size=32, warmup_proportion=0.1)
10/26/2019 12:21:11 - WARNING - pytorch_pretrained_bert.tokenization -   The pre-trained model you are loading is an uncased model but you have set `do_lower_case` to False. We are setting `do_lower_case=True` for you but you may want to check this behavior.
10/26/2019 12:21:13 - INFO - pytorch_pretrained_bert.tokenization -   loading vocabulary file https://s3.amazonaws.com/models.huggingface.co/bert/bert-base-uncased-vocab.txt from cache at /root/.pytorch_pretrained_bert/26bc1ad6c0ac742e9b52263248f6d0f00068293b33709fae12320c0e35ccfbbb.542ce4285a40d23a559526243235df47c5f75c197f04f37d1a0c124c32c9a084
10/26/2019 12:21:13 - INFO - __main__ -   *** Example ***
10/26/2019 12:21:13 - INFO - __main__ -   guid: train-1
10/26/2019 12:21:13 - INFO - __main__ -   tokens: [CLS] most disturbing of all [SEP]
10/26/2019 12:21:13 - INFO - __main__ -   init_ids: 101 2087 14888 1997 2035 102 0 0 0 0 0 0 0 0 0 0 0 0 0 0 0 0 0 0 0 0 0 0 0 0 0 0 0 0 0 0 0 0 0 0 0 0 0 0 0 0 0 0 0 0 0 0 0 0 0 0 0 0 0 0 0 0 0 0
10/26/2019 12:21:13 - INFO - __main__ -   input_ids: 101 2087 1997 1997 2035 102 0 0 0 0 0 0 0 0 0 0 0 0 0 0 0 0 0 0 0 0 0 0 0 0 0 0 0 0 0 0 0 0 0 0 0 0 0 0 0 0 0 0 0 0 0 0 0 0 0 0 0 0 0 0 0 0 0 0
10/26/2019 12:21:13 - INFO - __main__ -   input_mask: 1 1 1 1 1 1 0 0 0 0 0 0 0 0 0 0 0 0 0 0 0 0 0 0 0 0 0 0 0 0 0 0 0 0 0 0 0 0 0 0 0 0 0 0 0 0 0 0 0 0 0 0 0 0 0 0 0 0 0 0 0 0 0 0
10/26/2019 12:21:13 - INFO - __main__ -   segment_ids: 0 0 0 0 0 0 0 0 0 0 0 0 0 0 0 0 0 0 0 0 0 0 0 0 0 0 0 0 0 0 0 0 0 0 0 0 0 0 0 0 0 0 0 0 0 0 0 0 0 0 0 0 0 0 0 0 0 0 0 0 0 0 0 0
10/26/2019 12:21:13 - INFO - __main__ -   masked_lm_labels: -1 -1 14888 -1 -1 -1 -1 -1 -1 -1 -1 -1 -1 -1 -1 -1 -1 -1 -1 -1 -1 -1 -1 -1 -1 -1 -1 -1 -1 -1 -1 -1 -1 -1 -1 -1 -1 -1 -1 -1 -1 -1 -1 -1 -1 -1 -1 -1 -1 -1 -1 -1 -1 -1 -1 -1 -1 -1 -1 -1 -1 -1 -1 -1
10/26/2019 12:21:13 - INFO - __main__ -   *** Example ***
10/26/2019 12:21:13 - INFO - __main__ -   guid: train-2
10/26/2019 12:21:13 - INFO - __main__ -   tokens: [CLS] taking care to avoid directly criticizing [SEP]
10/26/2019 12:21:13 - INFO - __main__ -   init_ids: 101 2635 2729 2000 4468 3495 21289 102 0 0 0 0 0 0 0 0 0 0 0 0 0 0 0 0 0 0 0 0 0 0 0 0 0 0 0 0 0 0 0 0 0 0 0 0 0 0 0 0 0 0 0 0 0 0 0 0 0 0 0 0 0 0 0 0
10/26/2019 12:21:13 - INFO - __main__ -   input_ids: 101 2635 2729 2000 4468 103 21289 102 0 0 0 0 0 0 0 0 0 0 0 0 0 0 0 0 0 0 0 0 0 0 0 0 0 0 0 0 0 0 0 0 0 0 0 0 0 0 0 0 0 0 0 0 0 0 0 0 0 0 0 0 0 0 0 0
10/26/2019 12:21:13 - INFO - __main__ -   input_mask: 1 1 1 1 1 1 1 1 0 0 0 0 0 0 0 0 0 0 0 0 0 0 0 0 0 0 0 0 0 0 0 0 0 0 0 0 0 0 0 0 0 0 0 0 0 0 0 0 0 0 0 0 0 0 0 0 0 0 0 0 0 0 0 0
10/26/2019 12:21:13 - INFO - __main__ -   segment_ids: 0 0 0 0 0 0 0 0 0 0 0 0 0 0 0 0 0 0 0 0 0 0 0 0 0 0 0 0 0 0 0 0 0 0 0 0 0 0 0 0 0 0 0 0 0 0 0 0 0 0 0 0 0 0 0 0 0 0 0 0 0 0 0 0
10/26/2019 12:21:13 - INFO - __main__ -   masked_lm_labels: -1 -1 -1 -1 -1 3495 -1 -1 -1 -1 -1 -1 -1 -1 -1 -1 -1 -1 -1 -1 -1 -1 -1 -1 -1 -1 -1 -1 -1 -1 -1 -1 -1 -1 -1 -1 -1 -1 -1 -1 -1 -1 -1 -1 -1 -1 -1 -1 -1 -1 -1 -1 -1 -1 -1 -1 -1 -1 -1 -1 -1 -1 -1 -1
10/26/2019 12:21:14 - INFO - __main__ -   ***** Running training *****
10/26/2019 12:21:14 - INFO - __main__ -     Num examples = 8587
10/26/2019 12:21:14 - INFO - __main__ -     Batch size = 32
10/26/2019 12:21:14 - INFO - __main__ -     Num steps = 2415
constract vocabulary based on frequency
# train data: 8587
# test  data: 955
# vocab: 5968
# class: 2
before augment best acc:0.859566
Epoch:   0%|          | 0/9 [00:00<?, ?it/s]constract vocabulary based on frequency
# train data: 34168
# test  data: 955
# vocab: 6954
# class: 2
epoch 0 augment best acc:0.863337
Epoch:  11%|█         | 1/9 [15:05<2:00:41, 905.14s/it]constract vocabulary based on frequency
# train data: 34327
# test  data: 955
# vocab: 6544
# class: 2
epoch 1 augment best acc:0.869934
Epoch:  22%|██▏       | 2/9 [28:40<1:42:27, 878.25s/it]constract vocabulary based on frequency
# train data: 34269
# test  data: 955
# vocab: 6499
# class: 2
epoch 2 augment best acc:0.868049
Epoch:  33%|███▎      | 3/9 [39:49<1:21:32, 815.38s/it]constract vocabulary based on frequency
# train data: 34443
# test  data: 955
# vocab: 6520
# class: 2
epoch 3 augment best acc:0.860509
Epoch:  44%|████▍     | 4/9 [48:54<1:01:10, 734.18s/it]constract vocabulary based on frequency
# train data: 34357
# test  data: 955
# vocab: 6542
# class: 2
epoch 4 augment best acc:0.864279
Epoch:  56%|█████▌    | 5/9 [1:03:21<51:36, 774.13s/it]constract vocabulary based on frequency
# train data: 34325
# test  data: 955
# vocab: 6545
# class: 2
epoch 5 augment best acc:0.861451
Epoch:  67%|██████▋   | 6/9 [1:12:13<35:04, 701.59s/it]constract vocabulary based on frequency
# train data: 34358
# test  data: 955
# vocab: 6564
# class: 2
epoch 6 augment best acc:0.862394
Epoch:  78%|███████▊  | 7/9 [1:21:41<22:02, 661.32s/it]constract vocabulary based on frequency
# train data: 34321
# test  data: 955
# vocab: 6538
# class: 2
epoch 7 augment best acc:0.867106
Epoch:  89%|████████▉ | 8/9 [1:30:01<10:13, 613.16s/it]constract vocabulary based on frequency
# train data: 34324
# test  data: 955
# vocab: 6454
# class: 2
epoch 8 augment best acc:0.868049
Epoch: 100%|██████████| 9/9 [1:46:45<00:00, 730.20s/it]Epoch: 100%|██████████| 9/9 [1:46:45<00:00, 711.68s/it]
