Namespace(bert_model='bert-base-uncased', data_dir='datasets', do_lower_case=False, gpu=5, learning_rate=5e-05, max_seq_length=64, num_train_epochs=9.0, output_dir='aug_data_2_4_5_0.5', sample_num=2, sample_ratio=4, seed=42, task_name='mpqa', temp=0.5, train_batch_size=32, warmup_proportion=0.1)
10/26/2019 12:21:11 - WARNING - pytorch_pretrained_bert.tokenization -   The pre-trained model you are loading is an uncased model but you have set `do_lower_case` to False. We are setting `do_lower_case=True` for you but you may want to check this behavior.
10/26/2019 12:21:13 - INFO - pytorch_pretrained_bert.tokenization -   loading vocabulary file https://s3.amazonaws.com/models.huggingface.co/bert/bert-base-uncased-vocab.txt from cache at /root/.pytorch_pretrained_bert/26bc1ad6c0ac742e9b52263248f6d0f00068293b33709fae12320c0e35ccfbbb.542ce4285a40d23a559526243235df47c5f75c197f04f37d1a0c124c32c9a084
10/26/2019 12:21:13 - INFO - __main__ -   *** Example ***
10/26/2019 12:21:13 - INFO - __main__ -   guid: train-1
10/26/2019 12:21:13 - INFO - __main__ -   tokens: [CLS] most disturbing of all [SEP]
10/26/2019 12:21:13 - INFO - __main__ -   init_ids: 101 2087 14888 1997 2035 102 0 0 0 0 0 0 0 0 0 0 0 0 0 0 0 0 0 0 0 0 0 0 0 0 0 0 0 0 0 0 0 0 0 0 0 0 0 0 0 0 0 0 0 0 0 0 0 0 0 0 0 0 0 0 0 0 0 0
10/26/2019 12:21:13 - INFO - __main__ -   input_ids: 101 2087 1997 1997 2035 102 0 0 0 0 0 0 0 0 0 0 0 0 0 0 0 0 0 0 0 0 0 0 0 0 0 0 0 0 0 0 0 0 0 0 0 0 0 0 0 0 0 0 0 0 0 0 0 0 0 0 0 0 0 0 0 0 0 0
10/26/2019 12:21:13 - INFO - __main__ -   input_mask: 1 1 1 1 1 1 0 0 0 0 0 0 0 0 0 0 0 0 0 0 0 0 0 0 0 0 0 0 0 0 0 0 0 0 0 0 0 0 0 0 0 0 0 0 0 0 0 0 0 0 0 0 0 0 0 0 0 0 0 0 0 0 0 0
10/26/2019 12:21:13 - INFO - __main__ -   segment_ids: 0 0 0 0 0 0 0 0 0 0 0 0 0 0 0 0 0 0 0 0 0 0 0 0 0 0 0 0 0 0 0 0 0 0 0 0 0 0 0 0 0 0 0 0 0 0 0 0 0 0 0 0 0 0 0 0 0 0 0 0 0 0 0 0
10/26/2019 12:21:13 - INFO - __main__ -   masked_lm_labels: -1 -1 14888 -1 -1 -1 -1 -1 -1 -1 -1 -1 -1 -1 -1 -1 -1 -1 -1 -1 -1 -1 -1 -1 -1 -1 -1 -1 -1 -1 -1 -1 -1 -1 -1 -1 -1 -1 -1 -1 -1 -1 -1 -1 -1 -1 -1 -1 -1 -1 -1 -1 -1 -1 -1 -1 -1 -1 -1 -1 -1 -1 -1 -1
10/26/2019 12:21:13 - INFO - __main__ -   *** Example ***
10/26/2019 12:21:13 - INFO - __main__ -   guid: train-2
10/26/2019 12:21:13 - INFO - __main__ -   tokens: [CLS] taking care to avoid directly criticizing [SEP]
10/26/2019 12:21:13 - INFO - __main__ -   init_ids: 101 2635 2729 2000 4468 3495 21289 102 0 0 0 0 0 0 0 0 0 0 0 0 0 0 0 0 0 0 0 0 0 0 0 0 0 0 0 0 0 0 0 0 0 0 0 0 0 0 0 0 0 0 0 0 0 0 0 0 0 0 0 0 0 0 0 0
10/26/2019 12:21:13 - INFO - __main__ -   input_ids: 101 2635 2729 2000 4468 103 21289 102 0 0 0 0 0 0 0 0 0 0 0 0 0 0 0 0 0 0 0 0 0 0 0 0 0 0 0 0 0 0 0 0 0 0 0 0 0 0 0 0 0 0 0 0 0 0 0 0 0 0 0 0 0 0 0 0
10/26/2019 12:21:13 - INFO - __main__ -   input_mask: 1 1 1 1 1 1 1 1 0 0 0 0 0 0 0 0 0 0 0 0 0 0 0 0 0 0 0 0 0 0 0 0 0 0 0 0 0 0 0 0 0 0 0 0 0 0 0 0 0 0 0 0 0 0 0 0 0 0 0 0 0 0 0 0
10/26/2019 12:21:13 - INFO - __main__ -   segment_ids: 0 0 0 0 0 0 0 0 0 0 0 0 0 0 0 0 0 0 0 0 0 0 0 0 0 0 0 0 0 0 0 0 0 0 0 0 0 0 0 0 0 0 0 0 0 0 0 0 0 0 0 0 0 0 0 0 0 0 0 0 0 0 0 0
10/26/2019 12:21:13 - INFO - __main__ -   masked_lm_labels: -1 -1 -1 -1 -1 3495 -1 -1 -1 -1 -1 -1 -1 -1 -1 -1 -1 -1 -1 -1 -1 -1 -1 -1 -1 -1 -1 -1 -1 -1 -1 -1 -1 -1 -1 -1 -1 -1 -1 -1 -1 -1 -1 -1 -1 -1 -1 -1 -1 -1 -1 -1 -1 -1 -1 -1 -1 -1 -1 -1 -1 -1 -1 -1
10/26/2019 12:21:14 - INFO - __main__ -   ***** Running training *****
10/26/2019 12:21:14 - INFO - __main__ -     Num examples = 8587
10/26/2019 12:21:14 - INFO - __main__ -     Batch size = 32
10/26/2019 12:21:14 - INFO - __main__ -     Num steps = 2415
constract vocabulary based on frequency
# train data: 8587
# test  data: 955
# vocab: 5968
# class: 2
before augment best acc:0.859566
Epoch:   0%|          | 0/9 [00:00<?, ?it/s]constract vocabulary based on frequency
# train data: 25502
# test  data: 955
# vocab: 6240
# class: 2
epoch 0 augment best acc:0.868049
Epoch:  11%|█         | 1/9 [13:25<1:47:20, 805.03s/it]constract vocabulary based on frequency
# train data: 25680
# test  data: 955
# vocab: 6175
# class: 2
epoch 1 augment best acc:0.863337
Epoch:  22%|██▏       | 2/9 [25:52<1:31:54, 787.76s/it]constract vocabulary based on frequency
# train data: 26095
# test  data: 955
# vocab: 6176
# class: 2
epoch 2 augment best acc:0.861451
Epoch:  33%|███▎      | 3/9 [34:36<1:10:51, 708.61s/it]constract vocabulary based on frequency
# train data: 25428
# test  data: 955
# vocab: 6182
# class: 2
epoch 3 augment best acc:0.850141
Epoch:  44%|████▍     | 4/9 [47:10<1:00:11, 722.20s/it]constract vocabulary based on frequency
# train data: 26092
# test  data: 955
# vocab: 6208
# class: 2
epoch 4 augment best acc:0.866164
Epoch:  56%|█████▌    | 5/9 [1:04:48<54:52, 823.02s/it]constract vocabulary based on frequency
# train data: 25455
# test  data: 955
# vocab: 6224
# class: 2
epoch 5 augment best acc:0.876532
Epoch:  67%|██████▋   | 6/9 [1:15:10<38:08, 762.83s/it]constract vocabulary based on frequency
# train data: 25716
# test  data: 955
# vocab: 6187
# class: 2
epoch 6 augment best acc:0.856739
Epoch:  78%|███████▊  | 7/9 [1:25:06<23:45, 712.63s/it]constract vocabulary based on frequency
# train data: 25782
# test  data: 955
# vocab: 6209
# class: 2
epoch 7 augment best acc:0.866164
Epoch:  89%|████████▉ | 8/9 [1:33:25<10:48, 648.41s/it]constract vocabulary based on frequency
# train data: 26090
# test  data: 955
# vocab: 6200
# class: 2
epoch 8 augment best acc:0.860509
Epoch: 100%|██████████| 9/9 [1:40:24<00:00, 579.77s/it]Epoch: 100%|██████████| 9/9 [1:40:24<00:00, 669.41s/it]
