{
  "gpu": 0,
  "bilm": null,
  "batchsize": 64,
  "seed": 2018,
  "save_model": false,
  "model": "cnn",
  "bilm_residual": 0.0,
  "epoch": 100,
  "no_label": false,
  "bilm_dropout": 0.0,
  "bilm_temp": 1.0,
  "bilm_wordwise": true,
  "stop_epoch": 20,
  "bilm_mode": "sampling",
  "bilm_add_original": 0.0,
  "resume_vocab": null,
  "bilm_gumbel": false,
  "dropout": 0.6,
  "out": "result",
  "unit": 300,
  "validation": true,
  "learning_rate": 0.0001,
  "layer": 1,
  "bilm_layer": 1,
  "bilm_ratio": 0.25,
  "bilm_unit": 1024,
  "dataset": "rt-polarity"
}
constract vocabulary based on frequency
# train data: 8635
# test  data: 960
# vocab: 20399
# class: 2
epoch       main/loss   validation/main/loss  main/accuracy  validation/main/accuracy  test/main/loss  test/main/accuracy  elapsed_time
[J1           0.786493    0.697232              0.497685       0.521875                  0.709249        0.485473            4.41871       
[J2           0.753705    0.695457              0.503704       0.521875                  0.705936        0.485473            6.79915       
[J3           0.734034    0.695562              0.505671       0.521875                  0.706201        0.485473            9.13927       
[J4           0.731339    0.696009              0.500694       0.521875                  0.707081        0.485473            11.514        
[J5           0.723997    0.692367              0.506019       0.521875                  0.699413        0.485473            13.8657       
[J6           0.721202    0.692612              0.497685       0.521875                  0.699687        0.485473            16.213        
[J7           0.717779    0.692751              0.503588       0.521875                  0.699396        0.485473            18.5696       
[J8           0.716716    0.693247              0.508102       0.521875                  0.700504        0.485473            20.9379       
[J9           0.717028    0.692245              0.49456        0.521875                  0.697008        0.485473            23.2845       
[J10          0.717002    0.692651              0.499306       0.521875                  0.699097        0.485473            25.6357       
[J11          0.712491    0.692282              0.503819       0.521875                  0.696764        0.485473            27.9826       
[J12          0.71475     0.692044              0.492245       0.520833                  0.696222        0.48641             30.3522       
[J13          0.71143     0.691981              0.501166       0.521875                  0.695244        0.484536            32.6671       
[J14          0.706868    0.69182               0.506713       0.521875                  0.695912        0.485473            35.0349       
[J15          0.708138    0.691848              0.504398       0.520833                  0.695108        0.48641             37.3752       
[J16          0.710604    0.691694              0.499653       0.521875                  0.695391        0.48641             39.7304       
[J17          0.710892    0.691831              0.491088       0.527083                  0.694012        0.484536            42.0864       
[J18          0.703593    0.691427              0.507292       0.521875                  0.694928        0.485473            44.4504       
[J19          0.703796    0.691535              0.503588       0.528125                  0.693712        0.491097            46.8038       
[J20          0.701004    0.69164               0.512731       0.544792                  0.693042        0.497657            49.1349       
[J21          0.703182    0.691586              0.503588       0.5375                    0.693248        0.494845            51.4977       
[J22          0.701612    0.691243              0.509491       0.528125                  0.693508        0.492971            53.8526       
[J23          0.700117    0.691759              0.502894       0.54375                   0.692525        0.514527            56.1678       
[J24          0.699503    0.691287              0.506713       0.523958                  0.693154        0.492971            58.4929       
[J25          0.701571    0.691292              0.506481       0.544792                  0.692748        0.499531            60.837        
[J26          0.698542    0.690835              0.508629       0.522917                  0.693381        0.490159            63.1927       
[J27          0.698394    0.690791              0.511458       0.539583                  0.692754        0.495783            65.5941       
[J28          0.699885    0.690702              0.508796       0.546875                  0.692586        0.489222            68.024        
[J29          0.700427    0.690478              0.508102       0.522917                  0.693145        0.490159            70.414        
[J30          0.697602    0.690357              0.509375       0.527083                  0.692632        0.494845            72.7534       
[J31          0.70007     0.690076              0.503588       0.530208                  0.692267        0.492034            75.1343       
[J32          0.695288    0.690036              0.519676       0.552083                  0.691601        0.514527            77.4915       
[J33          0.698725    0.690184              0.510648       0.569792                  0.690874        0.552952            79.8516       
[J34          0.696988    0.689862              0.514352       0.583333                  0.69079         0.546392            82.2031       
[J35          0.694073    0.689238              0.519792       0.565625                  0.690848        0.519213            84.5726       
[J36          0.691954    0.688764              0.531018       0.576042                  0.690551        0.522024            86.9074       
[J37          0.694227    0.688473              0.528241       0.59375                   0.690027        0.534208            89.2617       
[J38          0.691514    0.687888              0.532986       0.602083                  0.689345        0.553889            91.6333       
[J39          0.690729    0.687101              0.537547       0.6                       0.688699        0.552952            94.0332       
[J40          0.689587    0.686436              0.537731       0.607292                  0.687425        0.579194            96.4034       
[J41          0.687917    0.685073              0.541088       0.6                       0.687432        0.541706            98.7547       
[J42          0.688149    0.685365              0.541204       0.603125                  0.685368        0.592315            101.145       
[J43          0.688301    0.684316              0.545718       0.608333                  0.68496         0.590441            103.481       
[J44          0.684874    0.68282               0.557407       0.605208                  0.68438         0.576382            105.849       
[J45          0.68738     0.681863              0.550926       0.616667                  0.683139        0.58388             108.196       
[J46          0.679255    0.680079              0.566551       0.611458                  0.681681        0.585754            110.551       
[J47          0.677207    0.678445              0.565046       0.607292                  0.678957        0.594189            112.9         
[J48          0.673867    0.675446              0.576157       0.608333                  0.675936        0.604499            115.283       
[J49          0.670038    0.671633              0.586343       0.616667                  0.67189         0.609185            117.614       
[J50          0.666801    0.66781               0.596065       0.619792                  0.668111        0.610122            119.987       
[J51          0.664804    0.663422              0.592824       0.621875                  0.663891        0.619494            122.337       
[J52          0.655676    0.658653              0.607276       0.625                     0.6587          0.626992            124.657       
[J53          0.651312    0.653205              0.61875        0.63125                   0.653864        0.634489            127.02        
[J54          0.646178    0.648449              0.622801       0.645833                  0.645807        0.655108            129.381       
[J55          0.638799    0.641397              0.634954       0.654167                  0.638289        0.660731            131.74        
[J56          0.628653    0.63313               0.645602       0.659375                  0.629142        0.669166            134.073       
[J57          0.620872    0.625519              0.654398       0.669792                  0.622119        0.671978            136.445       
[J58          0.60601     0.615965              0.668056       0.669792                  0.611522        0.682287            138.791       
[J59          0.599501    0.608794              0.671412       0.670833                  0.601316        0.68791             141.141       
[J60          0.592636    0.603272              0.685995       0.676042                  0.593009        0.697282            143.496       
[J61          0.571719    0.591807              0.704167       0.682292                  0.583971        0.700094            145.857       
[J62          0.561799    0.581068              0.711458       0.697917                  0.576667        0.701968            148.191       
[J63          0.542396    0.573728              0.724884       0.697917                  0.563372        0.710403            150.566       
[J64          0.53516     0.564968              0.734492       0.710417                  0.557173        0.716026            152.896       
[J65          0.516198    0.556771              0.743171       0.715625                  0.550025        0.722587            155.259       
[J66          0.50587     0.552567              0.755671       0.7125                    0.540985        0.725398            157.599       
[J67          0.477227    0.542771              0.769329       0.725                     0.535257        0.730084            159.965       
[J68          0.47354     0.53821               0.775347       0.723958                  0.529717        0.73477             162.332       
[J69          0.455039    0.533163              0.791898       0.722917                  0.525281        0.738519            164.685       
[J70          0.445761    0.529653              0.799074       0.726042                  0.52128         0.742268            167.043       
[J71          0.430294    0.527183              0.799421       0.725                     0.51661         0.746954            169.399       
[J72          0.425751    0.523473              0.804514       0.736458                  0.514977        0.748828            171.744       
[J73          0.41205     0.521245              0.820486       0.7375                    0.511712        0.754452            174.1         
[J74          0.396638    0.519015              0.821644       0.738542                  0.510397        0.759138            176.459       
[J75          0.389798    0.517798              0.826273       0.740625                  0.510466        0.760075            178.808       
[J76          0.382242    0.51703               0.833912       0.742708                  0.509094        0.761012            181.157       
[J77          0.365919    0.517338              0.83827        0.747917                  0.509677        0.765698            183.485       
[J78          0.352754    0.517879              0.847685       0.75                      0.510303        0.767573            185.858       
[J79          0.345537    0.517333              0.852083       0.753125                  0.510434        0.764761            188.188       
