{
  "layer": 1,
  "bilm_wordwise": true,
  "model": "cnn",
  "bilm_unit": 1024,
  "resume_vocab": null,
  "bilm_residual": 0.0,
  "no_label": false,
  "bilm": null,
  "save_model": false,
  "gpu": 0,
  "seed": 2018,
  "bilm_gumbel": false,
  "dataset": "rt-polarity",
  "bilm_ratio": 0.25,
  "bilm_add_original": 0.0,
  "epoch": 100,
  "stop_epoch": 20,
  "unit": 300,
  "dropout": 0.2,
  "batchsize": 64,
  "bilm_layer": 1,
  "validation": true,
  "bilm_temp": 1.0,
  "out": "result",
  "learning_rate": 0.0001,
  "bilm_dropout": 0.0,
  "bilm_mode": "sampling"
}
constract vocabulary based on frequency
# train data: 8635
# test  data: 960
# vocab: 20399
# class: 2
epoch       main/loss   validation/main/loss  main/accuracy  validation/main/accuracy  test/main/loss  test/main/accuracy  elapsed_time
[J1           0.696493    0.684578              0.519676       0.567708                  0.685775        0.56701             4.3846        
[J2           0.687156    0.678483              0.544213       0.609375                  0.678457        0.593252            6.75086       
[J3           0.676286    0.670218              0.57338        0.591667                  0.67643         0.562324            9.10942       
[J4           0.662687    0.662979              0.598843       0.605208                  0.673189        0.569822            11.4288       
[J5           0.642101    0.652535              0.632523       0.615625                  0.645853        0.628866            13.8003       
[J6           0.620038    0.637479              0.658333       0.634375                  0.652591        0.611996            16.2574       
[J7           0.588047    0.614806              0.691088       0.661458                  0.628565        0.627929            18.6821       
[J8           0.546534    0.588139              0.720255       0.685417                  0.58875         0.666354            21.2559       
[J9           0.494343    0.567414              0.764583       0.705208                  0.56878         0.69447             23.7191       
[J10          0.447943    0.548271              0.793287       0.728125                  0.54494         0.71134             26.0835       
[J11          0.396262    0.540888              0.825116       0.730208                  0.534388        0.719775            28.4373       
[J12          0.339137    0.53556               0.855208       0.736458                  0.517858        0.742268            30.937        
[J13          0.304639    0.539133              0.874184       0.74375                   0.528981        0.733833            33.3351       
[J14          0.266137    0.539293              0.888657       0.752083                  0.521011        0.753515            35.6923       
[J15          0.228741    0.546378              0.907407       0.751042                  0.520128        0.759138            38.0163       
[J16          0.20223     0.560011              0.922222       0.748958                  0.544138        0.752577            40.3711       
[J17          0.173323    0.577503              0.934375       0.75                      0.563878        0.749766            42.6986       
[J18          0.156898    0.586982              0.938194       0.746875                  0.577763        0.750703            45.2071       
[J19          0.150328    0.595764              0.941551       0.75625                   0.580558        0.75164             47.5605       
[J20          0.120393    0.615368              0.956019       0.754167                  0.602222        0.761949            49.9222       
[J21          0.113218    0.633259              0.959606       0.752083                  0.636476        0.755389            52.2641       
[J22          0.0958368   0.651017              0.965741       0.75625                   0.65487         0.757263            54.6143       
[J23          0.0876742   0.668075              0.969097       0.760417                  0.665446        0.757263            56.9186       
[J24          0.0864216   0.713316              0.967593       0.753125                  0.747752        0.740394            59.2693       
[J25          0.074875    0.706585              0.971875       0.759375                  0.712375        0.753515            61.5889       
[J26          0.0618807   0.721854              0.978895       0.761458                  0.74446         0.757263            63.8998       
[J27          0.0645372   0.746243              0.976157       0.759375                  0.773851        0.756326            66.2165       
[J28          0.0531365   0.773004              0.980903       0.758333                  0.822962        0.748828            68.577        
[J29          0.0540305   0.77725               0.980324       0.7625                    0.796327        0.759138            70.8974       
[J30          0.0436168   0.823549              0.984375       0.747917                  0.866703        0.742268            73.3025       
[J31          0.045081    0.809567              0.984028       0.771875                  0.82397         0.763824            75.9559       
[J32          0.0439637   0.827443              0.985069       0.7625                    0.830933        0.76851             78.352        
[J33          0.0354384   0.866186              0.987384       0.7625                    0.914575        0.746954            80.7997       
[J34          0.0343331   0.867634              0.987269       0.767708                  0.906383        0.752577            83.1263       
[J35          0.035818    0.890555              0.987963       0.759375                  0.931598        0.746954            85.451        
[J36          0.0266906   0.903469              0.991204       0.771875                  0.938971        0.759138            87.7662       
[J37          0.0231727   0.926905              0.992593       0.765625                  0.969821        0.755389            90.0779       
[J38          0.0266916   0.946136              0.990394       0.764583                  0.990353        0.757263            92.3923       
[J39          0.0259648   0.947963              0.990089       0.773958                  0.966205        0.769447            94.7062       
