{
  "bilm_wordwise": true,
  "gpu": 0,
  "bilm": null,
  "batchsize": 64,
  "layer": 1,
  "stop_epoch": 20,
  "bilm_unit": 1024,
  "bilm_add_original": 0.0,
  "bilm_dropout": 0.0,
  "no_label": false,
  "bilm_residual": 0.0,
  "bilm_mode": "sampling",
  "bilm_layer": 1,
  "validation": true,
  "bilm_gumbel": false,
  "bilm_temp": 1.0,
  "dropout": 0.3,
  "learning_rate": 0.0001,
  "dataset": "rt-polarity",
  "model": "cnn",
  "unit": 300,
  "epoch": 100,
  "save_model": false,
  "bilm_ratio": 0.25,
  "out": "result",
  "resume_vocab": null,
  "seed": 2018
}
constract vocabulary based on frequency
# train data: 8635
# test  data: 960
# vocab: 20399
# class: 2
epoch       main/loss   validation/main/loss  main/accuracy  validation/main/accuracy  test/main/loss  test/main/accuracy  elapsed_time
[J1           0.702995    0.687316              0.510069       0.5375                    0.690516        0.504217            4.29434       
[J2           0.698257    0.684355              0.51412        0.565625                  0.686511        0.549203            6.66554       
[J3           0.690861    0.681418              0.539931       0.538542                  0.68851         0.497657            8.96098       
[J4           0.68635     0.678179              0.547917       0.552083                  0.6862          0.506092            11.2626       
[J5           0.678509    0.670771              0.565972       0.60625                   0.673219        0.595127            13.5911       
[J6           0.674496    0.667218              0.574074       0.59375                   0.677282        0.561387            15.8769       
[J7           0.666552    0.660067              0.597917       0.608333                  0.669566        0.573571            18.1588       
[J8           0.65135     0.656471              0.613079       0.607292                  0.6698          0.579194            20.4454       
[J9           0.63698     0.64189               0.635995       0.63125                   0.655866        0.601687            22.7604       
[J10          0.619001    0.624363              0.655671       0.654167                  0.637308        0.625117            25.0473       
[J11          0.592362    0.605847              0.684375       0.66875                   0.614028        0.641987            27.3163       
[J12          0.562806    0.588437              0.704977       0.692708                  0.599142        0.655108            29.8149       
[J13          0.53048     0.573361              0.732976       0.696875                  0.587568        0.670103            32.1334       
[J14          0.492434    0.557509              0.759606       0.707292                  0.56903         0.685098            34.4822       
[J15          0.453777    0.540438              0.790394       0.730208                  0.540494        0.708529            36.7937       
[J16          0.414398    0.541789              0.810185       0.721875                  0.550498        0.707591            39.1296       
[J17          0.375926    0.534195              0.832407       0.732292                  0.540934        0.719775            41.4459       
[J18          0.34629     0.532459              0.848843       0.738542                  0.540979        0.731022            43.8802       
[J19          0.32618     0.52976               0.861111       0.746875                  0.524348        0.742268            46.1789       
[J20          0.290323    0.5364                0.87338        0.752083                  0.527703        0.756326            48.4987       
[J21          0.267262    0.545058              0.890162       0.747917                  0.54517         0.75164             50.7841       
[J22          0.251955    0.549926              0.896644       0.757292                  0.545388        0.756326            53.1362       
[J23          0.23096     0.559353              0.906829       0.761458                  0.553452        0.758201            55.4295       
[J24          0.212014    0.582021              0.912963       0.754167                  0.598731        0.74508             57.7356       
[J25          0.195093    0.583768              0.920718       0.758333                  0.587612        0.761012            60.0327       
[J26          0.172945    0.598417              0.929571       0.76875                   0.602241        0.756326            62.32         
[J27          0.169425    0.611084              0.93125        0.771875                  0.614628        0.761949            64.6133       
