{
  "bilm": null,
  "bilm_dropout": 0.0,
  "no_label": false,
  "model": "cnn",
  "learning_rate": 0.0001,
  "resume_vocab": null,
  "layer": 1,
  "bilm_layer": 1,
  "bilm_wordwise": true,
  "bilm_add_original": 0.0,
  "bilm_residual": 0.0,
  "dropout": 0.4,
  "unit": 300,
  "gpu": 0,
  "dataset": "rt-polarity",
  "batchsize": 64,
  "out": "result",
  "save_model": false,
  "bilm_gumbel": false,
  "epoch": 100,
  "bilm_unit": 1024,
  "seed": 2018,
  "bilm_mode": "sampling",
  "bilm_ratio": 0.25,
  "bilm_temp": 1.0,
  "stop_epoch": 20,
  "validation": true
}
constract vocabulary based on frequency
# train data: 8635
# test  data: 960
# vocab: 20399
# class: 2
epoch       main/loss   validation/main/loss  main/accuracy  validation/main/accuracy  test/main/loss  test/main/accuracy  elapsed_time
[J1           0.716023    0.689875              0.505671       0.528125                  0.696276        0.483599            4.26613       
[J2           0.708315    0.688066              0.50706        0.528125                  0.691671        0.49672             6.59482       
[J3           0.699556    0.687745              0.523264       0.526042                  0.694422        0.48641             8.91199       
[J4           0.700314    0.68715               0.519213       0.526042                  0.695778        0.487348            11.2188       
[J5           0.695864    0.684077              0.523148       0.555208                  0.688335        0.517338            13.5219       
[J6           0.692634    0.683008              0.533912       0.534375                  0.689965        0.497657            15.8483       
[J7           0.692692    0.682267              0.537384       0.529167                  0.690208        0.500469            18.1959       
[J8           0.689023    0.681474              0.541551       0.529167                  0.691823        0.498594            20.5511       
[J9           0.684944    0.675115              0.552315       0.576042                  0.681708        0.54358             22.8863       
[J10          0.6838      0.673442              0.555556       0.576042                  0.683055        0.531396            25.2635       
[J11          0.674729    0.668959              0.579167       0.59375                   0.677145        0.558575            27.6167       
[J12          0.674294    0.664953              0.579282       0.601042                  0.676534        0.558575            29.9684       
[J13          0.666697    0.657834              0.592701       0.617708                  0.669006        0.578257            32.2882       
[J14          0.656923    0.652623              0.608796       0.621875                  0.665874        0.578257            34.6327       
[J15          0.64444     0.642276              0.625347       0.634375                  0.655467        0.595127            36.9788       
[J16          0.627028    0.630182              0.645255       0.653125                  0.643921        0.610122            39.2997       
[J17          0.616819    0.615245              0.655903       0.665625                  0.62554         0.633552            41.6541       
[J18          0.594151    0.601856              0.678241       0.677083                  0.611628        0.64761             43.9867       
[J19          0.574079    0.583869              0.695718       0.695833                  0.588528        0.672915            46.3273       
[J20          0.547847    0.569377              0.719792       0.711458                  0.573521        0.689784            48.6376       
[J21          0.520463    0.556619              0.743056       0.714583                  0.562202        0.700094            50.9932       
[J22          0.49896     0.54525               0.76412        0.723958                  0.536953        0.725398            53.3206       
[J23          0.475423    0.53504               0.774074       0.734375                  0.530602        0.724461            55.6797       
[J24          0.440958    0.534451              0.794213       0.74375                   0.542075        0.707591            57.9873       
[J25          0.416461    0.528761              0.809259       0.74375                   0.52706         0.727273            60.3452       
[J26          0.388245    0.527203              0.827892       0.74375                   0.515663        0.756326            62.6605       
[J27          0.370023    0.527095              0.836227       0.752083                  0.526           0.75164             64.9964       
[J28          0.344547    0.53399               0.849306       0.754167                  0.537341        0.749766            67.3243       
[J29          0.336653    0.538863              0.856019       0.748958                  0.544132        0.75164             69.6569       
[J30          0.308244    0.545659              0.865046       0.75625                   0.551057        0.755389            71.9991       
[J31          0.28972     0.5482                0.877662       0.754167                  0.546234        0.761012            74.3276       
[J32          0.274365    0.554951              0.883333       0.748958                  0.54612         0.765698            76.6664       
[J33          0.257773    0.567842              0.895255       0.754167                  0.564097        0.764761            79.0813       
[J34          0.240969    0.576889              0.902199       0.752083                  0.56962         0.764761            81.4406       
[J35          0.229594    0.590171              0.907292       0.752083                  0.590198        0.760075            83.7524       
[J36          0.217021    0.59402               0.910185       0.751042                  0.5862          0.761949            86.1069       
[J37          0.200221    0.611963              0.919213       0.753125                  0.606636        0.761949            88.4252       
[J38          0.198929    0.621052              0.920949       0.758333                  0.6193          0.757263            90.763        
[J39          0.182836    0.632452              0.92549        0.759375                  0.638129        0.755389            93.0363       
[J40          0.168937    0.649509              0.934722       0.7625                    0.657801        0.752577            95.3676       
[J41          0.163355    0.66207               0.935648       0.763542                  0.671786        0.753515            97.6772       
