{
  "bilm_temp": 1.0,
  "dataset": "rt-polarity",
  "seed": 2018,
  "bilm_dropout": 0.0,
  "bilm_layer": 1,
  "bilm_ratio": 0.25,
  "dropout": 0.5,
  "epoch": 100,
  "validation": true,
  "bilm": null,
  "model": "cnn",
  "save_model": false,
  "gpu": 0,
  "bilm_wordwise": true,
  "learning_rate": 0.0001,
  "stop_epoch": 20,
  "layer": 1,
  "bilm_gumbel": false,
  "unit": 300,
  "no_label": false,
  "out": "result",
  "bilm_unit": 1024,
  "batchsize": 64,
  "bilm_mode": "sampling",
  "bilm_add_original": 0.0,
  "resume_vocab": null,
  "bilm_residual": 0.0
}
constract vocabulary based on frequency
# train data: 8635
# test  data: 960
# vocab: 20399
# class: 2
epoch       main/loss   validation/main/loss  main/accuracy  validation/main/accuracy  test/main/loss  test/main/accuracy  elapsed_time
[J1           0.73928     0.692358              0.502778       0.520833                  0.700403        0.484536            4.41007       
[J2           0.723903    0.690664              0.50162        0.520833                  0.696272        0.484536            6.77319       
[J3           0.713033    0.69141               0.50706        0.521875                  0.69963         0.485473            9.11137       
[J4           0.713418    0.691622              0.500463       0.521875                  0.699897        0.485473            11.4306       
[J5           0.707275    0.689796              0.503704       0.522917                  0.693529        0.487348            13.7594       
[J6           0.706537    0.689646              0.506713       0.520833                  0.694658        0.484536            16.0668       
[J7           0.705095    0.689899              0.508681       0.521875                  0.694568        0.485473            18.3985       
[J8           0.701831    0.690039              0.521644       0.521875                  0.696264        0.485473            20.7119       
[J9           0.702577    0.689095              0.509838       0.529167                  0.692571        0.490159            23.0131       
[J10          0.70254     0.689007              0.516435       0.520833                  0.694019        0.48641             25.3228       
[J11          0.697761    0.688783              0.524884       0.532292                  0.691942        0.488285            27.6318       
[J12          0.701523    0.688145              0.508449       0.532292                  0.692368        0.488285            29.9477       
[J13          0.697266    0.6879                0.523204       0.553125                  0.690642        0.495783            32.2715       
[J14          0.695373    0.686885              0.517477       0.542708                  0.690478        0.501406            34.7929       
[J15          0.695882    0.686123              0.531713       0.573958                  0.688333        0.544517            37.1088       
[J16          0.695077    0.684962              0.52338        0.561458                  0.688179        0.517338            39.4307       
[J17          0.691656    0.683956              0.535069       0.607292                  0.685206        0.567948            41.7465       
[J18          0.687586    0.68195               0.54838        0.601042                  0.685263        0.561387            44.0902       
[J19          0.685764    0.680313              0.55081        0.605208                  0.682459        0.570759            46.4042       
[J20          0.685265    0.678102              0.548958       0.60625                   0.679689        0.58388             48.7274       
[J21          0.683916    0.67602               0.554514       0.61875                   0.677657        0.591378            51.0416       
[J22          0.682101    0.672863              0.559954       0.626042                  0.675716        0.581068            53.3622       
[J23          0.67838     0.670488              0.572222       0.616667                  0.67102         0.611059            55.6767       
[J24          0.671717    0.666348              0.57963        0.634375                  0.670141        0.586692            58.0039       
[J25          0.668004    0.661884              0.591551       0.629167                  0.664973        0.606373            60.3282       
[J26          0.658955    0.65509               0.60098        0.63125                   0.659341        0.60731             62.5982       
[J27          0.65294     0.648756              0.616088       0.636458                  0.653139        0.619494            64.9496       
[J28          0.647303    0.64053               0.622917       0.647917                  0.642963        0.634489            67.2798       
[J29          0.641986    0.633244              0.627083       0.654167                  0.639207        0.619494            69.6007       
[J30          0.627716    0.623088              0.644213       0.661458                  0.627986        0.635426            71.9033       
[J31          0.613104    0.611192              0.658681       0.679167                  0.613583        0.656045            74.2367       
[J32          0.594351    0.599083              0.686574       0.68125                   0.599516        0.668229            76.5404       
[J33          0.586313    0.588692              0.684606       0.689583                  0.585633        0.68791             78.8624       
[J34          0.562033    0.575897              0.707755       0.696875                  0.57521         0.69447             81.1666       
[J35          0.546457    0.564288              0.722338       0.70625                   0.56336         0.705717            83.4858       
[J36          0.524311    0.554407              0.737731       0.709375                  0.54952         0.715089            85.7925       
[J37          0.502466    0.545282              0.753125       0.715625                  0.537559        0.723524            88.1183       
[J38          0.489655    0.536183              0.758796       0.722917                  0.529648        0.729147            90.424        
[J39          0.461762    0.530771              0.784398       0.727083                  0.524804        0.733833            92.6958       
[J40          0.443465    0.527283              0.792708       0.729167                  0.517157        0.743205            95.0274       
[J41          0.429028    0.523117              0.801505       0.736458                  0.513953        0.749766            97.3322       
[J42          0.413968    0.52033               0.807523       0.739583                  0.50843         0.755389            99.6423       
[J43          0.385116    0.520999              0.825926       0.74375                   0.512991        0.761949            101.941       
[J44          0.376418    0.522192              0.836806       0.746875                  0.517527        0.762887            104.279       
[J45          0.372449    0.521638              0.837269       0.740625                  0.506445        0.774133            106.585       
[J46          0.355511    0.523646              0.847917       0.752083                  0.520347        0.763824            108.893       
[J47          0.324059    0.529232              0.864352       0.754167                  0.518274        0.771321            111.197       
