{
  "save_model": false,
  "bilm_unit": 1024,
  "validation": true,
  "learning_rate": 0.0001,
  "layer": 1,
  "unit": 300,
  "resume_vocab": null,
  "bilm_add_original": 0.0,
  "bilm_layer": 1,
  "epoch": 100,
  "bilm_dropout": 0.0,
  "bilm_mode": "sampling",
  "bilm_ratio": 0.25,
  "bilm_residual": 0.0,
  "bilm_gumbel": false,
  "model": "cnn",
  "dataset": "rt-polarity",
  "out": "result",
  "bilm_wordwise": true,
  "batchsize": 64,
  "seed": 2018,
  "bilm_temp": 1.0,
  "gpu": 0,
  "bilm": null,
  "dropout": 0.1,
  "no_label": false,
  "stop_epoch": 20
}
constract vocabulary based on frequency
# train data: 8635
# test  data: 960
# vocab: 20399
# class: 2
epoch       main/loss   validation/main/loss  main/accuracy  validation/main/accuracy  test/main/loss  test/main/accuracy  elapsed_time
[J1           0.692442    0.683769              0.527662       0.577083                  0.681462        0.603561            4.60022       
[J2           0.673754    0.671818              0.585532       0.597917                  0.668724        0.606373            6.97808       
[J3           0.64743     0.655746              0.637153       0.628125                  0.653328        0.61762             9.27675       
[J4           0.611857    0.633465              0.682292       0.648958                  0.632153        0.638238            11.6275       
[J5           0.556405    0.6318                0.728935       0.642708                  0.607414        0.669166            13.9436       
[J6           0.489251    0.578522              0.787384       0.703125                  0.577549        0.683224            16.2658       
[J7           0.410202    0.553585              0.830556       0.723958                  0.547389        0.71134             18.5871       
[J8           0.328711    0.539397              0.874421       0.740625                  0.529473        0.732896            20.9163       
[J9           0.261504    0.53747               0.901852       0.747917                  0.523833        0.741331            23.2222       
[J10          0.204478    0.544923              0.931134       0.739583                  0.545072        0.738519            25.5655       
[J11          0.166558    0.563127              0.94456        0.744792                  0.55398         0.741331            27.8912       
[J12          0.129855    0.566403              0.95706        0.7625                    0.538832        0.765698            30.2155       
[J13          0.105524    0.585664              0.964785       0.757292                  0.570034        0.760075            32.5131       
[J14          0.0817033   0.597343              0.977894       0.757292                  0.578022        0.763824            34.8334       
[J15          0.0675716   0.619536              0.980093       0.75625                   0.595873        0.763824            37.18         
[J16          0.057356    0.638253              0.985185       0.757292                  0.632246        0.753515            39.4809       
[J17          0.0463555   0.65404               0.987731       0.759375                  0.649716        0.764761            41.8303       
[J18          0.0371642   0.671372              0.990394       0.757292                  0.664547        0.770384            44.1501       
[J19          0.0393586   0.690263              0.987616       0.75625                   0.684859        0.770384            46.4668       
[J20          0.0273451   0.706083              0.993403       0.7625                    0.717011        0.758201            48.7827       
[J21          0.0285039   0.732301              0.99213        0.759375                  0.749626        0.758201            51.1506       
[J22          0.0245628   0.755549              0.993403       0.758333                  0.783906        0.746954            53.4921       
[J23          0.0184474   0.765634              0.995139       0.748958                  0.754376        0.770384            55.8188       
[J24          0.0170615   0.778382              0.99537        0.759375                  0.79058         0.759138            58.1418       
[J25          0.0182201   0.798719              0.994213       0.751042                  0.823581        0.746954            60.4811       
[J26          0.0158826   0.801186              0.994869       0.748958                  0.80378         0.767573            62.7878       
[J27          0.0154855   0.809433              0.995255       0.759375                  0.823409        0.774133            65.1135       
[J28          0.0120129   0.87462               0.997106       0.754167                  0.955338        0.742268            67.4683       
[J29          0.0115429   0.837681              0.997917       0.761458                  0.861497        0.767573            69.7735       
[J30          0.00966171  0.872716              0.998032       0.75625                   0.896613        0.752577            72.1051       
[J31          0.00913677  0.86707               0.997801       0.766667                  0.87955         0.770384            74.4179       
[J32          0.00938018  0.901528              0.997338       0.758333                  0.897188        0.765698            76.7414       
[J33          0.00981923  0.908193              0.996181       0.757292                  0.945984        0.761012            79.0553       
[J34          0.00758671  0.92112               0.997569       0.755208                  0.969464        0.754452            81.3944       
[J35          0.00894121  0.936113              0.996759       0.75625                   0.953131        0.761012            83.7188       
[J36          0.00597717  0.943097              0.998958       0.752083                  0.977343        0.761949            86.0409       
[J37          0.00678403  0.951977              0.998264       0.753125                  0.982455        0.759138            88.3556       
[J38          0.0079175   0.967882              0.997454       0.761458                  0.981264        0.761012            90.7929       
[J39          0.00605443  0.981241              0.998368       0.761458                  0.98774         0.760075            93.1437       
[J40          0.00580909  0.999302              0.998495       0.76875                   1.01891         0.76851             95.521        
[J41          0.00701263  1.0075                0.998032       0.767708                  1.05887         0.754452            97.8997       
[J42          0.00700892  1.04011               0.997917       0.76875                   1.02796         0.772259            100.213       
[J43          0.00573963  1.03625               0.998148       0.765625                  1.05013         0.760075            102.542       
[J44          0.00452824  1.03709               0.999074       0.767708                  1.07211         0.765698            104.858       
[J45          0.00489798  1.0548                0.998727       0.759375                  1.12638         0.749766            107.208       
[J46          0.0042629   1.0737                0.998958       0.769792                  1.16452         0.749766            109.513       
[J47          0.00275278  1.06905               0.999421       0.770833                  1.11898         0.76851             111.891       
[J48          0.00618336  1.13742               0.998264       0.758333                  1.26858         0.727273            114.227       
[J49          0.00403644  1.08711               0.998843       0.76875                   1.16229         0.755389            116.558       
[J50          0.00452454  1.0988                0.998727       0.771875                  1.14544         0.761949            118.876       
[J51          0.00436743  1.10679               0.998727       0.772917                  1.175           0.757263            121.295       
