{
  "bilm_gumbel": false,
  "bilm_temp": 1.0,
  "unit": 300,
  "model": "rnn",
  "resume_vocab": null,
  "bilm_ratio": 0.25,
  "bilm_add_original": 0.0,
  "bilm_residual": 0.0,
  "stop_epoch": 20,
  "dataset": "subj",
  "dropout": 0.1,
  "learning_rate": 0.0001,
  "gpu": 0,
  "validation": true,
  "out": "result",
  "epoch": 100,
  "bilm_layer": 1,
  "bilm_mode": "sampling",
  "bilm": null,
  "bilm_wordwise": true,
  "seed": 2018,
  "no_label": false,
  "bilm_dropout": 0.0,
  "bilm_unit": 1024,
  "save_model": false,
  "batchsize": 64,
  "layer": 1
}
constract vocabulary based on frequency
# train data: 8100
# test  data: 900
# vocab: 22752
# class: 2
epoch       main/loss   validation/main/loss  main/accuracy  validation/main/accuracy  test/main/loss  test/main/accuracy  elapsed_time
[J1           0.663005    0.504949              0.604208       0.764444                  0.511908        0.782               6.05358       
[J2           0.374416    0.322197              0.838706       0.864444                  0.324419        0.86                9.69137       
[J3           0.256461    0.282932              0.896453       0.885556                  0.292417        0.876               13.2853       
[J4           0.19362     0.27036               0.924828       0.89                      0.279695        0.887               16.9284       
[J5           0.146317    0.279075              0.948661       0.892222                  0.278564        0.892               20.5317       
[J6           0.111817    0.27877               0.959769       0.895556                  0.286289        0.897               24.1618       
[J7           0.0889486   0.29776               0.970982       0.895556                  0.287943        0.893               27.7863       
[J8           0.0659839   0.319339              0.977608       0.896667                  0.32665         0.891               31.4086       
[J9           0.0474775   0.384334              0.985851       0.901111                  0.354864        0.902               35.0317       
[J10          0.0390158   0.387596              0.988219       0.882222                  0.350054        0.895               38.6392       
[J11          0.0309549   0.369195              0.989419       0.893333                  0.340389        0.896               42.3046       
[J12          0.0219969   0.433228              0.992932       0.896667                  0.401203        0.893               45.8867       
[J13          0.0178739   0.470215              0.994094       0.9                       0.440056        0.89                49.5271       
[J14          0.0125063   0.492131              0.995908       0.897778                  0.418286        0.9                 53.1863       
[J15          0.016213    0.419571              0.994464       0.902222                  0.353235        0.9                 56.8272       
[J16          0.0113549   0.48246               0.997024       0.896667                  0.40608         0.9                 60.437        
[J17          0.0117694   0.490042              0.996432       0.896667                  0.416231        0.897               64.0587       
[J18          0.0129606   0.522583              0.995694       0.874444                  0.500788        0.888               67.7168       
[J19          0.00796756  0.512407              0.997272       0.897778                  0.420435        0.904               71.3413       
[J20          0.0111636   0.469846              0.996555       0.891111                  0.392136        0.904               74.9339       
[J21          0.00795803  0.486865              0.997892       0.91                      0.417149        0.904               78.5464       
