{
  "bilm_temp": 1.0,
  "bilm_layer": 1,
  "dropout": 0.6,
  "bilm_wordwise": true,
  "epoch": 100,
  "dataset": "subj",
  "bilm_mode": "sampling",
  "bilm_unit": 1024,
  "bilm": null,
  "save_model": false,
  "bilm_ratio": 0.25,
  "validation": true,
  "model": "rnn",
  "resume_vocab": null,
  "bilm_residual": 0.0,
  "batchsize": 64,
  "unit": 300,
  "stop_epoch": 20,
  "bilm_add_original": 0.0,
  "no_label": false,
  "layer": 1,
  "bilm_gumbel": false,
  "gpu": 0,
  "seed": 2018,
  "learning_rate": 0.0001,
  "out": "result",
  "bilm_dropout": 0.0
}
constract vocabulary based on frequency
# train data: 8100
# test  data: 900
# vocab: 22752
# class: 2
epoch       main/loss   validation/main/loss  main/accuracy  validation/main/accuracy  test/main/loss  test/main/accuracy  elapsed_time
[J1           0.68972     0.677914              0.540477       0.647778                  0.675441        0.662               5.50887       
[J2           0.536294    0.383496              0.73659        0.832222                  0.397856        0.83                9.06838       
[J3           0.401465    0.345709              0.81746        0.858889                  0.372968        0.841               12.5643       
[J4           0.348436    0.29817               0.845595       0.878889                  0.321702        0.869               16.075        
[J5           0.313048    0.28209               0.865203       0.885556                  0.301675        0.88                19.5935       
[J6           0.280875    0.269411              0.883981       0.895556                  0.282125        0.89                23.1134       
[J7           0.256978    0.264029              0.897073       0.892222                  0.279206        0.896               26.7121       
[J8           0.237224    0.257642              0.904528       0.896667                  0.277665        0.9                 30.2867       
[J9           0.214049    0.249064              0.912156       0.901111                  0.256134        0.905               33.9283       
[J10          0.198741    0.253206              0.920883       0.905556                  0.269097        0.903               37.511        
[J11          0.189309    0.268793              0.922367       0.902222                  0.275666        0.907               41.0863       
[J12          0.181306    0.26303               0.932788       0.908889                  0.2722          0.911               44.6439       
[J13          0.167398    0.241213              0.936147       0.91                      0.249014        0.911               48.2368       
[J14          0.157439    0.249451              0.937624       0.916667                  0.2604          0.91                51.7224       
[J15          0.14484     0.2339                0.94279        0.917778                  0.232407        0.912               55.247        
[J16          0.136799    0.250192              0.949033       0.913333                  0.24985         0.917               58.7682       
[J17          0.129605    0.244628              0.951649       0.918889                  0.246047        0.915               62.2721       
[J18          0.121513    0.267928              0.952879       0.913333                  0.273967        0.913               65.7907       
[J19          0.115188    0.2416                0.957713       0.915556                  0.236053        0.921               69.3104       
[J20          0.113192    0.235926              0.957431       0.92                      0.2297          0.921               72.8111       
[J21          0.102295    0.235672              0.96193        0.915556                  0.219906        0.926               76.3181       
[J22          0.0992981   0.253876              0.963706       0.916667                  0.231015        0.931               79.8446       
[J23          0.0894382   0.241407              0.966766       0.915556                  0.219423        0.925               83.3591       
[J24          0.0848054   0.242964              0.967274       0.908889                  0.215487        0.919               86.8868       
[J25          0.0837557   0.270116              0.968258       0.915556                  0.247271        0.924               90.5039       
[J26          0.077962    0.242094              0.97185        0.914444                  0.219817        0.925               94.1153       
[J27          0.0735007   0.263251              0.972318       0.917778                  0.234149        0.934               97.7135       
[J28          0.0704369   0.295569              0.973214       0.922222                  0.272729        0.928               101.281       
[J29          0.0622808   0.288163              0.97687        0.921111                  0.253262        0.921               104.873       
[J30          0.0609607   0.286091              0.976935       0.916667                  0.252075        0.927               108.434       
[J31          0.0580687   0.298378              0.9781         0.922222                  0.261347        0.923               112.016       
[J32          0.0580849   0.276245              0.978547       0.92                      0.245172        0.927               115.597       
[J33          0.0562673   0.308739              0.978716       0.923333                  0.280909        0.92                119.162       
[J34          0.0542321   0.301936              0.978346       0.918889                  0.256274        0.927               122.74        
[J35          0.0517623   0.281713              0.980407       0.921111                  0.233582        0.928               126.304       
[J36          0.0469838   0.308379              0.983883       0.921111                  0.260579        0.924               129.89        
[J37          0.0419441   0.333091              0.984251       0.916667                  0.27895         0.921               133.434       
[J38          0.0443884   0.29956               0.984375       0.911111                  0.25005         0.926               136.97        
[J39          0.0430785   0.307018              0.985367       0.917778                  0.2545          0.926               140.516       
[J40          0.0415021   0.296864              0.984621       0.92                      0.253263        0.929               144.064       
[J41          0.0421611   0.29161               0.985482       0.916667                  0.246569        0.928               147.639       
[J42          0.037398    0.331209              0.985615       0.922222                  0.28653         0.93                151.133       
[J43          0.0354614   0.323473              0.986467       0.923333                  0.287563        0.918               154.728       
[J44          0.0312407   0.349047              0.988467       0.927778                  0.293034        0.927               158.292       
