{
  "unit": 300,
  "bilm_residual": 0.0,
  "save_model": false,
  "no_label": false,
  "bilm_unit": 1024,
  "out": "result",
  "seed": 2018,
  "bilm_gumbel": false,
  "resume_vocab": null,
  "validation": true,
  "bilm_temp": 1.0,
  "bilm_dropout": 0.0,
  "learning_rate": 0.0001,
  "epoch": 100,
  "dropout": 0.3,
  "layer": 1,
  "bilm_mode": "sampling",
  "model": "rnn",
  "bilm_add_original": 0.0,
  "stop_epoch": 20,
  "bilm_ratio": 0.25,
  "gpu": 0,
  "bilm_wordwise": true,
  "bilm": null,
  "batchsize": 64,
  "bilm_layer": 1,
  "dataset": "subj"
}
constract vocabulary based on frequency
# train data: 8100
# test  data: 900
# vocab: 22752
# class: 2
epoch       main/loss   validation/main/loss  main/accuracy  validation/main/accuracy  test/main/loss  test/main/accuracy  elapsed_time
[J1           0.678793    0.539072              0.579109       0.755556                  0.530596        0.766               5.56722       
[J2           0.415688    0.336507              0.814715       0.855556                  0.342353        0.852               9.37936       
[J3           0.301569    0.301479              0.87438        0.867778                  0.322993        0.868               12.9733       
[J4           0.244372    0.264441              0.904774       0.893333                  0.279714        0.891               16.6087       
[J5           0.207527    0.262661              0.919519       0.902222                  0.274747        0.897               20.1984       
[J6           0.173695    0.252453              0.934547       0.903333                  0.266035        0.898               23.8229       
[J7           0.151889    0.260026              0.940724       0.901111                  0.269141        0.9                 27.3934       
[J8           0.125993    0.255235              0.954232       0.904444                  0.265253        0.898               30.993        
[J9           0.104886    0.293712              0.961245       0.902222                  0.299649        0.898               34.598        
[J10          0.0910631   0.298056              0.967634       0.907778                  0.299729        0.903               38.1287       
[J11          0.0815959   0.300909              0.969611       0.908889                  0.306093        0.9                 41.6993       
[J12          0.07369     0.318878              0.971478       0.904444                  0.315189        0.907               45.26         
[J13          0.0593158   0.288763              0.977116       0.915556                  0.29574         0.905               48.8578       
[J14          0.0565978   0.277547              0.977927       0.916667                  0.272513        0.908               52.4245       
[J15          0.0447026   0.323233              0.983022       0.917778                  0.311844        0.911               55.9865       
