{
  "seed": 2018,
  "bilm_mode": "sampling",
  "stop_epoch": 20,
  "bilm_dropout": 0.0,
  "learning_rate": 0.0001,
  "no_label": false,
  "bilm_unit": 1024,
  "model": "rnn",
  "save_model": false,
  "gpu": 0,
  "dataset": "subj",
  "resume_vocab": null,
  "out": "result",
  "batchsize": 64,
  "bilm_layer": 1,
  "bilm": null,
  "validation": true,
  "bilm_wordwise": true,
  "dropout": 0.5,
  "bilm_temp": 1.0,
  "bilm_residual": 0.0,
  "layer": 1,
  "unit": 300,
  "bilm_add_original": 0.0,
  "epoch": 100,
  "bilm_gumbel": false,
  "bilm_ratio": 0.25
}
constract vocabulary based on frequency
# train data: 8100
# test  data: 900
# vocab: 22752
# class: 2
epoch       main/loss   validation/main/loss  main/accuracy  validation/main/accuracy  test/main/loss  test/main/accuracy  elapsed_time
[J1           0.687555    0.662539              0.554872       0.683333                  0.658318        0.705               5.6953        
[J2           0.486989    0.362103              0.771654       0.844444                  0.373879        0.836               9.33907       
[J3           0.36235     0.321247              0.839782       0.874444                  0.347753        0.855               12.8784       
[J4           0.307752    0.283603              0.870202       0.884444                  0.307577        0.873               16.472        
[J5           0.272244    0.273263              0.886533       0.883333                  0.296379        0.893               20.0452       
[J6           0.238053    0.259907              0.903789       0.895556                  0.273499        0.892               23.5936       
[J7           0.216782    0.266032              0.913194       0.893333                  0.27771         0.906               27.1503       
[J8           0.19593     0.25483               0.923228       0.897778                  0.264447        0.9                 30.7001       
[J9           0.172364    0.255064              0.931964       0.901111                  0.264355        0.905               34.509        
[J10          0.160336    0.26717               0.937996       0.904444                  0.296871        0.891               38.1446       
[J11          0.14798     0.266026              0.942667       0.904444                  0.276371        0.91                41.7369       
[J12          0.136894    0.268701              0.948537       0.905556                  0.278425        0.904               45.2987       
[J13          0.119519    0.248845              0.958538       0.911111                  0.253511        0.912               48.8845       
[J14          0.116641    0.245259              0.956721       0.914444                  0.24363         0.917               52.4407       
[J15          0.104511    0.257616              0.960138       0.916667                  0.246466        0.919               56.0344       
[J16          0.0959711   0.274562              0.96255        0.913333                  0.271747        0.913               59.6018       
[J17          0.0975656   0.267899              0.964567       0.917778                  0.255329        0.918               63.1429       
[J18          0.0862632   0.297182              0.967151       0.902222                  0.294692        0.907               66.775        
[J19          0.0808858   0.265404              0.96999        0.916667                  0.245375        0.922               70.3574       
[J20          0.0772633   0.260322              0.969119       0.914444                  0.231768        0.922               73.927        
[J21          0.0704284   0.262829              0.974206       0.918889                  0.231245        0.918               77.4545       
[J22          0.0650381   0.275211              0.976009       0.914444                  0.234945        0.92                81.0253       
[J23          0.0574274   0.274844              0.978795       0.914444                  0.243225        0.924               84.5915       
[J24          0.0528353   0.291004              0.978469       0.913333                  0.2392          0.914               88.1399       
[J25          0.05046     0.319107              0.981545       0.912222                  0.288991        0.919               91.7148       
[J26          0.043916    0.295024              0.984127       0.906667                  0.252724        0.919               95.2766       
[J27          0.0473061   0.30772               0.982899       0.92                      0.263051        0.926               98.818        
[J28          0.0412544   0.330433              0.986111       0.911111                  0.285993        0.925               102.357       
[J29          0.0387857   0.348092              0.98499        0.913333                  0.303136        0.922               105.924       
[J30          0.0379379   0.322319              0.987103       0.911111                  0.265886        0.924               109.49        
[J31          0.0333603   0.321599              0.987205       0.916667                  0.26624         0.928               113.036       
[J32          0.0353239   0.320739              0.988839       0.918889                  0.280491        0.925               116.598       
[J33          0.0318406   0.344618              0.988804       0.912222                  0.294304        0.918               120.192       
[J34          0.0316498   0.377876              0.988189       0.915556                  0.318233        0.924               123.728       
[J35          0.0301138   0.349405              0.989707       0.916667                  0.271892        0.921               127.319       
[J36          0.0312986   0.339853              0.988804       0.911111                  0.277123        0.922               130.912       
[J37          0.0239796   0.366928              0.991815       0.908889                  0.293188        0.923               134.45        
[J38          0.0278669   0.34428               0.991142       0.923333                  0.270996        0.93                137.983       
