{
  "gpu": 0,
  "stop_epoch": 20,
  "save_model": false,
  "bilm_wordwise": true,
  "bilm_gumbel": false,
  "layer": 1,
  "out": "result",
  "no_label": false,
  "batchsize": 64,
  "bilm": null,
  "learning_rate": 0.0001,
  "bilm_mode": "sampling",
  "resume_vocab": null,
  "bilm_dropout": 0.0,
  "model": "rnn",
  "bilm_residual": 0.0,
  "validation": true,
  "dataset": "subj",
  "epoch": 100,
  "dropout": 0.2,
  "unit": 300,
  "bilm_temp": 1.0,
  "seed": 2018,
  "bilm_add_original": 0.0,
  "bilm_ratio": 0.25,
  "bilm_layer": 1,
  "bilm_unit": 1024
}
constract vocabulary based on frequency
# train data: 8100
# test  data: 900
# vocab: 22752
# class: 2
epoch       main/loss   validation/main/loss  main/accuracy  validation/main/accuracy  test/main/loss  test/main/accuracy  elapsed_time
[J1           0.671479    0.519557              0.593135       0.736667                  0.517751        0.772               5.642         
[J2           0.393166    0.329519              0.828986       0.86                      0.331409        0.859               9.28544       
[J3           0.276666    0.295438              0.887277       0.87                      0.308297        0.874               12.874        
[J4           0.219815    0.270589              0.914985       0.887778                  0.271121        0.888               16.69         
[J5           0.177976    0.27781               0.93502        0.897778                  0.27139         0.892               20.3718       
[J6           0.144556    0.259485              0.945989       0.896667                  0.26243         0.899               24.0078       
[J7           0.120532    0.268182              0.957465       0.904444                  0.266989        0.898               27.5974       
[J8           0.0962522   0.271738              0.964075       0.896667                  0.263895        0.901               31.1594       
[J9           0.0783782   0.346415              0.974286       0.89                      0.344782        0.891               34.7694       
[J10          0.0639703   0.339014              0.978175       0.89                      0.344031        0.894               38.3342       
[J11          0.0526771   0.302094              0.981053       0.903333                  0.289335        0.905               42.0903       
[J12          0.0435207   0.429944              0.984871       0.896667                  0.407352        0.901               46.0593       
[J13          0.0415115   0.381803              0.985605       0.904444                  0.350986        0.91                49.7032       
[J14          0.0348826   0.351729              0.987475       0.9                       0.290783        0.913               53.3074       
[J15          0.026605    0.411347              0.991265       0.904444                  0.370564        0.905               56.8836       
[J16          0.0285485   0.417409              0.989831       0.898889                  0.348528        0.912               60.4583       
[J17          0.0263131   0.448104              0.991265       0.898889                  0.380981        0.908               64.0423       
[J18          0.0236771   0.471969              0.992003       0.89                      0.450564        0.897               67.6578       
[J19          0.0183828   0.389835              0.994792       0.9                       0.317755        0.917               71.2177       
[J20          0.0145563   0.384436              0.995202       0.907778                  0.339106        0.912               74.8204       
