{
  "out": "result",
  "model": "rnn",
  "bilm_dropout": 0.0,
  "bilm_residual": 0.0,
  "resume_vocab": null,
  "seed": 2018,
  "bilm_layer": 1,
  "validation": true,
  "dataset": "subj",
  "gpu": 0,
  "bilm": null,
  "stop_epoch": 20,
  "layer": 1,
  "bilm_ratio": 0.25,
  "dropout": 0.4,
  "bilm_add_original": 0.0,
  "bilm_wordwise": true,
  "epoch": 100,
  "bilm_mode": "sampling",
  "bilm_temp": 1.0,
  "batchsize": 64,
  "learning_rate": 0.0001,
  "bilm_unit": 1024,
  "save_model": false,
  "no_label": false,
  "unit": 300,
  "bilm_gumbel": false
}
constract vocabulary based on frequency
# train data: 8100
# test  data: 900
# vocab: 22752
# class: 2
epoch       main/loss   validation/main/loss  main/accuracy  validation/main/accuracy  test/main/loss  test/main/accuracy  elapsed_time
[J1           0.684711    0.627298              0.569513       0.72                      0.619564        0.741               5.70909       
[J2           0.449546    0.347523              0.795276       0.85                      0.360139        0.838               9.35126       
[J3           0.329054    0.305188              0.854911       0.868889                  0.329671        0.866               13.03         
[J4           0.275063    0.271484              0.887057       0.883333                  0.293393        0.881               16.6877       
[J5           0.23768     0.267752              0.90439        0.888889                  0.287858        0.891               20.3173       
[J6           0.203971    0.258926              0.916585       0.901111                  0.273648        0.895               23.9587       
[J7           0.183486    0.2712                0.927455       0.898889                  0.279659        0.899               27.5868       
[J8           0.161433    0.250534              0.934055       0.901111                  0.25172         0.898               31.2101       
[J9           0.136466    0.265842              0.947589       0.901111                  0.260646        0.901               34.8593       
[J10          0.126145    0.269571              0.953497       0.903333                  0.275038        0.902               38.4975       
[J11          0.112836    0.268894              0.956939       0.907778                  0.266265        0.904               42.2017       
[J12          0.100624    0.28731               0.961682       0.905556                  0.286933        0.908               45.7813       
[J13          0.087452    0.258431              0.967766       0.915556                  0.256667        0.909               49.4418       
[J14          0.083024    0.257263              0.969866       0.91                      0.251301        0.915               53.0695       
[J15          0.0729555   0.270717              0.97158        0.913333                  0.253781        0.913               56.6982       
[J16          0.0646153   0.302936              0.975074       0.914444                  0.291083        0.912               60.3184       
[J17          0.065771    0.28924               0.973794       0.912222                  0.264113        0.92                63.9516       
[J18          0.0553163   0.343349              0.980069       0.896667                  0.319965        0.911               67.5839       
[J19          0.0470428   0.313807              0.984747       0.91                      0.265812        0.92                71.173        
[J20          0.0466852   0.300034              0.98093        0.913333                  0.251519        0.919               74.8132       
[J21          0.0462535   0.311571              0.982763       0.917778                  0.26231         0.92                78.4366       
