{
  "bilm_temp": 1.0,
  "bilm_gumbel": false,
  "resume_vocab": null,
  "validation": true,
  "out": "result",
  "gpu": 0,
  "bilm": null,
  "batchsize": 64,
  "model": "cnn",
  "bilm_add_original": 0.0,
  "stop_epoch": 20,
  "no_label": false,
  "epoch": 100,
  "dataset": "mpqa",
  "dropout": 0.4,
  "bilm_residual": 0.0,
  "seed": 2018,
  "bilm_layer": 1,
  "layer": 1,
  "bilm_wordwise": true,
  "unit": 300,
  "learning_rate": 0.0001,
  "bilm_dropout": 0.0,
  "bilm_ratio": 0.25,
  "save_model": false,
  "bilm_unit": 1024,
  "bilm_mode": "sampling"
}
constract vocabulary based on frequency
# train data: 8587
# test  data: 955
# vocab: 5968
# class: 2
epoch       main/loss   validation/main/loss  main/accuracy  validation/main/accuracy  test/main/loss  test/main/accuracy  elapsed_time
[J1           0.630758    0.610628              0.672107       0.699476                  0.604108        0.69934             4.36782       
[J2           0.618328    0.604186              0.683769       0.699476                  0.595742        0.69934             6.70896       
[J3           0.611391    0.60492               0.685518       0.704712                  0.595879        0.707823            9.05726       
[J4           0.602686    0.592627              0.685751       0.714136                  0.582118        0.717248            11.3473       
[J5           0.592607    0.578197              0.693447       0.720419                  0.567698        0.732328            13.6901       
[J6           0.576406    0.555042              0.702083       0.741361                  0.543314        0.762488            16.0087       
[J7           0.55655     0.530289              0.718633       0.763351                  0.51793         0.778511            18.3324       
[J8           0.530357    0.499381              0.745569       0.772775                  0.483906        0.795476            20.6293       
[J9           0.492011    0.478857              0.76854        0.775916                  0.460171        0.821866            22.9454       
[J10          0.460555    0.461618              0.787896       0.781152                  0.437762        0.829406            25.2538       
[J11          0.428465    0.44667               0.809468       0.789529                  0.420971        0.836004            27.544        
[J12          0.395817    0.432596              0.826273       0.795812                  0.404876        0.833176            29.8832       
[J13          0.369356    0.43147               0.841768       0.794764                  0.397308        0.835061            32.1907       
[J14          0.347305    0.419958              0.853545       0.810471                  0.38502         0.844486            34.5196       
[J15          0.324031    0.415742              0.866488       0.816754                  0.374738        0.852026            36.8434       
[J16          0.316763    0.409107              0.870686       0.82199                   0.371895        0.851084            39.1708       
[J17          0.284488    0.409512              0.884212       0.826178                  0.379124        0.846371            41.6057       
[J18          0.270678    0.417866              0.891667       0.826178                  0.378839        0.844486            43.995        
[J19          0.265532    0.411146              0.892841       0.829319                  0.359589        0.861451            46.3768       
[J20          0.251254    0.416762              0.90007        0.827225                  0.369378        0.852026            48.7042       
[J21          0.240967    0.420491              0.910448       0.831414                  0.365401        0.855796            51.0254       
[J22          0.228608    0.425822              0.913246       0.828272                  0.367573        0.852026            53.3793       
[J23          0.219922    0.426067              0.914879       0.835602                  0.369106        0.853911            55.6857       
[J24          0.216962    0.432097              0.918171       0.830366                  0.372431        0.852969            58.0375       
[J25          0.195442    0.436064              0.926772       0.833508                  0.370756        0.858624            60.379        
[J26          0.193495    0.447297              0.92479        0.830366                  0.386188        0.837889            62.7041       
[J27          0.191042    0.443468              0.927355       0.835602                  0.376065        0.855796            65.0235       
[J28          0.177838    0.450765              0.934352       0.833508                  0.387349        0.846371            67.3456       
[J29          0.176692    0.451626              0.934235       0.836649                  0.378208        0.855796            69.6914       
[J30          0.167892    0.45652               0.935417       0.843979                  0.381263        0.856739            72.0351       
