{
  "dataset": "mpqa",
  "bilm_gumbel": false,
  "stop_epoch": 20,
  "model": "cnn",
  "bilm_wordwise": true,
  "bilm_residual": 0.0,
  "bilm_add_original": 0.0,
  "dropout": 0.1,
  "save_model": false,
  "layer": 1,
  "bilm_dropout": 0.0,
  "learning_rate": 0.0001,
  "no_label": false,
  "bilm_ratio": 0.25,
  "bilm_layer": 1,
  "validation": true,
  "gpu": 0,
  "epoch": 100,
  "unit": 300,
  "bilm_mode": "sampling",
  "bilm": null,
  "bilm_temp": 1.0,
  "resume_vocab": null,
  "seed": 2018,
  "batchsize": 64,
  "bilm_unit": 1024,
  "out": "result"
}
constract vocabulary based on frequency
# train data: 8587
# test  data: 955
# vocab: 5968
# class: 2
epoch       main/loss   validation/main/loss  main/accuracy  validation/main/accuracy  test/main/loss  test/main/accuracy  elapsed_time
[J1           0.618315    0.593181              0.67662        0.699476                  0.584204        0.69934             4.85671       
[J2           0.588061    0.562427              0.690998       0.729843                  0.549105        0.742696            7.16985       
[J3           0.53416     0.515034              0.736357       0.770681                  0.495536        0.796418            9.48107       
[J4           0.452282    0.461795              0.794543       0.789529                  0.437056        0.825636            11.7844       
[J5           0.37437     0.429193              0.844333       0.805236                  0.396124        0.839774            14.1044       
[J6           0.300179    0.414415              0.878935       0.815707                  0.373577        0.849199            16.4191       
[J7           0.248042    0.417966              0.90042        0.824084                  0.375641        0.857681            18.7586       
[J8           0.20725     0.423211              0.921292       0.839791                  0.378029        0.830349            21.0353       
[J9           0.171223    0.429799              0.936101       0.839791                  0.367598        0.859566            23.3767       
[J10          0.149666    0.446464              0.944963       0.832461                  0.382707        0.852969            25.6905       
[J11          0.130984    0.465284              0.954757       0.837696                  0.393875        0.847314            28.0394       
[J12          0.111803    0.475301              0.961921       0.838743                  0.394848        0.852026            30.3411       
[J13          0.103091    0.494245              0.963736       0.832461                  0.405686        0.851084            32.6882       
[J14          0.087186    0.509733              0.970849       0.838743                  0.418786        0.852026            34.9924       
[J15          0.080131    0.520125              0.971548       0.841885                  0.429565        0.855796            37.3055       
[J16          0.0759575   0.536176              0.972365       0.841885                  0.444327        0.849199            39.5962       
[J17          0.0736797   0.550111              0.972365       0.834555                  0.473723        0.814326            41.9157       
[J18          0.0623368   0.568056              0.974884       0.834555                  0.46396         0.853911            44.2303       
[J19          0.0635905   0.581043              0.977145       0.837696                  0.47487         0.854854            46.538        
[J20          0.0603742   0.570573              0.978078       0.835602                  0.505492        0.803959            48.8421       
[J21          0.0616181   0.577119              0.977262       0.840838                  0.480562        0.847314            51.1435       
[J22          0.0578561   0.586529              0.979478       0.843979                  0.480015        0.852026            53.4814       
[J23          0.0516212   0.600847              0.979944       0.834555                  0.485837        0.855796            55.776        
[J24          0.0519616   0.609868              0.97963        0.838743                  0.522827        0.815269            58.1165       
[J25          0.0501824   0.630206              0.980527       0.853403                  0.506307        0.858624            60.4094       
[J26          0.0479135   0.641083              0.982626       0.838743                  0.522805        0.820924            62.7316       
[J27          0.0463005   0.638894              0.982159       0.831414                  0.509987        0.853911            65.0055       
[J28          0.0454216   0.639908              0.98181        0.846073                  0.533376        0.819981            67.3136       
[J29          0.0475384   0.63594               0.98181        0.85445                   0.525343        0.853911            69.6084       
