{
  "bilm": null,
  "gpu": 0,
  "seed": 2018,
  "bilm_temp": 1.0,
  "no_label": false,
  "dataset": "mpqa",
  "bilm_ratio": 0.25,
  "validation": true,
  "dropout": 0.2,
  "bilm_gumbel": false,
  "save_model": false,
  "bilm_mode": "sampling",
  "unit": 300,
  "resume_vocab": null,
  "batchsize": 64,
  "bilm_layer": 1,
  "out": "result",
  "bilm_dropout": 0.0,
  "layer": 1,
  "stop_epoch": 20,
  "bilm_residual": 0.0,
  "learning_rate": 0.0001,
  "bilm_unit": 1024,
  "bilm_wordwise": true,
  "bilm_add_original": 0.0,
  "model": "cnn",
  "epoch": 100
}
constract vocabulary based on frequency
# train data: 8587
# test  data: 955
# vocab: 5968
# class: 2
epoch       main/loss   validation/main/loss  main/accuracy  validation/main/accuracy  test/main/loss  test/main/accuracy  elapsed_time
[J1           0.622263    0.599201              0.675579       0.699476                  0.590908        0.69934             4.38531       
[J2           0.602288    0.57959               0.684935       0.710995                  0.567686        0.71065             6.95461       
[J3           0.574436    0.554546              0.704991       0.746597                  0.538516        0.775683            9.53687       
[J4           0.52955     0.503204              0.740205       0.764398                  0.482022        0.793591            12.1273       
[J5           0.467634    0.468253              0.786381       0.786387                  0.441387        0.825636            14.5419       
[J6           0.40256     0.436613              0.822917       0.805236                  0.404448        0.834119            17.0265       
[J7           0.348849    0.42192               0.855294       0.819895                  0.388245        0.841659            19.6712       
[J8           0.309141    0.414336              0.870569       0.819895                  0.377116        0.848256            22.2875       
[J9           0.263793    0.416523              0.897038       0.829319                  0.365198        0.860509            24.6545       
[J10          0.233521    0.427199              0.910098       0.828272                  0.372888        0.852969            27.0889       
[J11          0.21391     0.433994              0.916278       0.831414                  0.3719          0.854854            29.5165       
[J12          0.192522    0.43667               0.927778       0.832461                  0.368636        0.858624            31.9321       
[J13          0.176464    0.45734               0.935168       0.832461                  0.379668        0.850141            34.2714       
[J14          0.159479    0.460496              0.937966       0.833508                  0.391128        0.844486            36.573        
[J15          0.143936    0.472323              0.947645       0.834555                  0.387874        0.856739            38.9098       
[J16          0.137323    0.482622              0.950443       0.838743                  0.408734        0.842601            41.2033       
[J17          0.127283    0.492682              0.954874       0.835602                  0.421961        0.812441            43.5427       
[J18          0.116155    0.511688              0.957523       0.832461                  0.424235        0.819981            45.8662       
[J19          0.113994    0.519691              0.95639        0.832461                  0.418945        0.852969            48.2147       
[J20          0.107141    0.512721              0.960471       0.837696                  0.430694        0.839774            50.5072       
[J21          0.100465    0.527729              0.963503       0.833508                  0.435631        0.820924            52.8633       
[J22          0.0964008   0.536818              0.965835       0.843979                  0.427924        0.854854            55.3357       
[J23          0.0868211   0.55186               0.965952       0.837696                  0.434709        0.856739            57.9807       
[J24          0.0875423   0.554181              0.966204       0.835602                  0.444811        0.850141            60.5234       
[J25          0.0788204   0.569488              0.96875        0.843979                  0.441799        0.860509            62.8919       
[J26          0.0758667   0.587856              0.972132       0.829319                  0.461078        0.847314            65.1782       
[J27          0.0744338   0.588653              0.973064       0.837696                  0.457996        0.856739            67.5233       
[J28          0.0734369   0.589249              0.972365       0.839791                  0.475073        0.844486            69.8152       
[J29          0.0693897   0.592622              0.976213       0.850262                  0.464138        0.860509            72.1329       
