{
  "bilm_dropout": 0.0,
  "save_model": false,
  "layer": 1,
  "bilm": null,
  "unit": 300,
  "epoch": 100,
  "validation": true,
  "bilm_gumbel": false,
  "seed": 2018,
  "bilm_mode": "sampling",
  "model": "cnn",
  "bilm_temp": 1.0,
  "learning_rate": 0.0001,
  "resume_vocab": null,
  "bilm_add_original": 0.0,
  "dataset": "mpqa",
  "bilm_wordwise": true,
  "bilm_unit": 1024,
  "stop_epoch": 20,
  "no_label": false,
  "dropout": 0.5,
  "bilm_ratio": 0.25,
  "bilm_layer": 1,
  "bilm_residual": 0.0,
  "batchsize": 64,
  "gpu": 0,
  "out": "result"
}
constract vocabulary based on frequency
# train data: 8587
# test  data: 955
# vocab: 5968
# class: 2
epoch       main/loss   validation/main/loss  main/accuracy  validation/main/accuracy  test/main/loss  test/main/accuracy  elapsed_time
[J1           0.640436    0.616874              0.666088       0.699476                  0.611287        0.69934             4.232         
[J2           0.626961    0.61315               0.68027        0.699476                  0.605518        0.69934             6.48596       
[J3           0.620477    0.617854              0.685051       0.699476                  0.609708        0.69934             8.78707       
[J4           0.614494    0.615347              0.682253       0.699476                  0.606098        0.69934             11.0439       
[J5           0.613445    0.614196              0.685634       0.705759                  0.605293        0.708765            13.3635       
[J6           0.607905    0.605746              0.684722       0.709948                  0.596254        0.709708            15.6742       
[J7           0.603485    0.598722              0.687034       0.715183                  0.589256        0.713478            17.9603       
[J8           0.599071    0.593641              0.687617       0.721466                  0.583818        0.735156            20.1929       
[J9           0.585549    0.586097              0.695895       0.74555                   0.575357        0.762488            22.4763       
[J10          0.573711    0.5697                0.703941       0.757068                  0.55693         0.782281            24.7232       
[J11          0.562003    0.552244              0.718167       0.759162                  0.539345        0.791706            26.9885       
[J12          0.540162    0.530298              0.734375       0.758115                  0.516368        0.802074            29.2484       
[J13          0.525719    0.5136                0.741138       0.765445                  0.499754        0.813384            31.4978       
[J14          0.499711    0.486468              0.76201        0.779058                  0.470102        0.824694            33.7608       
[J15          0.474991    0.474353              0.785331       0.781152                  0.456202        0.818096            36.0227       
[J16          0.457468    0.452345              0.790928       0.793717                  0.434124        0.824694            38.2769       
[J17          0.428019    0.442637              0.808535       0.793717                  0.428239        0.825636            40.5216       
[J18          0.405949    0.432453              0.820486       0.79267                   0.41473         0.827521            42.8052       
[J19          0.392013    0.422171              0.830574       0.801047                  0.399471        0.837889            45.0559       
[J20          0.374355    0.415551              0.838969       0.805236                  0.393954        0.837889            47.2962       
[J21          0.360055    0.411022              0.847948       0.81466                   0.38586         0.843544            49.5503       
[J22          0.35098     0.407881              0.855294       0.811518                  0.379067        0.844486            51.8089       
[J23          0.328157    0.402645              0.865089       0.818848                  0.371616        0.844486            54.0383       
[J24          0.318025    0.40923               0.869444       0.819895                  0.376167        0.843544            56.3          
[J25          0.296374    0.402704              0.875233       0.819895                  0.36241         0.846371            58.5712       
[J26          0.290136    0.41241               0.88153        0.820942                  0.373477        0.849199            60.8151       
[J27          0.281366    0.404123              0.890742       0.831414                  0.362468        0.850141            63.0686       
[J28          0.259777    0.41157               0.89937        0.826178                  0.369889        0.849199            65.3156       
[J29          0.259291    0.410572              0.895989       0.831414                  0.363173        0.854854            67.5866       
[J30          0.251207    0.411905              0.902083       0.833508                  0.365797        0.852969            69.8603       
[J31          0.249317    0.413044              0.901586       0.831414                  0.363417        0.852969            72.1139       
[J32          0.237647    0.419031              0.904034       0.830366                  0.373715        0.818096            74.3713       
[J33          0.229177    0.417487              0.915229       0.835602                  0.363313        0.852026            76.6164       
[J34          0.218797    0.42625               0.913363       0.829319                  0.370055        0.847314            78.8807       
[J35          0.218207    0.423401              0.916551       0.831414                  0.367238        0.849199            81.1246       
[J36          0.208723    0.425713              0.920009       0.833508                  0.369225        0.848256            83.3982       
[J37          0.21028     0.423109              0.917444       0.836649                  0.362987        0.851084            85.64         
[J38          0.205758    0.423786              0.922225       0.835602                  0.372103        0.846371            87.9115       
[J39          0.192547    0.431639              0.928638       0.836649                  0.373429        0.851084            90.1432       
[J40          0.191399    0.430117              0.928172       0.834555                  0.371273        0.852026            92.407        
[J41          0.184151    0.434553              0.932407       0.838743                  0.374036        0.850141            94.6727       
