{
  "bilm_wordwise": true,
  "learning_rate": 0.0001,
  "bilm_mode": "sampling",
  "bilm_ratio": 0.25,
  "bilm": null,
  "bilm_unit": 1024,
  "bilm_add_original": 0.0,
  "model": "cnn",
  "no_label": false,
  "validation": true,
  "bilm_residual": 0.0,
  "dataset": "mpqa",
  "dropout": 0.6,
  "epoch": 100,
  "save_model": false,
  "resume_vocab": null,
  "seed": 2018,
  "bilm_gumbel": false,
  "stop_epoch": 20,
  "bilm_dropout": 0.0,
  "batchsize": 64,
  "bilm_layer": 1,
  "gpu": 0,
  "bilm_temp": 1.0,
  "out": "result",
  "layer": 1,
  "unit": 300
}
constract vocabulary based on frequency
# train data: 8587
# test  data: 955
# vocab: 5968
# class: 2
epoch       main/loss   validation/main/loss  main/accuracy  validation/main/accuracy  test/main/loss  test/main/accuracy  elapsed_time
[J1           0.656239    0.623995              0.650116       0.699476                  0.619624        0.69934             4.27479       
[J2           0.636867    0.623726              0.669193       0.699476                  0.617282        0.69934             6.567         
[J3           0.63018     0.630549              0.678988       0.699476                  0.624252        0.69934             8.8894        
[J4           0.628163    0.630274              0.680737       0.699476                  0.624023        0.69934             11.1552       
[J5           0.623135    0.631841              0.682253       0.699476                  0.625657        0.69934             13.4799       
[J6           0.622401    0.629662              0.681481       0.699476                  0.62226         0.69934             15.7808       
[J7           0.622789    0.628639              0.682719       0.699476                  0.621682        0.69934             18.06         
[J8           0.621654    0.633398              0.682369       0.699476                  0.627368        0.69934             20.3037       
[J9           0.614721    0.634944              0.685518       0.699476                  0.628856        0.69934             22.5816       
[J10          0.615348    0.636408              0.683769       0.699476                  0.629942        0.69934             24.8406       
[J11          0.614708    0.633465              0.684818       0.704712                  0.626628        0.708765            27.0954       
[J12          0.60914     0.631068              0.685301       0.706806                  0.623595        0.708765            29.3729       
[J13          0.609416    0.634534              0.683652       0.712042                  0.627917        0.717248            31.6321       
[J14          0.60427     0.624613              0.688549       0.714136                  0.617658        0.717248            33.9121       
[J15          0.600689    0.625357              0.6868         0.725654                  0.618025        0.735156            36.17         
[J16          0.599777    0.616955              0.688899       0.725654                  0.610169        0.736098            38.436        
[J17          0.588484    0.615923              0.691465       0.75288                   0.610187        0.773798            40.6972       
[J18          0.582969    0.605998              0.698495       0.762304                  0.600192        0.782281            43.0388       
[J19          0.573064    0.592458              0.706856       0.764398                  0.586324        0.791706            45.3278       
[J20          0.56423     0.583972              0.710588       0.770681                  0.578716        0.797361            47.6133       
[J21          0.55486     0.561098              0.716418       0.768586                  0.554896        0.800188            49.9013       
[J22          0.544243    0.548781              0.725396       0.775916                  0.543634        0.806786            52.1837       
[J23          0.530781    0.537475              0.739389       0.774869                  0.531264        0.805844            54.4881       
[J24          0.513135    0.526444              0.75162        0.774869                  0.518524        0.803959            56.7704       
[J25          0.498416    0.499571              0.760028       0.786387                  0.489025        0.823751            59.072        
[J26          0.475686    0.48882               0.779151       0.77801                   0.480332        0.812441            61.3564       
[J27          0.460656    0.47624               0.787197       0.779058                  0.465484        0.819039            63.6604       
[J28          0.442769    0.462481              0.804105       0.782199                  0.452982        0.821866            65.9296       
[J29          0.425749    0.451264              0.811451       0.789529                  0.43811         0.825636            68.2333       
[J30          0.416251    0.446135              0.818056       0.789529                  0.435452        0.823751            70.5355       
[J31          0.40642     0.435689              0.821245       0.794764                  0.422357        0.832234            72.8243       
[J32          0.38871     0.433193              0.834771       0.793717                  0.421116        0.795476            75.1063       
[J33          0.384806    0.422504              0.834538       0.8                       0.409452        0.803959            77.4002       
[J34          0.361712    0.421056              0.842234       0.798953                  0.406986        0.802074            79.6921       
[J35          0.358689    0.417628              0.852199       0.802094                  0.39985         0.805844            81.972        
[J36          0.347898    0.414734              0.858092       0.803141                  0.396858        0.805844            84.276        
[J37          0.336598    0.40597               0.861124       0.816754                  0.38301         0.841659            86.5616       
[J38          0.325031    0.410766              0.865438       0.808377                  0.389906        0.808671            88.8676       
[J39          0.320467    0.406764              0.868354       0.810471                  0.382869        0.813384            91.1363       
[J40          0.312101    0.402733              0.871269       0.815707                  0.378472        0.815269            93.4447       
[J41          0.30302     0.401375              0.876736       0.815707                  0.374218        0.843544            95.741        
[J42          0.292954    0.402949              0.884095       0.81466                   0.373763        0.845429            98.0488       
[J43          0.288299    0.401433              0.883862       0.824084                  0.376004        0.814326            100.34        
[J44          0.288127    0.405359              0.885494       0.812565                  0.37744         0.809614            102.654       
[J45          0.270733    0.404564              0.895173       0.819895                  0.372346        0.813384            104.956       
[J46          0.265266    0.403675              0.898671       0.82199                   0.363833        0.847314            107.248       
[J47          0.266091    0.403779              0.896644       0.826178                  0.361573        0.850141            109.548       
[J48          0.255539    0.407597              0.898671       0.819895                  0.367844        0.845429            111.839       
[J49          0.248635    0.408071              0.904151       0.824084                  0.368896        0.815269            114.145       
[J50          0.243371    0.406621              0.906483       0.831414                  0.357274        0.855796            116.431       
[J51          0.244623    0.412254              0.906483       0.82199                   0.362025        0.849199            118.713       
[J52          0.238181    0.412347              0.910448       0.819895                  0.36422         0.845429            121.021       
[J53          0.235121    0.407272              0.910069       0.831414                  0.355517        0.857681            123.361       
[J54          0.234076    0.410221              0.909748       0.827225                  0.357418        0.853911            125.666       
[J55          0.22397     0.414229              0.914995       0.829319                  0.364078        0.850141            127.978       
[J56          0.22633     0.408811              0.914879       0.834555                  0.353977        0.858624            130.28        
[J57          0.217483    0.41098               0.918377       0.833508                  0.355976        0.856739            132.587       
[J58          0.218491    0.409329              0.917327       0.834555                  0.351066        0.860509            134.891       
[J59          0.199042    0.414436              0.924769       0.833508                  0.356202        0.857681            137.184       
[J60          0.202197    0.41491               0.925606       0.830366                  0.361915        0.852026            139.493       
[J61          0.203811    0.417568              0.922575       0.832461                  0.360351        0.857681            141.793       
[J62          0.200462    0.416623              0.927589       0.830366                  0.362326        0.851084            144.093       
[J63          0.198645    0.416687              0.925606       0.836649                  0.359149        0.857681            146.387       
[J64          0.198324    0.418067              0.924907       0.832461                  0.362317        0.852026            148.708       
[J65          0.189382    0.418894              0.928241       0.837696                  0.361112        0.856739            151.013       
[J66          0.187132    0.42068               0.930854       0.836649                  0.362468        0.853911            153.311       
[J67          0.185075    0.42324               0.931786       0.832461                  0.36392         0.853911            155.605       
[J68          0.181579    0.425483              0.929571       0.833508                  0.366785        0.821866            157.919       
[J69          0.181884    0.424386              0.930854       0.837696                  0.367523        0.819981            160.216       
[J70          0.180911    0.425656              0.934606       0.838743                  0.370075        0.821866            162.531       
[J71          0.173349    0.42716               0.935051       0.832461                  0.37001         0.821866            164.837       
[J72          0.175967    0.424727              0.936567       0.835602                  0.363095        0.852026            167.127       
[J73          0.176615    0.424389              0.934118       0.835602                  0.3611          0.852026            169.437       
[J74          0.17298     0.428274              0.935634       0.833508                  0.359836        0.860509            171.716       
[J75          0.172672    0.429763              0.933302       0.834555                  0.367913        0.820924            174.026       
[J76          0.172568    0.429741              0.937153       0.833508                  0.363834        0.855796            176.331       
[J77          0.158869    0.434823              0.941931       0.833508                  0.372394        0.823751            178.648       
[J78          0.16351     0.434308              0.9382         0.836649                  0.363289        0.862394            180.925       
[J79          0.162757    0.431701              0.939599       0.838743                  0.362826        0.861451            183.237       
[J80          0.16332     0.431943              0.938899       0.835602                  0.367686        0.828464            185.527       
[J81          0.160249    0.43496               0.940998       0.835602                  0.369046        0.826579            187.85        
[J82          0.160052    0.434597              0.940856       0.835602                  0.367427        0.828464            190.151       
[J83          0.153675    0.433304              0.945429       0.837696                  0.36137         0.863337            192.46        
[J84          0.154608    0.437544              0.940532       0.838743                  0.368071        0.829406            194.768       
[J85          0.145584    0.441223              0.946012       0.837696                  0.369065        0.856739            197.068       
[J86          0.155013    0.436776              0.942631       0.838743                  0.363391        0.861451            199.375       
[J87          0.145478    0.443078              0.945895       0.836649                  0.369242        0.854854            201.678       
[J88          0.1505      0.441657              0.945486       0.839791                  0.360081        0.866164            204.009       
[J89          0.151395    0.439465              0.94473        0.835602                  0.371334        0.827521            206.308       
[J90          0.137563    0.444785              0.948811       0.837696                  0.369937        0.857681            208.614       
[J91          0.142337    0.446928              0.946595       0.842932                  0.366409        0.864279            210.915       
[J92          0.140681    0.446349              0.945779       0.841885                  0.369716        0.857681            213.227       
[J93          0.145297    0.443757              0.94403        0.839791                  0.370062        0.858624            215.523       
[J94          0.137374    0.447312              0.948958       0.839791                  0.373721        0.855796            217.835       
[J95          0.133571    0.450089              0.950793       0.840838                  0.380198        0.826579            220.138       
[J96          0.138844    0.448544              0.948344       0.842932                  0.383261        0.826579            222.442       
[J97          0.131006    0.454192              0.94916        0.845026                  0.380001        0.823751            224.733       
