{
  "layer": 1,
  "bilm_unit": 1024,
  "bilm_add_original": 0.0,
  "epoch": 100,
  "dropout": 0.3,
  "gpu": 0,
  "out": "result",
  "bilm_layer": 1,
  "bilm_residual": 0.0,
  "bilm_wordwise": true,
  "seed": 2018,
  "no_label": false,
  "stop_epoch": 20,
  "resume_vocab": null,
  "bilm_dropout": 0.0,
  "dataset": "mpqa",
  "bilm_mode": "sampling",
  "bilm_ratio": 0.25,
  "batchsize": 64,
  "learning_rate": 0.0001,
  "unit": 300,
  "bilm": null,
  "model": "cnn",
  "bilm_temp": 1.0,
  "validation": true,
  "save_model": false,
  "bilm_gumbel": false
}
constract vocabulary based on frequency
# train data: 8587
# test  data: 955
# vocab: 5968
# class: 2
epoch       main/loss   validation/main/loss  main/accuracy  validation/main/accuracy  test/main/loss  test/main/accuracy  elapsed_time
[J1           0.624983    0.604266              0.675231       0.699476                  0.597113        0.69934             4.34298       
[J2           0.610891    0.592699              0.684235       0.704712                  0.581974        0.70688             6.85232       
[J3           0.598405    0.586592              0.688549       0.718325                  0.574908        0.728558            9.31995       
[J4           0.577839    0.555227              0.699977       0.732984                  0.540308        0.754948            11.6546       
[J5           0.547636    0.520612              0.728895       0.75288                   0.5043          0.780396            14.0831       
[J6           0.504986    0.485846              0.758102       0.770681                  0.464976        0.811499            16.684        
[J7           0.456492    0.454321              0.792327       0.794764                  0.429644        0.831291            19.1248       
[J8           0.414252    0.436422              0.820079       0.806283                  0.406249        0.829406            21.4541       
[J9           0.368684    0.425508              0.840602       0.805236                  0.389178        0.840716            23.8456       
[J10          0.33511     0.418394              0.857626       0.816754                  0.377166        0.845429            26.2026       
[J11          0.307018    0.414583              0.87535        0.82199                   0.369099        0.850141            28.6761       
[J12          0.282875    0.418927              0.885417       0.816754                  0.369676        0.852969            31.0348       
[J13          0.261272    0.4272                0.893773       0.820942                  0.368206        0.857681            33.4118       
[J14          0.238858    0.426474              0.9059         0.830366                  0.369211        0.854854            35.7639       
[J15          0.222645    0.435063              0.914529       0.829319                  0.366562        0.852026            38.1419       
[J16          0.212341    0.436831              0.91826        0.829319                  0.37746         0.846371            40.4708       
[J17          0.196877    0.441649              0.922575       0.832461                  0.385415        0.844486            42.8219       
[J18          0.181702    0.457986              0.930671       0.833508                  0.388768        0.850141            45.2103       
[J19          0.180094    0.459635              0.928871       0.834555                  0.373498        0.859566            47.5778       
[J20          0.169922    0.46503               0.937733       0.830366                  0.394778        0.842601            49.9031       
[J21          0.162282    0.469309              0.940065       0.835602                  0.390183        0.852026            52.2516       
[J22          0.158339    0.471202              0.942631       0.833508                  0.384861        0.852969            54.648        
[J23          0.145262    0.478042              0.946245       0.839791                  0.390118        0.859566            57.001        
[J24          0.145278    0.480282              0.946181       0.835602                  0.39575         0.854854            59.3906       
[J25          0.127045    0.494185              0.954174       0.845026                  0.39387         0.856739            61.7326       
[J26          0.127973    0.511472              0.95569        0.827225                  0.424493        0.813384            64.103        
[J27          0.124161    0.505139              0.951493       0.840838                  0.404552        0.853911            66.4263       
[J28          0.118616    0.515741              0.957789       0.835602                  0.41745         0.848256            68.7967       
[J29          0.112862    0.523289              0.959188       0.842932                  0.409891        0.850141            71.1425       
[J30          0.104793    0.536504              0.961574       0.846073                  0.419461        0.851084            73.5361       
