{
  "out": "result",
  "model": "cnn",
  "bilm_gumbel": false,
  "no_label": false,
  "layer": 1,
  "bilm_wordwise": true,
  "bilm_dropout": 0.0,
  "bilm_ratio": 0.25,
  "bilm_temp": 1.0,
  "bilm_add_original": 0.0,
  "stop_epoch": 20,
  "seed": 2018,
  "resume_vocab": null,
  "validation": true,
  "dataset": "subj",
  "save_model": false,
  "gpu": 0,
  "batchsize": 64,
  "bilm_layer": 1,
  "bilm": null,
  "dropout": 0.3,
  "epoch": 100,
  "unit": 300,
  "bilm_mode": "sampling",
  "bilm_residual": 0.0,
  "learning_rate": 0.0001,
  "bilm_unit": 1024
}
constract vocabulary based on frequency
# train data: 8100
# test  data: 900
# vocab: 22752
# class: 2
epoch       main/loss   validation/main/loss  main/accuracy  validation/main/accuracy  test/main/loss  test/main/accuracy  elapsed_time
[J1           0.705623    0.671786              0.515625       0.546667                  0.675735        0.52                4.16283       
[J2           0.676566    0.637328              0.573696       0.713333                  0.638586        0.734               6.54437       
[J3           0.643646    0.581632              0.632937       0.761111                  0.581353        0.774               8.7975        
[J4           0.582369    0.493015              0.698819       0.813333                  0.485847        0.822               11.0304       
[J5           0.511191    0.421887              0.752728       0.838889                  0.410547        0.839               13.2525       
[J6           0.440763    0.369422              0.801919       0.855556                  0.360504        0.845               15.4817       
[J7           0.385894    0.345955              0.829985       0.856667                  0.338879        0.856               17.6711       
[J8           0.339533    0.325963              0.851747       0.867778                  0.322369        0.865               19.9007       
[J9           0.310729    0.319145              0.870817       0.872222                  0.312659        0.874               22.1112       
[J10          0.274985    0.332579              0.887773       0.863333                  0.322257        0.864               24.3218       
[J11          0.245763    0.296296              0.904774       0.882222                  0.290119        0.88                26.5402       
[J12          0.223938    0.291244              0.909846       0.884444                  0.284372        0.883               28.747        
[J13          0.199499    0.276903              0.923474       0.888889                  0.271173        0.892               30.9477       
[J14          0.177528    0.273712              0.928819       0.89                      0.263632        0.897               33.2065       
[J15          0.164154    0.266043              0.9375         0.893333                  0.253916        0.901               35.4608       
[J16          0.150508    0.274485              0.94308        0.894444                  0.256811        0.899               37.6712       
[J17          0.130625    0.262299              0.951772       0.894444                  0.242135        0.905               39.9447       
[J18          0.125401    0.277359              0.953617       0.893333                  0.249943        0.906               42.1822       
[J19          0.101372    0.27025               0.96255        0.895556                  0.244931        0.905               44.4386       
[J20          0.0934616   0.2736                0.967028       0.893333                  0.246024        0.908               46.6596       
[J21          0.0911043   0.283803              0.967014       0.894444                  0.251849        0.908               48.9342       
[J22          0.074326    0.280222              0.971826       0.895556                  0.242737        0.912               51.2016       
[J23          0.0729547   0.273094              0.973958       0.901111                  0.240673        0.913               53.4364       
[J24          0.0628365   0.282743              0.977116       0.898889                  0.247823        0.915               55.6752       
[J25          0.0619163   0.285301              0.978469       0.902222                  0.246988        0.917               57.9208       
[J26          0.0523441   0.277962              0.981647       0.906667                  0.239283        0.921               60.1412       
[J27          0.0507686   0.286061              0.980561       0.907778                  0.241809        0.922               62.3865       
[J28          0.0433447   0.284984              0.985987       0.908889                  0.243755        0.923               64.6266       
[J29          0.0415453   0.301306              0.985482       0.905556                  0.253637        0.915               66.8638       
[J30          0.0351049   0.307454              0.987475       0.907778                  0.256866        0.918               69.0942       
[J31          0.0339271   0.310352              0.987082       0.906667                  0.255217        0.921               71.332        
[J32          0.0336704   0.324227              0.989335       0.905556                  0.263856        0.919               73.5782       
[J33          0.0318406   0.308927              0.988435       0.913333                  0.253111        0.925               75.8006       
[J34          0.0253171   0.314822              0.990527       0.915556                  0.258456        0.922               78.0627       
