{
  "dataset": "subj",
  "model": "cnn",
  "bilm_layer": 1,
  "bilm_ratio": 0.25,
  "unit": 300,
  "save_model": false,
  "stop_epoch": 20,
  "validation": true,
  "bilm_residual": 0.0,
  "gpu": 0,
  "no_label": false,
  "epoch": 100,
  "dropout": 0.2,
  "bilm_mode": "sampling",
  "seed": 2018,
  "bilm": null,
  "bilm_unit": 1024,
  "resume_vocab": null,
  "bilm_add_original": 0.0,
  "batchsize": 64,
  "bilm_gumbel": false,
  "learning_rate": 0.0001,
  "bilm_wordwise": true,
  "bilm_temp": 1.0,
  "layer": 1,
  "bilm_dropout": 0.0,
  "out": "result"
}
constract vocabulary based on frequency
# train data: 8100
# test  data: 900
# vocab: 22752
# class: 2
epoch       main/loss   validation/main/loss  main/accuracy  validation/main/accuracy  test/main/loss  test/main/accuracy  elapsed_time
[J1           0.692974    0.654305              0.535064       0.691111                  0.657216        0.683               4.31899       
[J2           0.642116    0.578812              0.641855       0.792222                  0.577489        0.8                 6.67262       
[J3           0.558744    0.471281              0.738963       0.821111                  0.4626          0.83                8.89507       
[J4           0.448679    0.387421              0.805118       0.847778                  0.375777        0.843               11.1332       
[J5           0.37279     0.345053              0.839658       0.864444                  0.336577        0.855               13.4655       
[J6           0.312933    0.313419              0.868479       0.873333                  0.308441        0.868               15.8438       
[J7           0.27022     0.29808               0.888641       0.883333                  0.292744        0.878               18.131        
[J8           0.229277    0.280302              0.908219       0.892222                  0.277301        0.89                20.4191       
[J9           0.198645    0.282328              0.923474       0.887778                  0.275197        0.888               22.7192       
[J10          0.161439    0.297009              0.9406         0.878889                  0.286671        0.88                24.9462       
[J11          0.136581    0.264576              0.947343       0.886667                  0.257596        0.896               27.2279       
[J12          0.12268     0.256669              0.954365       0.891111                  0.249389        0.903               29.4812       
[J13          0.0974732   0.251686              0.966166       0.892222                  0.241451        0.907               31.7246       
[J14          0.0874005   0.248569              0.970486       0.896667                  0.234943        0.905               33.992        
[J15          0.0736465   0.252936              0.97404        0.898889                  0.233975        0.907               36.2617       
[J16          0.0623701   0.262261              0.979787       0.898889                  0.239337        0.91                38.5111       
[J17          0.0542073   0.263184              0.980684       0.903333                  0.236316        0.912               40.912        
[J18          0.0484047   0.270249              0.984006       0.904444                  0.242299        0.917               43.3654       
[J19          0.0367611   0.273022              0.989459       0.904444                  0.242794        0.917               45.8243       
[J20          0.0359316   0.285742              0.987943       0.907778                  0.249743        0.916               48.1335       
[J21          0.0320429   0.288687              0.988095       0.907778                  0.249213        0.914               50.3971       
[J22          0.0244759   0.280438              0.992003       0.908889                  0.239233        0.916               52.7112       
[J23          0.0252489   0.286848              0.991319       0.912222                  0.248438        0.917               54.9421       
[J24          0.0214565   0.303162              0.993356       0.907778                  0.259159        0.914               57.2177       
[J25          0.0201617   0.302962              0.992987       0.912222                  0.255253        0.917               59.5032       
[J26          0.0167812   0.296732              0.994172       0.914444                  0.252143        0.922               61.7319       
[J27          0.019163    0.306721              0.993725       0.914444                  0.263351        0.919               64.0228       
[J28          0.0143549   0.300944              0.994668       0.915556                  0.262162        0.922               66.2728       
[J29          0.0144417   0.317453              0.995325       0.908889                  0.267063        0.921               68.5613       
[J30          0.0106774   0.322319              0.997396       0.906667                  0.269301        0.922               70.7957       
[J31          0.00932545  0.333262              0.997662       0.903333                  0.274037        0.919               73.0986       
[J32          0.0103744   0.341772              0.9969         0.908889                  0.275616        0.92                75.3596       
[J33          0.011947    0.328991              0.994956       0.908889                  0.274619        0.93                77.6585       
[J34          0.0101041   0.341616              0.997047       0.906667                  0.284233        0.926               79.9503       
[J35          0.0081334   0.334079              0.997396       0.92                      0.279179        0.928               82.2527       
