{
  "bilm_wordwise": true,
  "bilm_add_original": 0.0,
  "learning_rate": 0.0001,
  "model": "cnn",
  "bilm": null,
  "validation": true,
  "bilm_unit": 1024,
  "bilm_layer": 1,
  "bilm_temp": 1.0,
  "dataset": "subj",
  "stop_epoch": 20,
  "resume_vocab": null,
  "no_label": false,
  "epoch": 100,
  "seed": 2018,
  "bilm_mode": "sampling",
  "out": "result",
  "gpu": 0,
  "bilm_ratio": 0.25,
  "bilm_dropout": 0.0,
  "bilm_gumbel": false,
  "bilm_residual": 0.0,
  "layer": 1,
  "dropout": 0.5,
  "unit": 300,
  "save_model": false,
  "batchsize": 64
}
constract vocabulary based on frequency
# train data: 8100
# test  data: 900
# vocab: 22752
# class: 2
epoch       main/loss   validation/main/loss  main/accuracy  validation/main/accuracy  test/main/loss  test/main/accuracy  elapsed_time
[J1           0.752441    0.703229              0.495694       0.484444                  0.707007        0.483               4.23064       
[J2           0.718561    0.689356              0.515379       0.484444                  0.691597        0.482               6.46878       
[J3           0.709355    0.684565              0.521453       0.488889                  0.686512        0.484               8.66403       
[J4           0.703572    0.679661              0.523868       0.495556                  0.681331        0.489               10.8743       
[J5           0.696633    0.671307              0.539062       0.513333                  0.672397        0.504               13.0489       
[J6           0.690358    0.657386              0.551058       0.671111                  0.657383        0.673               15.265        
[J7           0.678747    0.647218              0.572421       0.635556                  0.646932        0.639               17.4164       
[J8           0.67038     0.629007              0.587106       0.697778                  0.627042        0.71                19.6354       
[J9           0.656729    0.601566              0.611836       0.765556                  0.598006        0.765               21.8247       
[J10          0.629324    0.570465              0.642361       0.742222                  0.56405         0.755               23.9764       
[J11          0.602825    0.523027              0.672613       0.812222                  0.513526        0.82                26.1732       
[J12          0.566423    0.473839              0.704241       0.83                      0.461734        0.831               28.3417       
[J13          0.531975    0.432878              0.732037       0.834444                  0.419303        0.838               30.5108       
[J14          0.490278    0.40781               0.763021       0.847778                  0.393129        0.838               32.7273       
[J15          0.458523    0.383086              0.78125        0.847778                  0.369169        0.849               35.1473       
[J16          0.430971    0.372597              0.805556       0.851111                  0.357712        0.846               37.3507       
[J17          0.406701    0.346794              0.817298       0.858889                  0.335683        0.858               39.6092       
[J18          0.388129    0.341312              0.830832       0.862222                  0.329658        0.866               41.8466       
[J19          0.355028    0.328084              0.845734       0.868889                  0.31798         0.868               44.0851       
[J20          0.342814    0.320305              0.852854       0.868889                  0.310049        0.871               46.2932       
[J21          0.328773    0.315792              0.860987       0.873333                  0.304769        0.874               48.5112       
[J22          0.300756    0.309098              0.875984       0.875556                  0.296946        0.878               50.7679       
[J23          0.293813    0.297088              0.878472       0.883333                  0.28592         0.879               52.9562       
[J24          0.276069    0.289755              0.883735       0.887778                  0.279991        0.884               55.2133       
[J25          0.271225    0.289751              0.89001        0.885556                  0.27885         0.888               57.4393       
[J26          0.24701     0.278257              0.902778       0.89                      0.26853         0.891               59.653        
[J27          0.238945    0.278001              0.905389       0.894444                  0.266137        0.894               61.8808       
[J28          0.222639    0.272455              0.908978       0.895556                  0.260706        0.896               64.0918       
[J29          0.219628    0.271866              0.918061       0.897778                  0.259239        0.895               66.3551       
[J30          0.203238    0.278421              0.920015       0.888889                  0.2628          0.895               68.5599       
[J31          0.196559    0.264445              0.923105       0.897778                  0.251302        0.902               70.8053       
[J32          0.189082    0.269695              0.925595       0.895556                  0.253717        0.9                 73.0109       
[J33          0.170444    0.272894              0.934055       0.893333                  0.253471        0.904               75.2341       
[J34          0.164504    0.269839              0.935162       0.897778                  0.250344        0.905               77.4528       
[J35          0.153665    0.262002              0.940848       0.903333                  0.245226        0.906               79.6917       
[J36          0.145796    0.269903              0.945743       0.9                       0.249809        0.907               81.8905       
[J37          0.145697    0.274045              0.945312       0.896667                  0.253816        0.907               84.1044       
[J38          0.138595    0.263876              0.950172       0.903333                  0.245054        0.906               86.3428       
[J39          0.117461    0.268902              0.956969       0.902222                  0.25052         0.903               88.5667       
[J40          0.119098    0.270541              0.958538       0.9                       0.251301        0.906               90.7732       
[J41          0.11747     0.266783              0.956939       0.905556                  0.24867         0.908               92.9885       
[J42          0.103736    0.265113              0.962426       0.905556                  0.247096        0.911               95.2173       
[J43          0.103391    0.265851              0.960753       0.908889                  0.246856        0.911               97.4164       
[J44          0.0969875   0.268019              0.962922       0.913333                  0.247865        0.912               99.6431       
[J45          0.0901591   0.268823              0.968012       0.915556                  0.249255        0.911               101.857       
