{
  "bilm_unit": 1024,
  "save_model": false,
  "gpu": 0,
  "bilm_temp": 1.0,
  "epoch": 100,
  "bilm_ratio": 0.25,
  "bilm_dropout": 0.0,
  "bilm_wordwise": true,
  "no_label": false,
  "bilm_layer": 1,
  "stop_epoch": 20,
  "bilm_residual": 0.0,
  "batchsize": 64,
  "bilm_mode": "sampling",
  "unit": 300,
  "bilm_add_original": 0.0,
  "bilm_gumbel": false,
  "layer": 1,
  "seed": 2018,
  "learning_rate": 0.0001,
  "resume_vocab": null,
  "dataset": "subj",
  "out": "result",
  "validation": true,
  "model": "cnn",
  "bilm": null,
  "dropout": 0.6
}
constract vocabulary based on frequency
# train data: 8100
# test  data: 900
# vocab: 22752
# class: 2
epoch       main/loss   validation/main/loss  main/accuracy  validation/main/accuracy  test/main/loss  test/main/accuracy  elapsed_time
[J1           0.805959    0.718322              0.494587       0.484444                  0.722566        0.483               4.10013       
[J2           0.751388    0.702633              0.503322       0.484444                  0.705262        0.483               6.28132       
[J3           0.736074    0.701243              0.513641       0.484444                  0.703259        0.483               8.45945       
[J4           0.730976    0.69941               0.50812        0.484444                  0.700818        0.483               10.6753       
[J5           0.721502    0.697905              0.514881       0.484444                  0.699308        0.483               12.8763       
[J6           0.723204    0.692387              0.507997       0.484444                  0.6935          0.483               15.0816       
[J7           0.712777    0.693945              0.519717       0.484444                  0.695303        0.483               17.2619       
[J8           0.715027    0.692788              0.515625       0.484444                  0.693798        0.483               19.483        
[J9           0.712512    0.689766              0.521284       0.485556                  0.690832        0.483               21.6841       
[J10          0.7067      0.692861              0.52381        0.484444                  0.694274        0.483               23.8763       
[J11          0.707922    0.686715              0.528789       0.486667                  0.687985        0.485               26.1439       
[J12          0.704769    0.683563              0.526662       0.492222                  0.684836        0.487               28.3827       
[J13          0.700096    0.677041              0.535064       0.554444                  0.678188        0.543               30.5729       
[J14          0.697489    0.676394              0.540427       0.502222                  0.677451        0.501               32.7858       
[J15          0.692915    0.668541              0.543553       0.58                      0.668842        0.571               35.0257       
[J16          0.686862    0.663619              0.552083       0.585556                  0.663643        0.578               37.2158       
[J17          0.684832    0.655172              0.561762       0.635556                  0.654797        0.626               39.4518       
[J18          0.67635     0.645134              0.57751        0.673333                  0.644121        0.675               41.658        
[J19          0.663648    0.628958              0.601562       0.764444                  0.626434        0.773               43.8702       
[J20          0.647688    0.608984              0.617372       0.78                      0.605165        0.796               46.0596       
[J21          0.640954    0.58837               0.627108       0.798889                  0.583121        0.809               48.2759       
[J22          0.616523    0.559561              0.652067       0.815556                  0.552081        0.823               50.4871       
[J23          0.604767    0.530406              0.668651       0.825556                  0.521009        0.837               52.6739       
[J24          0.579284    0.498603              0.690084       0.833333                  0.487425        0.841               54.8807       
[J25          0.553979    0.473517              0.716166       0.834444                  0.459858        0.839               57.0933       
[J26          0.51929     0.442802              0.742808       0.837778                  0.428517        0.845               59.2908       
[J27          0.495802    0.420752              0.757997       0.844444                  0.406234        0.843               61.5046       
[J28          0.475269    0.401328              0.772569       0.846667                  0.387008        0.849               63.7159       
[J29          0.463993    0.389241              0.783957       0.846667                  0.37431         0.851               65.9216       
[J30          0.443254    0.380686              0.796255       0.848889                  0.365232        0.85                68.1201       
[J31          0.426878    0.36595               0.804872       0.851111                  0.351908        0.858               70.3276       
[J32          0.405022    0.35572               0.826513       0.856667                  0.342184        0.86                72.525        
[J33          0.385204    0.349363              0.830955       0.866667                  0.335202        0.862               74.7352       
[J34          0.37571     0.339123              0.832923       0.87                      0.32558         0.862               76.9541       
[J35          0.35906     0.330416              0.848958       0.873333                  0.317805        0.868               79.1652       
[J36          0.33717     0.323063              0.857776       0.874444                  0.310217        0.872               81.3547       
[J37          0.338326    0.324231              0.856399       0.875556                  0.310167        0.872               83.566        
[J38          0.322778    0.31347               0.866511       0.883333                  0.300605        0.874               85.7744       
[J39          0.307116    0.307721              0.876984       0.883333                  0.295332        0.874               88.0253       
[J40          0.293518    0.303278              0.881398       0.882222                  0.290521        0.874               90.2271       
[J41          0.288375    0.295585              0.88029        0.888889                  0.28425         0.882               92.5485       
[J42          0.269973    0.291216              0.892733       0.89                      0.279252        0.886               94.7851       
[J43          0.271676    0.288483              0.892224       0.888889                  0.276188        0.886               97.0043       
[J44          0.256394    0.284798              0.897445       0.89                      0.272869        0.889               99.2466       
[J45          0.24448     0.279483              0.904897       0.89                      0.268715        0.889               101.472       
[J46          0.24369     0.278213              0.908606       0.891111                  0.266526        0.892               103.683       
[J47          0.237871    0.274968              0.907972       0.888889                  0.262889        0.893               105.901       
[J48          0.229796    0.270904              0.912326       0.893333                  0.258841        0.894               108.121       
[J49          0.21373     0.270061              0.919045       0.892222                  0.256401        0.895               110.406       
[J50          0.202314    0.26409               0.920399       0.896667                  0.252572        0.897               112.787       
[J51          0.19846     0.266071              0.923487       0.891111                  0.251716        0.895               114.984       
[J52          0.188645    0.26191               0.928027       0.898889                  0.248461        0.903               117.194       
[J53          0.177665    0.260195              0.936508       0.896667                  0.2473          0.902               119.389       
[J54          0.18287     0.257615              0.932702       0.894444                  0.245002        0.903               121.6         
[J55          0.172474    0.255621              0.932292       0.9                       0.243341        0.901               123.821       
[J56          0.170368    0.255004              0.937746       0.898889                  0.242236        0.9                 126.236       
[J57          0.163693    0.258286              0.937254       0.897778                  0.243334        0.906               128.523       
[J58          0.15608     0.254512              0.941592       0.901111                  0.240293        0.905               130.702       
[J59          0.150394    0.250803              0.944636       0.904444                  0.238324        0.904               132.907       
[J60          0.145099    0.254342              0.943948       0.904444                  0.24006         0.908               135.087       
[J61          0.138843    0.251907              0.948696       0.906667                  0.237787        0.908               137.319       
[J62          0.131536    0.248988              0.951637       0.907778                  0.236258        0.908               139.521       
[J63          0.119378    0.253344              0.956201       0.904444                  0.239213        0.908               141.708       
[J64          0.126321    0.249989              0.951017       0.907778                  0.236186        0.906               143.921       
[J65          0.118582    0.251175              0.956078       0.904444                  0.236472        0.909               146.128       
[J66          0.113603    0.252489              0.958169       0.904444                  0.237627        0.912               148.335       
[J67          0.119208    0.24888               0.958085       0.905556                  0.234937        0.907               150.521       
[J68          0.108791    0.246593              0.959277       0.906667                  0.233958        0.909               152.747       
[J69          0.109589    0.249681              0.959077       0.906667                  0.23559         0.91                154.959       
[J70          0.103685    0.246776              0.960753       0.91                      0.234476        0.91                157.162       
[J71          0.0954964   0.252955              0.964658       0.903333                  0.239462        0.91                159.361       
[J72          0.0972643   0.250583              0.966535       0.91                      0.237562        0.911               161.566       
[J73          0.0909926   0.25206               0.966658       0.908889                  0.239623        0.911               163.779       
[J74          0.0887069   0.255076              0.969122       0.907778                  0.242121        0.911               165.965       
[J75          0.0774798   0.254737              0.971211       0.914444                  0.242199        0.91                168.177       
[J76          0.0858116   0.253793              0.968006       0.916667                  0.241968        0.911               170.528       
