{
  "dataset": "subj",
  "gpu": 0,
  "bilm_ratio": 0.25,
  "bilm_wordwise": true,
  "learning_rate": 0.0001,
  "no_label": false,
  "out": "result",
  "dropout": 0.1,
  "bilm_temp": 1.0,
  "bilm_unit": 1024,
  "bilm_residual": 0.0,
  "seed": 2018,
  "bilm": null,
  "bilm_dropout": 0.0,
  "validation": true,
  "stop_epoch": 20,
  "bilm_add_original": 0.0,
  "bilm_mode": "sampling",
  "save_model": false,
  "unit": 300,
  "model": "cnn",
  "bilm_layer": 1,
  "layer": 1,
  "epoch": 100,
  "resume_vocab": null,
  "bilm_gumbel": false,
  "batchsize": 64
}
constract vocabulary based on frequency
# train data: 8100
# test  data: 900
# vocab: 22752
# class: 2
epoch       main/loss   validation/main/loss  main/accuracy  validation/main/accuracy  test/main/loss  test/main/accuracy  elapsed_time
[J1           0.679904    0.632951              0.572219       0.756667                  0.636002        0.761               4.46956       
[J2           0.583687    0.499898              0.738558       0.811111                  0.494139        0.821               6.70046       
[J3           0.439948    0.392855              0.817708       0.837778                  0.382318        0.848               8.86061       
[J4           0.327511    0.33223               0.868725       0.871111                  0.327119        0.863               11.0923       
[J5           0.260558    0.303854              0.903026       0.884444                  0.298064        0.879               13.2753       
[J6           0.198619    0.277633              0.929134       0.893333                  0.275688        0.893               15.4871       
[J7           0.160865    0.270915              0.943948       0.892222                  0.265476        0.892               17.658        
[J8           0.121106    0.253566              0.961737       0.893333                  0.250913        0.903               19.8554       
[J9           0.0895121   0.265597              0.973671       0.888889                  0.256114        0.895               22.0886       
[J10          0.0654908   0.270178              0.982639       0.888889                  0.264347        0.892               24.2541       
[J11          0.0509793   0.254225              0.985974       0.898889                  0.245662        0.904               26.4782       
[J12          0.0406584   0.247706              0.990079       0.897778                  0.240294        0.905               28.6578       
[J13          0.0298681   0.25358               0.993233       0.897778                  0.244854        0.907               30.8631       
[J14          0.0234229   0.249553              0.994792       0.901111                  0.242029        0.907               33.0533       
[J15          0.0217502   0.252981              0.994094       0.902222                  0.245266        0.911               35.2554       
[J16          0.0165188   0.262941              0.996404       0.902222                  0.251211        0.908               37.4408       
[J17          0.0153302   0.266088              0.995448       0.903333                  0.25272         0.913               39.6462       
[J18          0.0116597   0.27282               0.997416       0.907778                  0.260419        0.913               41.867        
[J19          0.0100047   0.287021              0.997768       0.905556                  0.268036        0.909               44.051        
[J20          0.00882117  0.271889              0.998031       0.91                      0.25802         0.916               46.2627       
[J21          0.00716018  0.277772              0.998512       0.913333                  0.262635        0.916               48.4412       
[J22          0.00535386  0.284647              0.999262       0.91                      0.26494         0.915               50.6746       
[J23          0.00572066  0.27851               0.999256       0.911111                  0.261772        0.918               52.8584       
[J24          0.00442535  0.307603              0.999262       0.903333                  0.283537        0.916               55.0839       
[J25          0.00467819  0.279165              0.999016       0.912222                  0.265952        0.913               57.2917       
[J26          0.00411894  0.286243              0.999256       0.914444                  0.277507        0.918               59.4597       
[J27          0.00392882  0.286731              0.999508       0.916667                  0.279361        0.915               61.6831       
[J28          0.00271639  0.294017              0.999504       0.917778                  0.281561        0.92                63.8595       
[J29          0.00393709  0.308084              0.999385       0.91                      0.289783        0.92                66.0815       
[J30          0.00221889  0.293984              0.999752       0.921111                  0.283619        0.918               68.2482       
