{
  "out": "result",
  "bilm_temp": 1.0,
  "bilm_mode": "sampling",
  "bilm_wordwise": true,
  "bilm_ratio": 0.25,
  "save_model": false,
  "dataset": "subj",
  "epoch": 100,
  "unit": 300,
  "bilm_layer": 1,
  "bilm_add_original": 0.0,
  "bilm_dropout": 0.0,
  "no_label": false,
  "bilm_unit": 1024,
  "stop_epoch": 20,
  "bilm": null,
  "layer": 1,
  "bilm_residual": 0.0,
  "dropout": 0.4,
  "batchsize": 64,
  "bilm_gumbel": false,
  "learning_rate": 0.0001,
  "gpu": 0,
  "validation": true,
  "model": "cnn",
  "seed": 2018,
  "resume_vocab": null
}
constract vocabulary based on frequency
# train data: 8100
# test  data: 900
# vocab: 22752
# class: 2
epoch       main/loss   validation/main/loss  main/accuracy  validation/main/accuracy  test/main/loss  test/main/accuracy  elapsed_time
[J1           0.723743    0.68761               0.50123        0.485556                  0.691692        0.483               4.20587       
[J2           0.696758    0.668155              0.539247       0.57                      0.670703        0.554               6.41695       
[J3           0.686308    0.654301              0.552951       0.597778                  0.656367        0.576               8.63622       
[J4           0.670686    0.627826              0.584277       0.688889                  0.627799        0.69                10.8641       
[J5           0.64696     0.585185              0.616815       0.754444                  0.58254         0.772               13.2196       
[J6           0.608257    0.521324              0.671629       0.808889                  0.513437        0.817               15.4447       
[J7           0.557375    0.461662              0.718998       0.823333                  0.44971         0.829               17.66         
[J8           0.502794    0.415585              0.753199       0.835556                  0.402404        0.839               19.8949       
[J9           0.457958    0.388242              0.788017       0.838889                  0.37459         0.846               22.118        
[J10          0.41042     0.381518              0.816964       0.844444                  0.36797         0.85                24.2974       
[J11          0.379656    0.350019              0.833784       0.858889                  0.34009         0.861               26.4879       
[J12          0.347568    0.333446              0.84561        0.864444                  0.325544        0.87                28.7309       
[J13          0.316876    0.318256              0.866634       0.87                      0.313468        0.879               30.9229       
[J14          0.295505    0.314543              0.876488       0.875556                  0.306628        0.877               33.1418       
[J15          0.274583    0.303839              0.883858       0.88                      0.295078        0.881               35.3244       
[J16          0.259964    0.308944              0.893973       0.877778                  0.295824        0.874               37.5235       
[J17          0.240975    0.28318               0.899852       0.892222                  0.273125        0.892               39.7604       
[J18          0.229295    0.287485              0.908219       0.888889                  0.274419        0.891               42.0127       
[J19          0.197015    0.28352               0.926215       0.891111                  0.269943        0.892               44.213        
[J20          0.19279     0.275609              0.927165       0.892222                  0.261253        0.894               46.3695       
[J21          0.181719    0.281485              0.926959       0.891111                  0.264565        0.897               48.5796       
[J22          0.161565    0.275484              0.936393       0.895556                  0.255936        0.898               50.8076       
[J23          0.157128    0.271609              0.941592       0.895556                  0.251077        0.901               53.0182       
[J24          0.142153    0.267856              0.946235       0.893333                  0.247856        0.902               55.2136       
[J25          0.140209    0.275759              0.945128       0.895556                  0.252048        0.906               57.4285       
[J26          0.118021    0.266529              0.954613       0.903333                  0.242125        0.911               59.5935       
[J27          0.115197    0.274472              0.955709       0.901111                  0.246286        0.907               61.8219       
[J28          0.105647    0.267485              0.961186       0.91                      0.240294        0.914               64.0975       
[J29          0.106141    0.27243               0.960384       0.902222                  0.242652        0.915               66.6122       
[J30          0.0932106   0.274453              0.965278       0.903333                  0.243681        0.915               68.9456       
[J31          0.0866625   0.277668              0.96875        0.902222                  0.244964        0.916               71.1733       
[J32          0.0825456   0.290137              0.97061        0.898889                  0.252245        0.909               73.4616       
[J33          0.0699423   0.285422              0.974902       0.903333                  0.245868        0.922               75.9256       
[J34          0.0677417   0.294559              0.975394       0.9                       0.253395        0.914               78.2115       
[J35          0.0682529   0.287014              0.975942       0.91                      0.247763        0.923               80.4168       
[J36          0.0594983   0.303918              0.978716       0.898889                  0.260691        0.914               82.611        
[J37          0.0607074   0.292572              0.977803       0.912222                  0.25458         0.919               84.8125       
[J38          0.0560208   0.297798              0.980069       0.908889                  0.257179        0.918               87.0704       
[J39          0.0444066   0.306413              0.985119       0.911111                  0.266878        0.919               89.2851       
[J40          0.0459464   0.319597              0.98253        0.904444                  0.275599        0.914               91.5063       
[J41          0.047686    0.325092              0.982653       0.901111                  0.279431        0.916               93.7538       
[J42          0.0422207   0.320285              0.984871       0.904444                  0.275698        0.92                95.9176       
[J43          0.0356605   0.32207               0.986836       0.91                      0.276816        0.917               98.1723       
[J44          0.0334514   0.321427              0.989211       0.916667                  0.27661         0.92                100.359       
[J45          0.0324533   0.32386               0.989542       0.917778                  0.277117        0.92                102.6         
