{
  "no_label": false,
  "bilm_dropout": 0.0,
  "bilm_unit": 1024,
  "bilm_temp": 1.0,
  "dropout": 0.6,
  "gpu": 0,
  "dataset": "mpqa",
  "stop_epoch": 20,
  "layer": 1,
  "unit": 300,
  "epoch": 100,
  "bilm_ratio": 0.25,
  "bilm_gumbel": false,
  "resume_vocab": null,
  "bilm_add_original": 0.0,
  "validation": true,
  "save_model": false,
  "bilm": null,
  "out": "result",
  "bilm_mode": "sampling",
  "learning_rate": 0.0001,
  "batchsize": 64,
  "bilm_layer": 1,
  "seed": 2018,
  "bilm_residual": 0.0,
  "model": "rnn",
  "bilm_wordwise": true
}
constract vocabulary based on frequency
# train data: 8587
# test  data: 955
# vocab: 5968
# class: 2
epoch       main/loss   validation/main/loss  main/accuracy  validation/main/accuracy  test/main/loss  test/main/accuracy  elapsed_time
[J1           0.630448    0.604386              0.67662        0.699476                  0.602788        0.69934             5.11471       
[J2           0.608874    0.586881              0.684352       0.699476                  0.57483         0.69934             8.47689       
[J3           0.585472    0.563995              0.695546       0.714136                  0.55333         0.719133            11.7879       
[J4           0.559607    0.5374                0.717701       0.721466                  0.522354        0.737983            15.1075       
[J5           0.526342    0.511107              0.746152       0.753927                  0.492737        0.776626            18.1596       
[J6           0.493725    0.487488              0.769097       0.773822                  0.462832        0.794533            21.2878       
[J7           0.464266    0.467678              0.783699       0.793717                  0.439723        0.815269            24.3979       
[J8           0.429893    0.466477              0.805854       0.795812                  0.433344        0.817154            27.5286       
[J9           0.40338     0.438623              0.820779       0.802094                  0.405346        0.832234            30.8509       
[J10          0.382259    0.424839              0.832439       0.815707                  0.392186        0.837889            34.1987       
[J11          0.359804    0.419044              0.841068       0.810471                  0.382926        0.848256            37.419        
[J12          0.340083    0.411706              0.851042       0.813613                  0.373067        0.852969            40.5358       
[J13          0.321919    0.416799              0.864506       0.815707                  0.374416        0.840716            43.6172       
[J14          0.303201    0.403418              0.871852       0.826178                  0.367868        0.846371            46.6837       
[J15          0.288816    0.405483              0.881763       0.825131                  0.36076         0.852969            49.7767       
[J16          0.28752     0.405323              0.883162       0.827225                  0.361445        0.851084            52.8946       
[J17          0.279079    0.400845              0.88736        0.833508                  0.365036        0.851084            55.9721       
[J18          0.261514    0.416901              0.892245       0.826178                  0.369053        0.851084            59.1154       
[J19          0.252217    0.40731               0.899487       0.833508                  0.353316        0.856739            62.1974       
[J20          0.250219    0.413806              0.902519       0.827225                  0.36361         0.854854            65.3144       
[J21          0.238446    0.410196              0.905084       0.838743                  0.351913        0.862394            68.4059       
[J22          0.23133     0.416591              0.907766       0.840838                  0.353311        0.865222            71.6282       
[J23          0.221547    0.420314              0.910681       0.838743                  0.353393        0.868049            74.7212       
[J24          0.222636    0.413601              0.912847       0.837696                  0.349933        0.869934            77.8455       
[J25          0.207613    0.415823              0.918727       0.837696                  0.349499        0.868049            80.9073       
[J26          0.20494     0.41986               0.919776       0.841885                  0.35572         0.866164            84.0219       
[J27          0.202049    0.430001              0.920476       0.837696                  0.355779        0.864279            87.0857       
[J28          0.195442    0.434901              0.924207       0.834555                  0.365137        0.864279            90.1789       
[J29          0.189428    0.429046              0.925723       0.839791                  0.351906        0.869934            93.26         
[J30          0.1861      0.441489              0.929745       0.848168                  0.362369        0.868049            96.3662       
[J31          0.182035    0.455111              0.931437       0.850262                  0.364157        0.868049            99.4554       
[J32          0.179151    0.453431              0.929454       0.837696                  0.372061        0.861451            102.55        
[J33          0.175775    0.448419              0.934352       0.84712                   0.35849         0.869934            105.616       
[J34          0.170845    0.449989              0.935634       0.837696                  0.366947        0.853911            108.72        
[J35          0.162665    0.458448              0.936458       0.840838                  0.359488        0.871819            111.803       
[J36          0.164742    0.462457              0.935284       0.842932                  0.3597          0.865222            114.899       
[J37          0.163581    0.447614              0.937966       0.851309                  0.354039        0.869934            117.971       
[J38          0.153295    0.454335              0.942514       0.849215                  0.365081        0.859566            121.049       
[J39          0.14975     0.467311              0.943797       0.84712                   0.365347        0.867106            124.163       
[J40          0.15602     0.465025              0.940182       0.84712                   0.367797        0.867106            127.235       
[J41          0.152281    0.473335              0.942014       0.850262                  0.372195        0.867106            130.331       
[J42          0.152292    0.470251              0.943214       0.849215                  0.360963        0.871819            133.422       
[J43          0.14692     0.482815              0.943797       0.850262                  0.374276        0.870877            136.5         
[J44          0.139951    0.49182               0.947994       0.849215                  0.379137        0.864279            139.593       
[J45          0.141202    0.490361              0.944963       0.839791                  0.381258        0.850141            142.689       
[J46          0.139108    0.483776              0.949743       0.850262                  0.370122        0.864279            145.753       
[J47          0.133894    0.503479              0.948264       0.855497                  0.384503        0.868991            148.865       
