{
  "bilm_layer": 1,
  "learning_rate": 0.0001,
  "seed": 2018,
  "bilm": null,
  "resume_vocab": null,
  "validation": true,
  "out": "result",
  "bilm_mode": "sampling",
  "bilm_residual": 0.0,
  "bilm_wordwise": true,
  "bilm_unit": 1024,
  "stop_epoch": 20,
  "no_label": false,
  "model": "rnn",
  "bilm_dropout": 0.0,
  "bilm_gumbel": false,
  "save_model": false,
  "gpu": 0,
  "dropout": 0.1,
  "layer": 1,
  "bilm_temp": 1.0,
  "bilm_add_original": 0.0,
  "bilm_ratio": 0.25,
  "batchsize": 64,
  "epoch": 100,
  "unit": 300,
  "dataset": "mpqa"
}
constract vocabulary based on frequency
# train data: 8587
# test  data: 955
# vocab: 5968
# class: 2
epoch       main/loss   validation/main/loss  main/accuracy  validation/main/accuracy  test/main/loss  test/main/accuracy  elapsed_time
[J1           0.62542     0.597726              0.678241       0.699476                  0.593399        0.69934             5.73444       
[J2           0.587015    0.559037              0.690298       0.715183                  0.546486        0.722903            9.09358       
[J3           0.519941    0.507102              0.746152       0.774869                  0.49229         0.789821            12.4393       
[J4           0.425945    0.462212              0.81798        0.784293                  0.438216        0.821866            15.7711       
[J5           0.346055    0.442249              0.859841       0.79267                   0.406694        0.839774            19.1069       
[J6           0.286824    0.44064               0.884375       0.806283                  0.395112        0.849199            22.4681       
[J7           0.245904    0.444963              0.90555        0.812565                  0.402511        0.841659            25.798        
[J8           0.211682    0.458879              0.91896        0.818848                  0.397686        0.848256            29.1477       
[J9           0.189751    0.470754              0.928638       0.818848                  0.396915        0.847314            32.4941       
[J10          0.169448    0.491028              0.935984       0.81466                   0.409602        0.850141            35.8162       
[J11          0.157367    0.507864              0.941698       0.823037                  0.415264        0.859566            39.1512       
[J12          0.144104    0.512105              0.950347       0.816754                  0.414004        0.849199            42.5292       
[J13          0.131128    0.542939              0.953008       0.815707                  0.425175        0.852026            45.8512       
[J14          0.124604    0.579358              0.955457       0.812565                  0.46111         0.845429            49.2027       
[J15          0.12047     0.561797              0.954641       0.825131                  0.432361        0.858624            52.5713       
[J16          0.111143    0.581363              0.958722       0.819895                  0.493295        0.808671            55.9361       
[J17          0.104845    0.598962              0.961287       0.813613                  0.509329        0.834119            59.255        
[J18          0.100518    0.611955              0.963889       0.823037                  0.467084        0.854854            62.632        
[J19          0.0969519   0.605394              0.963619       0.816754                  0.464068        0.846371            65.9329       
[J20          0.0919721   0.644621              0.964785       0.819895                  0.514841        0.814326            69.2861       
[J21          0.0845153   0.638969              0.969916       0.820942                  0.4802          0.854854            72.6376       
[J22          0.0834704   0.667979              0.967118       0.820942                  0.496441        0.848256            75.9648       
[J23          0.081805    0.673943              0.969683       0.820942                  0.491936        0.857681            79.2955       
[J24          0.0809449   0.663167              0.969792       0.813613                  0.512551        0.850141            82.6717       
[J25          0.0718364   0.663498              0.972015       0.820942                  0.497043        0.851084            86.0048       
[J26          0.0738316   0.682949              0.972598       0.820942                  0.508765        0.850141            89.3249       
[J27          0.0729308   0.660578              0.972948       0.826178                  0.512716        0.848256            92.7764       
[J28          0.068724    0.704033              0.972948       0.826178                  0.537952        0.842601            96.1443       
[J29          0.0679564   0.709539              0.974813       0.826178                  0.528661        0.847314            99.2006       
[J30          0.0698546   0.685483              0.971875       0.827225                  0.511639        0.847314            102.281       
[J31          0.0642285   0.73463               0.974464       0.81466                   0.552028        0.837889            105.325       
[J32          0.065671    0.759154              0.97458        0.819895                  0.575091        0.838831            108.373       
[J33          0.0624165   0.797855              0.976329       0.824084                  0.585064        0.842601            111.443       
[J34          0.0604651   0.771127              0.975163       0.819895                  0.580723        0.838831            114.515       
[J35          0.0602312   0.769779              0.975231       0.826178                  0.566129        0.848256            117.595       
[J36          0.0584579   0.807121              0.977962       0.827225                  0.592382        0.840716            120.594       
[J37          0.0583252   0.793727              0.975863       0.831414                  0.580531        0.852969            123.683       
[J38          0.0579442   0.830054              0.976796       0.80733                   0.669912        0.792648            126.742       
[J39          0.0613163   0.702336              0.976213       0.832461                  0.52902         0.843544            129.761       
[J40          0.0584053   0.735806              0.975047       0.829319                  0.550377        0.842601            132.803       
[J41          0.0566508   0.796359              0.976505       0.837696                  0.571621        0.845429            135.847       
