{
  "bilm_layer": 1,
  "model": "rnn",
  "unit": 300,
  "stop_epoch": 20,
  "epoch": 100,
  "no_label": false,
  "dataset": "mpqa",
  "batchsize": 64,
  "seed": 2018,
  "bilm_dropout": 0.0,
  "bilm_add_original": 0.0,
  "layer": 1,
  "out": "result",
  "bilm_mode": "sampling",
  "bilm_wordwise": true,
  "learning_rate": 0.0001,
  "save_model": false,
  "dropout": 0.2,
  "resume_vocab": null,
  "bilm_gumbel": false,
  "bilm_unit": 1024,
  "bilm": null,
  "bilm_residual": 0.0,
  "bilm_temp": 1.0,
  "gpu": 0,
  "validation": true,
  "bilm_ratio": 0.25
}
constract vocabulary based on frequency
# train data: 8587
# test  data: 955
# vocab: 5968
# class: 2
epoch       main/loss   validation/main/loss  main/accuracy  validation/main/accuracy  test/main/loss  test/main/accuracy  elapsed_time
[J1           0.626006    0.598969              0.679282       0.699476                  0.595228        0.69934             5.10297       
[J2           0.591092    0.564044              0.688316       0.714136                  0.551978        0.715363            8.21565       
[J3           0.534058    0.516895              0.73181        0.767539                  0.50601         0.775683            11.2657       
[J4           0.455942    0.469793              0.793727       0.796859                  0.450088        0.807729            14.3621       
[J5           0.381502    0.443148              0.839902       0.797906                  0.413047        0.836004            17.4598       
[J6           0.324587    0.431645              0.866204       0.811518                  0.393493        0.848256            20.5424       
[J7           0.280083    0.433491              0.885844       0.813613                  0.396555        0.846371            23.644        
[J8           0.248025    0.438304              0.899837       0.820942                  0.387577        0.851084            26.7311       
[J9           0.221026    0.444189              0.914412       0.820942                  0.384605        0.851084            29.8215       
[J10          0.20391     0.445669              0.919893       0.826178                  0.382908        0.854854            32.9453       
[J11          0.185081    0.465781              0.929454       0.830366                  0.388812        0.858624            36.023        
[J12          0.172941    0.475711              0.936806       0.827225                  0.388728        0.854854            39.1628       
[J13          0.163338    0.489844              0.936101       0.819895                  0.40071         0.852026            42.2348       
[J14          0.153689    0.50517               0.939949       0.815707                  0.422392        0.843544            45.324        
[J15          0.146504    0.503376              0.942864       0.825131                  0.398626        0.860509            48.4052       
[J16          0.137038    0.5086                0.948694       0.827225                  0.4411          0.813384            51.4814       
[J17          0.130469    0.519396              0.950676       0.828272                  0.45027         0.841659            54.5481       
[J18          0.123693    0.545439              0.95544        0.82199                   0.426889        0.863337            57.6589       
[J19          0.117863    0.538333              0.956157       0.824084                  0.424722        0.852969            60.8404       
[J20          0.112717    0.567763              0.956623       0.823037                  0.463182        0.813384            63.9344       
[J21          0.10627     0.567105              0.96152        0.826178                  0.437236        0.859566            67.0326       
[J22          0.102853    0.586383              0.960355       0.82199                   0.460846        0.846371            70.1755       
[J23          0.0980541   0.607768              0.963853       0.823037                  0.461498        0.853911            73.2869       
[J24          0.0968187   0.587276              0.964005       0.831414                  0.45466         0.858624            76.4203       
[J25          0.0904624   0.583462              0.966068       0.833508                  0.452419        0.859566            79.5075       
[J26          0.0889102   0.608016              0.969216       0.827225                  0.470322        0.845429            82.5954       
[J27          0.0910214   0.585288              0.966068       0.832461                  0.459834        0.853911            85.7037       
[J28          0.0830421   0.618052              0.96875        0.837696                  0.49506         0.845429            88.9688       
[J29          0.0835296   0.617601              0.968284       0.835602                  0.477021        0.857681            92.118        
[J30          0.080784    0.627258              0.970023       0.835602                  0.475726        0.857681            95.2663       
[J31          0.0780767   0.648551              0.970499       0.826178                  0.492472        0.836946            98.3721       
[J32          0.0804975   0.662557              0.970849       0.819895                  0.526696        0.807729            101.425       
[J33          0.0799015   0.662113              0.969799       0.831414                  0.49776         0.846371            104.623       
[J34          0.0748727   0.64247               0.971199       0.835602                  0.488832        0.844486            107.748       
[J35          0.0726874   0.656861              0.973148       0.839791                  0.491608        0.855796            110.901       
[J36          0.0698109   0.672901              0.973647       0.831414                  0.515492        0.833176            114.036       
[J37          0.0742787   0.676011              0.972715       0.836649                  0.518213        0.842601            117.095       
[J38          0.0683178   0.731116              0.973997       0.823037                  0.589406        0.829406            120.183       
[J39          0.0671753   0.720836              0.972831       0.830366                  0.536592        0.839774            123.237       
[J40          0.0700647   0.668099              0.971315       0.834555                  0.515202        0.848256            126.291       
[J41          0.0664309   0.721715              0.973843       0.836649                  0.533572        0.850141            129.374       
[J42          0.0629564   0.709275              0.974347       0.836649                  0.540595        0.846371            132.437       
[J43          0.0688406   0.658541              0.973647       0.834555                  0.506695        0.842601            135.519       
[J44          0.0583076   0.712312              0.976096       0.835602                  0.523871        0.848256            138.561       
[J45          0.0600001   0.733081              0.97563        0.824084                  0.554713        0.840716            141.597       
[J46          0.0638546   0.714565              0.97423        0.839791                  0.511478        0.855796            144.636       
[J47          0.0620545   0.692479              0.975231       0.836649                  0.514911        0.849199            147.695       
[J48          0.0558803   0.738431              0.977145       0.823037                  0.574986        0.827521            150.705       
[J49          0.0577517   0.727731              0.976912       0.837696                  0.555786        0.843544            153.786       
[J50          0.0545851   0.738595              0.979361       0.842932                  0.54684         0.852969            156.818       
