{
  "resume_vocab": null,
  "bilm_unit": 1024,
  "batchsize": 64,
  "bilm_temp": 1.0,
  "dropout": 0.4,
  "stop_epoch": 20,
  "learning_rate": 0.0001,
  "bilm_ratio": 0.25,
  "gpu": 0,
  "dataset": "mpqa",
  "unit": 300,
  "bilm_dropout": 0.0,
  "model": "rnn",
  "bilm_add_original": 0.0,
  "no_label": false,
  "seed": 2018,
  "bilm_wordwise": true,
  "bilm": null,
  "bilm_gumbel": false,
  "validation": true,
  "bilm_layer": 1,
  "layer": 1,
  "save_model": false,
  "out": "result",
  "bilm_mode": "sampling",
  "epoch": 100,
  "bilm_residual": 0.0
}
constract vocabulary based on frequency
# train data: 8587
# test  data: 955
# vocab: 5968
# class: 2
epoch       main/loss   validation/main/loss  main/accuracy  validation/main/accuracy  test/main/loss  test/main/accuracy  elapsed_time
[J1           0.627834    0.601942              0.677662       0.699476                  0.599236        0.69934             5.03432       
[J2           0.601018    0.576378              0.685168       0.709948                  0.56407         0.709708            8.07927       
[J3           0.562087    0.539067              0.711754       0.734031                  0.532039        0.743638            11.086        
[J4           0.510977    0.498596              0.754198       0.770681                  0.485045        0.776626            14.1931       
[J5           0.454884    0.46496               0.794659       0.798953                  0.443046        0.805844            17.2062       
[J6           0.40455     0.442343              0.82338        0.802094                  0.412207        0.827521            20.3085       
[J7           0.364655    0.432333              0.843633       0.805236                  0.398723        0.841659            23.3795       
[J8           0.329312    0.434939              0.861824       0.823037                  0.395152        0.841659            26.435        
[J9           0.299071    0.418736              0.879314       0.823037                  0.377694        0.856739            29.5178       
[J10          0.276148    0.413341              0.887593       0.825131                  0.374499        0.853911            32.5927       
[J11          0.251959    0.421364              0.897038       0.831414                  0.370465        0.856739            35.6549       
[J12          0.246205    0.420083              0.900347       0.828272                  0.361949        0.855796            38.7469       
[J13          0.231738    0.430356              0.908232       0.816754                  0.36919         0.852026            41.7854       
[J14          0.214933    0.435305              0.911847       0.818848                  0.374785        0.850141            44.8576       
[J15          0.206457    0.431999              0.920359       0.82199                   0.360163        0.865222            47.8946       
[J16          0.199002    0.447994              0.925023       0.825131                  0.388141        0.844486            50.9565       
[J17          0.190942    0.442604              0.925373       0.831414                  0.377708        0.850141            54.0172       
[J18          0.175498    0.474824              0.933218       0.824084                  0.381697        0.863337            57.0866       
[J19          0.169169    0.457592              0.935284       0.829319                  0.375058        0.860509            60.1444       
[J20          0.160854    0.485956              0.938433       0.823037                  0.409625        0.811499            63.2054       
[J21          0.160635    0.468233              0.939599       0.829319                  0.373852        0.867106            66.2592       
[J22          0.154657    0.484402              0.943447       0.833508                  0.379021        0.868049            69.3314       
[J23          0.152466    0.480432              0.943214       0.830366                  0.385744        0.856739            72.3589       
[J24          0.14593     0.467291              0.94537        0.837696                  0.377895        0.864279            75.4565       
[J25          0.135998    0.48798               0.949977       0.838743                  0.383226        0.864279            78.4968       
[J26          0.136723    0.485945              0.948927       0.836649                  0.38368         0.856739            81.5533       
[J27          0.127298    0.513259              0.953475       0.835602                  0.393745        0.857681            84.6135       
[J28          0.125977    0.518803              0.951959       0.836649                  0.416278        0.851084            87.661        
[J29          0.124798    0.502821              0.953125       0.843979                  0.397999        0.860509            90.7299       
[J30          0.118217    0.531823              0.955903       0.839791                  0.407545        0.859566            93.8237       
[J31          0.115164    0.5446                0.958839       0.828272                  0.411857        0.855796            96.8482       
[J32          0.115642    0.518479              0.956623       0.832461                  0.409742        0.854854            99.9147       
[J33          0.111864    0.541568              0.957906       0.843979                  0.40699         0.860509            102.96        
[J34          0.110031    0.543633              0.959072       0.839791                  0.418896        0.848256            106.014       
[J35          0.101812    0.541388              0.962037       0.842932                  0.413329        0.854854            109.317       
[J36          0.099576    0.55452               0.96152        0.838743                  0.422683        0.855796            112.633       
[J37          0.106152    0.543452              0.958722       0.845026                  0.411977        0.860509            115.928       
[J38          0.103341    0.554686              0.960121       0.839791                  0.437858        0.854854            119.25        
[J39          0.0968656   0.562539              0.964319       0.843979                  0.431068        0.852026            122.546       
[J40          0.095798    0.572463              0.963853       0.840838                  0.435907        0.854854            125.846       
[J41          0.0986922   0.583268              0.962847       0.835602                  0.43454         0.864279            129.172       
[J42          0.0934693   0.566834              0.964086       0.843979                  0.429237        0.855796            132.464       
[J43          0.0952897   0.569016              0.96327        0.848168                  0.428835        0.859566            135.753       
