{
  "learning_rate": 0.0001,
  "bilm_ratio": 0.25,
  "epoch": 100,
  "bilm_add_original": 0.0,
  "bilm_gumbel": false,
  "model": "rnn",
  "bilm_dropout": 0.0,
  "layer": 1,
  "bilm_unit": 1024,
  "unit": 300,
  "resume_vocab": null,
  "validation": true,
  "batchsize": 64,
  "bilm_temp": 1.0,
  "dataset": "mpqa",
  "bilm_mode": "sampling",
  "out": "result",
  "seed": 2018,
  "bilm_wordwise": true,
  "bilm_layer": 1,
  "bilm_residual": 0.0,
  "no_label": false,
  "dropout": 0.3,
  "save_model": false,
  "gpu": 0,
  "stop_epoch": 20,
  "bilm": null
}
constract vocabulary based on frequency
# train data: 8587
# test  data: 955
# vocab: 5968
# class: 2
epoch       main/loss   validation/main/loss  main/accuracy  validation/main/accuracy  test/main/loss  test/main/accuracy  elapsed_time
[J1           0.626832    0.600311              0.678935       0.699476                  0.597282        0.69934             5.12326       
[J2           0.596146    0.57023               0.6868         0.713089                  0.558597        0.715363            8.44719       
[J3           0.548366    0.528162              0.722132       0.746597                  0.517273        0.755891            11.5577       
[J4           0.483188    0.48308               0.771688       0.787435                  0.467042        0.793591            14.795        
[J5           0.418072    0.451653              0.819496       0.798953                  0.426119        0.823751            18.1163       
[J6           0.365745    0.432912              0.845486       0.81466                   0.399984        0.835061            21.2448       
[J7           0.324016    0.427274              0.86299        0.813613                  0.394611        0.846371            24.3559       
[J8           0.288207    0.432994              0.879314       0.817801                  0.387544        0.848256            27.5176       
[J9           0.258803    0.425774              0.897738       0.823037                  0.376286        0.852969            30.674        
[J10          0.23876     0.425481              0.90555        0.824084                  0.374014        0.858624            33.8131       
[J11          0.218318    0.43741               0.91313        0.823037                  0.379051        0.853911            36.8967       
[J12          0.207632    0.441972              0.919097       0.826178                  0.374388        0.853911            40.0514       
[J13          0.197522    0.451544              0.921525       0.817801                  0.379483        0.848256            43.1677       
[J14          0.185647    0.462042              0.930037       0.819895                  0.387686        0.848256            46.2685       
[J15          0.177132    0.454847              0.935051       0.829319                  0.374052        0.862394            49.3839       
[J16          0.164736    0.477137              0.938899       0.827225                  0.413969        0.814326            52.4971       
[J17          0.15935     0.473083              0.941231       0.833508                  0.402522        0.845429            55.6342       
[J18          0.147519    0.505613              0.944676       0.829319                  0.404891        0.858624            58.7999       
[J19          0.144587    0.490349              0.945312       0.833508                  0.392261        0.859566            61.8928       
[J20          0.136178    0.511412              0.947994       0.829319                  0.428143        0.812441            65.0161       
[J21          0.127976    0.504997              0.953941       0.833508                  0.402117        0.855796            68.1162       
[J22          0.127596    0.524947              0.952892       0.833508                  0.410813        0.855796            71.2148       
[J23          0.12415     0.520703              0.952542       0.835602                  0.405909        0.861451            74.3223       
[J24          0.119879    0.510099              0.956481       0.834555                  0.400306        0.855796            77.4433       
[J25          0.107786    0.529695              0.959655       0.837696                  0.416666        0.858624            80.5401       
[J26          0.108218    0.543951              0.957673       0.834555                  0.421095        0.857681            83.6749       
[J27          0.106613    0.544105              0.958955       0.832461                  0.423665        0.856739            86.7538       
[J28          0.0997877   0.575202              0.963736       0.836649                  0.463903        0.848256            89.8934       
[J29          0.104848    0.559766              0.959888       0.835602                  0.436985        0.861451            93.0151       
[J30          0.097311    0.567757              0.962153       0.839791                  0.432673        0.863337            96.2898       
[J31          0.0941578   0.591646              0.965835       0.833508                  0.444022        0.848256            99.6636       
[J32          0.0955701   0.550043              0.962687       0.836649                  0.429926        0.847314            103.027       
[J33          0.0931513   0.580194              0.965602       0.842932                  0.433391        0.853911            106.35        
[J34          0.0907971   0.576134              0.966068       0.836649                  0.44552         0.845429            109.687       
[J35          0.0862513   0.580795              0.966088       0.842932                  0.451351        0.848256            112.816       
[J36          0.0829317   0.611355              0.970382       0.830366                  0.468512        0.849199            115.906       
[J37          0.0908818   0.589081              0.965718       0.842932                  0.446663        0.852969            119.013       
[J38          0.0845613   0.610045              0.965835       0.833508                  0.477904        0.848256            122.07        
[J39          0.0792764   0.627585              0.970966       0.841885                  0.477344        0.846371            125.156       
[J40          0.0815214   0.623275              0.966768       0.841885                  0.472167        0.849199            128.22        
[J41          0.0800259   0.660866              0.967708       0.840838                  0.487703        0.855796            131.293       
[J42          0.0757061   0.641446              0.971082       0.834555                  0.490069        0.845429            134.373       
[J43          0.0799209   0.622188              0.971315       0.843979                  0.476466        0.851084            137.436       
[J44          0.0706803   0.650833              0.971315       0.84712                   0.482852        0.852026            140.49        
