{
  "bilm_wordwise": true,
  "batchsize": 64,
  "save_model": false,
  "bilm_add_original": 0.0,
  "bilm_ratio": 0.25,
  "bilm": null,
  "bilm_unit": 1024,
  "layer": 1,
  "resume_vocab": null,
  "out": "result",
  "no_label": false,
  "bilm_dropout": 0.0,
  "learning_rate": 0.0001,
  "bilm_layer": 1,
  "model": "rnn",
  "bilm_residual": 0.0,
  "seed": 2018,
  "stop_epoch": 20,
  "dropout": 0.5,
  "dataset": "mpqa",
  "bilm_temp": 1.0,
  "bilm_gumbel": false,
  "validation": true,
  "unit": 300,
  "epoch": 100,
  "bilm_mode": "sampling",
  "gpu": 0
}
constract vocabulary based on frequency
# train data: 8587
# test  data: 955
# vocab: 5968
# class: 2
epoch       main/loss   validation/main/loss  main/accuracy  validation/main/accuracy  test/main/loss  test/main/accuracy  elapsed_time
[J1           0.629156    0.603107              0.677894       0.699476                  0.601187        0.69934             5.10106       
[J2           0.604928    0.581482              0.684468       0.699476                  0.56938         0.700283            8.22656       
[J3           0.574286    0.550935              0.703941       0.719372                  0.54213         0.735156            11.2941       
[J4           0.535642    0.51583               0.731926       0.740314                  0.503516        0.756833            14.4064       
[J5           0.495304    0.486064              0.767957       0.786387                  0.466025        0.795476            17.4768       
[J6           0.450088    0.459896              0.794444       0.791623                  0.434303        0.809614            20.5553       
[J7           0.413141    0.442639              0.814716       0.805236                  0.413236        0.829406            23.6403       
[J8           0.380262    0.442813              0.835821       0.803141                  0.40947         0.824694            26.6881       
[J9           0.346693    0.421353              0.850047       0.81466                   0.386653        0.846371            29.7651       
[J10          0.325429    0.408511              0.866021       0.818848                  0.379032        0.847314            32.8452       
[J11          0.299724    0.411018              0.871735       0.827225                  0.372642        0.857681            35.9044       
[J12          0.289104    0.409592              0.879977       0.827225                  0.363942        0.857681            38.9918       
[J13          0.274357    0.416721              0.885728       0.812565                  0.371614        0.847314            42.0795       
[J14          0.257043    0.408011              0.895989       0.833508                  0.361844        0.853911            45.151        
[J15          0.242768    0.411124              0.902868       0.834555                  0.35566         0.858624            48.223        
[J16          0.239597    0.419506              0.9059         0.823037                  0.373957        0.845429            51.3014       
[J17          0.229582    0.413712              0.908466       0.836649                  0.367675        0.856739            54.37         
[J18          0.215757    0.436577              0.915625       0.819895                  0.372819        0.852969            57.4761       
[J19          0.206923    0.422115              0.919543       0.831414                  0.355557        0.868049            60.5193       
[J20          0.199834    0.439486              0.921409       0.827225                  0.374522        0.849199            63.6094       
[J21          0.193462    0.427767              0.925373       0.831414                  0.35936         0.865222            66.6551       
[J22          0.185354    0.44277               0.931553       0.835602                  0.361482        0.870877            69.7595       
[J23          0.182529    0.438089              0.934002       0.830366                  0.362318        0.865222            72.8652       
[J24          0.177782    0.435141              0.932176       0.835602                  0.362681        0.868049            75.9576       
[J25          0.169263    0.437618              0.936451       0.832461                  0.362866        0.857681            79.0338       
[J26          0.16474     0.450839              0.936684       0.837696                  0.371199        0.864279            82.1321       
[J27          0.159563    0.463409              0.938316       0.840838                  0.367468        0.868049            85.1764       
[J28          0.157353    0.470308              0.938666       0.838743                  0.383556        0.861451            88.2639       
[J29          0.148822    0.460883              0.943797       0.841885                  0.375324        0.868991            91.3248       
[J30          0.145995    0.485584              0.945023       0.838743                  0.380176        0.869934            94.41         
[J31          0.14102     0.502956              0.949277       0.836649                  0.388002        0.862394            97.4932       
[J32          0.141582    0.482567              0.947178       0.834555                  0.397211        0.850141            100.534       
[J33          0.141273    0.48966               0.946012       0.840838                  0.376213        0.863337            103.618       
[J34          0.137923    0.487211              0.949743       0.840838                  0.386453        0.852026            106.662       
[J35          0.127237    0.488133              0.950694       0.842932                  0.379198        0.865222            109.754       
[J36          0.128954    0.505281              0.950676       0.838743                  0.389135        0.862394            112.817       
[J37          0.128995    0.495509              0.950676       0.841885                  0.378707        0.868049            115.872       
[J38          0.122448    0.510663              0.952425       0.838743                  0.412537        0.842601            118.936       
[J39          0.120895    0.515278              0.95709        0.846073                  0.400777        0.858624            122.017       
[J40          0.122276    0.510383              0.953708       0.845026                  0.400352        0.867106            125.061       
[J41          0.117536    0.531464              0.95625        0.84712                   0.408411        0.867106            128.17        
[J42          0.11935     0.509304              0.956157       0.846073                  0.392133        0.864279            131.227       
[J43          0.116185    0.539931              0.955457       0.849215                  0.412852        0.864279            134.305       
[J44          0.109769    0.553176              0.957206       0.841885                  0.419704        0.856739            137.39        
[J45          0.110254    0.535477              0.959655       0.832461                  0.426581        0.843544            140.425       
[J46          0.111103    0.538959              0.958139       0.846073                  0.411255        0.855796            143.484       
[J47          0.108005    0.545294              0.959491       0.851309                  0.415546        0.859566            146.541       
