{
  "dataset": "TREC",
  "validation": true,
  "model": "cnn",
  "bilm_unit": 1024,
  "no_label": false,
  "seed": 2018,
  "bilm_ratio": 0.25,
  "bilm_wordwise": true,
  "bilm_residual": 0.0,
  "bilm_dropout": 0.0,
  "save_model": false,
  "bilm_mode": "sampling",
  "bilm_gumbel": false,
  "bilm_temp": 1.0,
  "unit": 300,
  "stop_epoch": 20,
  "gpu": 0,
  "dropout": 0.3,
  "learning_rate": 0.0001,
  "batchsize": 64,
  "out": "result",
  "bilm_add_original": 0.0,
  "resume_vocab": null,
  "bilm_layer": 1,
  "epoch": 100,
  "layer": 1,
  "bilm": null
}
constract vocabulary based on frequency
# train data: 4906
# test  data: 546
# vocab: 8680
# class: 6
epoch       main/loss   validation/main/loss  main/accuracy  validation/main/accuracy  test/main/loss  test/main/accuracy  elapsed_time
[J1           1.69361     1.59228               0.242492       0.384615                  1.60491         0.398               3.32579       
[J2           1.57196     1.46017               0.350041       0.489011                  1.44809         0.52                4.6349        
[J3           1.43628     1.29006               0.452097       0.494505                  1.2529          0.558               5.97712       
[J4           1.2811      1.16625               0.506088       0.584249                  1.13511         0.636               7.31203       
[J5           1.16908     1.06863               0.561485       0.606227                  1.00321         0.668               8.6316        
[J6           1.07256     0.99203               0.596217       0.613553                  0.903924        0.674               9.98806       
[J7           1.00127     0.938676              0.627841       0.641026                  0.833887        0.682               11.303        
[J8           0.922511    0.896326              0.665179       0.642857                  0.782992        0.696               12.6301       
[J9           0.878088    0.840254              0.670436       0.648352                  0.712082        0.716               13.9187       
[J10          0.822431    0.801093              0.695211       0.68315                   0.65452         0.738               15.2671       
[J11          0.776364    0.769185              0.717127       0.695971                  0.608661        0.766               16.5849       
[J12          0.733711    0.748541              0.734992       0.697802                  0.582517        0.766               17.8785       
[J13          0.69842     0.727684              0.746347       0.708791                  0.545685        0.794               19.2011       
[J14          0.637982    0.697977              0.771916       0.717949                  0.514682        0.814               20.6394       
[J15          0.606178    0.676956              0.790707       0.732601                  0.494068        0.83                22.0415       
[J16          0.576279    0.663133              0.79789        0.739927                  0.47326         0.836               23.3726       
[J17          0.534532    0.638883              0.814326       0.765568                  0.443516        0.862               24.7284       
[J18          0.507533    0.626462              0.831003       0.761905                  0.450116        0.856               26.0593       
[J19          0.468773    0.612077              0.845576       0.767399                  0.425157        0.862               27.3855       
[J20          0.442837    0.600168              0.853084       0.771062                  0.4221          0.856               28.7284       
[J21          0.415506    0.591995              0.863076       0.776557                  0.40463         0.87                30.0562       
[J22          0.386517    0.586293              0.870333       0.778388                  0.391904        0.87                31.4117       
[J23          0.358668    0.583916              0.883523       0.791209                  0.378185        0.878               32.7229       
[J24          0.326011    0.577917              0.896176       0.789377                  0.369758        0.88                34.0368       
[J25          0.32131     0.569777              0.894481       0.783883                  0.373485        0.876               35.4519       
[J26          0.295464    0.56146               0.910106       0.794872                  0.36773         0.88                36.7729       
[J27          0.271211    0.557917              0.913651       0.800366                  0.354724        0.89                38.113        
[J28          0.250481    0.554396              0.925528       0.800366                  0.358157        0.886               39.4486       
[J29          0.241486    0.5506                0.925731       0.802198                  0.345549        0.892               40.7921       
[J30          0.223534    0.546034              0.931743       0.805861                  0.349641        0.89                42.0841       
[J31          0.20416     0.544275              0.938718       0.807692                  0.345132        0.89                43.3923       
[J32          0.189577    0.542302              0.941817       0.81685                   0.343542        0.898               44.8111       
[J33          0.184434    0.542742              0.946429       0.811355                  0.349           0.892               46.1515       
[J34          0.168403    0.542226              0.949269       0.81685                   0.344457        0.894               47.475        
[J35          0.153324    0.540911              0.953125       0.815018                  0.346185        0.892               48.7685       
[J36          0.148067    0.550751              0.953734       0.813187                  0.32829         0.896               50.1047       
[J37          0.141853    0.55126               0.957183       0.81685                   0.340424        0.896               51.4322       
[J38          0.134941    0.54933               0.95991        0.815018                  0.342251        0.894               52.7204       
[J39          0.119877    0.551112              0.964286       0.818681                  0.337675        0.896               54.0411       
[J40          0.111639    0.54933               0.967532       0.824176                  0.339745        0.896               55.3567       
[J41          0.107922    0.550399              0.966488       0.824176                  0.346397        0.892               56.6615       
[J42          0.0987255   0.550542              0.970779       0.824176                  0.334068        0.896               57.9637       
[J43          0.108653    0.552588              0.968344       0.82967                   0.328415        0.902               59.2673       
[J44          0.0964149   0.557566              0.972656       0.824176                  0.338562        0.898               60.6008       
[J45          0.0904448   0.55601               0.973823       0.822344                  0.341182        0.898               61.906        
[J46          0.0862214   0.56102               0.97362        0.826007                  0.334013        0.902               63.2283       
[J47          0.0836593   0.561448              0.972451       0.836996                  0.332144        0.902               64.5189       
[J48          0.0723874   0.559205              0.978287       0.824176                  0.346218        0.9                 65.8641       
[J49          0.0733488   0.564215              0.979708       0.833333                  0.340336        0.902               67.1681       
[J50          0.0664258   0.57041               0.98088        0.827839                  0.326092        0.908               68.4545       
[J51          0.0656008   0.580612              0.981331       0.835165                  0.334692        0.906               69.7853       
[J52          0.0712171   0.586663              0.977881       0.824176                  0.322217        0.906               71.1025       
[J53          0.0615688   0.579844              0.981702       0.835165                  0.329532        0.904               72.4076       
[J54          0.0578229   0.594083              0.98539        0.82967                   0.326163        0.906               73.7099       
[J55          0.0613122   0.586887              0.981128       0.831502                  0.326522        0.906               75.0256       
[J56          0.0529291   0.582767              0.986225       0.836996                  0.335688        0.904               76.3573       
[J57          0.0495263   0.592233              0.986607       0.833333                  0.340776        0.906               77.6606       
[J58          0.0437194   0.59056               0.989448       0.833333                  0.343645        0.904               78.9811       
[J59          0.0422514   0.602526              0.988898       0.836996                  0.329181        0.906               80.2753       
[J60          0.0471045   0.603862              0.985998       0.836996                  0.328788        0.908               81.6157       
[J61          0.0400584   0.603195              0.990057       0.835165                  0.336805        0.904               82.9164       
[J62          0.0400987   0.607794              0.989309       0.836996                  0.335581        0.904               84.2089       
[J63          0.0411399   0.610926              0.987216       0.836996                  0.357106        0.902               85.559        
[J64          0.0424766   0.614154              0.989515       0.838828                  0.354934        0.9                 86.8739       
[J65          0.0363794   0.621185              0.989448       0.833333                  0.349148        0.902               88.2084       
[J66          0.0304463   0.625107              0.992492       0.836996                  0.332754        0.91                89.5174       
[J67          0.0389345   0.622161              0.990337       0.840659                  0.342365        0.906               90.8423       
[J68          0.0417659   0.62655               0.988433       0.836996                  0.349445        0.904               92.1438       
[J69          0.0303634   0.62773               0.991883       0.836996                  0.342227        0.906               93.4449       
[J70          0.0333634   0.631613              0.990748       0.836996                  0.355001        0.904               94.7587       
[J71          0.0324971   0.634948              0.990666       0.840659                  0.35398         0.898               96.0856       
[J72          0.037429    0.639803              0.989448       0.836996                  0.346656        0.91                97.4097       
[J73          0.0331696   0.647177              0.989515       0.840659                  0.352135        0.906               98.6971       
[J74          0.0292504   0.637135              0.991883       0.836996                  0.36468         0.902               100.045       
[J75          0.0261356   0.641051              0.993912       0.840659                  0.339367        0.904               101.351       
[J76          0.0302764   0.644709              0.990954       0.842491                  0.333993        0.908               102.636       
[J77          0.0253943   0.654163              0.993506       0.840659                  0.347113        0.904               103.957       
[J78          0.022744    0.650396              0.99513        0.842491                  0.358804        0.902               105.282       
[J79          0.0239071   0.658946              0.993421       0.842491                  0.345627        0.904               106.589       
[J80          0.023284    0.669534              0.993304       0.840659                  0.333468        0.906               107.893       
[J81          0.0315026   0.664596              0.990666       0.838828                  0.359485        0.904               109.197       
[J82          0.0252735   0.660594              0.99486        0.838828                  0.361043        0.91                110.53        
[J83          0.0252566   0.675621              0.992898       0.835165                  0.350734        0.912               111.84        
[J84          0.0194864   0.658883              0.995942       0.846154                  0.357649        0.912               113.168       
[J85          0.0218288   0.671185              0.993627       0.840659                  0.356409        0.912               114.467       
[J86          0.0244196   0.663369              0.992695       0.844322                  0.358357        0.906               115.808       
[J87          0.0200766   0.680631              0.99513        0.840659                  0.354936        0.908               117.116       
[J88          0.022157    0.679136              0.994038       0.840659                  0.376167        0.898               118.404       
[J89          0.0182496   0.682493              0.995536       0.844322                  0.35136         0.908               119.731       
[J90          0.0180977   0.686515              0.994318       0.846154                  0.354753        0.908               121.048       
[J91          0.0234346   0.688707              0.99486        0.840659                  0.343391        0.91                122.355       
[J92          0.0181463   0.695394              0.994927       0.842491                  0.347423        0.908               123.66        
[J93          0.0201891   0.700413              0.994724       0.835165                  0.356629        0.91                124.966       
[J94          0.0170584   0.702274              0.996299       0.846154                  0.334757        0.91                126.293       
[J95          0.0202667   0.700455              0.993709       0.833333                  0.354861        0.896               127.598       
[J96          0.0154853   0.700851              0.995271       0.831502                  0.386401        0.9                 128.904       
[J97          0.0154918   0.69591               0.995942       0.844322                  0.379463        0.91                130.225       
[J98          0.0177438   0.692804              0.995333       0.842491                  0.368614        0.908               131.551       
[J99          0.0181369   0.699392              0.994655       0.838828                  0.371843        0.902               132.844       
[J100         0.0117982   0.700902              0.99655        0.847985                  0.352951        0.914               134.15        
