{
  "model": "cnn",
  "bilm_ratio": 0.25,
  "no_label": false,
  "validation": true,
  "bilm_temp": 1.0,
  "bilm_dropout": 0.0,
  "save_model": false,
  "unit": 300,
  "bilm_unit": 1024,
  "bilm_mode": "sampling",
  "bilm_gumbel": false,
  "dataset": "TREC",
  "dropout": 0.2,
  "stop_epoch": 20,
  "bilm_layer": 1,
  "gpu": 0,
  "bilm": null,
  "bilm_wordwise": true,
  "batchsize": 64,
  "learning_rate": 0.0001,
  "bilm_residual": 0.0,
  "resume_vocab": null,
  "bilm_add_original": 0.0,
  "layer": 1,
  "out": "result",
  "epoch": 100,
  "seed": 2018
}
constract vocabulary based on frequency
# train data: 4906
# test  data: 546
# vocab: 8680
# class: 6
epoch       main/loss   validation/main/loss  main/accuracy  validation/main/accuracy  test/main/loss  test/main/accuracy  elapsed_time
[J1           1.66923     1.55142               0.275568       0.457875                  1.54727         0.488               3.30736       
[J2           1.48688     1.34131               0.425731       0.503663                  1.32674         0.574               4.62007       
[J3           1.27588     1.15863               0.527961       0.571429                  1.11499         0.632               5.95217       
[J4           1.11833     1.04149               0.590909       0.608059                  0.975625        0.654               7.28493       
[J5           1.00103     0.948026              0.636364       0.6337                    0.840064        0.7                 8.59402       
[J6           0.901158    0.877536              0.672492       0.653846                  0.747652        0.736               9.90559       
[J7           0.826732    0.825094              0.703531       0.675824                  0.676786        0.742               11.2102       
[J8           0.747967    0.789193              0.734984       0.677656                  0.629565        0.752               12.5595       
[J9           0.69128     0.738881              0.754523       0.712454                  0.57333         0.794               13.8505       
[J10          0.634211    0.704928              0.778206       0.739927                  0.517906        0.834               15.1742       
[J11          0.580111    0.677489              0.797281       0.75641                   0.480083        0.856               16.4797       
[J12          0.532562    0.65797               0.822574       0.75641                   0.4716          0.85                17.7857       
[J13          0.484778    0.6435                0.839286       0.74359                   0.441709        0.864               19.1172       
[J14          0.43259     0.61889               0.863028       0.758242                  0.417207        0.86                20.4231       
[J15          0.392776    0.599927              0.878701       0.776557                  0.405239        0.876               21.7449       
[J16          0.352545    0.590241              0.890016       0.789377                  0.381333        0.882               23.0704       
[J17          0.321296    0.573009              0.901177       0.798535                  0.372371        0.884               24.3917       
[J18          0.291857    0.561219              0.908512       0.798535                  0.374201        0.88                25.7469       
[J19          0.253598    0.554523              0.930195       0.798535                  0.356914        0.884               27.1492       
[J20          0.237604    0.546735              0.931818       0.796703                  0.358025        0.882               28.7197       
[J21          0.217464    0.547481              0.937294       0.802198                  0.354601        0.882               30.2185       
[J22          0.194437    0.543207              0.943182       0.804029                  0.341615        0.884               31.5995       
[J23          0.170212    0.55108               0.954748       0.818681                  0.328004        0.884               32.9635       
[J24          0.146867    0.538184              0.965255       0.809524                  0.330312        0.88                34.3056       
[J25          0.150777    0.534355              0.960024       0.811355                  0.328478        0.894               35.6358       
[J26          0.133054    0.533748              0.964692       0.818681                  0.328026        0.894               36.985        
[J27          0.117134    0.534641              0.969161       0.818681                  0.321258        0.9                 38.3386       
[J28          0.104148    0.534718              0.974838       0.811355                  0.328652        0.894               39.6699       
[J29          0.096394    0.538768              0.97707        0.81685                   0.318777        0.9                 41.023        
[J30          0.0967508   0.537456              0.976562       0.824176                  0.309422        0.9                 42.3436       
[J31          0.0825339   0.538731              0.97849        0.820513                  0.307823        0.906               43.7091       
[J32          0.0781664   0.541504              0.980469       0.815018                  0.318848        0.904               45.0277       
[J33          0.0705849   0.546759              0.980925       0.822344                  0.319702        0.902               46.3602       
[J34          0.0623127   0.552773              0.983766       0.820513                  0.311831        0.9                 47.7241       
[J35          0.0579588   0.555456              0.985814       0.822344                  0.314298        0.898               49.0476       
[J36          0.056221    0.566009              0.986607       0.822344                  0.300004        0.904               50.3945       
[J37          0.0526658   0.561677              0.987216       0.827839                  0.313463        0.908               51.7286       
[J38          0.0525087   0.561635              0.988692       0.820513                  0.313641        0.904               53.0597       
[J39          0.0451683   0.56499               0.988839       0.826007                  0.317816        0.904               54.411        
[J40          0.043891    0.568126              0.988231       0.824176                  0.316301        0.902               55.7376       
[J41          0.0410822   0.568352              0.990337       0.822344                  0.324894        0.904               57.084        
[J42          0.0365635   0.577137              0.991477       0.824176                  0.321644        0.9                 58.4328       
[J43          0.0412272   0.579687              0.991274       0.820513                  0.316168        0.906               59.7806       
[J44          0.04092     0.585023              0.989309       0.824176                  0.329785        0.898               61.0957       
[J45          0.033148    0.592382              0.991883       0.827839                  0.310751        0.902               62.4531       
[J46          0.0307799   0.593015              0.993709       0.826007                  0.31778         0.904               63.8354       
[J47          0.0324684   0.590441              0.99116        0.827839                  0.325018        0.908               65.1537       
[J48          0.0244522   0.596044              0.994927       0.822344                  0.331089        0.9                 66.5194       
[J49          0.0280871   0.595614              0.993709       0.826007                  0.322323        0.9                 67.8802       
[J50          0.0261519   0.600964              0.993421       0.826007                  0.317086        0.906               69.2165       
[J51          0.0262947   0.603886              0.993101       0.826007                  0.322324        0.906               70.5426       
[J52          0.0250265   0.61211               0.993912       0.820513                  0.311701        0.91                71.875        
[J53          0.0209344   0.613506              0.995683       0.827839                  0.318371        0.91                73.2334       
[J54          0.0191155   0.622332              0.995536       0.826007                  0.318094        0.912               74.5602       
[J55          0.0248442   0.62999               0.992289       0.833333                  0.312966        0.912               75.9121       
[J56          0.0226063   0.623798              0.993832       0.831502                  0.327889        0.908               77.2283       
[J57          0.016943    0.626242              0.995739       0.826007                  0.325462        0.904               78.5759       
[J58          0.0172105   0.630937              0.995942       0.833333                  0.317601        0.906               79.9196       
[J59          0.019549    0.640219              0.995683       0.835165                  0.306286        0.912               81.2323       
[J60          0.0147555   0.641398              0.99655        0.827839                  0.326975        0.904               82.6015       
[J61          0.0182324   0.6454                0.995942       0.827839                  0.334451        0.906               83.9299       
[J62          0.0134803   0.655157              0.997327       0.836996                  0.318241        0.914               85.2628       
[J63          0.0164227   0.658439              0.996144       0.833333                  0.355937        0.902               86.5924       
[J64          0.0164281   0.654738              0.996505       0.835165                  0.33903         0.912               87.9284       
[J65          0.0159629   0.648692              0.996956       0.835165                  0.357111        0.906               89.3279       
[J66          0.0152863   0.654815              0.995942       0.838828                  0.321511        0.914               90.6705       
[J67          0.0169331   0.649008              0.996299       0.831502                  0.348084        0.908               91.9964       
[J68          0.0199243   0.652472              0.99513        0.831502                  0.344416        0.912               93.35         
[J69          0.0100954   0.659065              0.997971       0.831502                  0.33551         0.912               94.6919       
[J70          0.0151713   0.660692              0.995477       0.833333                  0.352078        0.91                96.0045       
[J71          0.0135227   0.666325              0.996144       0.831502                  0.34589         0.91                97.5636       
[J72          0.0138585   0.672327              0.996144       0.840659                  0.322859        0.926               99.1105       
