{
  "stop_epoch": 20,
  "no_label": false,
  "dataset": "TREC",
  "bilm_ratio": 0.25,
  "bilm_unit": 1024,
  "out": "result",
  "bilm_dropout": 0.0,
  "bilm": null,
  "bilm_layer": 1,
  "epoch": 100,
  "save_model": false,
  "learning_rate": 0.0001,
  "resume_vocab": null,
  "gpu": 0,
  "validation": true,
  "bilm_temp": 1.0,
  "batchsize": 64,
  "bilm_mode": "sampling",
  "seed": 2018,
  "unit": 300,
  "layer": 1,
  "bilm_wordwise": true,
  "bilm_residual": 0.0,
  "dropout": 0.1,
  "bilm_add_original": 0.0,
  "bilm_gumbel": false,
  "model": "cnn"
}
constract vocabulary based on frequency
# train data: 4906
# test  data: 546
# vocab: 8680
# class: 6
epoch       main/loss   validation/main/loss  main/accuracy  validation/main/accuracy  test/main/loss  test/main/accuracy  elapsed_time
[J1           1.64626     1.5019                0.32082        0.481685                  1.48554         0.504               3.95704       
[J2           1.38084     1.23278               0.494318       0.551282                  1.21484         0.602               5.28632       
[J3           1.13015     1.04872               0.60588        0.604396                  0.981399        0.648               6.62772       
[J4           0.966006    0.949101              0.661526       0.626374                  0.846509        0.672               7.97046       
[J5           0.848226    0.856634              0.700893       0.655678                  0.711051        0.75                9.28266       
[J6           0.747916    0.79355               0.747944       0.695971                  0.633606        0.778               10.6069       
[J7           0.662468    0.743988              0.778206       0.71978                   0.570916        0.802               11.9451       
[J8           0.582947    0.716367              0.807021       0.721612                  0.531266        0.804               13.285        
[J9           0.513604    0.671885              0.842722       0.749084                  0.478151        0.852               14.5826       
[J10          0.455165    0.646604              0.858766       0.772894                  0.439179        0.852               15.9098       
[J11          0.395929    0.623838              0.886567       0.772894                  0.421805        0.874               17.2311       
[J12          0.349572    0.605007              0.902344       0.783883                  0.409432        0.866               18.5133       
[J13          0.293349    0.589724              0.921672       0.796703                  0.385212        0.868               19.834        
[J14          0.25114     0.567652              0.936891       0.798535                  0.372477        0.88                21.1345       
[J15          0.218608    0.559786              0.948191       0.805861                  0.361048        0.884               22.4655       
[J16          0.189358    0.555822              0.956372       0.805861                  0.33594         0.896               23.7636       
[J17          0.160591    0.548082              0.965706       0.811355                  0.334206        0.894               25.0602       
[J18          0.134247    0.542133              0.971423       0.811355                  0.335715        0.896               26.3764       
[J19          0.115507    0.538318              0.977476       0.818681                  0.322595        0.896               27.6935       
[J20          0.104187    0.535749              0.979099       0.813187                  0.330961        0.892               29.0123       
[J21          0.0920143   0.541234              0.980674       0.818681                  0.327183        0.898               30.2926       
[J22          0.0790332   0.540608              0.983969       0.818681                  0.315466        0.9                 31.6218       
[J23          0.0683505   0.548926              0.987825       0.820513                  0.31196         0.894               32.9315       
[J24          0.0613203   0.542862              0.988898       0.822344                  0.307134        0.894               34.2112       
[J25          0.0603372   0.5472                0.987825       0.826007                  0.307617        0.898               35.5283       
[J26          0.0501058   0.550337              0.991274       0.818681                  0.320059        0.9                 36.8258       
[J27          0.0454575   0.557116              0.990954       0.822344                  0.310309        0.9                 38.1593       
[J28          0.039636    0.558696              0.993506       0.824176                  0.323815        0.894               39.4512       
[J29          0.0357022   0.562394              0.994115       0.824176                  0.307826        0.896               40.764        
[J30          0.0372215   0.577789              0.992188       0.818681                  0.295778        0.904               42.0692       
[J31          0.031669    0.566663              0.994115       0.824176                  0.308121        0.9                 43.3646       
[J32          0.0273829   0.572863              0.995477       0.824176                  0.311978        0.896               44.662        
[J33          0.0249628   0.573647              0.996347       0.822344                  0.319444        0.898               45.9518       
[J34          0.0212696   0.576663              0.996753       0.826007                  0.312521        0.898               47.2794       
[J35          0.0240799   0.591522              0.995683       0.831502                  0.309565        0.9                 48.5661       
[J36          0.0209714   0.594064              0.995942       0.826007                  0.301485        0.902               49.8828       
[J37          0.0190814   0.595011              0.997768       0.827839                  0.317319        0.902               51.1921       
[J38          0.0228989   0.596404              0.996299       0.82967                   0.318737        0.9                 52.5108       
[J39          0.0180525   0.609278              0.996144       0.827839                  0.303652        0.904               53.8357       
[J40          0.0139043   0.605142              0.998377       0.831502                  0.320029        0.9                 55.1422       
[J41          0.0142401   0.607646              0.997327       0.826007                  0.338177        0.896               56.46         
[J42          0.0133744   0.616211              0.998174       0.835165                  0.319426        0.9                 57.7675       
