{
  "bilm_dropout": 0.0,
  "layer": 1,
  "bilm_residual": 0.0,
  "learning_rate": 0.0001,
  "no_label": false,
  "seed": 2018,
  "dropout": 0.6,
  "bilm_layer": 1,
  "bilm_unit": 1024,
  "dataset": "TREC",
  "bilm": null,
  "save_model": false,
  "gpu": 0,
  "bilm_wordwise": true,
  "stop_epoch": 20,
  "batchsize": 64,
  "bilm_mode": "sampling",
  "bilm_gumbel": false,
  "out": "result",
  "epoch": 100,
  "validation": true,
  "resume_vocab": null,
  "bilm_temp": 1.0,
  "model": "cnn",
  "bilm_ratio": 0.25,
  "unit": 300,
  "bilm_add_original": 0.0
}
constract vocabulary based on frequency
# train data: 4906
# test  data: 546
# vocab: 8680
# class: 6
epoch       main/loss   validation/main/loss  main/accuracy  validation/main/accuracy  test/main/loss  test/main/accuracy  elapsed_time
[J1           1.81775     1.67739               0.200893       0.298535                  1.7204          0.222               3.3887        
[J2           1.7377      1.65155               0.209619       0.336996                  1.68832         0.246               4.6988        
[J3           1.71479     1.63912               0.22903        0.355311                  1.66604         0.276               6.01881       
[J4           1.70555     1.63028               0.225852       0.371795                  1.6548          0.374               7.32779       
[J5           1.68031     1.62002               0.250609       0.401099                  1.63343         0.424               8.61132       
[J6           1.67486     1.60774               0.254934       0.421245                  1.61588         0.468               9.90229       
[J7           1.65779     1.59416               0.264002       0.467033                  1.59348         0.484               11.1896       
[J8           1.62209     1.57275               0.289164       0.465201                  1.5669          0.486               12.5246       
[J9           1.62018     1.54195               0.289062       0.46337                   1.53716         0.47                13.7902       
[J10          1.5963      1.50769               0.308644       0.467033                  1.49901         0.522               15.0993       
[J11          1.55657     1.46223               0.334619       0.472527                  1.45895         0.544               16.3894       
[J12          1.53546     1.4184                0.35074        0.467033                  1.41145         0.546               17.659        
[J13          1.48609     1.37244               0.376218       0.470696                  1.36512         0.562               18.9553       
[J14          1.44892     1.33814               0.391234       0.483516                  1.32471         0.586               20.2367       
[J15          1.42869     1.3064                0.397615       0.5                       1.29659         0.584               21.5275       
[J16          1.39976     1.28014               0.410511       0.518315                  1.26437         0.582               22.8235       
[J17          1.38386     1.25792               0.417005       0.538462                  1.24207         0.61                24.121        
[J18          1.35069     1.23588               0.434827       0.556777                  1.2209          0.592               25.3896       
[J19          1.3219      1.21487               0.45414        0.562271                  1.19482         0.61                26.676        
[J20          1.29861     1.19587               0.464894       0.56044                   1.17334         0.61                27.9911       
[J21          1.27782     1.1763                0.480469       0.57326                   1.15223         0.62                29.3128       
[J22          1.26364     1.1583                0.481128       0.576923                  1.13125         0.63                30.6378       
[J23          1.25469     1.14271               0.492086       0.582418                  1.10901         0.636               31.9636       
[J24          1.22471     1.12329               0.501234       0.586081                  1.08559         0.638               33.2291       
[J25          1.22109     1.10431               0.510958       0.587912                  1.07043         0.632               34.5269       
[J26          1.17709     1.08368               0.53957        0.598901                  1.04519         0.638               35.8088       
[J27          1.17709     1.06303               0.530633       0.619048                  1.02614         0.65                37.1157       
[J28          1.15809     1.04537               0.53267        0.626374                  1.0128          0.652               38.4223       
[J29          1.12589     1.02677               0.557427       0.637363                  0.990715        0.658               39.7285       
[J30          1.11044     1.00978               0.570107       0.635531                  0.977967        0.664               41.0049       
[J31          1.10036     0.993576              0.5625         0.642857                  0.958262        0.668               42.3223       
[J32          1.09167     0.977275              0.572368       0.650183                  0.94716         0.682               43.6213       
[J33          1.06494     0.960659              0.574675       0.657509                  0.930645        0.696               44.9029       
[J34          1.04125     0.947193              0.597403       0.653846                  0.911014        0.706               46.2047       
[J35          1.01503     0.927495              0.611637       0.655678                  0.889496        0.71                47.4949       
[J36          1.01028     0.915034              0.609375       0.655678                  0.878566        0.708               48.8072       
[J37          1.00191     0.902549              0.616274       0.663004                  0.867411        0.706               50.0932       
[J38          0.976068    0.885585              0.630345       0.668498                  0.852985        0.712               51.381        
[J39          0.954084    0.870616              0.637175       0.673993                  0.829977        0.718               52.699        
[J40          0.934116    0.856986              0.654221       0.684982                  0.817121        0.718               53.9826       
[J41          0.931884    0.845729              0.652344       0.681319                  0.803662        0.718               55.271        
[J42          0.919688    0.835671              0.648539       0.697802                  0.788165        0.734               56.5595       
[J43          0.906069    0.823138              0.6597         0.701465                  0.780539        0.738               57.8596       
[J44          0.879284    0.812531              0.677426       0.703297                  0.762076        0.74                59.1494       
[J45          0.885925    0.80752               0.675731       0.705128                  0.758256        0.742               60.4326       
[J46          0.8595      0.796655              0.682021       0.712454                  0.745217        0.744               61.7372       
[J47          0.847651    0.788047              0.68236        0.717949                  0.735755        0.748               63.0327       
[J48          0.834038    0.778858              0.696429       0.716117                  0.7276          0.754               64.3345       
[J49          0.81936     0.768201              0.700284       0.721612                  0.714387        0.756               65.6203       
[J50          0.792041    0.75857               0.70847        0.721612                  0.70481         0.752               66.909        
[J51          0.788508    0.748321              0.714286       0.734432                  0.689796        0.766               68.212        
[J52          0.777862    0.740475              0.714286       0.728938                  0.67888         0.762               69.4948       
[J53          0.762491    0.733079              0.715872       0.738095                  0.674589        0.774               70.7779       
[J54          0.750583    0.724595              0.728896       0.738095                  0.659306        0.778               72.0797       
[J55          0.735089    0.717805              0.737013       0.741758                  0.652388        0.792               73.3723       
[J56          0.727766    0.713081              0.746094       0.745421                  0.645392        0.8                 74.6595       
[J57          0.708958    0.707193              0.744521       0.747253                  0.63639         0.794               75.9408       
[J58          0.704991    0.699462              0.747565       0.752747                  0.627989        0.804               77.2572       
[J59          0.691015    0.692478              0.755345       0.758242                  0.620606        0.806               78.543        
[J60          0.694617    0.689118              0.761161       0.758242                  0.615381        0.824               79.8257       
[J61          0.673473    0.683875              0.75832        0.760073                  0.603768        0.82                81.1377       
[J62          0.676425    0.676029              0.759457       0.761905                  0.600962        0.822               82.4313       
[J63          0.648278    0.670123              0.773539       0.763736                  0.597082        0.816               83.7331       
[J64          0.640471    0.670681              0.777549       0.769231                  0.593782        0.82                84.9993       
[J65          0.635506    0.663754              0.773945       0.769231                  0.588793        0.824               86.3012       
[J66          0.608297    0.654843              0.781859       0.771062                  0.574527        0.83                87.6034       
[J67          0.596074    0.650387              0.785979       0.772894                  0.570684        0.834               88.8711       
[J68          0.6043      0.645054              0.786932       0.78022                   0.564684        0.828               90.1701       
[J69          0.585248    0.640501              0.792817       0.79304                   0.557956        0.838               91.4519       
[J70          0.576192    0.635687              0.805921       0.791209                  0.551505        0.836               92.7683       
[J71          0.567389    0.632077              0.808847       0.791209                  0.549727        0.838               94.0545       
[J72          0.568948    0.629811              0.795049       0.800366                  0.545042        0.844               95.3367       
[J73          0.558357    0.624956              0.809005       0.798535                  0.54022         0.84                96.627        
[J74          0.555845    0.620987              0.806615       0.800366                  0.535179        0.842               97.9441       
[J75          0.540129    0.616299              0.81392        0.800366                  0.528064        0.836               99.258        
[J76          0.534925    0.614046              0.813117       0.805861                  0.528063        0.842               100.533       
[J77          0.52752     0.61063               0.822646       0.805861                  0.520855        0.84                101.841       
[J78          0.497948    0.607244              0.830357       0.813187                  0.515547        0.842               103.163       
[J79          0.488455    0.603975              0.83162        0.809524                  0.511939        0.846               104.434       
[J80          0.489126    0.601274              0.837459       0.815018                  0.510692        0.846               105.739       
[J81          0.501934    0.597644              0.822037       0.81685                   0.505334        0.846               107.044       
[J82          0.491764    0.592473              0.833059       0.809524                  0.500581        0.84                108.34        
[J83          0.471578    0.591512              0.842938       0.818681                  0.498407        0.846               109.626       
[J84          0.456418    0.590311              0.844359       0.818681                  0.498597        0.844               110.914       
[J85          0.437592    0.587051              0.849712       0.815018                  0.492043        0.844               112.217       
[J86          0.45719     0.582599              0.841518       0.818681                  0.492972        0.844               113.499       
[J87          0.44514     0.581574              0.85349        0.818681                  0.493645        0.848               114.801       
[J88          0.441014    0.578693              0.858553       0.820513                  0.488646        0.85                116.07        
[J89          0.432906    0.574947              0.859578       0.822344                  0.484744        0.852               117.377       
[J90          0.426973    0.572438              0.854099       0.822344                  0.481878        0.852               118.678       
[J91          0.416089    0.569577              0.865748       0.820513                  0.474662        0.852               119.947       
[J92          0.406986    0.568625              0.864448       0.822344                  0.472302        0.852               121.253       
[J93          0.39143     0.56878               0.868709       0.818681                  0.471893        0.856               122.554       
[J94          0.381481    0.566259              0.873766       0.824176                  0.46547         0.86                123.843       
[J95          0.37706     0.564948              0.877232       0.826007                  0.463146        0.858               125.127       
