{
  "no_label": false,
  "epoch": 100,
  "bilm_dropout": 0.0,
  "learning_rate": 0.0001,
  "out": "result",
  "seed": 2018,
  "dataset": "TREC",
  "resume_vocab": null,
  "batchsize": 64,
  "layer": 1,
  "bilm_mode": "sampling",
  "bilm_wordwise": true,
  "unit": 300,
  "bilm_add_original": 0.0,
  "stop_epoch": 20,
  "validation": true,
  "bilm_gumbel": false,
  "bilm": null,
  "gpu": 0,
  "bilm_unit": 1024,
  "bilm_temp": 1.0,
  "bilm_ratio": 0.25,
  "save_model": false,
  "bilm_residual": 0.0,
  "bilm_layer": 1,
  "model": "cnn",
  "dropout": 0.4
}
constract vocabulary based on frequency
# train data: 4906
# test  data: 546
# vocab: 8680
# class: 6
epoch       main/loss   validation/main/loss  main/accuracy  validation/main/accuracy  test/main/loss  test/main/accuracy  elapsed_time
[J1           1.71255     1.62353               0.219156       0.347985                  1.65056         0.368               3.32524       
[J2           1.63034     1.55258               0.2847         0.424908                  1.55533         0.47                4.61135       
[J3           1.57027     1.4569                0.343956       0.501832                  1.43474         0.54                6.04396       
[J4           1.47824     1.33637               0.408279       0.514652                  1.32619         0.598               7.36121       
[J5           1.37408     1.23672               0.452313       0.56044                   1.21139         0.63                8.66074       
[J6           1.28421     1.16349               0.491776       0.595238                  1.13702         0.662               9.96992       
[J7           1.21543     1.10804               0.525771       0.602564                  1.06428         0.644               11.3549       
[J8           1.13763     1.05394               0.566356       0.595238                  1.00249         0.632               12.7213       
[J9           1.09117     0.992076              0.578331       0.602564                  0.932122        0.636               14.0062       
[J10          1.03692     0.947084              0.604302       0.615385                  0.871012        0.658               15.3338       
[J11          0.996122    0.908223              0.620536       0.650183                  0.816465        0.696               16.6546       
[J12          0.953936    0.883119              0.636719       0.641026                  0.77985         0.706               17.9395       
[J13          0.90927     0.85336               0.661729       0.644689                  0.731382        0.718               19.2559       
[J14          0.864257    0.822686              0.680398       0.655678                  0.686928        0.732               20.5549       
[J15          0.837861    0.802633              0.685238       0.664835                  0.66283         0.736               21.8848       
[J16          0.816767    0.78604               0.692979       0.668498                  0.644093        0.734               23.1823       
[J17          0.779939    0.754207              0.712459       0.699634                  0.60175         0.764               24.4763       
[J18          0.743739    0.739396              0.721423       0.695971                  0.596734        0.768               25.7742       
[J19          0.71303     0.718292              0.740666       0.710623                  0.561099        0.784               27.101        
[J20          0.687627    0.701222              0.74655        0.714286                  0.544106        0.796               28.4204       
[J21          0.657668    0.689785              0.757196       0.723443                  0.526972        0.806               29.7014       
[J22          0.635639    0.6794                0.772524       0.732601                  0.505978        0.83                31.0439       
[J23          0.609804    0.664347              0.778815       0.749084                  0.480152        0.852               32.3434       
[J24          0.579057    0.656668              0.792146       0.745421                  0.468446        0.844               33.6208       
[J25          0.566271    0.648553              0.807224       0.74359                   0.465864        0.838               34.9375       
[J26          0.53123     0.633183              0.814326       0.765568                  0.449632        0.85                36.2463       
[J27          0.510954    0.62358               0.820518       0.774725                  0.431113        0.866               37.5853       
[J28          0.497334    0.613526              0.832183       0.776557                  0.430997        0.862               38.8924       
[J29          0.477449    0.60513               0.833401       0.783883                  0.419724        0.874               40.2259       
[J30          0.449165    0.59885               0.853824       0.776557                  0.412909        0.87                41.541        
[J31          0.429696    0.594623              0.851664       0.78022                   0.403666        0.872               42.8346       
[J32          0.421356    0.585673              0.86472        0.787546                  0.400021        0.876               44.1351       
[J33          0.400157    0.583866              0.86668        0.785714                  0.397343        0.874               45.431        
[J34          0.372232    0.577304              0.877029       0.79304                   0.393398        0.88                46.7723       
[J35          0.351677    0.576568              0.884868       0.79304                   0.391944        0.876               48.0532       
[J36          0.347607    0.580189              0.881494       0.787546                  0.381684        0.88                49.3504       
[J37          0.333458    0.569818              0.889205       0.796703                  0.387239        0.886               50.6618       
[J38          0.320139    0.56814               0.896793       0.796703                  0.379838        0.88                51.9479       
[J39          0.29086     0.5595                0.905641       0.802198                  0.375829        0.882               53.2498       
[J40          0.275636    0.555678              0.90767        0.807692                  0.377661        0.882               54.53         
[J41          0.27366     0.559001              0.909334       0.807692                  0.376914        0.876               55.8278       
[J42          0.253304    0.556083              0.917614       0.804029                  0.365902        0.88                57.1264       
[J43          0.265179    0.553577              0.913555       0.813187                  0.360751        0.884               58.4027       
[J44          0.241458    0.553728              0.922492       0.807692                  0.374561        0.874               59.6867       
[J45          0.235567    0.551883              0.925528       0.813187                  0.371258        0.88                60.9766       
[J46          0.217588    0.553051              0.92776        0.811355                  0.365097        0.88                62.2955       
[J47          0.212921    0.551861              0.935855       0.81685                   0.360299        0.884               63.5593       
[J48          0.200841    0.546878              0.937297       0.818681                  0.363068        0.884               64.837        
[J49          0.194759    0.54542               0.937094       0.822344                  0.363191        0.882               66.1515       
[J50          0.17829     0.545637              0.941612       0.81685                   0.355138        0.886               67.4584       
[J51          0.179091    0.553365              0.943588       0.813187                  0.359869        0.886               68.7746       
[J52          0.183074    0.552711              0.939732       0.815018                  0.349514        0.89                70.0757       
[J53          0.166469    0.547059              0.946135       0.822344                  0.351555        0.892               71.4065       
[J54          0.158872    0.553089              0.95069        0.813187                  0.35425         0.89                72.7522       
[J55          0.161401    0.548509              0.948864       0.824176                  0.361298        0.884               74.0323       
[J56          0.143951    0.548513              0.957648       0.822344                  0.356884        0.888               75.3191       
[J57          0.136352    0.553557              0.957792       0.824176                  0.354969        0.888               76.6191       
[J58          0.127858    0.555912              0.957589       0.82967                   0.353329        0.89                77.9288       
[J59          0.124286    0.566995              0.960321       0.826007                  0.345785        0.902               79.2051       
[J60          0.125983    0.55662               0.962256       0.827839                  0.351781        0.894               80.5168       
[J61          0.118392    0.561072              0.96388        0.833333                  0.348985        0.904               81.8354       
[J62          0.115455    0.557429              0.963199       0.831502                  0.348572        0.9                 83.1378       
[J63          0.113167    0.560288              0.965909       0.833333                  0.358165        0.892               84.466        
[J64          0.114067    0.564239              0.963405       0.82967                   0.365608        0.89                85.7579       
[J65          0.103664    0.567388              0.969156       0.82967                   0.352884        0.894               87.1056       
[J66          0.0965481   0.56634               0.968953       0.835165                  0.344023        0.906               88.4051       
[J67          0.100012    0.56939               0.968339       0.831502                  0.351908        0.904               89.6893       
[J68          0.100194    0.566257              0.966721       0.836996                  0.351684        0.902               91.0207       
[J69          0.0836359   0.570501              0.973011       0.836996                  0.358599        0.906               92.371        
[J70          0.0823849   0.576456              0.972245       0.835165                  0.347236        0.906               93.6787       
[J71          0.0929702   0.573486              0.971794       0.836996                  0.356096        0.898               94.9756       
[J72          0.0902249   0.578883              0.971185       0.835165                  0.351684        0.898               96.3344       
[J73          0.0891624   0.582524              0.971217       0.838828                  0.358322        0.896               97.6446       
[J74          0.0758922   0.582965              0.974635       0.835165                  0.35099         0.904               98.9547       
[J75          0.0810006   0.591095              0.974229       0.835165                  0.345463        0.904               100.299       
[J76          0.0833916   0.593906              0.974918       0.838828                  0.348102        0.904               101.62        
[J77          0.0704504   0.596651              0.979505       0.838828                  0.347389        0.906               102.949       
[J78          0.0662331   0.599808              0.981737       0.833333                  0.357502        0.9                 104.249       
[J79          0.0604759   0.60723               0.980058       0.840659                  0.353238        0.902               105.553       
[J80          0.0649322   0.609867              0.979708       0.842491                  0.346076        0.912               106.878       
