{
  "dataset": "TREC",
  "bilm_residual": 0.0,
  "bilm_ratio": 0.25,
  "batchsize": 64,
  "bilm_add_original": 0.0,
  "epoch": 100,
  "unit": 300,
  "seed": 2018,
  "save_model": false,
  "layer": 1,
  "bilm_layer": 1,
  "bilm": null,
  "bilm_temp": 1.0,
  "gpu": 0,
  "bilm_dropout": 0.0,
  "bilm_mode": "sampling",
  "bilm_wordwise": true,
  "learning_rate": 0.0001,
  "bilm_unit": 1024,
  "no_label": false,
  "model": "cnn",
  "dropout": 0.5,
  "validation": true,
  "resume_vocab": null,
  "out": "result",
  "bilm_gumbel": false,
  "stop_epoch": 20
}
constract vocabulary based on frequency
# train data: 4906
# test  data: 546
# vocab: 8680
# class: 6
epoch       main/loss   validation/main/loss  main/accuracy  validation/main/accuracy  test/main/loss  test/main/accuracy  elapsed_time
[J1           1.74639     1.65121               0.206981       0.318681                  1.68645         0.256               3.51842       
[J2           1.67509     1.60909               0.239651       0.373626                  1.63114         0.388               4.84282       
[J3           1.64921     1.57311               0.271382       0.450549                  1.57714         0.474               6.16551       
[J4           1.62164     1.5289                0.296672       0.474359                  1.53171         0.52                7.47036       
[J5           1.57643     1.46637               0.330357       0.489011                  1.45047         0.558               8.76587       
[J6           1.51955     1.3865                0.368627       0.472527                  1.37093         0.586               10.0776       
[J7           1.4661      1.31711               0.383117       0.498168                  1.29618         0.59                11.3953       
[J8           1.38507     1.26307               0.430601       0.538462                  1.24061         0.602               12.7062       
[J9           1.34389     1.21092               0.446752       0.543956                  1.18416         0.61                13.987        
[J10          1.30157     1.17096               0.465706       0.571429                  1.14063         0.634               15.3056       
[J11          1.24951     1.13245               0.49655        0.604396                  1.10201         0.654               16.6244       
[J12          1.22522     1.10092               0.507607       0.591575                  1.05667         0.64                17.9037       
[J13          1.17538     1.06585               0.539367       0.608059                  1.01419         0.648               19.2211       
[J14          1.13776     1.0313                0.555195       0.613553                  0.9712          0.646               20.5205       
[J15          1.11061     1.0021                0.563117       0.615385                  0.943473        0.65                21.8369       
[J16          1.08872     0.97517               0.580763       0.619048                  0.907949        0.646               23.134        
[J17          1.05142     0.942825              0.601461       0.630037                  0.869296        0.674               24.4486       
[J18          1.02488     0.919098              0.605058       0.639194                  0.854104        0.686               25.7562       
[J19          0.991552    0.891576              0.628044       0.648352                  0.814914        0.708               27.0617       
[J20          0.961416    0.869766              0.63332        0.650183                  0.789528        0.71                28.3749       
[J21          0.943679    0.853776              0.640831       0.653846                  0.772039        0.712               29.6576       
[J22          0.924012    0.832657              0.652597       0.664835                  0.741689        0.73                30.9836       
[J23          0.913494    0.815354              0.660106       0.672161                  0.712308        0.736               32.31         
[J24          0.868549    0.794979              0.669613       0.679487                  0.687056        0.746               33.6141       
[J25          0.85649     0.784716              0.687703       0.681319                  0.683115        0.744               34.9157       
[J26          0.819783    0.766306              0.701299       0.697802                  0.655573        0.758               36.2381       
[J27          0.805435    0.747785              0.702508       0.708791                  0.628371        0.764               37.542        
[J28          0.786102    0.735761              0.71875        0.710623                  0.623911        0.764               38.8368       
[J29          0.765401    0.724558              0.722403       0.717949                  0.606987        0.776               40.1671       
[J30          0.741703    0.715805              0.738281       0.721612                  0.596196        0.78                41.4575       
[J31          0.726412    0.706045              0.730519       0.723443                  0.577152        0.79                42.7524       
[J32          0.721348    0.692635              0.73787        0.734432                  0.563443        0.808               44.0506       
[J33          0.693265    0.683173              0.750406       0.745421                  0.550648        0.816               45.3528       
[J34          0.666806    0.675969              0.762175       0.750916                  0.538079        0.84                46.6771       
[J35          0.649369    0.669771              0.77241        0.749084                  0.527972        0.832               47.9572       
[J36          0.635369    0.664852              0.774351       0.749084                  0.517287        0.828               49.272        
[J37          0.627551    0.656604              0.778612       0.761905                  0.516978        0.832               50.5703       
[J38          0.607395    0.652126              0.781456       0.758242                  0.508763        0.83                51.862        
[J39          0.572984    0.640613              0.804383       0.778388                  0.491807        0.844               53.1725       
[J40          0.565363    0.637011              0.806006       0.774725                  0.49429         0.84                54.4725       
[J41          0.563942    0.632881              0.80037        0.772894                  0.487734        0.834               55.8          
[J42          0.534907    0.628331              0.81392        0.774725                  0.476496        0.846               57.096        
[J43          0.534904    0.618504              0.814326       0.78022                   0.466254        0.854               58.3913       
[J44          0.506947    0.617592              0.821957       0.776557                  0.464652        0.856               59.6877       
[J45          0.513517    0.614921              0.822646       0.776557                  0.466192        0.858               60.9997       
[J46          0.480811    0.607848              0.838677       0.778388                  0.459111        0.854               62.3147       
[J47          0.48257     0.600735              0.834087       0.791209                  0.448612        0.872               63.5947       
[J48          0.459208    0.593721              0.844359       0.789377                  0.447159        0.862               64.8912       
[J49          0.441352    0.591848              0.856331       0.79304                   0.436259        0.87                66.2249       
[J50          0.42113     0.588519              0.858347       0.78022                   0.436236        0.86                67.5187       
[J51          0.415317    0.588488              0.85694        0.796703                  0.427382        0.866               68.8345       
[J52          0.419721    0.585833              0.863433       0.79304                   0.42288         0.864               70.1414       
[J53          0.399844    0.578232              0.868627       0.798535                  0.420881        0.872               71.4359       
[J54          0.371624    0.579449              0.880073       0.802198                  0.420059        0.868               72.7482       
[J55          0.379017    0.575553              0.871144       0.79304                   0.422955        0.866               74.0444       
[J56          0.360145    0.574172              0.880345       0.804029                  0.419005        0.874               75.3458       
[J57          0.346713    0.572632              0.886567       0.800366                  0.418844        0.868               76.6672       
[J58          0.346115    0.566598              0.887987       0.807692                  0.419625        0.872               77.9819       
[J59          0.320245    0.569218              0.891859       0.811355                  0.408999        0.872               79.2622       
[J60          0.338939    0.559505              0.891437       0.81685                   0.415488        0.878               80.5597       
[J61          0.311994    0.563601              0.895901       0.811355                  0.411693        0.868               81.8959       
[J62          0.309073    0.558316              0.902138       0.811355                  0.40739         0.878               83.1758       
[J63          0.301576    0.556188              0.90138        0.813187                  0.409682        0.874               84.4926       
[J64          0.287829    0.560962              0.910156       0.815018                  0.411187        0.878               85.7906       
[J65          0.285905    0.55602               0.903206       0.815018                  0.414096        0.874               87.1086       
[J66          0.265887    0.553383              0.910714       0.815018                  0.401335        0.88                88.4078       
[J67          0.262822    0.552865              0.916735       0.820513                  0.405402        0.876               89.6885       
[J68          0.265772    0.55302               0.91112        0.818681                  0.395774        0.88                91.0167       
[J69          0.245489    0.551639              0.92289        0.820513                  0.398804        0.88                92.3405       
[J70          0.242133    0.552731              0.922492       0.822344                  0.394053        0.878               93.6459       
[J71          0.236364    0.550387              0.926948       0.831502                  0.396341        0.88                94.9464       
[J72          0.240381    0.550904              0.92289        0.826007                  0.396935        0.884               96.2578       
[J73          0.22535     0.550072              0.926398       0.831502                  0.39237         0.878               97.5595       
[J74          0.230272    0.551748              0.925122       0.831502                  0.391399        0.882               98.8544       
[J75          0.22702     0.554422              0.929383       0.831502                  0.38676         0.886               100.166       
[J76          0.216416    0.554322              0.929893       0.833333                  0.384749        0.886               101.467       
[J77          0.212554    0.552021              0.933239       0.833333                  0.390773        0.882               102.782       
[J78          0.192334    0.555821              0.941761       0.831502                  0.385545        0.882               104.079       
[J79          0.180679    0.558051              0.944901       0.836996                  0.388043        0.886               105.371       
[J80          0.18875     0.557758              0.939935       0.838828                  0.380858        0.888               106.707       
[J81          0.187449    0.555675              0.937703       0.836996                  0.38441         0.884               108.003       
[J82          0.194785    0.555673              0.937089       0.838828                  0.384725        0.882               109.304       
[J83          0.188022    0.556                 0.94095        0.833333                  0.385725        0.886               110.678       
[J84          0.168898    0.556086              0.943182       0.838828                  0.388213        0.882               112.01        
[J85          0.164477    0.558616              0.946135       0.835165                  0.393533        0.88                113.314       
[J86          0.17416     0.556712              0.942573       0.836996                  0.3896          0.884               114.614       
[J87          0.163228    0.557494              0.947646       0.838828                  0.390845        0.884               115.952       
[J88          0.15785     0.561446              0.950247       0.844322                  0.390402        0.88                117.233       
[J89          0.156813    0.559891              0.948458       0.842491                  0.384699        0.884               118.55        
[J90          0.149743    0.55705               0.950081       0.838828                  0.384299        0.888               119.849       
[J91          0.152805    0.558882              0.954359       0.840659                  0.381106        0.884               121.153       
[J92          0.144091    0.562257              0.954951       0.840659                  0.389172        0.882               122.47        
[J93          0.13959     0.564288              0.957792       0.844322                  0.381347        0.886               123.767       
[J94          0.140109    0.567175              0.952919       0.840659                  0.378196        0.888               125.068       
[J95          0.13728     0.564755              0.95556        0.840659                  0.383994        0.888               126.38        
[J96          0.140152    0.565043              0.956003       0.842491                  0.385772        0.89                127.683       
[J97          0.131463    0.568462              0.957995       0.842491                  0.390381        0.892               128.981       
[J98          0.133007    0.567546              0.958198       0.846154                  0.388289        0.892               130.286       
