Namespace(bert_model='bert-base-uncased', data_dir='datasets', do_lower_case=False, gpu=5, learning_rate=5e-05, max_seq_length=64, num_train_epochs=9.0, output_dir='aug_data_2_4_5_0.5', sample_num=2, sample_ratio=4, seed=42, task_name='mpqa', temp=0.5, train_batch_size=32, warmup_proportion=0.1)
10/25/2019 10:27:04 - WARNING - pytorch_pretrained_bert.tokenization -   The pre-trained model you are loading is an uncased model but you have set `do_lower_case` to False. We are setting `do_lower_case=True` for you but you may want to check this behavior.
10/25/2019 10:27:07 - INFO - pytorch_pretrained_bert.tokenization -   loading vocabulary file https://s3.amazonaws.com/models.huggingface.co/bert/bert-base-uncased-vocab.txt from cache at /root/.pytorch_pretrained_bert/26bc1ad6c0ac742e9b52263248f6d0f00068293b33709fae12320c0e35ccfbbb.542ce4285a40d23a559526243235df47c5f75c197f04f37d1a0c124c32c9a084
10/25/2019 10:27:07 - INFO - __main__ -   *** Example ***
10/25/2019 10:27:07 - INFO - __main__ -   guid: train-1
10/25/2019 10:27:07 - INFO - __main__ -   tokens: [CLS] most disturbing of all [SEP]
10/25/2019 10:27:07 - INFO - __main__ -   init_ids: 101 2087 14888 1997 2035 102 0 0 0 0 0 0 0 0 0 0 0 0 0 0 0 0 0 0 0 0 0 0 0 0 0 0 0 0 0 0 0 0 0 0 0 0 0 0 0 0 0 0 0 0 0 0 0 0 0 0 0 0 0 0 0 0 0 0
10/25/2019 10:27:07 - INFO - __main__ -   input_ids: 101 2087 1997 1997 2035 102 0 0 0 0 0 0 0 0 0 0 0 0 0 0 0 0 0 0 0 0 0 0 0 0 0 0 0 0 0 0 0 0 0 0 0 0 0 0 0 0 0 0 0 0 0 0 0 0 0 0 0 0 0 0 0 0 0 0
10/25/2019 10:27:07 - INFO - __main__ -   input_mask: 1 1 1 1 1 1 0 0 0 0 0 0 0 0 0 0 0 0 0 0 0 0 0 0 0 0 0 0 0 0 0 0 0 0 0 0 0 0 0 0 0 0 0 0 0 0 0 0 0 0 0 0 0 0 0 0 0 0 0 0 0 0 0 0
10/25/2019 10:27:07 - INFO - __main__ -   segment_ids: 0 0 0 0 0 0 0 0 0 0 0 0 0 0 0 0 0 0 0 0 0 0 0 0 0 0 0 0 0 0 0 0 0 0 0 0 0 0 0 0 0 0 0 0 0 0 0 0 0 0 0 0 0 0 0 0 0 0 0 0 0 0 0 0
10/25/2019 10:27:07 - INFO - __main__ -   masked_lm_labels: -1 -1 14888 -1 -1 -1 -1 -1 -1 -1 -1 -1 -1 -1 -1 -1 -1 -1 -1 -1 -1 -1 -1 -1 -1 -1 -1 -1 -1 -1 -1 -1 -1 -1 -1 -1 -1 -1 -1 -1 -1 -1 -1 -1 -1 -1 -1 -1 -1 -1 -1 -1 -1 -1 -1 -1 -1 -1 -1 -1 -1 -1 -1 -1
10/25/2019 10:27:07 - INFO - __main__ -   *** Example ***
10/25/2019 10:27:07 - INFO - __main__ -   guid: train-2
10/25/2019 10:27:07 - INFO - __main__ -   tokens: [CLS] taking care to avoid directly criticizing [SEP]
10/25/2019 10:27:07 - INFO - __main__ -   init_ids: 101 2635 2729 2000 4468 3495 21289 102 0 0 0 0 0 0 0 0 0 0 0 0 0 0 0 0 0 0 0 0 0 0 0 0 0 0 0 0 0 0 0 0 0 0 0 0 0 0 0 0 0 0 0 0 0 0 0 0 0 0 0 0 0 0 0 0
10/25/2019 10:27:07 - INFO - __main__ -   input_ids: 101 2635 2729 2000 4468 103 21289 102 0 0 0 0 0 0 0 0 0 0 0 0 0 0 0 0 0 0 0 0 0 0 0 0 0 0 0 0 0 0 0 0 0 0 0 0 0 0 0 0 0 0 0 0 0 0 0 0 0 0 0 0 0 0 0 0
10/25/2019 10:27:07 - INFO - __main__ -   input_mask: 1 1 1 1 1 1 1 1 0 0 0 0 0 0 0 0 0 0 0 0 0 0 0 0 0 0 0 0 0 0 0 0 0 0 0 0 0 0 0 0 0 0 0 0 0 0 0 0 0 0 0 0 0 0 0 0 0 0 0 0 0 0 0 0
10/25/2019 10:27:07 - INFO - __main__ -   segment_ids: 0 0 0 0 0 0 0 0 0 0 0 0 0 0 0 0 0 0 0 0 0 0 0 0 0 0 0 0 0 0 0 0 0 0 0 0 0 0 0 0 0 0 0 0 0 0 0 0 0 0 0 0 0 0 0 0 0 0 0 0 0 0 0 0
10/25/2019 10:27:07 - INFO - __main__ -   masked_lm_labels: -1 -1 -1 -1 -1 3495 -1 -1 -1 -1 -1 -1 -1 -1 -1 -1 -1 -1 -1 -1 -1 -1 -1 -1 -1 -1 -1 -1 -1 -1 -1 -1 -1 -1 -1 -1 -1 -1 -1 -1 -1 -1 -1 -1 -1 -1 -1 -1 -1 -1 -1 -1 -1 -1 -1 -1 -1 -1 -1 -1 -1 -1 -1 -1
10/25/2019 10:27:08 - INFO - __main__ -   ***** Running training *****
10/25/2019 10:27:08 - INFO - __main__ -     Num examples = 8587
10/25/2019 10:27:08 - INFO - __main__ -     Batch size = 32
10/25/2019 10:27:08 - INFO - __main__ -     Num steps = 2415
constract vocabulary based on frequency
# train data: 8587
# test  data: 955
# vocab: 5968
# class: 2
before augment best acc:0.852026
Epoch:   0%|          | 0/9 [00:00<?, ?it/s]constract vocabulary based on frequency
# train data: 25503
# test  data: 955
# vocab: 6227
# class: 2
epoch 0 augment best acc:0.850141
Epoch:  11%|█         | 1/9 [18:17<2:26:19, 1097.49s/it]constract vocabulary based on frequency
# train data: 25706
# test  data: 955
# vocab: 6175
# class: 2
epoch 1 augment best acc:0.853911
Epoch:  22%|██▏       | 2/9 [28:21<1:50:45, 949.37s/it] constract vocabulary based on frequency
# train data: 26070
# test  data: 955
# vocab: 6205
# class: 2
epoch 2 augment best acc:0.854854
Epoch:  33%|███▎      | 3/9 [41:57<1:30:55, 909.30s/it]constract vocabulary based on frequency
# train data: 25411
# test  data: 955
# vocab: 6160
# class: 2
epoch 3 augment best acc:0.855796
Epoch:  44%|████▍     | 4/9 [51:13<1:06:56, 803.33s/it]constract vocabulary based on frequency
# train data: 26102
# test  data: 955
# vocab: 6205
# class: 2
epoch 4 augment best acc:0.855796
Epoch:  56%|█████▌    | 5/9 [1:04:38<53:35, 803.97s/it]constract vocabulary based on frequency
# train data: 25427
# test  data: 955
# vocab: 6195
# class: 2
epoch 5 augment best acc:0.852969
Epoch:  67%|██████▋   | 6/9 [1:16:25<38:44, 774.96s/it]constract vocabulary based on frequency
# train data: 25763
# test  data: 955
# vocab: 6210
# class: 2
epoch 6 augment best acc:0.847314
Epoch:  78%|███████▊  | 7/9 [1:26:28<24:06, 723.19s/it]constract vocabulary based on frequency
# train data: 25767
# test  data: 955
# vocab: 6182
# class: 2
epoch 7 augment best acc:0.857681
Epoch:  89%|████████▉ | 8/9 [1:32:54<10:22, 622.02s/it]constract vocabulary based on frequency
# train data: 25750
# test  data: 955
# vocab: 6183
# class: 2
epoch 8 augment best acc:0.850141
Epoch: 100%|██████████| 9/9 [1:43:04<00:00, 618.37s/it]Epoch: 100%|██████████| 9/9 [1:43:04<00:00, 687.12s/it]
