Namespace(bert_model='bert-base-uncased', data_dir='datasets', do_lower_case=False, gpu=3, learning_rate=5e-05, max_seq_length=64, num_train_epochs=9.0, output_dir='aug_data_1_4_3_0.5', sample_num=1, sample_ratio=4, seed=42, task_name='mpqa', temp=0.5, train_batch_size=32, warmup_proportion=0.1)
10/25/2019 10:27:04 - WARNING - pytorch_pretrained_bert.tokenization -   The pre-trained model you are loading is an uncased model but you have set `do_lower_case` to False. We are setting `do_lower_case=True` for you but you may want to check this behavior.
10/25/2019 10:27:07 - INFO - pytorch_pretrained_bert.tokenization -   loading vocabulary file https://s3.amazonaws.com/models.huggingface.co/bert/bert-base-uncased-vocab.txt from cache at /root/.pytorch_pretrained_bert/26bc1ad6c0ac742e9b52263248f6d0f00068293b33709fae12320c0e35ccfbbb.542ce4285a40d23a559526243235df47c5f75c197f04f37d1a0c124c32c9a084
10/25/2019 10:27:07 - INFO - __main__ -   *** Example ***
10/25/2019 10:27:07 - INFO - __main__ -   guid: train-1
10/25/2019 10:27:07 - INFO - __main__ -   tokens: [CLS] most disturbing of all [SEP]
10/25/2019 10:27:07 - INFO - __main__ -   init_ids: 101 2087 14888 1997 2035 102 0 0 0 0 0 0 0 0 0 0 0 0 0 0 0 0 0 0 0 0 0 0 0 0 0 0 0 0 0 0 0 0 0 0 0 0 0 0 0 0 0 0 0 0 0 0 0 0 0 0 0 0 0 0 0 0 0 0
10/25/2019 10:27:07 - INFO - __main__ -   input_ids: 101 2087 1997 1997 2035 102 0 0 0 0 0 0 0 0 0 0 0 0 0 0 0 0 0 0 0 0 0 0 0 0 0 0 0 0 0 0 0 0 0 0 0 0 0 0 0 0 0 0 0 0 0 0 0 0 0 0 0 0 0 0 0 0 0 0
10/25/2019 10:27:07 - INFO - __main__ -   input_mask: 1 1 1 1 1 1 0 0 0 0 0 0 0 0 0 0 0 0 0 0 0 0 0 0 0 0 0 0 0 0 0 0 0 0 0 0 0 0 0 0 0 0 0 0 0 0 0 0 0 0 0 0 0 0 0 0 0 0 0 0 0 0 0 0
10/25/2019 10:27:07 - INFO - __main__ -   segment_ids: 0 0 0 0 0 0 0 0 0 0 0 0 0 0 0 0 0 0 0 0 0 0 0 0 0 0 0 0 0 0 0 0 0 0 0 0 0 0 0 0 0 0 0 0 0 0 0 0 0 0 0 0 0 0 0 0 0 0 0 0 0 0 0 0
10/25/2019 10:27:07 - INFO - __main__ -   masked_lm_labels: -1 -1 14888 -1 -1 -1 -1 -1 -1 -1 -1 -1 -1 -1 -1 -1 -1 -1 -1 -1 -1 -1 -1 -1 -1 -1 -1 -1 -1 -1 -1 -1 -1 -1 -1 -1 -1 -1 -1 -1 -1 -1 -1 -1 -1 -1 -1 -1 -1 -1 -1 -1 -1 -1 -1 -1 -1 -1 -1 -1 -1 -1 -1 -1
10/25/2019 10:27:07 - INFO - __main__ -   *** Example ***
10/25/2019 10:27:07 - INFO - __main__ -   guid: train-2
10/25/2019 10:27:07 - INFO - __main__ -   tokens: [CLS] taking care to avoid directly criticizing [SEP]
10/25/2019 10:27:07 - INFO - __main__ -   init_ids: 101 2635 2729 2000 4468 3495 21289 102 0 0 0 0 0 0 0 0 0 0 0 0 0 0 0 0 0 0 0 0 0 0 0 0 0 0 0 0 0 0 0 0 0 0 0 0 0 0 0 0 0 0 0 0 0 0 0 0 0 0 0 0 0 0 0 0
10/25/2019 10:27:07 - INFO - __main__ -   input_ids: 101 2635 2729 2000 4468 103 21289 102 0 0 0 0 0 0 0 0 0 0 0 0 0 0 0 0 0 0 0 0 0 0 0 0 0 0 0 0 0 0 0 0 0 0 0 0 0 0 0 0 0 0 0 0 0 0 0 0 0 0 0 0 0 0 0 0
10/25/2019 10:27:07 - INFO - __main__ -   input_mask: 1 1 1 1 1 1 1 1 0 0 0 0 0 0 0 0 0 0 0 0 0 0 0 0 0 0 0 0 0 0 0 0 0 0 0 0 0 0 0 0 0 0 0 0 0 0 0 0 0 0 0 0 0 0 0 0 0 0 0 0 0 0 0 0
10/25/2019 10:27:07 - INFO - __main__ -   segment_ids: 0 0 0 0 0 0 0 0 0 0 0 0 0 0 0 0 0 0 0 0 0 0 0 0 0 0 0 0 0 0 0 0 0 0 0 0 0 0 0 0 0 0 0 0 0 0 0 0 0 0 0 0 0 0 0 0 0 0 0 0 0 0 0 0
10/25/2019 10:27:07 - INFO - __main__ -   masked_lm_labels: -1 -1 -1 -1 -1 3495 -1 -1 -1 -1 -1 -1 -1 -1 -1 -1 -1 -1 -1 -1 -1 -1 -1 -1 -1 -1 -1 -1 -1 -1 -1 -1 -1 -1 -1 -1 -1 -1 -1 -1 -1 -1 -1 -1 -1 -1 -1 -1 -1 -1 -1 -1 -1 -1 -1 -1 -1 -1 -1 -1 -1 -1 -1 -1
10/25/2019 10:27:08 - INFO - __main__ -   ***** Running training *****
10/25/2019 10:27:08 - INFO - __main__ -     Num examples = 8587
10/25/2019 10:27:08 - INFO - __main__ -     Batch size = 32
10/25/2019 10:27:08 - INFO - __main__ -     Num steps = 2415
constract vocabulary based on frequency
# train data: 8587
# test  data: 955
# vocab: 5968
# class: 2
before augment best acc:0.851084
Epoch:   0%|          | 0/9 [00:00<?, ?it/s]constract vocabulary based on frequency
# train data: 17046
# test  data: 955
# vocab: 6143
# class: 2
epoch 0 augment best acc:0.862394
Epoch:  11%|█         | 1/9 [12:37<1:41:01, 757.72s/it]constract vocabulary based on frequency
# train data: 17124
# test  data: 955
# vocab: 6114
# class: 2
epoch 1 augment best acc:0.860509
Epoch:  22%|██▏       | 2/9 [18:37<1:14:28, 638.34s/it]constract vocabulary based on frequency
# train data: 17142
# test  data: 955
# vocab: 6121
# class: 2
epoch 2 augment best acc:0.855796
Epoch:  33%|███▎      | 3/9 [28:48<1:03:00, 630.04s/it]constract vocabulary based on frequency
# train data: 17206
# test  data: 955
# vocab: 6112
# class: 2
epoch 3 augment best acc:0.866164
Epoch:  44%|████▍     | 4/9 [39:06<52:13, 626.65s/it]  constract vocabulary based on frequency
# train data: 17185
# test  data: 955
# vocab: 6144
# class: 2
epoch 4 augment best acc:0.850141
Epoch:  56%|█████▌    | 5/9 [49:53<42:10, 632.69s/it]constract vocabulary based on frequency
# train data: 17166
# test  data: 955
# vocab: 6133
# class: 2
epoch 5 augment best acc:0.851084
Epoch:  67%|██████▋   | 6/9 [55:45<27:25, 548.41s/it]constract vocabulary based on frequency
# train data: 17172
# test  data: 955
# vocab: 6139
# class: 2
epoch 6 augment best acc:0.853911
Epoch:  78%|███████▊  | 7/9 [1:02:35<16:53, 506.99s/it]constract vocabulary based on frequency
# train data: 17152
# test  data: 955
# vocab: 6130
# class: 2
epoch 7 augment best acc:0.863337
Epoch:  89%|████████▉ | 8/9 [1:10:55<08:24, 504.75s/it]constract vocabulary based on frequency
# train data: 17211
# test  data: 955
# vocab: 6137
# class: 2
epoch 8 augment best acc:0.870877
Epoch: 100%|██████████| 9/9 [1:19:13<00:00, 502.84s/it]Epoch: 100%|██████████| 9/9 [1:19:13<00:00, 528.19s/it]
