Namespace(bert_model='bert-base-uncased', data_dir='datasets', do_lower_case=False, gpu=6, learning_rate=5e-05, max_seq_length=64, num_train_epochs=9.0, output_dir='aug_data_3_6_6_0.5', sample_num=3, sample_ratio=6, seed=42, task_name='mpqa', temp=0.5, train_batch_size=32, warmup_proportion=0.1)
10/25/2019 10:27:04 - WARNING - pytorch_pretrained_bert.tokenization -   The pre-trained model you are loading is an uncased model but you have set `do_lower_case` to False. We are setting `do_lower_case=True` for you but you may want to check this behavior.
10/25/2019 10:27:07 - INFO - pytorch_pretrained_bert.tokenization -   loading vocabulary file https://s3.amazonaws.com/models.huggingface.co/bert/bert-base-uncased-vocab.txt from cache at /root/.pytorch_pretrained_bert/26bc1ad6c0ac742e9b52263248f6d0f00068293b33709fae12320c0e35ccfbbb.542ce4285a40d23a559526243235df47c5f75c197f04f37d1a0c124c32c9a084
10/25/2019 10:27:07 - INFO - __main__ -   *** Example ***
10/25/2019 10:27:07 - INFO - __main__ -   guid: train-1
10/25/2019 10:27:07 - INFO - __main__ -   tokens: [CLS] most disturbing of all [SEP]
10/25/2019 10:27:07 - INFO - __main__ -   init_ids: 101 2087 14888 1997 2035 102 0 0 0 0 0 0 0 0 0 0 0 0 0 0 0 0 0 0 0 0 0 0 0 0 0 0 0 0 0 0 0 0 0 0 0 0 0 0 0 0 0 0 0 0 0 0 0 0 0 0 0 0 0 0 0 0 0 0
10/25/2019 10:27:07 - INFO - __main__ -   input_ids: 101 2087 1997 1997 2035 102 0 0 0 0 0 0 0 0 0 0 0 0 0 0 0 0 0 0 0 0 0 0 0 0 0 0 0 0 0 0 0 0 0 0 0 0 0 0 0 0 0 0 0 0 0 0 0 0 0 0 0 0 0 0 0 0 0 0
10/25/2019 10:27:07 - INFO - __main__ -   input_mask: 1 1 1 1 1 1 0 0 0 0 0 0 0 0 0 0 0 0 0 0 0 0 0 0 0 0 0 0 0 0 0 0 0 0 0 0 0 0 0 0 0 0 0 0 0 0 0 0 0 0 0 0 0 0 0 0 0 0 0 0 0 0 0 0
10/25/2019 10:27:07 - INFO - __main__ -   segment_ids: 0 0 0 0 0 0 0 0 0 0 0 0 0 0 0 0 0 0 0 0 0 0 0 0 0 0 0 0 0 0 0 0 0 0 0 0 0 0 0 0 0 0 0 0 0 0 0 0 0 0 0 0 0 0 0 0 0 0 0 0 0 0 0 0
10/25/2019 10:27:07 - INFO - __main__ -   masked_lm_labels: -1 -1 14888 -1 -1 -1 -1 -1 -1 -1 -1 -1 -1 -1 -1 -1 -1 -1 -1 -1 -1 -1 -1 -1 -1 -1 -1 -1 -1 -1 -1 -1 -1 -1 -1 -1 -1 -1 -1 -1 -1 -1 -1 -1 -1 -1 -1 -1 -1 -1 -1 -1 -1 -1 -1 -1 -1 -1 -1 -1 -1 -1 -1 -1
10/25/2019 10:27:07 - INFO - __main__ -   *** Example ***
10/25/2019 10:27:07 - INFO - __main__ -   guid: train-2
10/25/2019 10:27:07 - INFO - __main__ -   tokens: [CLS] taking care to avoid directly criticizing [SEP]
10/25/2019 10:27:07 - INFO - __main__ -   init_ids: 101 2635 2729 2000 4468 3495 21289 102 0 0 0 0 0 0 0 0 0 0 0 0 0 0 0 0 0 0 0 0 0 0 0 0 0 0 0 0 0 0 0 0 0 0 0 0 0 0 0 0 0 0 0 0 0 0 0 0 0 0 0 0 0 0 0 0
10/25/2019 10:27:07 - INFO - __main__ -   input_ids: 101 2635 2729 2000 4468 103 21289 102 0 0 0 0 0 0 0 0 0 0 0 0 0 0 0 0 0 0 0 0 0 0 0 0 0 0 0 0 0 0 0 0 0 0 0 0 0 0 0 0 0 0 0 0 0 0 0 0 0 0 0 0 0 0 0 0
10/25/2019 10:27:07 - INFO - __main__ -   input_mask: 1 1 1 1 1 1 1 1 0 0 0 0 0 0 0 0 0 0 0 0 0 0 0 0 0 0 0 0 0 0 0 0 0 0 0 0 0 0 0 0 0 0 0 0 0 0 0 0 0 0 0 0 0 0 0 0 0 0 0 0 0 0 0 0
10/25/2019 10:27:07 - INFO - __main__ -   segment_ids: 0 0 0 0 0 0 0 0 0 0 0 0 0 0 0 0 0 0 0 0 0 0 0 0 0 0 0 0 0 0 0 0 0 0 0 0 0 0 0 0 0 0 0 0 0 0 0 0 0 0 0 0 0 0 0 0 0 0 0 0 0 0 0 0
10/25/2019 10:27:07 - INFO - __main__ -   masked_lm_labels: -1 -1 -1 -1 -1 3495 -1 -1 -1 -1 -1 -1 -1 -1 -1 -1 -1 -1 -1 -1 -1 -1 -1 -1 -1 -1 -1 -1 -1 -1 -1 -1 -1 -1 -1 -1 -1 -1 -1 -1 -1 -1 -1 -1 -1 -1 -1 -1 -1 -1 -1 -1 -1 -1 -1 -1 -1 -1 -1 -1 -1 -1 -1 -1
10/25/2019 10:27:08 - INFO - __main__ -   ***** Running training *****
10/25/2019 10:27:08 - INFO - __main__ -     Num examples = 8587
10/25/2019 10:27:08 - INFO - __main__ -     Batch size = 32
10/25/2019 10:27:08 - INFO - __main__ -     Num steps = 2415
constract vocabulary based on frequency
# train data: 8587
# test  data: 955
# vocab: 5968
# class: 2
before augment best acc:0.852026
Epoch:   0%|          | 0/9 [00:00<?, ?it/s]constract vocabulary based on frequency
# train data: 34249
# test  data: 955
# vocab: 6156
# class: 2
epoch 0 augment best acc:0.856739
Epoch:  11%|█         | 1/9 [20:12<2:41:39, 1212.43s/it]constract vocabulary based on frequency
# train data: 34283
# test  data: 955
# vocab: 6082
# class: 2
epoch 1 augment best acc:0.859566
Epoch:  22%|██▏       | 2/9 [34:30<2:09:02, 1106.10s/it]constract vocabulary based on frequency
# train data: 34237
# test  data: 955
# vocab: 6076
# class: 2
epoch 2 augment best acc:0.859566
Epoch:  33%|███▎      | 3/9 [41:43<1:30:26, 904.34s/it] constract vocabulary based on frequency
# train data: 34423
# test  data: 955
# vocab: 6090
# class: 2
epoch 3 augment best acc:0.861451
Epoch:  44%|████▍     | 4/9 [55:27<1:13:20, 880.09s/it]constract vocabulary based on frequency
# train data: 34372
# test  data: 955
# vocab: 6089
# class: 2
epoch 4 augment best acc:0.845429
Epoch:  56%|█████▌    | 5/9 [1:07:08<55:05, 826.35s/it]constract vocabulary based on frequency
# train data: 34323
# test  data: 955
# vocab: 6071
# class: 2
epoch 5 augment best acc:0.852026
Epoch:  67%|██████▋   | 6/9 [1:16:26<37:17, 745.87s/it]constract vocabulary based on frequency
# train data: 34324
# test  data: 955
# vocab: 6081
# class: 2
epoch 6 augment best acc:0.852969
Epoch:  78%|███████▊  | 7/9 [1:30:20<25:44, 772.16s/it]constract vocabulary based on frequency
# train data: 34350
# test  data: 955
# vocab: 6081
# class: 2
epoch 7 augment best acc:0.860509
Epoch:  89%|████████▉ | 8/9 [1:47:29<14:09, 849.49s/it]constract vocabulary based on frequency
# train data: 34313
# test  data: 955
# vocab: 6073
# class: 2
epoch 8 augment best acc:0.847314
Epoch: 100%|██████████| 9/9 [1:54:31<00:00, 721.21s/it]Epoch: 100%|██████████| 9/9 [1:54:31<00:00, 763.54s/it]
