{
  "model": "rnn",
  "no_label": false,
  "dataset": "stsa.fine",
  "save_model": false,
  "bilm_residual": 0.0,
  "bilm": null,
  "resume_vocab": null,
  "gpu": 0,
  "stop_epoch": 20,
  "dropout": 0.6,
  "validation": true,
  "layer": 1,
  "learning_rate": 0.0001,
  "batchsize": 64,
  "bilm_mode": "sampling",
  "bilm_dropout": 0.0,
  "bilm_unit": 1024,
  "bilm_layer": 1,
  "bilm_gumbel": false,
  "unit": 300,
  "out": "result",
  "epoch": 100,
  "bilm_add_original": 0.0,
  "seed": 2018,
  "bilm_ratio": 0.25,
  "bilm_wordwise": true,
  "bilm_temp": 1.0
}
constract vocabulary based on frequency
# train data: 7689
# test  data: 855
# vocab: 16581
# class: 5
epoch       main/loss   validation/main/loss  main/accuracy  validation/main/accuracy  test/main/loss  test/main/accuracy  elapsed_time
[J1           1.5744      1.57947               0.27234        0.261988                  1.58086         0.230317            5.81607       
[J2           1.56531     1.57913               0.277865       0.284211                  1.57968         0.251131            9.42677       
[J3           1.55983     1.57325               0.289453       0.280702                  1.57426         0.245249            12.9307       
[J4           1.54122     1.53108               0.315885       0.293567                  1.53117         0.31629             16.4278       
[J5           1.49866     1.5147                0.342839       0.311111                  1.50325         0.317647            19.8573       
[J6           1.45982     1.46444               0.36888        0.330994                  1.4652          0.347964            23.3486       
[J7           1.42063     1.4404                0.385026       0.334503                  1.44056         0.358371            26.8186       
[J8           1.37805     1.42865               0.40625        0.348538                  1.41937         0.376471            30.2682       
[J9           1.34237     1.41431               0.421484       0.348538                  1.40634         0.378281            33.7284       
[J10          1.31692     1.40898               0.427474       0.361403                  1.39472         0.381448            37.181        
[J11          1.28147     1.39922               0.450651       0.354386                  1.38369         0.38733             40.7369       
[J12          1.24631     1.40518               0.464974       0.374269                  1.38904         0.387783            44.3573       
[J13          1.21677     1.39415               0.479948       0.376608                  1.37579         0.385068            47.8447       
[J14          1.20281     1.41355               0.492188       0.37076                   1.40014         0.380543            51.2988       
[J15          1.1635      1.39687               0.505553       0.378947                  1.3783          0.384163            54.7588       
[J16          1.14074     1.40472               0.521094       0.383626                  1.38789         0.379186            58.2294       
[J17          1.11364     1.42807               0.527474       0.395322                  1.39921         0.391403            61.689        
[J18          1.09083     1.46283               0.536849       0.392982                  1.43676         0.394118            65.1373       
[J19          1.06128     1.45765               0.559635       0.387134                  1.43034         0.397285            68.5815       
[J20          1.03889     1.46451               0.564714       0.375439                  1.43036         0.395475            72.081        
[J21          1.02201     1.4799                0.57487        0.394152                  1.44966         0.39638             75.5601       
[J22          1.00227     1.48939               0.578254       0.397661                  1.44501         0.400905            79.0133       
