{
  "layer": 1,
  "gpu": 0,
  "dataset": "stsa.fine",
  "bilm_residual": 0.0,
  "bilm_layer": 1,
  "resume_vocab": null,
  "seed": 2018,
  "bilm_dropout": 0.0,
  "epoch": 100,
  "bilm_unit": 1024,
  "bilm": null,
  "bilm_gumbel": false,
  "stop_epoch": 20,
  "bilm_mode": "sampling",
  "batchsize": 64,
  "dropout": 0.5,
  "learning_rate": 0.0001,
  "unit": 300,
  "no_label": false,
  "bilm_ratio": 0.25,
  "model": "rnn",
  "validation": true,
  "save_model": false,
  "bilm_add_original": 0.0,
  "bilm_wordwise": true,
  "out": "result",
  "bilm_temp": 1.0
}
constract vocabulary based on frequency
# train data: 7689
# test  data: 855
# vocab: 16581
# class: 5
epoch       main/loss   validation/main/loss  main/accuracy  validation/main/accuracy  test/main/loss  test/main/accuracy  elapsed_time
[J1           1.5732      1.57913               0.282412       0.260819                  1.58044         0.229864            5.58795       
[J2           1.56373     1.57819               0.284766       0.28538                   1.57869         0.258371            9.27699       
[J3           1.55565     1.564                 0.29375        0.281871                  1.5642          0.268778            12.8737       
[J4           1.51917     1.51069               0.33099        0.304094                  1.50991         0.331674            16.3962       
[J5           1.46365     1.48287               0.355208       0.334503                  1.46787         0.331674            19.9596       
[J6           1.40887     1.43682               0.389974       0.348538                  1.4389          0.366063            23.4994       
[J7           1.35883     1.43088               0.411328       0.357895                  1.43016         0.373303            27.0157       
[J8           1.30609     1.41443               0.435563       0.364912                  1.40665         0.382353            30.5313       
[J9           1.25996     1.40597               0.458594       0.347368                  1.39797         0.377828            34.0232       
[J10          1.23193     1.39959               0.475781       0.368421                  1.38778         0.382805            37.5397       
[J11          1.19289     1.40153               0.48737        0.378947                  1.38167         0.387783            41.0732       
[J12          1.1501      1.39767               0.507161       0.377778                  1.37997         0.384615            44.5472       
[J13          1.10884     1.42184               0.53763        0.389474                  1.4002          0.381448            48.0882       
[J14          1.09519     1.43184               0.536198       0.376608                  1.41361         0.382805            51.6214       
[J15          1.04748     1.41902               0.565599       0.373099                  1.40286         0.385068            55.125        
[J16          1.02033     1.45223               0.575651       0.382456                  1.42505         0.384163            58.6305       
[J17          0.988485    1.4795                0.586589       0.37193                   1.4356          0.39819             62.1356       
[J18          0.953482    1.53005               0.609505       0.382456                  1.48936         0.393665            65.6591       
[J19          0.928907    1.51556               0.621875       0.374269                  1.47517         0.390045            69.1464       
[J20          0.897308    1.53489               0.641146       0.378947                  1.4966          0.396833            72.6573       
[J21          0.87027     1.55392               0.648438       0.387134                  1.51685         0.379186            76.1369       
[J22          0.841744    1.56857               0.663352       0.381287                  1.52034         0.3819              79.6726       
[J23          0.817418    1.60963               0.66901        0.391813                  1.55279         0.391855            83.1719       
