{
  "gpu": 0,
  "no_label": false,
  "bilm_wordwise": true,
  "bilm_gumbel": false,
  "validation": true,
  "out": "result",
  "learning_rate": 0.0001,
  "layer": 1,
  "bilm_residual": 0.0,
  "dataset": "stsa.fine",
  "bilm_add_original": 0.0,
  "epoch": 100,
  "bilm_mode": "sampling",
  "model": "cnn",
  "dropout": 0.6,
  "bilm_ratio": 0.25,
  "bilm_dropout": 0.0,
  "stop_epoch": 20,
  "resume_vocab": null,
  "bilm_layer": 1,
  "unit": 300,
  "bilm": null,
  "seed": 2018,
  "bilm_unit": 1024,
  "save_model": false,
  "bilm_temp": 1.0,
  "batchsize": 64
}
constract vocabulary based on frequency
# train data: 7689
# test  data: 855
# vocab: 16581
# class: 5
epoch       main/loss   validation/main/loss  main/accuracy  validation/main/accuracy  test/main/loss  test/main/accuracy  elapsed_time
[J1           1.77447     1.58783               0.219008       0.259649                  1.5947          0.233032            4.26178       
[J2           1.68893     1.58672               0.2375         0.259649                  1.59037         0.247059            6.72705       
[J3           1.65881     1.58323               0.250911       0.261988                  1.58675         0.232127            9.03448       
[J4           1.64268     1.58283               0.254167       0.259649                  1.5867          0.231674            11.3292       
[J5           1.62997     1.5824                0.246745       0.265497                  1.5853          0.233937            13.606        
[J6           1.62657     1.58317               0.256771       0.261988                  1.58713         0.231222            15.8787       
[J7           1.61329     1.58439               0.257812       0.261988                  1.58842         0.231222            18.1219       
[J8           1.60973     1.5835                0.256844       0.266667                  1.58615         0.229412            20.3975       
[J9           1.60273     1.58457               0.260417       0.265497                  1.5871          0.232127            22.649        
[J10          1.59881     1.58542               0.258594       0.264327                  1.58775         0.231222            24.9027       
[J11          1.60494     1.58422               0.252995       0.264327                  1.58499         0.231222            27.1787       
[J12          1.59763     1.58558               0.2625         0.266667                  1.58659         0.232579            29.4037       
[J13          1.5981      1.58703               0.257812       0.259649                  1.58775         0.235294            31.6778       
[J14          1.5936      1.58699               0.258594       0.260819                  1.58741         0.238462            33.9233       
[J15          1.59572     1.58764               0.264721       0.265497                  1.58844         0.237104            36.1757       
[J16          1.5934      1.58931               0.259766       0.264327                  1.59024         0.234842            38.41         
[J17          1.59279     1.58892               0.262891       0.263158                  1.58971         0.234842            40.8802       
[J18          1.58638     1.58919               0.26862        0.267836                  1.58942         0.244796            43.1359       
[J19          1.5861      1.59049               0.267708       0.264327                  1.59122         0.235747            45.3902       
[J20          1.58097     1.59128               0.275781       0.261988                  1.59253         0.233032            47.6563       
[J21          1.58185     1.59142               0.273438       0.260819                  1.59306         0.230769            49.8974       
[J22          1.58345     1.59237               0.26343        0.263158                  1.59338         0.236652            52.1846       
[J23          1.57858     1.59303               0.269661       0.260819                  1.59413         0.237104            54.4493       
[J24          1.58119     1.59296               0.26276        0.25731                   1.59424         0.237104            56.7041       
[J25          1.5844      1.59382               0.265755       0.263158                  1.59428         0.244344            58.9586       
[J26          1.58237     1.59435               0.260807       0.252632                  1.59442         0.245701            61.2428       
[J27          1.57491     1.5945                0.272135       0.264327                  1.59451         0.245249            63.4678       
[J28          1.57742     1.59508               0.265495       0.261988                  1.59533         0.244344            65.7364       
[J29          1.57828     1.59526               0.269628       0.267836                  1.59474         0.277376            68.0094       
[J30          1.58008     1.59502               0.266016       0.259649                  1.59501         0.253846            70.2361       
[J31          1.57691     1.59587               0.276172       0.261988                  1.5955          0.268326            72.5221       
[J32          1.57555     1.59542               0.272266       0.25614                   1.59568         0.239819            74.7801       
[J33          1.57519     1.59569               0.269401       0.25614                   1.59655         0.235747            77.0277       
[J34          1.57506     1.59648               0.271484       0.264327                  1.59667         0.254751            79.2725       
[J35          1.57572     1.59612               0.273698       0.269006                  1.59635         0.256561            81.5399       
[J36          1.5726      1.59611               0.270661       0.264327                  1.59672         0.238009            83.777        
[J37          1.57123     1.59679               0.270964       0.259649                  1.59721         0.241629            86.048        
[J38          1.57132     1.5963                0.273958       0.261988                  1.59664         0.244344            88.2893       
[J39          1.57254     1.59686               0.270312       0.263158                  1.59708         0.250226            90.5254       
[J40          1.56998     1.59651               0.273958       0.260819                  1.59683         0.250226            92.7845       
[J41          1.57163     1.59662               0.272396       0.260819                  1.59672         0.249774            95.0433       
[J42          1.57118     1.59667               0.264193       0.25848                   1.5967          0.246606            97.2707       
[J43          1.57391     1.59623               0.264205       0.270175                  1.59643         0.245701            99.5275       
[J44          1.56629     1.59605               0.277604       0.276023                  1.59567         0.271493            101.798       
[J45          1.56472     1.59666               0.276042       0.280702                  1.5964          0.257919            104.018       
[J46          1.5653      1.59596               0.280729       0.266667                  1.59573         0.254299            106.281       
[J47          1.5652      1.59587               0.280469       0.284211                  1.59538         0.267421            108.519       
[J48          1.56514     1.59545               0.27474        0.298246                  1.59476         0.283258            110.765       
[J49          1.56516     1.59499               0.272656       0.293567                  1.59423         0.281448            113.004       
[J50          1.56707     1.59522               0.280088       0.294737                  1.59423         0.291403            115.276       
[J51          1.55992     1.59444               0.286068       0.297076                  1.59327         0.289593            117.503       
[J52          1.56019     1.5939                0.285677       0.294737                  1.59219         0.306787            119.741       
[J53          1.55783     1.59215               0.288411       0.297076                  1.59034         0.309502            122.009       
[J54          1.55589     1.59095               0.285677       0.293567                  1.58914         0.305882            124.234       
[J55          1.55788     1.58923               0.279427       0.294737                  1.58685         0.317647            126.505       
[J56          1.55502     1.58766               0.282422       0.300585                  1.58488         0.317195            128.752       
[J57          1.5509      1.58636               0.289644       0.306433                  1.58346         0.315385            131.016       
[J58          1.55147     1.58405               0.28724        0.301754                  1.58027         0.323529            133.288       
[J59          1.55038     1.58085               0.286849       0.306433                  1.57641         0.330317            135.563       
[J60          1.54754     1.57988               0.295833       0.297076                  1.57529         0.333032            137.813       
[J61          1.54551     1.57718               0.295052       0.301754                  1.57153         0.335747            140.072       
[J62          1.54234     1.57535               0.29987        0.299415                  1.5689          0.340724            142.341       
[J63          1.53553     1.57169               0.302865       0.301754                  1.5649          0.342986            144.57        
[J64          1.53446     1.56942               0.307552       0.298246                  1.56207         0.344796            146.855       
[J65          1.52924     1.56524               0.307593       0.297076                  1.55671         0.338462            149.185       
[J66          1.5273      1.56061               0.315755       0.300585                  1.55079         0.339819            151.489       
[J67          1.52124     1.55718               0.318099       0.301754                  1.54643         0.341176            153.756       
[J68          1.51575     1.55256               0.329818       0.297076                  1.54057         0.344796            156.018       
[J69          1.51825     1.55037               0.316927       0.300585                  1.53754         0.344796            158.227       
[J70          1.50918     1.54682               0.322656       0.305263                  1.53272         0.344796            160.472       
[J71          1.5026      1.54296               0.33151        0.301754                  1.52749         0.343439            162.714       
[J72          1.49722     1.53908               0.334969       0.307602                  1.52152         0.352489            164.941       
[J73          1.49128     1.53488               0.332943       0.309942                  1.51561         0.348416            167.189       
[J74          1.49006     1.53183               0.33724        0.304094                  1.51168         0.349321            169.42        
[J75          1.47967     1.52662               0.344792       0.302924                  1.50486         0.356109            171.639       
[J76          1.47792     1.52329               0.348437       0.307602                  1.50007         0.356561            173.861       
[J77          1.46062     1.5181                0.360026       0.301754                  1.49311         0.360633            176.102       
[J78          1.44978     1.51113               0.361979       0.31345                   1.4845          0.368778            178.303       
[J79          1.44811     1.50656               0.37048        0.312281                  1.47786         0.367873            180.551       
[J80          1.43885     1.50049               0.362891       0.316959                  1.47087         0.373756            182.781       
[J81          1.43279     1.49502               0.372396       0.322807                  1.46499         0.373756            184.991       
[J82          1.41693     1.48872               0.384766       0.325146                  1.45719         0.376471            187.232       
[J83          1.4059      1.48258               0.391797       0.321637                  1.44981         0.375113            189.453       
[J84          1.3956      1.47809               0.392057       0.334503                  1.44472         0.376471            191.687       
[J85          1.38742     1.4696                0.392188       0.334503                  1.43613         0.3819              193.911       
[J86          1.3725      1.46319               0.403796       0.339181                  1.42959         0.38552             196.183       
[J87          1.36436     1.45825               0.406641       0.34152                   1.42314         0.393665            198.387       
[J88          1.35787     1.45235               0.413281       0.347368                  1.417           0.388235            200.618       
[J89          1.33599     1.44508               0.414453       0.348538                  1.40974         0.389593            202.856       
[J90          1.31993     1.44159               0.426432       0.356725                  1.40535         0.401357            205.071       
[J91          1.32533     1.43808               0.427604       0.360234                  1.40216         0.4                 207.301       
[J92          1.30171     1.432                 0.4375         0.360234                  1.39505         0.399548            209.525       
[J93          1.28678     1.42869               0.440857       0.362573                  1.39113         0.402715            211.755       
[J94          1.28488     1.42461               0.444401       0.37076                   1.38862         0.404977            214.071       
[J95          1.26364     1.42277               0.453255       0.376608                  1.3862          0.401357            216.431       
