{
  "unit": 300,
  "learning_rate": 0.0001,
  "model": "cnn",
  "bilm_ratio": 0.25,
  "batchsize": 64,
  "layer": 1,
  "out": "result",
  "seed": 2018,
  "epoch": 100,
  "bilm": null,
  "bilm_temp": 1.0,
  "no_label": false,
  "bilm_residual": 0.0,
  "stop_epoch": 20,
  "dataset": "stsa.fine",
  "resume_vocab": null,
  "bilm_add_original": 0.0,
  "dropout": 0.4,
  "validation": true,
  "save_model": false,
  "bilm_unit": 1024,
  "gpu": 0,
  "bilm_dropout": 0.0,
  "bilm_mode": "sampling",
  "bilm_gumbel": false,
  "bilm_wordwise": true,
  "bilm_layer": 1
}
constract vocabulary based on frequency
# train data: 7689
# test  data: 855
# vocab: 16581
# class: 5
epoch       main/loss   validation/main/loss  main/accuracy  validation/main/accuracy  test/main/loss  test/main/accuracy  elapsed_time
[J1           1.63229     1.58221               0.240573       0.25848                   1.58584         0.233937            4.21786       
[J2           1.59973     1.5828                0.258333       0.270175                  1.58305         0.254751            6.42042       
[J3           1.58837     1.57966               0.266797       0.261988                  1.58022         0.233937            8.5717        
[J4           1.58323     1.57789               0.274479       0.264327                  1.57826         0.239367            10.8197       
[J5           1.57646     1.57566               0.273958       0.265497                  1.57303         0.259276            13.0266       
[J6           1.57439     1.57427               0.280208       0.266667                  1.57253         0.257466            15.2167       
[J7           1.56652     1.57324               0.279167       0.270175                  1.57267         0.253394            17.4478       
[J8           1.56485     1.57087               0.280088       0.271345                  1.56883         0.257466            19.7134       
[J9           1.56395     1.56934               0.285547       0.284211                  1.56654         0.279186            21.9389       
[J10          1.56254     1.56708               0.288542       0.281871                  1.56455         0.270136            24.1523       
[J11          1.55672     1.56365               0.294922       0.293567                  1.55883         0.28371             26.4307       
[J12          1.55445     1.56127               0.292448       0.298246                  1.55644         0.283258            28.6131       
[J13          1.55701     1.55864               0.286198       0.281871                  1.55212         0.307692            30.8783       
[J14          1.54549     1.55359               0.299349       0.297076                  1.54738         0.305882            33.0815       
[J15          1.54495     1.54836               0.308109       0.301754                  1.54139         0.308597            35.2781       
[J16          1.5382      1.54398               0.30013        0.308772                  1.53551         0.310407            37.4677       
[J17          1.53289     1.53737               0.317578       0.311111                  1.52859         0.314932            39.6723       
[J18          1.52571     1.53095               0.319141       0.31462                   1.52007         0.327602            41.8754       
[J19          1.51323     1.52486               0.332292       0.312281                  1.51443         0.330317            44.0647       
[J20          1.50657     1.51995               0.332422       0.320468                  1.51171         0.321267            46.2689       
[J21          1.49866     1.513                 0.337891       0.325146                  1.50126         0.338009            48.4142       
[J22          1.48868     1.50773               0.343363       0.320468                  1.49456         0.336652            50.6133       
[J23          1.47667     1.50178               0.348958       0.321637                  1.48829         0.329864            52.788        
[J24          1.45272     1.49269               0.370703       0.327485                  1.47357         0.349321            54.9448       
[J25          1.44431     1.48498               0.370964       0.330994                  1.46634         0.340272            57.1118       
[J26          1.42823     1.4748                0.384245       0.335673                  1.45227         0.353394            59.2747       
[J27          1.41012     1.46656               0.391667       0.339181                  1.44318         0.359276            61.4394       
[J28          1.39358     1.45667               0.396354       0.339181                  1.43167         0.361086            63.5946       
[J29          1.36885     1.4468                0.415289       0.34386                   1.41585         0.374661            65.7812       
[J30          1.34247     1.4357                0.41901        0.349708                  1.40682         0.371946            67.9262       
[J31          1.32667     1.42515               0.429297       0.347368                  1.3973          0.374208            70.0931       
[J32          1.29981     1.41542               0.44362        0.355556                  1.38867         0.380091            72.2543       
[J33          1.28132     1.40595               0.451823       0.357895                  1.37998         0.387783            74.3901       
[J34          1.24794     1.39928               0.464063       0.373099                  1.36962         0.391855            76.575        
[J35          1.23373     1.39375               0.470313       0.375439                  1.36528         0.39457             78.7271       
[J36          1.20107     1.39356               0.489153       0.380117                  1.36489         0.393665            80.898        
[J37          1.17651     1.39236               0.490104       0.376608                  1.36093         0.391855            83.0616       
[J38          1.14879     1.39241               0.514323       0.381287                  1.36303         0.391403            85.2488       
[J39          1.12776     1.39355               0.523307       0.378947                  1.36459         0.389593            87.3901       
[J40          1.10973     1.39351               0.534245       0.384795                  1.36396         0.39638             89.5479       
[J41          1.09113     1.39866               0.527865       0.381287                  1.36884         0.396833            91.7107       
[J42          1.06612     1.39848               0.552865       0.385965                  1.36706         0.399095            93.8492       
[J43          1.04869     1.40284               0.551524       0.388304                  1.36962         0.398643            96.0325       
[J44          1.00731     1.41383               0.571094       0.388304                  1.38127         0.392308            98.1893       
[J45          0.996094    1.41782               0.584635       0.388304                  1.38541         0.391855            100.342       
[J46          0.986631    1.42339               0.586589       0.389474                  1.38873         0.399548            102.638       
[J47          0.955138    1.44148               0.599219       0.390643                  1.40208         0.4                 104.828       
[J48          0.931356    1.44426               0.608464       0.387134                  1.40029         0.402715            106.993       
[J49          0.918955    1.45615               0.615365       0.397661                  1.4134          0.399095            109.168       
[J50          0.891625    1.47236               0.633523       0.39883                   1.4289          0.394118            111.384       
