{
  "save_model": false,
  "bilm_residual": 0.0,
  "no_label": false,
  "bilm_dropout": 0.0,
  "stop_epoch": 20,
  "bilm_layer": 1,
  "bilm_gumbel": false,
  "validation": true,
  "batchsize": 64,
  "dataset": "stsa.fine",
  "dropout": 0.3,
  "learning_rate": 0.0001,
  "layer": 1,
  "bilm_temp": 1.0,
  "bilm_unit": 1024,
  "resume_vocab": null,
  "gpu": 0,
  "unit": 300,
  "seed": 2018,
  "bilm_mode": "sampling",
  "epoch": 100,
  "model": "cnn",
  "bilm_wordwise": true,
  "bilm_add_original": 0.0,
  "bilm_ratio": 0.25,
  "bilm": null,
  "out": "result"
}
constract vocabulary based on frequency
# train data: 7689
# test  data: 855
# vocab: 16581
# class: 5
epoch       main/loss   validation/main/loss  main/accuracy  validation/main/accuracy  test/main/loss  test/main/accuracy  elapsed_time
[J1           1.60514     1.58141               0.24845        0.25848                   1.58296         0.234389            4.37797       
[J2           1.58351     1.58169               0.269141       0.266667                  1.57962         0.266063            6.60491       
[J3           1.57188     1.57654               0.277344       0.270175                  1.57446         0.243439            8.80049       
[J4           1.56872     1.57346               0.284375       0.269006                  1.57228         0.244796            10.9909       
[J5           1.56005     1.56798               0.286068       0.277193                  1.56218         0.289593            13.1976       
[J6           1.55605     1.56402               0.292318       0.28655                   1.55967         0.286878            15.3704       
[J7           1.54526     1.55886               0.297005       0.292398                  1.55459         0.290498            17.5617       
[J8           1.53854     1.55169               0.305785       0.305263                  1.54305         0.304525            19.7729       
[J9           1.53263     1.54572               0.317057       0.295906                  1.53656         0.311312            21.936        
[J10          1.52055     1.53863               0.319792       0.300585                  1.52584         0.31991             24.1451       
[J11          1.51144     1.53261               0.33763        0.300585                  1.51753         0.328507            26.3311       
[J12          1.49834     1.52401               0.338672       0.31345                   1.51165         0.321267            28.5235       
[J13          1.49092     1.51575               0.342057       0.311111                  1.49795         0.343891            30.7103       
[J14          1.46858     1.50644               0.363802       0.323977                  1.49119         0.336652            32.9298       
[J15          1.45046     1.49702               0.375775       0.325146                  1.47892         0.342986            35.1415       
[J16          1.42498     1.48763               0.384375       0.323977                  1.47029         0.349321            37.3663       
[J17          1.40767     1.4757                0.399479       0.329825                  1.45342         0.355656            39.5662       
[J18          1.37478     1.46417               0.417448       0.345029                  1.43896         0.367421            41.7274       
[J19          1.34214     1.45281               0.434896       0.348538                  1.42713         0.359729            43.9408       
[J20          1.30458     1.4422                0.450781       0.359064                  1.4208          0.366968            46.1207       
[J21          1.27223     1.42774               0.467318       0.361403                  1.40149         0.372851            48.3001       
[J22          1.2367      1.41606               0.48812        0.361403                  1.39537         0.373756            50.4964       
[J23          1.19578     1.4103                0.508594       0.361403                  1.39096         0.381448            52.6976       
[J24          1.14193     1.40475               0.534245       0.378947                  1.37571         0.386425            54.8614       
[J25          1.1163      1.39816               0.536328       0.367251                  1.37028         0.39638             57.0421       
[J26          1.09455     1.39803               0.549609       0.381287                  1.36795         0.400452            59.379        
[J27          1.05632     1.40081               0.56888        0.367251                  1.37084         0.403167            61.6475       
[J28          1.01174     1.40166               0.582943       0.376608                  1.36905         0.398643            63.8741       
[J29          0.978511    1.4041                0.601498       0.383626                  1.3676          0.404525            66.0643       
[J30          0.945817    1.4141                0.621875       0.384795                  1.37764         0.393665            68.3355       
[J31          0.913407    1.42995               0.638021       0.389474                  1.39138         0.391855            70.5259       
