{
  "seed": 2018,
  "unit": 300,
  "epoch": 100,
  "bilm_mode": "sampling",
  "bilm_ratio": 0.25,
  "bilm_layer": 1,
  "bilm_dropout": 0.0,
  "validation": true,
  "layer": 1,
  "model": "cnn",
  "bilm_add_original": 0.0,
  "bilm_residual": 0.0,
  "resume_vocab": null,
  "batchsize": 64,
  "gpu": 0,
  "bilm_temp": 1.0,
  "dropout": 0.1,
  "bilm": null,
  "bilm_wordwise": true,
  "no_label": false,
  "save_model": false,
  "stop_epoch": 20,
  "bilm_gumbel": false,
  "dataset": "stsa.fine",
  "learning_rate": 0.0001,
  "bilm_unit": 1024,
  "out": "result"
}
constract vocabulary based on frequency
# train data: 7689
# test  data: 855
# vocab: 16581
# class: 5
epoch       main/loss   validation/main/loss  main/accuracy  validation/main/accuracy  test/main/loss  test/main/accuracy  elapsed_time
[J1           1.58272     1.57927               0.265367       0.259649                  1.57979         0.233937            4.5118        
[J2           1.55616     1.57676               0.291146       0.274854                  1.57146         0.282353            6.78103       
[J3           1.53625     1.56531               0.313932       0.281871                  1.55879         0.270136            8.99861       
[J4           1.50921     1.54793               0.339974       0.297076                  1.5397          0.30181             11.2563       
[J5           1.47174     1.5303                0.375781       0.304094                  1.51554         0.322624            13.4875       
[J6           1.43429     1.51854               0.401823       0.309942                  1.49783         0.348416            15.7024       
[J7           1.38197     1.50349               0.439323       0.338012                  1.49476         0.330317            17.9451       
[J8           1.31987     1.4889                0.478693       0.34152                   1.46088         0.365158            20.1848       
[J9           1.2473      1.46856               0.517448       0.359064                  1.44481         0.375113            22.4089       
[J10          1.16104     1.45739               0.568099       0.349708                  1.43569         0.365611            24.6388       
[J11          1.06537     1.4417                0.615104       0.354386                  1.41877         0.384615            26.8893       
[J12          0.974604    1.43084               0.670182       0.361403                  1.40603         0.380995            29.0913       
[J13          0.875124    1.43291               0.713151       0.378947                  1.41137         0.380995            31.3367       
[J14          0.778621    1.44264               0.751953       0.37193                   1.42326         0.384163            33.5614       
[J15          0.694119    1.45773               0.787577       0.37076                   1.43742         0.365611            35.7857       
[J16          0.610511    1.46241               0.818099       0.368421                  1.43025         0.376923            38.0329       
[J17          0.541048    1.49957               0.846875       0.378947                  1.46217         0.383258            40.2687       
[J18          0.474985    1.51301               0.865495       0.375439                  1.4677          0.38733             42.4894       
[J19          0.414903    1.53654               0.891406       0.363743                  1.48118         0.380091            44.7096       
[J20          0.35288     1.55255               0.9125         0.368421                  1.49354         0.387783            46.9534       
[J21          0.315853    1.58665               0.920833       0.368421                  1.52457         0.382353            49.1573       
[J22          0.272283    1.61844               0.931043       0.363743                  1.55328         0.377828            51.4405       
[J23          0.239463    1.6573                0.941406       0.364912                  1.58054         0.380543            53.6834       
[J24          0.214412    1.67588               0.95026        0.362573                  1.59666         0.379186            55.9117       
[J25          0.190836    1.70425               0.954427       0.359064                  1.63428         0.377376            58.1394       
[J26          0.170049    1.75739               0.963281       0.37193                   1.67704         0.376018            60.3873       
[J27          0.15315     1.77818               0.964323       0.366082                  1.69695         0.386878            62.6082       
[J28          0.131251    1.8165                0.97513        0.367251                  1.72671         0.384615            64.8338       
[J29          0.119821    1.85092               0.975723       0.37076                   1.74987         0.381448            67.1049       
[J30          0.10821     1.8852                0.978125       0.37193                   1.7842          0.379186            69.303        
[J31          0.0969511   1.91996               0.979557       0.377778                  1.80797         0.381448            71.5432       
[J32          0.0864459   1.95285               0.983073       0.360234                  1.84491         0.375113            73.7617       
[J33          0.0814508   1.97928               0.983854       0.381287                  1.8779          0.380995            75.9444       
