{
  "resume_vocab": null,
  "bilm_layer": 1,
  "out": "result",
  "bilm_temp": 1.0,
  "bilm_dropout": 0.0,
  "model": "cnn",
  "bilm_wordwise": true,
  "bilm_residual": 0.0,
  "bilm": null,
  "no_label": false,
  "batchsize": 64,
  "bilm_add_original": 0.0,
  "epoch": 100,
  "bilm_ratio": 0.25,
  "dropout": 0.5,
  "save_model": false,
  "unit": 300,
  "seed": 2018,
  "bilm_gumbel": false,
  "dataset": "stsa.fine",
  "layer": 1,
  "bilm_unit": 1024,
  "bilm_mode": "sampling",
  "stop_epoch": 20,
  "learning_rate": 0.0001,
  "validation": true,
  "gpu": 0
}
constract vocabulary based on frequency
# train data: 7689
# test  data: 855
# vocab: 16581
# class: 5
epoch       main/loss   validation/main/loss  main/accuracy  validation/main/accuracy  test/main/loss  test/main/accuracy  elapsed_time
[J1           1.67578     1.58413               0.227273       0.259649                  1.58807         0.234842            4.22483       
[J2           1.62705     1.58428               0.245964       0.265497                  1.58549         0.254751            6.47916       
[J3           1.6099      1.58122               0.26276        0.265497                  1.58241         0.233032            8.91672       
[J4           1.60529     1.58073               0.259375       0.264327                  1.58258         0.234389            11.2686       
[J5           1.59794     1.57959               0.262891       0.274854                  1.58035         0.239819            13.5139       
[J6           1.59275     1.57925               0.272656       0.266667                  1.58092         0.234842            15.7543       
[J7           1.5829      1.57916               0.267969       0.264327                  1.58148         0.235747            18.0141       
[J8           1.58541     1.57858               0.264334       0.267836                  1.57966         0.238914            20.3557       
[J9           1.58054     1.57921               0.265495       0.260819                  1.58017         0.242534            22.6265       
[J10          1.57862     1.57948               0.268229       0.267836                  1.58092         0.234842            24.8749       
[J11          1.58051     1.57851               0.264974       0.270175                  1.57838         0.240271            27.1437       
[J12          1.57798     1.57945               0.268359       0.269006                  1.57976         0.239819            29.3667       
[J13          1.58164     1.58044               0.26263        0.271345                  1.58053         0.248416            31.636        
[J14          1.57189     1.5789                0.276953       0.265497                  1.57941         0.248416            33.8698       
[J15          1.57586     1.57903               0.271952       0.270175                  1.57954         0.248869            36.1232       
[J16          1.57558     1.58026               0.265234       0.269006                  1.58029         0.250226            38.3775       
[J17          1.57316     1.57883               0.271615       0.269006                  1.57886         0.262896            40.6431       
[J18          1.57111     1.57843               0.272396       0.273684                  1.57741         0.266063            42.8583       
[J19          1.56652     1.57872               0.28125        0.273684                  1.57803         0.262896            45.0929       
[J20          1.56734     1.57842               0.275521       0.271345                  1.57835         0.250226            47.3972       
[J21          1.56299     1.57736               0.284766       0.279532                  1.577           0.266516            49.638        
[J22          1.56475     1.57662               0.281637       0.295906                  1.57506         0.284615            51.9269       
[J23          1.55939     1.57572               0.279036       0.291228                  1.57483         0.279186            54.1627       
[J24          1.55541     1.57375               0.286068       0.287719                  1.57224         0.293665            56.4057       
[J25          1.55745     1.57172               0.28763        0.294737                  1.56909         0.299548            58.6371       
[J26          1.55331     1.56885               0.292969       0.301754                  1.56525         0.314932            60.8789       
[J27          1.55138     1.56646               0.295182       0.299415                  1.56278         0.313122            63.1105       
[J28          1.55093     1.56365               0.294792       0.299415                  1.5603          0.30724             65.3612       
[J29          1.54746     1.55945               0.300491       0.306433                  1.55308         0.326244            67.6231       
[J30          1.54436     1.55526               0.300391       0.299415                  1.54896         0.322172            69.8409       
[J31          1.54048     1.55193               0.303125       0.297076                  1.54401         0.326244            72.1029       
[J32          1.53543     1.54639               0.310807       0.299415                  1.53831         0.328507            74.3334       
[J33          1.53091     1.54411               0.316146       0.306433                  1.53638         0.328507            76.5536       
[J34          1.52387     1.53968               0.314323       0.304094                  1.52925         0.334842            78.7576       
[J35          1.5195      1.53478               0.315234       0.302924                  1.52325         0.337557            80.9811       
[J36          1.51261     1.52999               0.327092       0.311111                  1.51879         0.336199            83.184        
[J37          1.50272     1.52629               0.332292       0.309942                  1.51201         0.342986            85.4054       
[J38          1.49823     1.52083               0.339714       0.318129                  1.50543         0.341629            87.6337       
[J39          1.48783     1.51554               0.34349        0.316959                  1.49769         0.347511            89.824        
[J40          1.481       1.50829               0.35026        0.308772                  1.48874         0.352489            92.0575       
[J41          1.47499     1.50056               0.351432       0.315789                  1.47933         0.356561            94.2577       
[J42          1.46599     1.49492               0.35612        0.325146                  1.4721          0.364706            96.4706       
[J43          1.45491     1.48655               0.364282       0.327485                  1.46236         0.370588            98.6901       
[J44          1.42693     1.47838               0.377865       0.325146                  1.45103         0.370588            100.929       
[J45          1.42021     1.4722                0.385156       0.336842                  1.44434         0.371041            103.156       
[J46          1.41269     1.464                 0.385286       0.327485                  1.43443         0.379638            105.382       
[J47          1.39187     1.45458               0.390755       0.338012                  1.42413         0.368778            107.632       
[J48          1.37061     1.44626               0.406901       0.349708                  1.4125          0.38371             109.843       
[J49          1.36819     1.4379                0.407292       0.350877                  1.40528         0.384163            112.089       
[J50          1.34798     1.43                  0.415806       0.356725                  1.39804         0.389593            114.307       
[J51          1.32701     1.42205               0.431901       0.355556                  1.39103         0.38552             116.518       
[J52          1.31228     1.41593               0.434766       0.364912                  1.3812          0.393665            118.751       
[J53          1.29134     1.41217               0.438542       0.368421                  1.37765         0.399095            121.012       
[J54          1.27677     1.40444               0.443229       0.374269                  1.37194         0.39638             123.245       
[J55          1.25701     1.40012               0.452344       0.377778                  1.36801         0.399548            125.504       
[J56          1.25447     1.39777               0.459635       0.374269                  1.36501         0.398643            127.749       
[J57          1.22933     1.39358               0.470429       0.384795                  1.36476         0.40181             129.973       
[J58          1.21156     1.39228               0.476432       0.378947                  1.3596          0.412217            132.237       
[J59          1.20596     1.38854               0.48151        0.388304                  1.35695         0.406787            134.472       
[J60          1.18213     1.38905               0.488021       0.389474                  1.35724         0.40724             136.719       
[J61          1.1728      1.38871               0.48776        0.384795                  1.35495         0.40905             138.949       
[J62          1.15975     1.39114               0.495052       0.392982                  1.35692         0.406787            141.213       
[J63          1.13833     1.39417               0.500911       0.394152                  1.36071         0.40724             143.431       
