{
  "bilm_mode": "sampling",
  "stop_epoch": 20,
  "epoch": 100,
  "no_label": false,
  "seed": 2018,
  "bilm_dropout": 0.0,
  "gpu": 0,
  "bilm_wordwise": true,
  "bilm_temp": 1.0,
  "model": "cnn",
  "save_model": false,
  "dataset": "stsa.fine",
  "bilm_ratio": 0.25,
  "out": "result",
  "bilm": null,
  "bilm_layer": 1,
  "learning_rate": 0.0001,
  "bilm_add_original": 0.0,
  "batchsize": 64,
  "unit": 300,
  "bilm_residual": 0.0,
  "bilm_unit": 1024,
  "validation": true,
  "dropout": 0.2,
  "resume_vocab": null,
  "layer": 1,
  "bilm_gumbel": false
}
constract vocabulary based on frequency
# train data: 7689
# test  data: 855
# vocab: 16581
# class: 5
epoch       main/loss   validation/main/loss  main/accuracy  validation/main/accuracy  test/main/loss  test/main/accuracy  elapsed_time
[J1           1.59198     1.5799                0.258781       0.25848                   1.58004         0.234842            4.32372       
[J2           1.56996     1.57978               0.277214       0.266667                  1.57603         0.273303            6.59417       
[J3           1.55724     1.5729                0.289974       0.271345                  1.56801         0.259729            8.8013        
[J4           1.54693     1.5638                0.303776       0.283041                  1.56062         0.262896            11.0536       
[J5           1.53012     1.55292               0.315885       0.288889                  1.54312         0.311765            13.2721       
[J6           1.51587     1.54254               0.335417       0.297076                  1.53158         0.320814            15.5251       
[J7           1.4951      1.53276               0.350781       0.308772                  1.5255          0.307692            17.7685       
[J8           1.47625     1.52288               0.364669       0.31345                   1.50433         0.334842            20.0285       
[J9           1.44768     1.51008               0.377344       0.322807                  1.49137         0.347511            22.2222       
[J10          1.41592     1.50026               0.398438       0.327485                  1.47821         0.344344            24.4462       
[J11          1.37914     1.48834               0.423698       0.336842                  1.46321         0.349321            26.739        
[J12          1.3392      1.47057               0.447526       0.340351                  1.44993         0.356109            28.942        
[J13          1.30091     1.45677               0.46849        0.354386                  1.43703         0.362896            31.1757       
[J14          1.23791     1.44611               0.507682       0.355556                  1.42985         0.367421            33.3837       
[J15          1.18757     1.42998               0.522211       0.350877                  1.40922         0.376471            35.6213       
[J16          1.12195     1.42636               0.555859       0.366082                  1.40956         0.375566            37.8369       
[J17          1.07396     1.41725               0.583594       0.37193                   1.39671         0.383258            40.0677       
[J18          1.01121     1.41389               0.61237        0.37193                   1.38811         0.390045            42.2642       
[J19          0.957977    1.41642               0.636328       0.382456                  1.38701         0.38733             44.4777       
[J20          0.891262    1.4166                0.658594       0.378947                  1.38505         0.388235            46.7095       
[J21          0.83711     1.42807               0.688672       0.376608                  1.3938          0.38914             48.9069       
[J22          0.793184    1.43719               0.708419       0.37193                   1.41016         0.380091            51.1698       
[J23          0.739865    1.45309               0.73099        0.377778                  1.42084         0.390498            53.374        
[J24          0.688125    1.4646                0.755339       0.383626                  1.42013         0.388235            55.5781       
[J25          0.647275    1.47581               0.765234       0.37076                   1.44041         0.395475            57.9157       
[J26          0.613545    1.50845               0.783203       0.377778                  1.46561         0.386878            60.1509       
[J27          0.578212    1.53328               0.8            0.380117                  1.47906         0.386878            62.3707       
[J28          0.532546    1.55366               0.811719       0.377778                  1.49446         0.385973            64.6048       
[J29          0.48996     1.57956               0.83032        0.385965                  1.51401         0.390498            66.8579       
