Namespace(bert_model='bert-base-uncased', data_dir='datasets', do_lower_case=False, gpu=5, learning_rate=5e-05, max_seq_length=64, num_train_epochs=9.0, output_dir='aug_data_2_4_5_1.0', sample_num=2, sample_ratio=4, seed=42, task_name='stsa.fine', temp=1.0, train_batch_size=32, warmup_proportion=0.1)
10/27/2019 01:49:06 - WARNING - pytorch_pretrained_bert.tokenization -   The pre-trained model you are loading is an uncased model but you have set `do_lower_case` to False. We are setting `do_lower_case=True` for you but you may want to check this behavior.
10/27/2019 01:49:08 - INFO - pytorch_pretrained_bert.tokenization -   loading vocabulary file https://s3.amazonaws.com/models.huggingface.co/bert/bert-base-uncased-vocab.txt from cache at /root/.pytorch_pretrained_bert/26bc1ad6c0ac742e9b52263248f6d0f00068293b33709fae12320c0e35ccfbbb.542ce4285a40d23a559526243235df47c5f75c197f04f37d1a0c124c32c9a084
10/27/2019 01:49:08 - INFO - __main__ -   *** Example ***
10/27/2019 01:49:08 - INFO - __main__ -   guid: train-1
10/27/2019 01:49:08 - INFO - __main__ -   tokens: [CLS] too smart to ignore but a little too smug ##ly superior to like , this could be a movie that ends up slapping its target audience in the face by shooting itself in the foot . [SEP]
10/27/2019 01:49:08 - INFO - __main__ -   init_ids: 101 2205 6047 2000 8568 2021 1037 2210 2205 20673 2135 6020 2000 2066 1010 2023 2071 2022 1037 3185 2008 4515 2039 22021 2049 4539 4378 1999 1996 2227 2011 5008 2993 1999 1996 3329 1012 102 0 0 0 0 0 0 0 0 0 0 0 0 0 0 0 0 0 0 0 0 0 0 0 0 0 0
10/27/2019 01:49:08 - INFO - __main__ -   input_ids: 101 2205 103 2000 8568 103 1037 2210 103 20673 2135 103 2000 2066 1010 2023 2071 2022 1037 3185 2008 4515 2039 22021 2049 4539 4378 1999 1996 2227 2011 5008 103 1999 1996 103 1012 102 0 0 0 0 0 0 0 0 0 0 0 0 0 0 0 0 0 0 0 0 0 0 0 0 0 0
10/27/2019 01:49:08 - INFO - __main__ -   input_mask: 1 1 1 1 1 1 1 1 1 1 1 1 1 1 1 1 1 1 1 1 1 1 1 1 1 1 1 1 1 1 1 1 1 1 1 1 1 1 0 0 0 0 0 0 0 0 0 0 0 0 0 0 0 0 0 0 0 0 0 0 0 0 0 0
10/27/2019 01:49:08 - INFO - __main__ -   segment_ids: 1 1 1 1 1 1 1 1 1 1 1 1 1 1 1 1 1 1 1 1 1 1 1 1 1 1 1 1 1 1 1 1 1 1 1 1 1 1 0 0 0 0 0 0 0 0 0 0 0 0 0 0 0 0 0 0 0 0 0 0 0 0 0 0
10/27/2019 01:49:08 - INFO - __main__ -   masked_lm_labels: -1 -1 6047 -1 -1 2021 -1 -1 2205 -1 -1 6020 -1 -1 -1 -1 -1 -1 -1 -1 -1 -1 -1 -1 -1 -1 -1 -1 -1 -1 -1 -1 2993 -1 -1 3329 -1 -1 -1 -1 -1 -1 -1 -1 -1 -1 -1 -1 -1 -1 -1 -1 -1 -1 -1 -1 -1 -1 -1 -1 -1 -1 -1 -1
10/27/2019 01:49:08 - INFO - __main__ -   *** Example ***
10/27/2019 01:49:08 - INFO - __main__ -   guid: train-2
10/27/2019 01:49:08 - INFO - __main__ -   tokens: [CLS] rai ##mi and his team could n ' t have done any better in bringing the story of spider - man to the big screen . [SEP]
10/27/2019 01:49:08 - INFO - __main__ -   init_ids: 101 15547 4328 1998 2010 2136 2071 1050 1005 1056 2031 2589 2151 2488 1999 5026 1996 2466 1997 6804 1011 2158 2000 1996 2502 3898 1012 102 0 0 0 0 0 0 0 0 0 0 0 0 0 0 0 0 0 0 0 0 0 0 0 0 0 0 0 0 0 0 0 0 0 0 0 0
10/27/2019 01:49:08 - INFO - __main__ -   input_ids: 101 15547 4328 1998 2010 2136 2071 2136 1005 1056 2031 103 2151 2488 1999 5026 1996 2466 1997 6804 103 2158 2000 1996 2502 3898 1012 102 0 0 0 0 0 0 0 0 0 0 0 0 0 0 0 0 0 0 0 0 0 0 0 0 0 0 0 0 0 0 0 0 0 0 0 0
10/27/2019 01:49:08 - INFO - __main__ -   input_mask: 1 1 1 1 1 1 1 1 1 1 1 1 1 1 1 1 1 1 1 1 1 1 1 1 1 1 1 1 0 0 0 0 0 0 0 0 0 0 0 0 0 0 0 0 0 0 0 0 0 0 0 0 0 0 0 0 0 0 0 0 0 0 0 0
10/27/2019 01:49:08 - INFO - __main__ -   segment_ids: 4 4 4 4 4 4 4 4 4 4 4 4 4 4 4 4 4 4 4 4 4 4 4 4 4 4 4 4 0 0 0 0 0 0 0 0 0 0 0 0 0 0 0 0 0 0 0 0 0 0 0 0 0 0 0 0 0 0 0 0 0 0 0 0
10/27/2019 01:49:08 - INFO - __main__ -   masked_lm_labels: -1 -1 -1 1998 -1 -1 -1 1050 -1 -1 -1 2589 -1 -1 -1 -1 -1 -1 -1 -1 1011 -1 -1 -1 -1 -1 -1 -1 -1 -1 -1 -1 -1 -1 -1 -1 -1 -1 -1 -1 -1 -1 -1 -1 -1 -1 -1 -1 -1 -1 -1 -1 -1 -1 -1 -1 -1 -1 -1 -1 -1 -1 -1 -1
10/27/2019 01:49:13 - INFO - __main__ -   ***** Running training *****
10/27/2019 01:49:13 - INFO - __main__ -     Num examples = 7689
10/27/2019 01:49:13 - INFO - __main__ -     Batch size = 32
10/27/2019 01:49:13 - INFO - __main__ -     Num steps = 2162
constract vocabulary based on frequency
# train data: 7689
# test  data: 855
# vocab: 16581
# class: 5
before augment best acc:0.391855
Epoch:   0%|          | 0/9 [00:00<?, ?it/s]constract vocabulary based on frequency
# train data: 23059
# test  data: 855
# vocab: 22106
# class: 5
epoch 0 augment best acc:0.40905
Epoch:  11%|█         | 1/9 [13:00<1:44:06, 780.87s/it]constract vocabulary based on frequency
# train data: 23010
# test  data: 855
# vocab: 21250
# class: 5
epoch 1 augment best acc:0.390498
Epoch:  22%|██▏       | 2/9 [23:33<1:25:53, 736.26s/it]constract vocabulary based on frequency
# train data: 23131
# test  data: 855
# vocab: 20947
# class: 5
epoch 2 augment best acc:0.426244
Epoch:  33%|███▎      | 3/9 [33:40<1:09:45, 697.64s/it]constract vocabulary based on frequency
# train data: 23002
# test  data: 855
# vocab: 20730
# class: 5
epoch 3 augment best acc:0.411765
Epoch:  44%|████▍     | 4/9 [42:44<54:17, 651.43s/it]  constract vocabulary based on frequency
# train data: 23061
# test  data: 855
# vocab: 20440
# class: 5
epoch 4 augment best acc:0.40724
Epoch:  56%|█████▌    | 5/9 [52:18<41:53, 628.38s/it]constract vocabulary based on frequency
# train data: 23080
# test  data: 855
# vocab: 20565
# class: 5
epoch 5 augment best acc:0.410407
Epoch:  67%|██████▋   | 6/9 [1:02:43<31:21, 627.21s/it]constract vocabulary based on frequency
# train data: 23093
# test  data: 855
# vocab: 20483
# class: 5
epoch 6 augment best acc:0.404977
Epoch:  78%|███████▊  | 7/9 [1:13:17<20:58, 629.27s/it]constract vocabulary based on frequency
# train data: 23059
# test  data: 855
# vocab: 20298
# class: 5
epoch 7 augment best acc:0.405882
Epoch:  89%|████████▉ | 8/9 [1:20:13<09:25, 565.48s/it]constract vocabulary based on frequency
# train data: 23047
# test  data: 855
# vocab: 20294
# class: 5
epoch 8 augment best acc:0.411765
Epoch: 100%|██████████| 9/9 [1:27:41<00:00, 529.99s/it]Epoch: 100%|██████████| 9/9 [1:27:41<00:00, 584.57s/it]
