Namespace(bert_model='bert-base-uncased', data_dir='datasets', do_lower_case=False, gpu=3, learning_rate=5e-05, max_seq_length=64, num_train_epochs=9.0, output_dir='aug_data_1_4_3_1.0', sample_num=1, sample_ratio=4, seed=42, task_name='TREC', temp=1.0, train_batch_size=32, warmup_proportion=0.1)
10/26/2019 15:47:25 - WARNING - pytorch_pretrained_bert.tokenization -   The pre-trained model you are loading is an uncased model but you have set `do_lower_case` to False. We are setting `do_lower_case=True` for you but you may want to check this behavior.
10/26/2019 15:47:26 - INFO - pytorch_pretrained_bert.tokenization -   loading vocabulary file https://s3.amazonaws.com/models.huggingface.co/bert/bert-base-uncased-vocab.txt from cache at /root/.pytorch_pretrained_bert/26bc1ad6c0ac742e9b52263248f6d0f00068293b33709fae12320c0e35ccfbbb.542ce4285a40d23a559526243235df47c5f75c197f04f37d1a0c124c32c9a084
10/26/2019 15:47:27 - INFO - __main__ -   *** Example ***
10/26/2019 15:47:27 - INFO - __main__ -   guid: train-1
10/26/2019 15:47:27 - INFO - __main__ -   tokens: [CLS] how long is human ge ##station ? [SEP]
10/26/2019 15:47:27 - INFO - __main__ -   init_ids: 101 2129 2146 2003 2529 16216 20100 1029 102 0 0 0 0 0 0 0 0 0 0 0 0 0 0 0 0 0 0 0 0 0 0 0 0 0 0 0 0 0 0 0 0 0 0 0 0 0 0 0 0 0 0 0 0 0 0 0 0 0 0 0 0 0 0 0
10/26/2019 15:47:27 - INFO - __main__ -   input_ids: 101 2129 2146 2003 2529 16216 20100 103 102 0 0 0 0 0 0 0 0 0 0 0 0 0 0 0 0 0 0 0 0 0 0 0 0 0 0 0 0 0 0 0 0 0 0 0 0 0 0 0 0 0 0 0 0 0 0 0 0 0 0 0 0 0 0 0
10/26/2019 15:47:27 - INFO - __main__ -   input_mask: 1 1 1 1 1 1 1 1 1 0 0 0 0 0 0 0 0 0 0 0 0 0 0 0 0 0 0 0 0 0 0 0 0 0 0 0 0 0 0 0 0 0 0 0 0 0 0 0 0 0 0 0 0 0 0 0 0 0 0 0 0 0 0 0
10/26/2019 15:47:27 - INFO - __main__ -   segment_ids: 5 5 5 5 5 5 5 5 5 0 0 0 0 0 0 0 0 0 0 0 0 0 0 0 0 0 0 0 0 0 0 0 0 0 0 0 0 0 0 0 0 0 0 0 0 0 0 0 0 0 0 0 0 0 0 0 0 0 0 0 0 0 0 0
10/26/2019 15:47:27 - INFO - __main__ -   masked_lm_labels: -1 -1 -1 -1 -1 -1 -1 1029 -1 -1 -1 -1 -1 -1 -1 -1 -1 -1 -1 -1 -1 -1 -1 -1 -1 -1 -1 -1 -1 -1 -1 -1 -1 -1 -1 -1 -1 -1 -1 -1 -1 -1 -1 -1 -1 -1 -1 -1 -1 -1 -1 -1 -1 -1 -1 -1 -1 -1 -1 -1 -1 -1 -1 -1
10/26/2019 15:47:27 - INFO - __main__ -   *** Example ***
10/26/2019 15:47:27 - INFO - __main__ -   guid: train-2
10/26/2019 15:47:27 - INFO - __main__ -   tokens: [CLS] who is known as ` ` the world ' s oldest teenager ' ' ? [SEP]
10/26/2019 15:47:27 - INFO - __main__ -   init_ids: 101 2040 2003 2124 2004 1036 1036 1996 2088 1005 1055 4587 10563 1005 1005 1029 102 0 0 0 0 0 0 0 0 0 0 0 0 0 0 0 0 0 0 0 0 0 0 0 0 0 0 0 0 0 0 0 0 0 0 0 0 0 0 0 0 0 0 0 0 0 0 0
10/26/2019 15:47:27 - INFO - __main__ -   input_ids: 101 103 2003 2124 103 1036 1036 1996 2088 1005 1055 4587 10563 103 1005 1029 102 0 0 0 0 0 0 0 0 0 0 0 0 0 0 0 0 0 0 0 0 0 0 0 0 0 0 0 0 0 0 0 0 0 0 0 0 0 0 0 0 0 0 0 0 0 0 0
10/26/2019 15:47:27 - INFO - __main__ -   input_mask: 1 1 1 1 1 1 1 1 1 1 1 1 1 1 1 1 1 0 0 0 0 0 0 0 0 0 0 0 0 0 0 0 0 0 0 0 0 0 0 0 0 0 0 0 0 0 0 0 0 0 0 0 0 0 0 0 0 0 0 0 0 0 0 0
10/26/2019 15:47:27 - INFO - __main__ -   segment_ids: 3 3 3 3 3 3 3 3 3 3 3 3 3 3 3 3 3 0 0 0 0 0 0 0 0 0 0 0 0 0 0 0 0 0 0 0 0 0 0 0 0 0 0 0 0 0 0 0 0 0 0 0 0 0 0 0 0 0 0 0 0 0 0 0
10/26/2019 15:47:27 - INFO - __main__ -   masked_lm_labels: -1 2040 -1 -1 2004 -1 -1 -1 -1 -1 -1 -1 -1 1005 -1 -1 -1 -1 -1 -1 -1 -1 -1 -1 -1 -1 -1 -1 -1 -1 -1 -1 -1 -1 -1 -1 -1 -1 -1 -1 -1 -1 -1 -1 -1 -1 -1 -1 -1 -1 -1 -1 -1 -1 -1 -1 -1 -1 -1 -1 -1 -1 -1 -1
10/26/2019 15:47:28 - INFO - __main__ -   ***** Running training *****
10/26/2019 15:47:28 - INFO - __main__ -     Num examples = 4906
10/26/2019 15:47:28 - INFO - __main__ -     Batch size = 32
10/26/2019 15:47:28 - INFO - __main__ -     Num steps = 1379
constract vocabulary based on frequency
# train data: 4906
# test  data: 546
# vocab: 8680
# class: 6
before augment best acc:0.894
Epoch:   0%|          | 0/9 [00:00<?, ?it/s]constract vocabulary based on frequency
# train data: 9810
# test  data: 546
# vocab: 9891
# class: 6
epoch 0 augment best acc:0.892
Epoch:  11%|█         | 1/9 [10:32<1:24:22, 632.82s/it]constract vocabulary based on frequency
# train data: 9673
# test  data: 546
# vocab: 9551
# class: 6
epoch 1 augment best acc:0.886
Epoch:  22%|██▏       | 2/9 [18:50<1:09:05, 592.20s/it]constract vocabulary based on frequency
# train data: 9812
# test  data: 546
# vocab: 9420
# class: 6
epoch 2 augment best acc:0.894
Epoch:  33%|███▎      | 3/9 [23:35<50:00, 500.04s/it]  constract vocabulary based on frequency
# train data: 9816
# test  data: 546
# vocab: 9416
# class: 6
epoch 3 augment best acc:0.888
Epoch:  44%|████▍     | 4/9 [30:41<39:49, 477.84s/it]constract vocabulary based on frequency
# train data: 9797
# test  data: 546
# vocab: 9402
# class: 6
epoch 4 augment best acc:0.88
Epoch:  56%|█████▌    | 5/9 [38:24<31:33, 473.37s/it]constract vocabulary based on frequency
# train data: 9830
# test  data: 546
# vocab: 9394
# class: 6
epoch 5 augment best acc:0.89
Epoch:  67%|██████▋   | 6/9 [44:22<21:56, 438.80s/it]constract vocabulary based on frequency
# train data: 9824
# test  data: 546
# vocab: 9332
# class: 6
epoch 6 augment best acc:0.89
Epoch:  78%|███████▊  | 7/9 [51:57<14:47, 443.63s/it]constract vocabulary based on frequency
# train data: 9800
# test  data: 546
# vocab: 9393
# class: 6
epoch 7 augment best acc:0.89
Epoch:  89%|████████▉ | 8/9 [59:42<07:30, 450.20s/it]constract vocabulary based on frequency
# train data: 9816
# test  data: 546
# vocab: 9333
# class: 6
epoch 8 augment best acc:0.904
Epoch: 100%|██████████| 9/9 [1:05:23<00:00, 417.29s/it]Epoch: 100%|██████████| 9/9 [1:05:23<00:00, 435.92s/it]
