Namespace(bert_model='bert-base-uncased', data_dir='datasets', do_lower_case=False, gpu=6, learning_rate=5e-05, max_seq_length=64, num_train_epochs=9.0, output_dir='aug_data_3_6_6_0.5', sample_num=3, sample_ratio=6, seed=42, task_name='TREC', temp=0.5, train_batch_size=32, warmup_proportion=0.1)
10/26/2019 15:47:25 - WARNING - pytorch_pretrained_bert.tokenization -   The pre-trained model you are loading is an uncased model but you have set `do_lower_case` to False. We are setting `do_lower_case=True` for you but you may want to check this behavior.
10/26/2019 15:47:26 - INFO - pytorch_pretrained_bert.tokenization -   loading vocabulary file https://s3.amazonaws.com/models.huggingface.co/bert/bert-base-uncased-vocab.txt from cache at /root/.pytorch_pretrained_bert/26bc1ad6c0ac742e9b52263248f6d0f00068293b33709fae12320c0e35ccfbbb.542ce4285a40d23a559526243235df47c5f75c197f04f37d1a0c124c32c9a084
10/26/2019 15:47:27 - INFO - __main__ -   *** Example ***
10/26/2019 15:47:27 - INFO - __main__ -   guid: train-1
10/26/2019 15:47:27 - INFO - __main__ -   tokens: [CLS] how long is human ge ##station ? [SEP]
10/26/2019 15:47:27 - INFO - __main__ -   init_ids: 101 2129 2146 2003 2529 16216 20100 1029 102 0 0 0 0 0 0 0 0 0 0 0 0 0 0 0 0 0 0 0 0 0 0 0 0 0 0 0 0 0 0 0 0 0 0 0 0 0 0 0 0 0 0 0 0 0 0 0 0 0 0 0 0 0 0 0
10/26/2019 15:47:27 - INFO - __main__ -   input_ids: 101 2129 2146 2003 2529 16216 20100 103 102 0 0 0 0 0 0 0 0 0 0 0 0 0 0 0 0 0 0 0 0 0 0 0 0 0 0 0 0 0 0 0 0 0 0 0 0 0 0 0 0 0 0 0 0 0 0 0 0 0 0 0 0 0 0 0
10/26/2019 15:47:27 - INFO - __main__ -   input_mask: 1 1 1 1 1 1 1 1 1 0 0 0 0 0 0 0 0 0 0 0 0 0 0 0 0 0 0 0 0 0 0 0 0 0 0 0 0 0 0 0 0 0 0 0 0 0 0 0 0 0 0 0 0 0 0 0 0 0 0 0 0 0 0 0
10/26/2019 15:47:27 - INFO - __main__ -   segment_ids: 5 5 5 5 5 5 5 5 5 0 0 0 0 0 0 0 0 0 0 0 0 0 0 0 0 0 0 0 0 0 0 0 0 0 0 0 0 0 0 0 0 0 0 0 0 0 0 0 0 0 0 0 0 0 0 0 0 0 0 0 0 0 0 0
10/26/2019 15:47:27 - INFO - __main__ -   masked_lm_labels: -1 -1 -1 -1 -1 -1 -1 1029 -1 -1 -1 -1 -1 -1 -1 -1 -1 -1 -1 -1 -1 -1 -1 -1 -1 -1 -1 -1 -1 -1 -1 -1 -1 -1 -1 -1 -1 -1 -1 -1 -1 -1 -1 -1 -1 -1 -1 -1 -1 -1 -1 -1 -1 -1 -1 -1 -1 -1 -1 -1 -1 -1 -1 -1
10/26/2019 15:47:27 - INFO - __main__ -   *** Example ***
10/26/2019 15:47:27 - INFO - __main__ -   guid: train-2
10/26/2019 15:47:27 - INFO - __main__ -   tokens: [CLS] who is known as ` ` the world ' s oldest teenager ' ' ? [SEP]
10/26/2019 15:47:27 - INFO - __main__ -   init_ids: 101 2040 2003 2124 2004 1036 1036 1996 2088 1005 1055 4587 10563 1005 1005 1029 102 0 0 0 0 0 0 0 0 0 0 0 0 0 0 0 0 0 0 0 0 0 0 0 0 0 0 0 0 0 0 0 0 0 0 0 0 0 0 0 0 0 0 0 0 0 0 0
10/26/2019 15:47:27 - INFO - __main__ -   input_ids: 101 103 2003 2124 103 1036 1036 1996 2088 1005 1055 4587 10563 103 1005 1029 102 0 0 0 0 0 0 0 0 0 0 0 0 0 0 0 0 0 0 0 0 0 0 0 0 0 0 0 0 0 0 0 0 0 0 0 0 0 0 0 0 0 0 0 0 0 0 0
10/26/2019 15:47:27 - INFO - __main__ -   input_mask: 1 1 1 1 1 1 1 1 1 1 1 1 1 1 1 1 1 0 0 0 0 0 0 0 0 0 0 0 0 0 0 0 0 0 0 0 0 0 0 0 0 0 0 0 0 0 0 0 0 0 0 0 0 0 0 0 0 0 0 0 0 0 0 0
10/26/2019 15:47:27 - INFO - __main__ -   segment_ids: 3 3 3 3 3 3 3 3 3 3 3 3 3 3 3 3 3 0 0 0 0 0 0 0 0 0 0 0 0 0 0 0 0 0 0 0 0 0 0 0 0 0 0 0 0 0 0 0 0 0 0 0 0 0 0 0 0 0 0 0 0 0 0 0
10/26/2019 15:47:27 - INFO - __main__ -   masked_lm_labels: -1 2040 -1 -1 2004 -1 -1 -1 -1 -1 -1 -1 -1 1005 -1 -1 -1 -1 -1 -1 -1 -1 -1 -1 -1 -1 -1 -1 -1 -1 -1 -1 -1 -1 -1 -1 -1 -1 -1 -1 -1 -1 -1 -1 -1 -1 -1 -1 -1 -1 -1 -1 -1 -1 -1 -1 -1 -1 -1 -1 -1 -1 -1 -1
10/26/2019 15:47:28 - INFO - __main__ -   ***** Running training *****
10/26/2019 15:47:28 - INFO - __main__ -     Num examples = 4906
10/26/2019 15:47:28 - INFO - __main__ -     Batch size = 32
10/26/2019 15:47:28 - INFO - __main__ -     Num steps = 1379
constract vocabulary based on frequency
# train data: 4906
# test  data: 546
# vocab: 8680
# class: 6
before augment best acc:0.894
Epoch:   0%|          | 0/9 [00:00<?, ?it/s]constract vocabulary based on frequency
# train data: 19564
# test  data: 546
# vocab: 9402
# class: 6
epoch 0 augment best acc:0.902
Epoch:  11%|█         | 1/9 [11:28<1:31:49, 688.65s/it]constract vocabulary based on frequency
# train data: 19571
# test  data: 546
# vocab: 9233
# class: 6
epoch 1 augment best acc:0.894
Epoch:  22%|██▏       | 2/9 [21:26<1:17:10, 661.50s/it]constract vocabulary based on frequency
# train data: 19622
# test  data: 546
# vocab: 9220
# class: 6
epoch 2 augment best acc:0.89
Epoch:  33%|███▎      | 3/9 [30:46<1:03:05, 630.94s/it]constract vocabulary based on frequency
# train data: 19625
# test  data: 546
# vocab: 9223
# class: 6
epoch 3 augment best acc:0.898
Epoch:  44%|████▍     | 4/9 [40:21<51:11, 614.23s/it]  constract vocabulary based on frequency
# train data: 19627
# test  data: 546
# vocab: 9201
# class: 6
epoch 4 augment best acc:0.888
Epoch:  56%|█████▌    | 5/9 [48:45<38:44, 581.04s/it]constract vocabulary based on frequency
# train data: 19628
# test  data: 546
# vocab: 9201
# class: 6
epoch 5 augment best acc:0.894
Epoch:  67%|██████▋   | 6/9 [57:26<28:09, 563.24s/it]constract vocabulary based on frequency
# train data: 19619
# test  data: 546
# vocab: 9148
# class: 6
epoch 6 augment best acc:0.89
Epoch:  78%|███████▊  | 7/9 [1:03:53<17:00, 510.25s/it]constract vocabulary based on frequency
# train data: 19616
# test  data: 546
# vocab: 9201
# class: 6
epoch 7 augment best acc:0.902
Epoch:  89%|████████▉ | 8/9 [1:12:03<08:24, 504.15s/it]constract vocabulary based on frequency
# train data: 19652
# test  data: 546
# vocab: 9182
# class: 6
epoch 8 augment best acc:0.89
Epoch: 100%|██████████| 9/9 [1:17:35<00:00, 452.45s/it]Epoch: 100%|██████████| 9/9 [1:17:35<00:00, 517.26s/it]
