Namespace(bert_model='bert-base-uncased', data_dir='datasets', do_lower_case=False, gpu=5, learning_rate=5e-05, max_seq_length=64, num_train_epochs=9.0, output_dir='aug_data_2_4_5_0.5', sample_num=2, sample_ratio=4, seed=42, task_name='rt-polarity', temp=0.5, train_batch_size=32, warmup_proportion=0.1)
10/26/2019 13:17:33 - WARNING - pytorch_pretrained_bert.tokenization -   The pre-trained model you are loading is an uncased model but you have set `do_lower_case` to False. We are setting `do_lower_case=True` for you but you may want to check this behavior.
10/26/2019 13:17:35 - INFO - pytorch_pretrained_bert.tokenization -   loading vocabulary file https://s3.amazonaws.com/models.huggingface.co/bert/bert-base-uncased-vocab.txt from cache at /root/.pytorch_pretrained_bert/26bc1ad6c0ac742e9b52263248f6d0f00068293b33709fae12320c0e35ccfbbb.542ce4285a40d23a559526243235df47c5f75c197f04f37d1a0c124c32c9a084
10/26/2019 13:17:35 - INFO - __main__ -   *** Example ***
10/26/2019 13:17:35 - INFO - __main__ -   guid: train-1
10/26/2019 13:17:35 - INFO - __main__ -   tokens: [CLS] . . . one of the most ing ##eni ##ous and entertaining thriller ##s i ' ve seen in quite a long time . [SEP]
10/26/2019 13:17:35 - INFO - __main__ -   init_ids: 101 1012 1012 1012 2028 1997 1996 2087 13749 18595 3560 1998 14036 10874 2015 1045 1005 2310 2464 1999 3243 1037 2146 2051 1012 102 0 0 0 0 0 0 0 0 0 0 0 0 0 0 0 0 0 0 0 0 0 0 0 0 0 0 0 0 0 0 0 0 0 0 0 0 0 0
10/26/2019 13:17:35 - INFO - __main__ -   input_ids: 101 1012 1012 1012 103 1997 1996 2087 13749 18595 3560 1998 14036 103 2015 103 103 2310 2464 1999 3243 1037 2146 2051 1012 102 0 0 0 0 0 0 0 0 0 0 0 0 0 0 0 0 0 0 0 0 0 0 0 0 0 0 0 0 0 0 0 0 0 0 0 0 0 0
10/26/2019 13:17:35 - INFO - __main__ -   input_mask: 1 1 1 1 1 1 1 1 1 1 1 1 1 1 1 1 1 1 1 1 1 1 1 1 1 1 0 0 0 0 0 0 0 0 0 0 0 0 0 0 0 0 0 0 0 0 0 0 0 0 0 0 0 0 0 0 0 0 0 0 0 0 0 0
10/26/2019 13:17:35 - INFO - __main__ -   segment_ids: 1 1 1 1 1 1 1 1 1 1 1 1 1 1 1 1 1 1 1 1 1 1 1 1 1 1 0 0 0 0 0 0 0 0 0 0 0 0 0 0 0 0 0 0 0 0 0 0 0 0 0 0 0 0 0 0 0 0 0 0 0 0 0 0
10/26/2019 13:17:35 - INFO - __main__ -   masked_lm_labels: -1 -1 -1 -1 2028 -1 -1 -1 -1 -1 -1 -1 -1 10874 -1 1045 1005 -1 -1 -1 -1 -1 -1 -1 -1 -1 -1 -1 -1 -1 -1 -1 -1 -1 -1 -1 -1 -1 -1 -1 -1 -1 -1 -1 -1 -1 -1 -1 -1 -1 -1 -1 -1 -1 -1 -1 -1 -1 -1 -1 -1 -1 -1 -1
10/26/2019 13:17:35 - INFO - __main__ -   *** Example ***
10/26/2019 13:17:35 - INFO - __main__ -   guid: train-2
10/26/2019 13:17:35 - INFO - __main__ -   tokens: [CLS] patch ##y combination of soap opera , low - tech magic realism and , at times , pl ##od ##ding ##ly sociological commentary . [SEP]
10/26/2019 13:17:35 - INFO - __main__ -   init_ids: 101 8983 2100 5257 1997 7815 3850 1010 2659 1011 6627 3894 15650 1998 1010 2012 2335 1010 20228 7716 4667 2135 24846 8570 1012 102 0 0 0 0 0 0 0 0 0 0 0 0 0 0 0 0 0 0 0 0 0 0 0 0 0 0 0 0 0 0 0 0 0 0 0 0 0 0
10/26/2019 13:17:35 - INFO - __main__ -   input_ids: 101 8983 2100 5257 1997 7815 3850 1010 103 1011 6627 3894 103 1998 1010 2012 2335 1010 20228 103 103 2135 24846 8570 1012 102 0 0 0 0 0 0 0 0 0 0 0 0 0 0 0 0 0 0 0 0 0 0 0 0 0 0 0 0 0 0 0 0 0 0 0 0 0 0
10/26/2019 13:17:35 - INFO - __main__ -   input_mask: 1 1 1 1 1 1 1 1 1 1 1 1 1 1 1 1 1 1 1 1 1 1 1 1 1 1 0 0 0 0 0 0 0 0 0 0 0 0 0 0 0 0 0 0 0 0 0 0 0 0 0 0 0 0 0 0 0 0 0 0 0 0 0 0
10/26/2019 13:17:35 - INFO - __main__ -   segment_ids: 0 0 0 0 0 0 0 0 0 0 0 0 0 0 0 0 0 0 0 0 0 0 0 0 0 0 0 0 0 0 0 0 0 0 0 0 0 0 0 0 0 0 0 0 0 0 0 0 0 0 0 0 0 0 0 0 0 0 0 0 0 0 0 0
10/26/2019 13:17:35 - INFO - __main__ -   masked_lm_labels: -1 -1 -1 -1 -1 -1 -1 -1 2659 -1 -1 -1 15650 -1 -1 -1 -1 -1 -1 7716 4667 -1 -1 -1 -1 -1 -1 -1 -1 -1 -1 -1 -1 -1 -1 -1 -1 -1 -1 -1 -1 -1 -1 -1 -1 -1 -1 -1 -1 -1 -1 -1 -1 -1 -1 -1 -1 -1 -1 -1 -1 -1 -1 -1
10/26/2019 13:17:40 - INFO - __main__ -   ***** Running training *****
10/26/2019 13:17:40 - INFO - __main__ -     Num examples = 8635
10/26/2019 13:17:40 - INFO - __main__ -     Batch size = 32
10/26/2019 13:17:40 - INFO - __main__ -     Num steps = 2428
constract vocabulary based on frequency
# train data: 8635
# test  data: 960
# vocab: 20399
# class: 2
before augment best acc:0.761012
Epoch:   0%|          | 0/9 [00:00<?, ?it/s]constract vocabulary based on frequency
# train data: 25832
# test  data: 960
# vocab: 24782
# class: 2
epoch 0 augment best acc:0.750703
Epoch:  11%|█         | 1/9 [15:52<2:06:56, 952.11s/it]constract vocabulary based on frequency
# train data: 25936
# test  data: 960
# vocab: 24250
# class: 2
epoch 1 augment best acc:0.761949
Epoch:  22%|██▏       | 2/9 [30:58<1:49:29, 938.45s/it]constract vocabulary based on frequency
# train data: 25925
# test  data: 960
# vocab: 24339
# class: 2
epoch 2 augment best acc:0.757263
Epoch:  33%|███▎      | 3/9 [45:40<1:32:08, 921.50s/it]constract vocabulary based on frequency
# train data: 25875
# test  data: 960
# vocab: 24201
# class: 2
epoch 3 augment best acc:0.759138
Epoch:  44%|████▍     | 4/9 [59:09<1:13:59, 887.85s/it]constract vocabulary based on frequency
# train data: 25908
# test  data: 960
# vocab: 24100
# class: 2
epoch 4 augment best acc:0.749766
Epoch:  56%|█████▌    | 5/9 [1:09:47<54:11, 812.88s/it]constract vocabulary based on frequency
# train data: 25923
# test  data: 960
# vocab: 24162
# class: 2
epoch 5 augment best acc:0.769447
Epoch:  67%|██████▋   | 6/9 [1:21:09<38:40, 773.36s/it]constract vocabulary based on frequency
# train data: 25883
# test  data: 960
# vocab: 23960
# class: 2
epoch 6 augment best acc:0.764761
Epoch:  78%|███████▊  | 7/9 [1:34:32<26:05, 782.51s/it]constract vocabulary based on frequency
# train data: 25924
# test  data: 960
# vocab: 24053
# class: 2
epoch 7 augment best acc:0.757263
Epoch:  89%|████████▉ | 8/9 [1:48:06<13:11, 791.89s/it]constract vocabulary based on frequency
# train data: 25903
# test  data: 960
# vocab: 23995
# class: 2
epoch 8 augment best acc:0.772259
Epoch: 100%|██████████| 9/9 [1:58:00<00:00, 732.39s/it]Epoch: 100%|██████████| 9/9 [1:58:00<00:00, 786.69s/it]
